#
# A fatal error has been detected by the Java Runtime Environment:
#
#  SIGBUS (0xa) at pc=0x00007fff70e07929, pid=29729, tid=0x0000000000001e03
#
# JRE version: OpenJDK Runtime Environment (8.0_242) (build 1.8.0_242-release-1644-b3-6222593)
# Java VM: OpenJDK 64-Bit Server VM (25.242-b3-6222593 mixed mode bsd-amd64 compressed oops)
# Problematic frame:
# C  [libsystem_platform.dylib+0x929]  _platform_memmove$VARIANT$Haswell+0x29
#
# Failed to write core dump. Core dumps have been disabled. To enable core dumping, try "ulimit -c unlimited" before starting Java again
#
# If you would like to submit a bug report, please visit:
#   http://bugreport.java.com/bugreport/crash.jsp
#

---------------  T H R E A D  ---------------

Current thread (0x00007f8ad400a000):  GCTaskThread [stack: 0x0000700006544000,0x0000700006644000] [id=7683]

siginfo: si_signo: 10 (SIGBUS), si_code: 2 (BUS_ADRERR), si_addr: 0x00000007bf480000

Registers:
RAX=0x000000075287ac90, RBX=0x000000075287ac90, RCX=0x00000000264e7638, RDX=0x000000002c68d060
RSP=0x0000700006643c90, RBP=0x0000700006643c90, RSI=0x00000007bf480000, RDI=0x0000000758a206b8
R8 =0x000000010f0268a0, R9 =0x00000000058d1a0c, R10=0x00007f8ad2413e18, R11=0xffffffff995a06b8
R12=0x000000005287ac01, R13=0x0000000000000025, R14=0x00007f8ad40143c0, R15=0x00000007b92da5d8
RIP=0x00007fff70e07929, EFLAGS=0x0000000000010206, ERR=0x0000000000000004
  TRAPNO=0x000000000000000e

Top of Stack: (sp=0x0000700006643c90)
0x0000700006643c90:   0000700006643d10 000000010ec9ca27
0x0000700006643ca0:   0000700006643d28 00000007af480370
0x0000700006643cb0:   0000000000001000 0000000752876c90
0x0000700006643cc0:   0000000000000400 00000007b92b1c92
0x0000700006643cd0:   00007f8ad40143e8 000000000000002d
0x0000700006643ce0:   00000000058d1a0c 00000007af481605
0x0000700006643cf0:   000000010f021ffb 00007f8ad40143c0
0x0000700006643d00:   00000007af481604 000000010f0112c8
0x0000700006643d10:   0000700006643d40 000000010ec99f8a
0x0000700006643d20:   00000007af481605 000000010f0268a0
0x0000700006643d30:   00007f8ad4014420 00007f8ad4014458
0x0000700006643d40:   0000700006643da0 000000010ec99e19
0x0000700006643d50:   0000700006643da0 000000010ec4f99d
0x0000700006643d60:   00000007c000dbb0 00000007af481605
0x0000700006643d70:   000000074dbba8cc 0000000000000240
0x0000700006643d80:   000000074dbbaa00 000000010fae5e06
0x0000700006643d90:   000000074dbbaac8 000000010fae5dd5
0x0000700006643da0:   0000700006643e50 000000010e93d1bd
0x0000700006643db0:   0000700006643e00 000000010fae5e05
0x0000700006643dc0:   000000010fae5d81 000000010fae5e05
0x0000700006643dd0:   000000010fae5c00 0000000000000200
0x0000700006643de0:   000000010fb0c3a6 0000000752874c90
0x0000700006643df0:   0000000000000180 00007f8ad40143c0
0x0000700006643e00:   000000074dbb9e08 000000074dbc0ad8
0x0000700006643e10:   000000010fb0c3a7 00007f8ad2412e60
0x0000700006643e20:   00007f8ad24130e0 00007f8ad2704750
0x0000700006643e30:   00007f8ad2704750 000000010edcf89a
0x0000700006643e40:   00007f8ad40143c0 0000000000000001
0x0000700006643e50:   0000700006643e80 000000010ec9d56d
0x0000700006643e60:   00007f8a00000004 00007f8ad8d32c40
0x0000700006643e70:   00007f8ad400a000 0000000000000000
0x0000700006643e80:   0000700006643f60 000000010ea5a011 

Instructions: (pc=0x00007fff70e07929)
0x00007fff70e07909:   f3 48 89 f8 49 39 d3 72 1b 48 83 fa 60 76 2f 48
0x00007fff70e07919:   81 fa 00 40 00 00 0f 82 cb 00 00 00 48 89 d1 fc
0x00007fff70e07929:   f3 a4 5d c3 48 39 fe 74 f9 48 01 d6 48 01 d7 48
0x00007fff70e07939:   83 fa 60 0f 82 8c 01 00 00 e9 a9 01 00 00 48 83 

Register to memory mapping:

RAX=0x000000075287ac90 is an oop
