#
# A fatal error has been detected by the Java Runtime Environment:
#
#  SIGSEGV (0xb) at pc=0x000000010dac2030, pid=52592, tid=0x000000000000e22b
#
# JRE version: OpenJDK Runtime Environment (8.0_242) (build 1.8.0_242-release-1644-b3-6222593)
# Java VM: OpenJDK 64-Bit Server VM (25.242-b3-6222593 mixed mode bsd-amd64 compressed oops)
# Problematic frame:
# J 30968 C2 org.gradle.api.internal.artifacts.ivyservice.resolveengine.artifact.CompositeResolvedArtifactSet.startVisit(Lorg/gradle/internal/operations/BuildOperationQueue;Lorg/gradle/api/internal/artifacts/ivyservice/resolveengine/artifact/ResolvedArtifactSet$AsyncArtifactListener;)Lorg/gradle/api/internal/artifacts/ivyservice/resolveengine/artifact/ResolvedArtifactSet$Completion; (78 bytes) @ 0x000000010dac2030 [0x000000010dac1a00+0x630]
#
# Failed to write core dump. Core dumps have been disabled. To enable core dumping, try "ulimit -c unlimited" before starting Java again
#
# If you would like to submit a bug report, please visit:
#   http://bugreport.java.com/bugreport/crash.jsp
#

---------------  T H R E A D  ---------------

Current thread (0x00007f9f09e58800):  JavaThread "Execution worker for ':'" [_thread_in_Java, id=57899, stack(0x000070000aa15000,0x000070000ab15000)]

siginfo: si_signo: 11 (SIGSEGV), si_code: 1 (SEGV_MAPERR), si_addr: 0x0000000000000000

Registers:
RAX=0x00000007c048a1d0, RBX=0x000000079ab9e650, RCX=0x0000000101e78000, RDX=0x000000079abf24c8
RSP=0x000070000ab12018, RBP=0x00000000f35706bb, RSI=0x00000007c09d1ab0, RDI=0x0000000000000000
R8 =0x000000000000011b, R9 =0x000000000000011c, R10=0x0000000000000000, R11=0x00000007c048a1d0
R12=0x0000000000000000, R13=0x0000000011284cc9, R14=0x000000079abf24c8, R15=0x00007f9f09e58800
RIP=0x000000010dac2030, EFLAGS=0x0000000000010287, ERR=0x0000000000000004
  TRAPNO=0x000000000000000e

Top of Stack: (sp=0x000070000ab12018)
0x000070000ab12018:   00000007c048a1d0 0000011cf3573c53
0x000070000ab12028:   00000007c0032af0 0000011b0000019d
0x000070000ab12038:   000000079ab9d5e0 000000079ab9e298
0x000070000ab12048:   000000079ab9e628 000000079ab9e638
0x000070000ab12058:   00000007c09d3d38 00000007c09d4148
0x000070000ab12068:   00000007c09d4758 00000007f3573cca
0x000070000ab12078:   000000079abf2538 f357e46cec14d1d6
0x000070000ab12088:   000000079abf23a0 00007000ec24e572
0x000070000ab12098:   0000000124400f40 0000000000000000
0x000070000ab120a8:   00000001244005c8 0000000760511160
0x000070000ab120b8:   000000010ea036c4 000070000ab12118
0x000070000ab120c8:   000000010a38ad80 0000000760511160
0x000070000ab120d8:   000000010ae6c564 0000000760240db8
0x000070000ab120e8:   00007000f8001cc0 000000079ab2a558
0x000070000ab120f8:   0000000000000000 00000001244042a8
0x000070000ab12108:   000000079ab2a558 000000079ab2a648
0x000070000ab12118:   000000010bcd208c 00000007608c9ca0
0x000070000ab12128:   000000000000002f 0000000000000090
0x000070000ab12138:   000000079ab2a5a0 000000079ab2a5b0
0x000070000ab12148:   000000079ab9e280 000000079ab9e268
0x000070000ab12158:   0000000101e78000 0000000760507968
0x000070000ab12168:   000000010a38ad80 0000000760511160
0x000070000ab12178:   000000010ea067e4 000000012717a1ec
0x000070000ab12188:   000070000ab121d0 000000012717a2b8
0x000070000ab12198:   0000000000000000 000000012717a210
0x000070000ab121a8:   0000000000000000 000070000ab121e0
0x000070000ab121b8:   0000000760918f60 00000007c01e2428
0x000070000ab121c8:   00000007608cad90 0000000080000001
0x000070000ab121d8:   000070000ab12178 00000007c01e2428
0x000070000ab121e8:   00000001118fcaa6 00000007c01e2428
0x000070000ab121f8:   0000000000000001 f356551200000002
0x000070000ab12208:   000000079ab2a8b0 0000000000000000 

Instructions: (pc=0x000000010dac2030)
0x000000010dac2010:   c0 07 00 00 00 4d 3b d3 0f 84 d2 fb ff ff 48 b8
0x000000010dac2020:   d0 a1 48 c0 07 00 00 00 50 48 8b c0 48 8b 7e 20
0x000000010dac2030:   8b 0f 48 83 c7 08 48 85 c0 f2 48 af 58 0f 85 04
0x000000010dac2040:   00 00 00 48 89 46 18 0f 84 a3 fb ff ff be de ff 

Register to memory mapping:

RAX=0x00000007c048a1d0 is pointing into metadata
RBX=0x000000079ab9e650 is an oop
[Ljava.lang.Object; 
 - klass: 'java/lang/Object'[]
 - length: 413
RCX=0x0000000101e78000 is an unknown value
RDX=0x000000079abf24c8 is an oop
[Ljava.util.concurrent.ConcurrentHashMap$Node; 
 - klass: 'java/util/concurrent/ConcurrentHashMap$Node'[]
 - length: 16
RSP=0x000070000ab12018 is pointing into the stack for thread: 0x00007f9f09e58800
RBP=0x00000000f35706bb is an unknown value
RSI=0x00000007c09d1ab0 is pointing into metadata
RDI=0x0000000000000000 is an unknown value
R8 =0x000000000000011b is an unknown value
R9 =0x000000000000011c is an unknown value
R10=0x0000000000000000 is an unknown value
R11=0x00000007c048a1d0 is pointing into metadata
R12=0x0000000000000000 is an unknown value
R13=0x0000000011284cc9 is an unknown value
R14=0x000000079abf24c8 is an oop
[Ljava.util.concurrent.ConcurrentHashMap$Node; 
 - klass: 'java/util/concurrent/ConcurrentHashMap$Node'[]
 - length: 16
R15=0x00007f9f09e58800 is a thread


Stack: [0x000070000aa15000,0x000070000ab15000],  sp=0x000070000ab12018,  free space=1012k
Native frames: (J=compiled Java code, j=interpreted, Vv=VM code, C=native code)
J 30968 C2 org.gradle.api.internal.artifacts.ivyservice.resolveengine.artifact.CompositeResolvedArtifactSet.startVisit(Lorg/gradle/internal/operations/BuildOperationQueue;Lorg/gradle/api/internal/artifacts/ivyservice/resolveengine/artifact/ResolvedArtifactSet$AsyncArtifactListener;)Lorg/gradle/api/internal/artifacts/ivyservice/resolveengine/artifact/ResolvedArtifactSet$Completion; (78 bytes) @ 0x000000010dac2030 [0x000000010dac1a00+0x630]
C  0x0000000760511160


---------------  P R O C E S S  ---------------

Java Threads: ( => current thread )
  0x00007f9f0222e000 JavaThread "RMI TCP Connection(102)-127.0.0.1" daemon [_thread_in_native, id=94811, stack(0x000070000b22d000,0x000070000b32d000)]
  0x00007f9f0fff6000 JavaThread "RMI TCP Connection(101)-127.0.0.1" daemon [_thread_in_native, id=41243, stack(0x000070000b12a000,0x000070000b22a000)]
  0x00007f9f0fff5000 JavaThread "RMI RenewClean-[127.0.0.1:17049,org.jetbrains.kotlin.daemon.common.LoopbackNetworkInterface$ClientLoopbackSocketFactory@66665e3c]" daemon [_thread_blocked, id=129875, stack(0x000070000af24000,0x000070000b024000)]
  0x00007f9f1005e000 JavaThread "stdout" [_thread_in_native, id=48395, stack(0x000070000be7c000,0x000070000bf7c000)]
  0x00007f9f10314000 JavaThread "stderr" [_thread_in_native, id=76951, stack(0x000070000bd79000,0x000070000be79000)]
  0x00007f9f13386800 JavaThread "stdout" [_thread_in_native, id=68951, stack(0x000070000bc76000,0x000070000bd76000)]
  0x00007f9edd94a800 JavaThread "process reaper" daemon [_thread_in_native, id=118555, stack(0x000070000b73c000,0x000070000b764000)]
  0x00007f9f0fcef800 JavaThread "stdout" [_thread_in_native, id=65291, stack(0x000070000b86a000,0x000070000b96a000)]
  0x00007f9f1031f000 JavaThread "stderr" [_thread_in_native, id=62507, stack(0x000070000b639000,0x000070000b739000)]
  0x00007f9f13546000 JavaThread "stderr" [_thread_in_native, id=28775, stack(0x000070000b536000,0x000070000b636000)]
  0x00007f9f1048c000 JavaThread "stdout" [_thread_in_native, id=28063, stack(0x000070000b433000,0x000070000b533000)]
  0x00007f9f0fe64000 JavaThread "stderr" [_thread_in_native, id=42139, stack(0x000070000b330000,0x000070000b430000)]
  0x00007f9f0222f800 JavaThread "process reaper" daemon [_thread_in_native, id=43159, stack(0x0000700000f1d000,0x0000700000f45000)]
  0x00007f9f0fff7800 JavaThread "process reaper" daemon [_thread_in_native, id=97595, stack(0x0000700000ef2000,0x0000700000f1a000)]
  0x00007f9f0222e800 JavaThread "process reaper" daemon [_thread_in_native, id=127379, stack(0x0000700000ec7000,0x0000700000eef000)]
  0x00007f9f0ddee000 JavaThread "pool-94-thread-1" [_thread_blocked, id=130231, stack(0x000070000b027000,0x000070000b127000)]
  0x00007f9f099fe800 JavaThread "WorkerExecutor Queue" [_thread_blocked, id=67875, stack(0x000070000ae21000,0x000070000af21000)]
  0x00007f9f08e6f800 JavaThread "Cache worker for execution history cache (/Users/soso/AndroidStudioProjects/DingBring/.gradle/6.5/executionHistory)" [_thread_blocked, id=68411, stack(0x000070000ad1e000,0x000070000ae1e000)]
  0x00007f9f1063b000 JavaThread "Execution worker for ':' Thread 3" [_thread_blocked, id=26483, stack(0x000070000ac1b000,0x000070000ad1b000)]
  0x00007f9f09e59800 JavaThread "Execution worker for ':' Thread 2" [_thread_blocked, id=30499, stack(0x000070000ab18000,0x000070000ac18000)]
=>0x00007f9f09e58800 JavaThread "Execution worker for ':'" [_thread_in_Java, id=57899, stack(0x000070000aa15000,0x000070000ab15000)]
  0x00007f9f10662000 JavaThread "Cache worker for file content cache (/Users/soso/AndroidStudioProjects/DingBring/.gradle/6.5/fileContent)" [_thread_blocked, id=123547, stack(0x000070000a912000,0x000070000aa12000)]
  0x00007f9f096be800 JavaThread "Cache worker for Build Output Cleanup Cache (/Users/soso/AndroidStudioProjects/DingBring/.gradle/buildOutputCleanup)" [_thread_blocked, id=44439, stack(0x000070000a80f000,0x000070000a90f000)]
  0x00007f9f09e53000 JavaThread "jar transforms Thread 4632" [_thread_blocked, id=85291, stack(0x000070000a70c000,0x000070000a80c000)]
  0x00007f9f09e52000 JavaThread "jar transforms Thread 4631" [_thread_blocked, id=81787, stack(0x000070000a609000,0x000070000a709000)]
  0x00007f9f09e51800 JavaThread "jar transforms Thread 4630" [_thread_blocked, id=68643, stack(0x000070000a506000,0x000070000a606000)]
  0x00007f9f09e50800 JavaThread "jar transforms Thread 4629" [_thread_blocked, id=48775, stack(0x000070000a300000,0x000070000a400000)]
  0x00007f9f09863800 JavaThread "jar transforms Thread 4628" [_thread_blocked, id=67479, stack(0x000070000a1fd000,0x000070000a2fd000)]
  0x00007f9f09863000 JavaThread "jar transforms Thread 4627" [_thread_blocked, id=66667, stack(0x000070000a0fa000,0x000070000a1fa000)]
  0x00007f9f09862000 JavaThread "jar transforms Thread 4626" [_thread_blocked, id=88443, stack(0x0000700009ff7000,0x000070000a0f7000)]
  0x00007f9f10664800 JavaThread "jar transforms Thread 4625" [_thread_blocked, id=61775, stack(0x0000700009ef4000,0x0000700009ff4000)]
  0x00007f9f0e050000 JavaThread "jar transforms Thread 4624" [_thread_blocked, id=98583, stack(0x0000700009df1000,0x0000700009ef1000)]
  0x00007f9f0e08c000 JavaThread "jar transforms Thread 4623" [_thread_blocked, id=24351, stack(0x0000700009cee000,0x0000700009dee000)]
  0x00007f9f0e22f000 JavaThread "jar transforms Thread 4622" [_thread_blocked, id=62367, stack(0x0000700009beb000,0x0000700009ceb000)]
  0x00007f9f09861800 JavaThread "jar transforms Thread 4621" [_thread_blocked, id=75663, stack(0x0000700009ae8000,0x0000700009be8000)]
  0x00007f9f09860800 JavaThread "jar transforms Thread 4620" [_thread_blocked, id=98399, stack(0x00007000099e5000,0x0000700009ae5000)]
  0x00007f9f0e2ba000 JavaThread "jar transforms Thread 4619" [_thread_blocked, id=82211, stack(0x00007000098e2000,0x00007000099e2000)]
  0x00007f9f0e348000 JavaThread "jar transforms Thread 4618" [_thread_blocked, id=98055, stack(0x00007000097df000,0x00007000098df000)]
  0x00007f9f096bd800 JavaThread "jar transforms Thread 4617" [_thread_blocked, id=123151, stack(0x00007000096dc000,0x00007000097dc000)]
  0x00007f9f09860000 JavaThread "jar transforms Thread 4616" [_thread_blocked, id=64863, stack(0x00007000095d9000,0x00007000096d9000)]
  0x00007f9f096bd000 JavaThread "jar transforms Thread 4615" [_thread_blocked, id=17551, stack(0x00007000094d6000,0x00007000095d6000)]
  0x00007f9f1368d800 JavaThread "jar transforms Thread 4614" [_thread_blocked, id=51859, stack(0x00007000093d3000,0x00007000094d3000)]
  0x00007f9f0e514000 JavaThread "jar transforms Thread 4613" [_thread_blocked, id=40627, stack(0x00007000092d0000,0x00007000093d0000)]
  0x00007f9f09ef3800 JavaThread "jar transforms Thread 4612" [_thread_blocked, id=28963, stack(0x00007000091cd000,0x00007000092cd000)]
  0x00007f9f09ef3000 JavaThread "jar transforms Thread 4611" [_thread_blocked, id=66883, stack(0x00007000090ca000,0x00007000091ca000)]
  0x00007f9f096bc000 JavaThread "jar transforms Thread 4610" [_thread_blocked, id=27819, stack(0x0000700008fc7000,0x00007000090c7000)]
  0x00007f9f096bb800 JavaThread "jar transforms Thread 4609" [_thread_blocked, id=51631, stack(0x0000700008ec4000,0x0000700008fc4000)]
  0x00007f9f0fb10000 JavaThread "jar transforms Thread 4608" [_thread_blocked, id=97331, stack(0x0000700008dc1000,0x0000700008ec1000)]
  0x00007f9f0fb0f800 JavaThread "jar transforms Thread 4607" [_thread_blocked, id=87963, stack(0x0000700008cbe000,0x0000700008dbe000)]
  0x00007f9f0fb0e800 JavaThread "jar transforms Thread 4606" [_thread_blocked, id=99367, stack(0x0000700008bbb000,0x0000700008cbb000)]
  0x00007f9f0fb0e000 JavaThread "jar transforms Thread 4605" [_thread_blocked, id=54683, stack(0x0000700008ab8000,0x0000700008bb8000)]
  0x00007f9f0fcdf800 JavaThread "jar transforms Thread 4604" [_thread_blocked, id=60575, stack(0x00007000089b5000,0x0000700008ab5000)]
  0x00007f9f0fcde800 JavaThread "jar transforms Thread 4603" [_thread_blocked, id=33691, stack(0x00007000088b2000,0x00007000089b2000)]
  0x00007f9f0fcde000 JavaThread "jar transforms Thread 4602" [_thread_blocked, id=63391, stack(0x00007000087af000,0x00007000088af000)]
  0x00007f9f0fcdd000 JavaThread "jar transforms Thread 4601" [_thread_blocked, id=31327, stack(0x00007000086ac000,0x00007000087ac000)]
  0x00007f9f095c3000 JavaThread "jar transforms Thread 4600" [_thread_blocked, id=124763, stack(0x00007000085a9000,0x00007000086a9000)]
  0x00007f9f095c2000 JavaThread "jar transforms Thread 4599" [_thread_blocked, id=65179, stack(0x00007000084a6000,0x00007000085a6000)]
  0x00007f9f0e6c8000 JavaThread "jar transforms Thread 4598" [_thread_blocked, id=61343, stack(0x00007000083a3000,0x00007000084a3000)]
  0x00007f9f09ef2000 JavaThread "jar transforms Thread 4597" [_thread_blocked, id=94479, stack(0x00007000082a0000,0x00007000083a0000)]
  0x00007f9f095c1800 JavaThread "jar transforms Thread 4596" [_thread_blocked, id=36123, stack(0x000070000819d000,0x000070000829d000)]
  0x00007f9f0a250000 JavaThread "jar transforms Thread 4595" [_thread_blocked, id=69291, stack(0x000070000809a000,0x000070000819a000)]
  0x00007f9f095c0800 JavaThread "jar transforms Thread 4594" [_thread_blocked, id=48287, stack(0x0000700007f97000,0x0000700008097000)]
  0x00007f9f09229800 JavaThread "jar transforms Thread 4593" [_thread_blocked, id=59299, stack(0x0000700007e94000,0x0000700007f94000)]
  0x00007f9f09229000 JavaThread "jar transforms Thread 4592" [_thread_blocked, id=17819, stack(0x0000700007d91000,0x0000700007e91000)]
  0x00007f9f09228000 JavaThread "jar transforms Thread 4591" [_thread_blocked, id=56615, stack(0x0000700007c8e000,0x0000700007d8e000)]
  0x00007f9f09227800 JavaThread "jar transforms Thread 4590" [_thread_blocked, id=39583, stack(0x0000700007b8b000,0x0000700007c8b000)]
  0x00007f9f0921f800 JavaThread "jar transforms Thread 4589" [_thread_blocked, id=45475, stack(0x0000700007a88000,0x0000700007b88000)]
  0x00007f9f0921e800 JavaThread "jar transforms Thread 4588" [_thread_blocked, id=70203, stack(0x0000700007985000,0x0000700007a85000)]
  0x00007f9f0921e000 JavaThread "jar transforms Thread 4587" [_thread_blocked, id=75419, stack(0x0000700007882000,0x0000700007982000)]
  0x00007f9f09039000 JavaThread "jar transforms Thread 4586" [_thread_blocked, id=72595, stack(0x000070000777f000,0x000070000787f000)]
  0x00007f9f09e8d000 JavaThread "jar transforms Thread 4585" [_thread_blocked, id=92263, stack(0x000070000767c000,0x000070000777c000)]
  0x00007f9f09e8c000 JavaThread "jar transforms Thread 4584" [_thread_blocked, id=69927, stack(0x0000700007579000,0x0000700007679000)]
  0x00007f9f08da3800 JavaThread "jar transforms Thread 4583" [_thread_blocked, id=50199, stack(0x0000700007476000,0x0000700007576000)]
  0x00007f9f08da2800 JavaThread "jar transforms Thread 4582" [_thread_blocked, id=44943, stack(0x0000700007373000,0x0000700007473000)]
  0x00007f9f09ba8000 JavaThread "jar transforms Thread 4581" [_thread_blocked, id=72883, stack(0x0000700007270000,0x0000700007370000)]
  0x00007f9f09ba7800 JavaThread "jar transforms Thread 4580" [_thread_blocked, id=126543, stack(0x000070000716d000,0x000070000726d000)]
  0x00007f9f02369800 JavaThread "jar transforms Thread 4579" [_thread_blocked, id=47395, stack(0x000070000706a000,0x000070000716a000)]
  0x00007f9f02369000 JavaThread "jar transforms Thread 4578" [_thread_blocked, id=76059, stack(0x0000700006f67000,0x0000700007067000)]
  0x00007f9f09f4d800 JavaThread "jar transforms Thread 4577" [_thread_blocked, id=126995, stack(0x0000700006e64000,0x0000700006f64000)]
  0x00007f9f09f4d000 JavaThread "jar transforms Thread 4576" [_thread_blocked, id=96831, stack(0x0000700006d61000,0x0000700006e61000)]
  0x00007f9f08ed0800 JavaThread "jar transforms Thread 4575" [_thread_blocked, id=43935, stack(0x0000700006c5e000,0x0000700006d5e000)]
  0x00007f9f08ed0000 JavaThread "jar transforms Thread 4574" [_thread_blocked, id=46875, stack(0x0000700006b5b000,0x0000700006c5b000)]
  0x00007f9f09a65000 JavaThread "jar transforms Thread 4573" [_thread_blocked, id=57635, stack(0x0000700006a58000,0x0000700006b58000)]
  0x00007f9f09742000 JavaThread "jar transforms Thread 4572" [_thread_blocked, id=38563, stack(0x0000700006955000,0x0000700006a55000)]
  0x00007f9f09a0f000 JavaThread "jar transforms Thread 4571" [_thread_blocked, id=121619, stack(0x0000700006852000,0x0000700006952000)]
  0x00007f9f09f61800 JavaThread "jar transforms Thread 4570" [_thread_blocked, id=26151, stack(0x000070000674f000,0x000070000684f000)]
  0x00007f9f02325000 JavaThread "jar transforms Thread 4569" [_thread_blocked, id=84015, stack(0x000070000664c000,0x000070000674c000)]
  0x00007f9f0a2cd800 JavaThread "jar transforms Thread 4568" [_thread_blocked, id=47955, stack(0x0000700006549000,0x0000700006649000)]
  0x00007f9f02235000 JavaThread "jar transforms Thread 4567" [_thread_blocked, id=85143, stack(0x0000700006446000,0x0000700006546000)]
  0x00007f9f0f968000 JavaThread "jar transforms Thread 4566" [_thread_blocked, id=86195, stack(0x0000700006343000,0x0000700006443000)]
  0x00007f9f021ea800 JavaThread "jar transforms Thread 4565" [_thread_blocked, id=120371, stack(0x0000700006240000,0x0000700006340000)]
  0x00007f9f08d13000 JavaThread "jar transforms Thread 4564" [_thread_blocked, id=87451, stack(0x000070000613d000,0x000070000623d000)]
  0x00007f9f09a60800 JavaThread "jar transforms Thread 4563" [_thread_blocked, id=82967, stack(0x000070000603a000,0x000070000613a000)]
  0x00007f9f090d7800 JavaThread "jar transforms Thread 4562" [_thread_blocked, id=45579, stack(0x0000700005f37000,0x0000700006037000)]
  0x00007f9f0a4f7800 JavaThread "jar transforms Thread 4561" [_thread_blocked, id=31775, stack(0x0000700005e34000,0x0000700005f34000)]
  0x00007f9f0f81a000 JavaThread "jar transforms Thread 4560" [_thread_blocked, id=21811, stack(0x0000700005d31000,0x0000700005e31000)]
  0x00007f9f09787800 JavaThread "jar transforms Thread 4559" [_thread_blocked, id=95491, stack(0x0000700005c2e000,0x0000700005d2e000)]
  0x00007f9f0266a000 JavaThread "jar transforms Thread 4558" [_thread_blocked, id=45215, stack(0x0000700005b2b000,0x0000700005c2b000)]
  0x00007f9f09931800 JavaThread "jar transforms Thread 4557" [_thread_blocked, id=50975, stack(0x0000700005a28000,0x0000700005b28000)]
  0x00007f9f088a0800 JavaThread "jar transforms Thread 4556" [_thread_blocked, id=52783, stack(0x0000700005925000,0x0000700005a25000)]
  0x00007f9f026e6800 JavaThread "jar transforms Thread 4555" [_thread_blocked, id=32943, stack(0x0000700005822000,0x0000700005922000)]
  0x00007f9f0a0b8800 JavaThread "jar transforms Thread 4554" [_thread_blocked, id=122939, stack(0x000070000571f000,0x000070000581f000)]
  0x00007f9f09faf800 JavaThread "jar transforms Thread 4553" [_thread_blocked, id=88111, stack(0x000070000561c000,0x000070000571c000)]
  0x00007f9f096dc800 JavaThread "jar transforms Thread 4552" [_thread_blocked, id=130351, stack(0x0000700005519000,0x0000700005619000)]
  0x00007f9f097b1000 JavaThread "jar transforms Thread 4551" [_thread_blocked, id=29995, stack(0x0000700005416000,0x0000700005516000)]
  0x00007f9f0a771000 JavaThread "jar transforms Thread 4550" [_thread_blocked, id=53667, stack(0x0000700005313000,0x0000700005413000)]
  0x00007f9f1373f000 JavaThread "jar transforms Thread 4549" [_thread_blocked, id=55587, stack(0x0000700005210000,0x0000700005310000)]
  0x00007f9f0a5ac000 JavaThread "jar transforms Thread 4548" [_thread_blocked, id=123995, stack(0x000070000510d000,0x000070000520d000)]
  0x00007f9f024d4800 JavaThread "jar transforms Thread 4547" [_thread_blocked, id=27163, stack(0x000070000500a000,0x000070000510a000)]
  0x00007f9f026e1800 JavaThread "jar transforms Thread 4546" [_thread_blocked, id=44187, stack(0x0000700004f07000,0x0000700005007000)]
  0x00007f9f024d2800 JavaThread "jar transforms Thread 4545" [_thread_blocked, id=54943, stack(0x0000700004e04000,0x0000700004f04000)]
  0x00007f9f02338000 JavaThread "jar transforms Thread 4544" [_thread_blocked, id=54099, stack(0x0000700004d01000,0x0000700004e01000)]
  0x00007f9f0921d000 JavaThread "jar transforms Thread 4543" [_thread_blocked, id=77619, stack(0x0000700004bfe000,0x0000700004cfe000)]
  0x00007f9f13388800 JavaThread "jar transforms Thread 4542" [_thread_blocked, id=91531, stack(0x0000700004afb000,0x0000700004bfb000)]
  0x00007f9f08ca7000 JavaThread "jar transforms Thread 4541" [_thread_blocked, id=130847, stack(0x00007000049f8000,0x0000700004af8000)]
  0x00007f9f09a6e000 JavaThread "jar transforms Thread 4540" [_thread_blocked, id=129575, stack(0x00007000048f5000,0x00007000049f5000)]
  0x00007f9f02278800 JavaThread "jar transforms Thread 4539" [_thread_blocked, id=79959, stack(0x00007000047f2000,0x00007000048f2000)]
  0x00007f9f0991b000 JavaThread "jar transforms Thread 4538" [_thread_blocked, id=65959, stack(0x00007000046ef000,0x00007000047ef000)]
  0x00007f9f09f65800 JavaThread "jar transforms Thread 4537" [_thread_blocked, id=33443, stack(0x00007000045ec000,0x00007000046ec000)]
  0x00007f9f08cab800 JavaThread "jar transforms Thread 4536" [_thread_blocked, id=121139, stack(0x00007000044e9000,0x00007000045e9000)]
  0x00007f9f08ef9000 JavaThread "jar transforms Thread 4535" [_thread_blocked, id=59415, stack(0x00007000043e6000,0x00007000044e6000)]
  0x00007f9f08f9d000 JavaThread "jar transforms Thread 4534" [_thread_blocked, id=30311, stack(0x00007000042e3000,0x00007000043e3000)]
  0x00007f9f09e81000 JavaThread "jar transforms Thread 4533" [_thread_blocked, id=62047, stack(0x00007000041e0000,0x00007000042e0000)]
  0x00007f9f08e29800 JavaThread "jar transforms Thread 4532" [_thread_blocked, id=88999, stack(0x00007000040dd000,0x00007000041dd000)]
  0x00007f9f1357a800 JavaThread "jar transforms Thread 4531" [_thread_blocked, id=70431, stack(0x0000700003fda000,0x00007000040da000)]
  0x00007f9f089f0000 JavaThread "jar transforms Thread 4530" [_thread_blocked, id=84247, stack(0x0000700003ed7000,0x0000700003fd7000)]
  0x00007f9f09949000 JavaThread "jar transforms Thread 4529" [_thread_blocked, id=53279, stack(0x0000700003dd4000,0x0000700003ed4000)]
  0x00007f9f09a5c800 JavaThread "jar transforms Thread 4528" [_thread_blocked, id=123791, stack(0x0000700003cd1000,0x0000700003dd1000)]
  0x00007f9f09380800 JavaThread "jar transforms Thread 4527" [_thread_blocked, id=83355, stack(0x00007000039c8000,0x0000700003ac8000)]
  0x00007f9f0a555800 JavaThread "jar transforms Thread 4526" [_thread_blocked, id=75815, stack(0x00007000038c5000,0x00007000039c5000)]
  0x00007f9f0a7cf800 JavaThread "jar transforms Thread 4525" [_thread_blocked, id=82087, stack(0x00007000037c2000,0x00007000038c2000)]
  0x00007f9f0247b800 JavaThread "jar transforms Thread 4524" [_thread_blocked, id=35747, stack(0x00007000036bf000,0x00007000037bf000)]
  0x00007f9f0909a000 JavaThread "jar transforms Thread 4523" [_thread_blocked, id=55335, stack(0x00007000035bc000,0x00007000036bc000)]
  0x00007f9f09223800 JavaThread "jar transforms Thread 4522" [_thread_blocked, id=73375, stack(0x00007000034b9000,0x00007000035b9000)]
  0x00007f9eddc04000 JavaThread "jar transforms Thread 4521" [_thread_blocked, id=84839, stack(0x00007000033b6000,0x00007000034b6000)]
  0x00007f9f090ea800 JavaThread "jar transforms Thread 4520" [_thread_blocked, id=49315, stack(0x00007000032b3000,0x00007000033b3000)]
  0x00007f9f095c8000 JavaThread "jar transforms Thread 4519" [_thread_blocked, id=49699, stack(0x00007000031b0000,0x00007000032b0000)]
  0x00007f9f095fe000 JavaThread "jar transforms Thread 4518" [_thread_blocked, id=79379, stack(0x00007000030ad000,0x00007000031ad000)]
  0x00007f9f0fce4800 JavaThread "jar transforms Thread 4517" [_thread_blocked, id=58499, stack(0x0000700002faa000,0x00007000030aa000)]
  0x00007f9f095ee800 JavaThread "jar transforms Thread 4516" [_thread_blocked, id=61083, stack(0x0000700002ea7000,0x0000700002fa7000)]
  0x00007f9f0fe67800 JavaThread "jar transforms Thread 4515" [_thread_blocked, id=79631, stack(0x0000700002da4000,0x0000700002ea4000)]
  0x00007f9eddff5800 JavaThread "jar transforms Thread 4514" [_thread_blocked, id=43435, stack(0x0000700002ca1000,0x0000700002da1000)]
  0x00007f9eddd6e000 JavaThread "jar transforms Thread 4513" [_thread_blocked, id=38947, stack(0x0000700002b9e000,0x0000700002c9e000)]
  0x00007f9f09e5a800 JavaThread "Build operations Thread 4" [_thread_blocked, id=121491, stack(0x0000700002a9b000,0x0000700002b9b000)]
  0x00007f9f0fd7d000 JavaThread "Build operations Thread 3" [_thread_blocked, id=93971, stack(0x0000700002998000,0x0000700002a98000)]
  0x00007f9f095ec800 JavaThread "Build operations Thread 2" [_thread_blocked, id=57479, stack(0x0000700002895000,0x0000700002995000)]
  0x00007f9f097b4000 JavaThread "Build operations" [_thread_blocked, id=127631, stack(0x0000700002792000,0x0000700002892000)]
  0x00007f9f094d1000 JavaThread "Cache worker for cache directory md-rule (/Users/soso/.gradle/caches/6.5/md-rule)" [_thread_blocked, id=40227, stack(0x000070000268f000,0x000070000278f000)]
  0x00007f9f0fbe4000 JavaThread "Cache worker for cache directory md-supplier (/Users/soso/.gradle/caches/6.5/md-supplier)" [_thread_blocked, id=32415, stack(0x000070000258c000,0x000070000268c000)]
  0x00007f9f09184800 JavaThread "Cache worker for checksums cache (/Users/soso/AndroidStudioProjects/DingBring/.gradle/checksums)" [_thread_blocked, id=80283, stack(0x0000700002489000,0x0000700002589000)]
  0x00007f9f0a25c800 JavaThread "Cache worker for file hash cache (/Users/soso/AndroidStudioProjects/DingBring/.gradle/6.5/fileHashes)" [_thread_blocked, id=93227, stack(0x0000700002386000,0x0000700002486000)]
  0x00007f9f13377800 JavaThread "Thread-5639" [_thread_blocked, id=72351, stack(0x0000700002283000,0x0000700002383000)]
  0x00007f9f0a4d9800 JavaThread "Stdin handler" [_thread_blocked, id=125843, stack(0x0000700001e77000,0x0000700001f77000)]
  0x00007f9f09d2c800 JavaThread "Asynchronous log dispatcher for DefaultDaemonConnection: socket connection from /127.0.0.1:51199 to /127.0.0.1:56071" [_thread_blocked, id=46479, stack(0x0000700001c71000,0x0000700001d71000)]
  0x00007f9f08bb4000 JavaThread "Daemon worker Thread 34" [_thread_blocked, id=35495, stack(0x0000700001b6e000,0x0000700001c6e000)]
  0x00007f9f099c5800 JavaThread "Cancel handler" [_thread_blocked, id=47139, stack(0x0000700001a6b000,0x0000700001b6b000)]
  0x00007f9f0dcd7000 JavaThread "Handler for socket connection from /127.0.0.1:51199 to /127.0.0.1:56071" [_thread_in_native, id=52367, stack(0x0000700001865000,0x0000700001965000)]
  0x00007f9f08cf6000 JavaThread "Daemon Thread 34" [_thread_blocked, id=83823, stack(0x0000700001762000,0x0000700001862000)]
  0x00007f9f09606000 JavaThread "RMI TCP Accept-0" daemon [_thread_in_native, id=84547, stack(0x000070000c082000,0x000070000c182000)]
  0x00007f9f09a4b800 JavaThread "Cache worker for Java compile cache (/Users/soso/.gradle/caches/6.5/javaCompile)" [_thread_blocked, id=28183, stack(0x0000700001d74000,0x0000700001e74000)]
  0x00007f9f0f9ac000 JavaThread "RMI Reaper" [_thread_blocked, id=122115, stack(0x000070000bb73000,0x000070000bc73000)]
  0x00007f9f08cda800 JavaThread "RMI TCP Accept-0" daemon [_thread_in_native, id=96003, stack(0x000070000ba70000,0x000070000bb70000)]
  0x00007f9f11fe0800 JavaThread "GC Daemon" daemon [_thread_blocked, id=122627, stack(0x000070000b96d000,0x000070000ba6d000)]
  0x00007f9f09eac800 JavaThread "RMI Scheduler(0)" daemon [_thread_blocked, id=94979, stack(0x000070000b767000,0x000070000b867000)]
  0x00007f9f0d1b4000 JavaThread "Memory manager" [_thread_blocked, id=89603, stack(0x000070000a403000,0x000070000a503000)]
  0x00007f9f09278800 JavaThread "Cache worker for file content cache (/Users/soso/.gradle/caches/6.5/fileContent)" [_thread_blocked, id=19719, stack(0x0000700003bce000,0x0000700003cce000)]
  0x00007f9f0a2db800 JavaThread "Cache worker for execution history cache (/Users/soso/.gradle/caches/6.5/executionHistory)" [_thread_blocked, id=29443, stack(0x0000700003acb000,0x0000700003bcb000)]
  0x00007f9f099b1800 JavaThread "Cache worker for file hash cache (/Users/soso/.gradle/caches/6.5/fileHashes)" [_thread_blocked, id=23299, stack(0x0000700002180000,0x0000700002280000)]
  0x00007f9f09271000 JavaThread "File lock request listener" [_thread_in_native, id=23043, stack(0x000070000207d000,0x000070000217d000)]
  0x00007f9f091d2800 JavaThread "Cache worker for journal cache (/Users/soso/.gradle/caches/journal-1)" [_thread_blocked, id=22531, stack(0x0000700001f7a000,0x000070000207a000)]
  0x00007f9f08994800 JavaThread "Daemon periodic checks" [_thread_blocked, id=16899, stack(0x0000700001968000,0x0000700001a68000)]
  0x00007f9f08993800 JavaThread "Incoming local TCP Connector on port 51199" [_thread_in_native, id=18179, stack(0x000070000165f000,0x000070000175f000)]
  0x00007f9f0a51a800 JavaThread "Daemon health stats" [_thread_blocked, id=18435, stack(0x000070000155c000,0x000070000165c000)]
  0x00007f9f0a00b800 JavaThread "Service Thread" daemon [_thread_blocked, id=18691, stack(0x0000700001356000,0x0000700001456000)]
  0x00007f9f08828800 JavaThread "C1 CompilerThread2" daemon [_thread_blocked, id=18947, stack(0x0000700001253000,0x0000700001353000)]
  0x00007f9f08827800 JavaThread "C2 CompilerThread1" daemon [_thread_in_native, id=14595, stack(0x0000700001150000,0x0000700001250000)]
  0x00007f9f08826000 JavaThread "C2 CompilerThread0" daemon [_thread_blocked, id=14083, stack(0x000070000104d000,0x000070000114d000)]
  0x00007f9f08825000 JavaThread "Signal Dispatcher" daemon [_thread_blocked, id=13827, stack(0x0000700000f4a000,0x000070000104a000)]
  0x00007f9f09838800 JavaThread "Finalizer" daemon [_thread_blocked, id=20739, stack(0x0000700000d41000,0x0000700000e41000)]
  0x00007f9f0a013800 JavaThread "Reference Handler" daemon [_thread_blocked, id=20995, stack(0x0000700000c3e000,0x0000700000d3e000)]
  0x00007f9f09009800 JavaThread "main" [_thread_blocked, id=3331, stack(0x000070000062c000,0x000070000072c000)]

Other Threads:
  0x00007f9f09021800 VMThread [stack: 0x0000700000b3b000,0x0000700000c3b000] [id=11011]
  0x00007f9f09027800 WatcherThread [stack: 0x0000700001459000,0x0000700001559000] [id=15619]

VM state:not at safepoint (normal execution)

VM Mutex/Monitor currently owned by a thread: None

heap address: 0x0000000740000000, size: 2048 MB, Compressed Oops mode: Zero based, Oop shift amount: 3
Narrow klass base: 0x0000000000000000, Narrow klass shift: 3
Compressed class space size: 1073741824 Address: 0x00000007c0000000

Heap:
 PSYoungGen      total 549376K, used 100495K [0x0000000795580000, 0x00000007bf700000, 0x00000007c0000000)
  eden space 419328K, 21% used [0x0000000795580000,0x000000079acc5470,0x00000007aef00000)
  from space 130048K, 8% used [0x00000007b7800000,0x00000007b82dea58,0x00000007bf700000)
  to   space 135168K, 0% used [0x00000007aef00000,0x00000007aef00000,0x00000007b7300000)
 ParOldGen       total 1004032K, used 545375K [0x0000000740000000, 0x000000077d480000, 0x0000000795580000)
  object space 1004032K, 54% used [0x0000000740000000,0x0000000761497e10,0x000000077d480000)
 Metaspace       used 205255K, capacity 219932K, committed 232256K, reserved 1251328K
  class space    used 25006K, capacity 27691K, committed 29800K, reserved 1048576K

Card table byte_map: [0x0000000105878000,0x0000000105c79000] byte_map_base: 0x0000000101e78000

Marking Bits: (ParMarkBitMap*) 0x0000000104e273f8
 Begin Bits: [0x0000000105f24000, 0x0000000107f24000)
 End Bits:   [0x0000000107f24000, 0x0000000109f24000)

Polling page: 0x0000000103c5f000

CodeCache: size=245760Kb used=158671Kb max_used=158798Kb free=87088Kb
 bounds [0x000000010a383000, 0x0000000113fd3000, 0x0000000119383000]
 total_blobs=42913 nmethods=41912 adapters=912
 compilation: enabled

Compilation events (10 events):
Event: 10019.835 Thread 0x00007f9f08826000 nmethod 65376 0x0000000110a9a410 code [0x0000000110a9a640, 0x0000000110a9afc0]
Event: 10022.203 Thread 0x00007f9f08828800 65377       3       com.android.ide.common.symbols.SymbolTable$SymbolTableImpl::<init> (27 bytes)
Event: 10022.204 Thread 0x00007f9f08828800 nmethod 65377 0x0000000113ab7710 code [0x0000000113ab78c0, 0x0000000113ab7cb8]
Event: 10022.583 Thread 0x00007f9f08828800 65378       1       org.jetbrains.kotlin.gradle.tasks.AbstractKotlinCompile::getIncremental (5 bytes)
Event: 10022.583 Thread 0x00007f9f08828800 nmethod 65378 0x000000010b864890 code [0x000000010b8649e0, 0x000000010b864af0]
Event: 10022.695 Thread 0x00007f9f08828800 65379       3       org.jetbrains.kotlin.daemon.common.ClientUtilsKt$walkDaemons$4::invoke (12 bytes)
Event: 10022.696 Thread 0x00007f9f08828800 nmethod 65379 0x0000000113ac8c10 code [0x0000000113ac8da0, 0x0000000113ac9148]
Event: 10022.733 Thread 0x00007f9f08828800 65380       3       kotlin.text.RegexKt::findNext (25 bytes)
Event: 10022.734 Thread 0x00007f9f08828800 nmethod 65380 0x00000001111441d0 code [0x00000001111443a0, 0x0000000111144ae8]
Event: 10028.020 Thread 0x00007f9f08827800 65381   !   4       org.gradle.configuration.internal.DefaultListenerBuildOperationDecorator$BuildOperationEmittingInvocationHandler::invoke (199 bytes)

GC Heap History (10 events):
Event: 9701.933 GC heap before
{Heap before GC invocations=298 (full 16):
 PSYoungGen      total 522752K, used 375461K [0x0000000795580000, 0x00000007bf900000, 0x00000007c0000000)
  eden space 355328K, 100% used [0x0000000795580000,0x00000007ab080000,0x00000007ab080000)
  from space 167424K, 12% used [0x00000007ab080000,0x00000007ac429650,0x00000007b5400000)
  to   space 160768K, 0% used [0x00000007b5c00000,0x00000007b5c00000,0x00000007bf900000)
 ParOldGen       total 1004032K, used 495252K [0x0000000740000000, 0x000000077d480000, 0x0000000795580000)
  object space 1004032K, 49% used [0x0000000740000000,0x000000075e3a52c0,0x000000077d480000)
 Metaspace       used 204754K, capacity 219008K, committed 232256K, reserved 1251328K
  class space    used 24924K, capacity 27524K, committed 29800K, reserved 1048576K
Event: 9701.997 GC heap after
Heap after GC invocations=298 (full 16):
 PSYoungGen      total 519680K, used 16778K [0x0000000795580000, 0x00000007bed80000, 0x00000007c0000000)
  eden space 370688K, 0% used [0x0000000795580000,0x0000000795580000,0x00000007abf80000)
  from space 148992K, 11% used [0x00000007b5c00000,0x00000007b6c62870,0x00000007bed80000)
  to   space 154624K, 0% used [0x00000007abf80000,0x00000007abf80000,0x00000007b5680000)
 ParOldGen       total 1004032K, used 511508K [0x0000000740000000, 0x000000077d480000, 0x0000000795580000)
  object space 1004032K, 50% used [0x0000000740000000,0x000000075f385380,0x000000077d480000)
 Metaspace       used 204754K, capacity 219008K, committed 232256K, reserved 1251328K
  class space    used 24924K, capacity 27524K, committed 29800K, reserved 1048576K
}
Event: 9735.662 GC heap before
{Heap before GC invocations=299 (full 16):
 PSYoungGen      total 519680K, used 387466K [0x0000000795580000, 0x00000007bed80000, 0x00000007c0000000)
  eden space 370688K, 100% used [0x0000000795580000,0x00000007abf80000,0x00000007abf80000)
  from space 148992K, 11% used [0x00000007b5c00000,0x00000007b6c62870,0x00000007bed80000)
  to   space 154624K, 0% used [0x00000007abf80000,0x00000007abf80000,0x00000007b5680000)
 ParOldGen       total 1004032K, used 511508K [0x0000000740000000, 0x000000077d480000, 0x0000000795580000)
  object space 1004032K, 50% used [0x0000000740000000,0x000000075f385380,0x000000077d480000)
 Metaspace       used 205186K, capacity 219728K, committed 232256K, reserved 1251328K
  class space    used 24997K, capacity 27677K, committed 29800K, reserved 1048576K
Event: 9735.853 GC heap after
Heap after GC invocations=299 (full 16):
 PSYoungGen      total 525312K, used 21032K [0x0000000795580000, 0x00000007bf780000, 0x00000007c0000000)
  eden space 370688K, 0% used [0x0000000795580000,0x0000000795580000,0x00000007abf80000)
  from space 154624K, 13% used [0x00000007abf80000,0x00000007ad40a390,0x00000007b5680000)
  to   space 147456K, 0% used [0x00000007b6780000,0x00000007b6780000,0x00000007bf780000)
 ParOldGen       total 1004032K, used 523763K [0x0000000740000000, 0x000000077d480000, 0x0000000795580000)
  object space 1004032K, 52% used [0x0000000740000000,0x000000075ff7cdc0,0x000000077d480000)
 Metaspace       used 205186K, capacity 219728K, committed 232256K, reserved 1251328K
  class space    used 24997K, capacity 27677K, committed 29800K, reserved 1048576K
}
Event: 10011.571 GC heap before
{Heap before GC invocations=300 (full 16):
 PSYoungGen      total 525312K, used 391720K [0x0000000795580000, 0x00000007bf780000, 0x00000007c0000000)
  eden space 370688K, 100% used [0x0000000795580000,0x00000007abf80000,0x00000007abf80000)
  from space 154624K, 13% used [0x00000007abf80000,0x00000007ad40a390,0x00000007b5680000)
  to   space 147456K, 0% used [0x00000007b6780000,0x00000007b6780000,0x00000007bf780000)
 ParOldGen       total 1004032K, used 523763K [0x0000000740000000, 0x000000077d480000, 0x0000000795580000)
  object space 1004032K, 52% used [0x0000000740000000,0x000000075ff7cdc0,0x000000077d480000)
 Metaspace       used 205218K, capacity 219858K, committed 232256K, reserved 1251328K
  class space    used 25003K, capacity 27688K, committed 29800K, reserved 1048576K
Event: 10011.893 GC heap after
Heap after GC invocations=300 (full 16):
 PSYoungGen      total 531456K, used 21057K [0x0000000795580000, 0x00000007beb00000, 0x00000007c0000000)
  eden space 396800K, 0% used [0x0000000795580000,0x0000000795580000,0x00000007ad900000)
  from space 134656K, 15% used [0x00000007b6780000,0x00000007b7c10480,0x00000007beb00000)
  to   space 140288K, 0% used [0x00000007ad900000,0x00000007ad900000,0x00000007b6200000)
 ParOldGen       total 1004032K, used 526115K [0x0000000740000000, 0x000000077d480000, 0x0000000795580000)
  object space 1004032K, 52% used [0x0000000740000000,0x00000007601c8ee0,0x000000077d480000)
 Metaspace       used 205218K, capacity 219858K, committed 232256K, reserved 1251328K
  class space    used 25003K, capacity 27688K, committed 29800K, reserved 1048576K
}
Event: 10017.328 GC heap before
{Heap before GC invocations=301 (full 16):
 PSYoungGen      total 531456K, used 417857K [0x0000000795580000, 0x00000007beb00000, 0x00000007c0000000)
  eden space 396800K, 100% used [0x0000000795580000,0x00000007ad900000,0x00000007ad900000)
  from space 134656K, 15% used [0x00000007b6780000,0x00000007b7c10480,0x00000007beb00000)
  to   space 140288K, 0% used [0x00000007ad900000,0x00000007ad900000,0x00000007b6200000)
 ParOldGen       total 1004032K, used 526115K [0x0000000740000000, 0x000000077d480000, 0x0000000795580000)
  object space 1004032K, 52% used [0x0000000740000000,0x00000007601c8ee0,0x000000077d480000)
 Metaspace       used 205250K, capacity 219932K, committed 232256K, reserved 1251328K
  class space    used 25006K, capacity 27691K, committed 29800K, reserved 1048576K
Event: 10017.655 GC heap after
Heap after GC invocations=301 (full 16):
 PSYoungGen      total 537088K, used 64044K [0x0000000795580000, 0x00000007c0000000, 0x00000007c0000000)
  eden space 396800K, 0% used [0x0000000795580000,0x0000000795580000,0x00000007ad900000)
  from space 140288K, 45% used [0x00000007ad900000,0x00000007b178b0d8,0x00000007b6200000)
  to   space 139264K, 0% used [0x00000007b7800000,0x00000007b7800000,0x00000007c0000000)
 ParOldGen       total 1004032K, used 544716K [0x0000000740000000, 0x000000077d480000, 0x0000000795580000)
  object space 1004032K, 54% used [0x0000000740000000,0x00000007613f3130,0x000000077d480000)
 Metaspace       used 205250K, capacity 219932K, committed 232256K, reserved 1251328K
  class space    used 25006K, capacity 27691K, committed 29800K, reserved 1048576K
}
Event: 10022.298 GC heap before
{Heap before GC invocations=302 (full 16):
 PSYoungGen      total 537088K, used 460844K [0x0000000795580000, 0x00000007c0000000, 0x00000007c0000000)
  eden space 396800K, 100% used [0x0000000795580000,0x00000007ad900000,0x00000007ad900000)
  from space 140288K, 45% used [0x00000007ad900000,0x00000007b178b0d8,0x00000007b6200000)
  to   space 139264K, 0% used [0x00000007b7800000,0x00000007b7800000,0x00000007c0000000)
 ParOldGen       total 1004032K, used 544716K [0x0000000740000000, 0x000000077d480000, 0x0000000795580000)
  object space 1004032K, 54% used [0x0000000740000000,0x00000007613f3130,0x000000077d480000)
 Metaspace       used 205254K, capacity 219932K, committed 232256K, reserved 1251328K
  class space    used 25006K, capacity 27691K, committed 29800K, reserved 1048576K
Event: 10022.334 GC heap after
Heap after GC invocations=302 (full 16):
 PSYoungGen      total 549376K, used 11130K [0x0000000795580000, 0x00000007bf700000, 0x00000007c0000000)
  eden space 419328K, 0% used [0x0000000795580000,0x0000000795580000,0x00000007aef00000)
  from space 130048K, 8% used [0x00000007b7800000,0x00000007b82dea58,0x00000007bf700000)
  to   space 135168K, 0% used [0x00000007aef00000,0x00000007aef00000,0x00000007b7300000)
 ParOldGen       total 1004032K, used 545375K [0x0000000740000000, 0x000000077d480000, 0x0000000795580000)
  object space 1004032K, 54% used [0x0000000740000000,0x0000000761497e10,0x000000077d480000)
 Metaspace       used 205254K, capacity 219932K, committed 232256K, reserved 1251328K
  class space    used 25006K, capacity 27691K, committed 29800K, reserved 1048576K
}

Deoptimization events (10 events):
Event: 10012.373 Thread 0x00007f9f08bb4000 Uncommon trap: reason=predicate action=maybe_recompile pc=0x000000011394c4b0 method=com.android.ide.common.resources.DataSet.processNewDataFile(Ljava/io/File;Lcom/android/ide/common/resources/DataFile;Z)V @ 31
Event: 10012.373 Thread 0x00007f9f08bb4000 Uncommon trap: reason=class_check action=maybe_recompile pc=0x000000011396d9cc method=com.android.ide.common.resources.ValueResourceParser2.getType(Lorg/w3c/dom/Node;Ljava/io/File;)Lcom/android/resources/ResourceType; @ 1
Event: 10012.373 Thread 0x00007f9f08bb4000 Uncommon trap: reason=class_check action=maybe_recompile pc=0x000000010c164188 method=com.android.ide.common.resources.ValueResourceParser2.getName(Lorg/w3c/dom/Node;)Ljava/lang/String; @ 1
Event: 10012.373 Thread 0x00007f9f08bb4000 Uncommon trap: reason=class_check action=maybe_recompile pc=0x000000011396d9cc method=com.android.ide.common.resources.ValueResourceParser2.getType(Lorg/w3c/dom/Node;Ljava/io/File;)Lcom/android/resources/ResourceType; @ 1
Event: 10012.373 Thread 0x00007f9f08bb4000 Uncommon trap: reason=class_check action=maybe_recompile pc=0x000000010c164188 method=com.android.ide.common.resources.ValueResourceParser2.getName(Lorg/w3c/dom/Node;)Ljava/lang/String; @ 1
Event: 10012.373 Thread 0x00007f9f08bb4000 Uncommon trap: reason=class_check action=maybe_recompile pc=0x000000011396d9cc method=com.android.ide.common.resources.ValueResourceParser2.getType(Lorg/w3c/dom/Node;Ljava/io/File;)Lcom/android/resources/ResourceType; @ 1
Event: 10012.373 Thread 0x00007f9f08bb4000 Uncommon trap: reason=class_check action=maybe_recompile pc=0x000000010c164188 method=com.android.ide.common.resources.ValueResourceParser2.getName(Lorg/w3c/dom/Node;)Ljava/lang/String; @ 1
Event: 10012.373 Thread 0x00007f9f08bb4000 Uncommon trap: reason=class_check action=maybe_recompile pc=0x000000010b258dc0 method=com.android.ide.common.resources.ValueResourceParser2.getType(Lorg/w3c/dom/Node;Ljava/io/File;)Lcom/android/resources/ResourceType; @ 1
Event: 10012.373 Thread 0x00007f9f08bb4000 Uncommon trap: reason=unstable_if action=reinterpret pc=0x000000010e8f9b40 method=com.android.ide.common.resources.ValueResourceParser2.checkDuplicate(Lcom/android/ide/common/resources/ResourceMergerItem;Ljava/util/Map;Ljava/io/File;)V @ 1
Event: 10016.540 Thread 0x00007f9f08bb4000 Uncommon trap: reason=null_check action=make_not_entrant pc=0x000000010f1586b4 method=com.google.common.collect.AbstractTable.get(Ljava/lang/Object;Ljava/lang/Object;)Ljava/lang/Object; @ 8

Classes redefined (0 events):
No events

Internal exceptions (10 events):
Event: 9734.994 Thread 0x00007f9f0de6a800 Exception <a 'sun/nio/fs/UnixException'> (0x00000007a6a8d890) thrown at [/Volumes/Android/buildbot/src/googleplex-android/openjdk/out/hotspot/src/share/vm/prims/jni.cpp, line 710]
Event: 9735.657 Thread 0x00007f9f08cf6000 Exception <a 'java/lang/reflect/InvocationTargetException'> (0x00000007abdaf7d8) thrown at [/Volumes/Android/buildbot/src/googleplex-android/openjdk/out/hotspot/src/share/vm/runtime/reflection.cpp, line 1092]
Event: 10012.373 Thread 0x00007f9f08bb4000 Implicit null exception at 0x000000010e8f9778 to 0x000000010e8f9b25
Event: 10016.540 Thread 0x00007f9f08bb4000 Implicit null exception at 0x000000010f154452 to 0x000000010f158669
Event: 10022.209 Thread 0x00007f9f099fe800 Exception <a 'sun/nio/fs/UnixException'> (0x00000007aac3d640) thrown at [/Volumes/Android/buildbot/src/googleplex-android/openjdk/out/hotspot/src/share/vm/prims/jni.cpp, line 710]
Event: 10022.209 Thread 0x00007f9f099fe800 Exception <a 'sun/nio/fs/UnixException'> (0x00000007aac3dfa0) thrown at [/Volumes/Android/buildbot/src/googleplex-android/openjdk/out/hotspot/src/share/vm/prims/jni.cpp, line 710]
Event: 10022.502 Thread 0x00007f9f09e58800 Exception <a 'sun/nio/fs/UnixException'> (0x0000000798766ae8) thrown at [/Volumes/Android/buildbot/src/googleplex-android/openjdk/out/hotspot/src/share/vm/prims/jni.cpp, line 710]
Event: 10022.502 Thread 0x00007f9f09e58800 Exception <a 'sun/nio/fs/UnixException'> (0x0000000798767900) thrown at [/Volumes/Android/buildbot/src/googleplex-android/openjdk/out/hotspot/src/share/vm/prims/jni.cpp, line 710]
Event: 10022.726 Thread 0x00007f9f0fff5000 Exception <a 'java/lang/InterruptedException'> (0x000000079a594b98) thrown at [/Volumes/Android/buildbot/src/googleplex-android/openjdk/out/hotspot/src/share/vm/runtime/objectMonitor.cpp, line 1680]
Event: 10028.036 Thread 0x00007f9f09e58800 Implicit null exception at 0x000000010dac2030 to 0x0000000000000000

Events (10 events):
Event: 10027.772 Executing VM operation: BulkRevokeBias
Event: 10027.774 Executing VM operation: BulkRevokeBias done
Event: 10027.774 Executing VM operation: RevokeBias
Event: 10027.774 Executing VM operation: RevokeBias done
Event: 10027.774 Executing VM operation: RevokeBias
Event: 10027.775 Executing VM operation: RevokeBias done
Event: 10028.005 Executing VM operation: RevokeBias
Event: 10028.006 Executing VM operation: RevokeBias done
Event: 10028.024 Executing VM operation: RevokeBias
Event: 10028.024 Executing VM operation: RevokeBias done


Dynamic libraries:
0x00007fff316c3000 	/System/Library/Frameworks/Cocoa.framework/Versions/A/Cocoa
0x00007fff3eebc000 	/System/Library/Frameworks/Security.framework/Versions/A/Security
0x00007fff30628000 	/System/Library/Frameworks/ApplicationServices.framework/Versions/A/ApplicationServices
0x00007fff6b9e0000 	/usr/lib/libz.1.dylib
0x00007fff694a4000 	/usr/lib/libSystem.B.dylib
0x00007fff32565000 	/System/Library/Frameworks/CoreFoundation.framework/Versions/A/CoreFoundation
0x00007fff34c22000 	/System/Library/Frameworks/Foundation.framework/Versions/C/Foundation
0x00007fff6b304000 	/usr/lib/libobjc.A.dylib
0x00007fff2f818000 	/System/Library/Frameworks/AppKit.framework/Versions/C/AppKit
0x00007fff32047000 	/System/Library/Frameworks/CoreData.framework/Versions/A/CoreData
0x00007fff634b9000 	/System/Library/PrivateFrameworks/UIFoundation.framework/Versions/A/UIFoundation
0x00007fff5e54d000 	/System/Library/PrivateFrameworks/RemoteViewServices.framework/Versions/A/RemoteViewServices
0x00007fff66014000 	/System/Library/PrivateFrameworks/XCTTargetBootstrap.framework/Versions/A/XCTTargetBootstrap
0x00007fff32432000 	/System/Library/Frameworks/CoreDisplay.framework/Versions/A/CoreDisplay
0x00007fff37add000 	/System/Library/Frameworks/Metal.framework/Versions/A/Metal
0x00007fff4c550000 	/System/Library/PrivateFrameworks/DesktopServicesPriv.framework/Versions/A/DesktopServicesPriv
0x00007fff6a5df000 	/usr/lib/liblangid.dylib
0x00007fff4b7e5000 	/System/Library/PrivateFrameworks/CoreSVG.framework/Versions/A/CoreSVG
0x00007fff616a9000 	/System/Library/PrivateFrameworks/SkyLight.framework/Versions/A/SkyLight
0x00007fff329e6000 	/System/Library/Frameworks/CoreGraphics.framework/Versions/A/CoreGraphics
0x00007fff2e1ec000 	/System/Library/Frameworks/Accelerate.framework/Versions/A/Accelerate
0x00007fff6b8d1000 	/usr/lib/libxml2.2.dylib
0x00007fff574d8000 	/System/Library/PrivateFrameworks/IconServices.framework/Versions/A/IconServices
0x00007fff35401000 	/System/Library/Frameworks/IOSurface.framework/Versions/A/IOSurface
0x00007fff68fce000 	/usr/lib/libDiagnosticMessagesClient.dylib
0x00007fff4c3aa000 	/System/Library/PrivateFrameworks/DFRFoundation.framework/Versions/A/DFRFoundation
0x00007fff6a36e000 	/usr/lib/libicucore.A.dylib
0x00007fff3095a000 	/System/Library/Frameworks/AudioToolbox.framework/Versions/A/AudioToolbox
0x00007fff30a3d000 	/System/Library/Frameworks/AudioUnit.framework/Versions/A/AudioUnit
0x00007fff696a6000 	/usr/lib/libauto.dylib
0x00007fff4c44c000 	/System/Library/PrivateFrameworks/DataDetectorsCore.framework/Versions/A/DataDetectorsCore
0x00007fff311e4000 	/System/Library/Frameworks/Carbon.framework/Versions/A/Frameworks/HIToolbox.framework/Versions/A/HIToolbox
0x00007fff3e0b6000 	/System/Library/Frameworks/QuartzCore.framework/Versions/A/QuartzCore
0x00007fff31523000 	/System/Library/Frameworks/Carbon.framework/Versions/A/Frameworks/SpeechRecognition.framework/Versions/A/SpeechRecognition
0x00007fff4bebe000 	/System/Library/PrivateFrameworks/CoreUI.framework/Versions/A/CoreUI
0x00007fff31ab2000 	/System/Library/Frameworks/CoreAudio.framework/Versions/A/CoreAudio
0x00007fff348e1000 	/System/Library/Frameworks/DiskArbitration.framework/Versions/A/DiskArbitration
0x00007fff59528000 	/System/Library/PrivateFrameworks/MultitouchSupport.framework/Versions/A/MultitouchSupport
0x00007fff6a235000 	/usr/lib/libenergytrace.dylib
0x00007fff3535b000 	/System/Library/Frameworks/IOKit.framework/Versions/A/IOKit
0x00007fff3394d000 	/System/Library/Frameworks/CoreServices.framework/Versions/A/CoreServices
0x00007fff5b6e0000 	/System/Library/PrivateFrameworks/PerformanceAnalysis.framework/Versions/A/PerformanceAnalysis
0x00007fff3d0e9000 	/System/Library/Frameworks/OpenGL.framework/Versions/A/OpenGL
0x00007fff316d1000 	/System/Library/Frameworks/ColorSync.framework/Versions/A/ColorSync
0x00007fff33069000 	/System/Library/Frameworks/CoreImage.framework/Versions/A/CoreImage
0x00007fff343c0000 	/System/Library/Frameworks/CoreText.framework/Versions/A/CoreText
0x00007fff35491000 	/System/Library/Frameworks/ImageIO.framework/Versions/A/ImageIO
0x00007fff6978a000 	/usr/lib/libc++.1.dylib
0x00007fff69806000 	/usr/lib/libcompression.dylib
0x00007fff69312000 	/usr/lib/libMobileGestalt.dylib
0x00007fff63223000 	/System/Library/PrivateFrameworks/TextureIO.framework/Versions/A/TextureIO
0x00007fff69609000 	/usr/lib/libate.dylib
0x00007fff576e1000 	/System/Library/PrivateFrameworks/InternationalSupport.framework/Versions/A/InternationalSupport
0x00007fff6c2a1000 	/usr/lib/system/libcache.dylib
0x00007fff6c2a7000 	/usr/lib/system/libcommonCrypto.dylib
0x00007fff6c2b3000 	/usr/lib/system/libcompiler_rt.dylib
0x00007fff6c2bb000 	/usr/lib/system/libcopyfile.dylib
0x00007fff6c2c5000 	/usr/lib/system/libcorecrypto.dylib
0x00007fff6c464000 	/usr/lib/system/libdispatch.dylib
0x00007fff6c4a5000 	/usr/lib/system/libdyld.dylib
0x00007fff6c4dc000 	/usr/lib/system/libkeymgr.dylib
0x00007fff6c4ea000 	/usr/lib/system/liblaunch.dylib
0x00007fff6c4eb000 	/usr/lib/system/libmacho.dylib
0x00007fff6c4f1000 	/usr/lib/system/libquarantine.dylib
0x00007fff6c4f4000 	/usr/lib/system/libremovefile.dylib
0x00007fff6c4f6000 	/usr/lib/system/libsystem_asl.dylib
0x00007fff6c50e000 	/usr/lib/system/libsystem_blocks.dylib
0x00007fff6c50f000 	/usr/lib/system/libsystem_c.dylib
0x00007fff6c597000 	/usr/lib/system/libsystem_configuration.dylib
0x00007fff6c59b000 	/usr/lib/system/libsystem_coreservices.dylib
0x00007fff6c59f000 	/usr/lib/system/libsystem_darwin.dylib
0x00007fff6c5a8000 	/usr/lib/system/libsystem_dnssd.dylib
0x00007fff6c5b0000 	/usr/lib/system/libsystem_featureflags.dylib
0x00007fff6c5b2000 	/usr/lib/system/libsystem_info.dylib
0x00007fff6c62d000 	/usr/lib/system/libsystem_m.dylib
0x00007fff6c675000 	/usr/lib/system/libsystem_malloc.dylib
0x00007fff6c69d000 	/usr/lib/system/libsystem_networkextension.dylib
0x00007fff6c6ab000 	/usr/lib/system/libsystem_notify.dylib
0x00007fff6c6c9000 	/usr/lib/system/libsystem_sandbox.dylib
0x00007fff6c6ce000 	/usr/lib/system/libsystem_secinit.dylib
0x00007fff6c600000 	/usr/lib/system/libsystem_kernel.dylib
0x00007fff6c6b5000 	/usr/lib/system/libsystem_platform.dylib
0x00007fff6c6be000 	/usr/lib/system/libsystem_pthread.dylib
0x00007fff6c6d1000 	/usr/lib/system/libsystem_symptoms.dylib
0x00007fff6c6d9000 	/usr/lib/system/libsystem_trace.dylib
0x00007fff6c6f1000 	/usr/lib/system/libunwind.dylib
0x00007fff6c6f7000 	/usr/lib/system/libxpc.dylib
0x00007fff697dd000 	/usr/lib/libc++abi.dylib
0x00007fff6a5e1000 	/usr/lib/liblzma.5.dylib
0x00007fff6a25c000 	/usr/lib/libfakelink.dylib
0x00007fff69596000 	/usr/lib/libarchive.2.dylib
0x00007fff3ff6d000 	/System/Library/Frameworks/SystemConfiguration.framework/Versions/A/SystemConfiguration
0x00007fff68f01000 	/usr/lib/libCRFSuite.dylib
0x00007fff30dd4000 	/System/Library/Frameworks/CFNetwork.framework/Versions/A/CFNetwork
0x00007fff6976c000 	/usr/lib/libbsm.0.dylib
0x00007fff6c4dd000 	/usr/lib/system/libkxld.dylib
0x00007fff45d27000 	/System/Library/PrivateFrameworks/AppleFSCompression.framework/Versions/A/AppleFSCompression
0x00007fff69af7000 	/usr/lib/libcoretls.dylib
0x00007fff69b0e000 	/usr/lib/libcoretls_cfhelpers.dylib
0x00007fff6b34a000 	/usr/lib/libpam.2.dylib
0x00007fff6b47f000 	/usr/lib/libsqlite3.dylib
0x00007fff6b8be000 	/usr/lib/libxar.1.dylib
0x00007fff6977d000 	/usr/lib/libbz2.1.0.dylib
0x00007fff6a27d000 	/usr/lib/libiconv.2.dylib
0x00007fff697f3000 	/usr/lib/libcharset.1.dylib
0x00007fff6ade7000 	/usr/lib/libnetwork.dylib
0x00007fff6b351000 	/usr/lib/libpcap.A.dylib
0x00007fff6954b000 	/usr/lib/libapple_nghttp2.dylib
0x00007fff33d04000 	/System/Library/Frameworks/CoreServices.framework/Versions/A/Frameworks/FSEvents.framework/Versions/A/FSEvents
0x00007fff339d4000 	/System/Library/Frameworks/CoreServices.framework/Versions/A/Frameworks/CarbonCore.framework/Versions/A/CarbonCore
0x00007fff33f48000 	/System/Library/Frameworks/CoreServices.framework/Versions/A/Frameworks/Metadata.framework/Versions/A/Metadata
0x00007fff33fe1000 	/System/Library/Frameworks/CoreServices.framework/Versions/A/Frameworks/OSServices.framework/Versions/A/OSServices
0x00007fff3400f000 	/System/Library/Frameworks/CoreServices.framework/Versions/A/Frameworks/SearchKit.framework/Versions/A/SearchKit
0x00007fff3394e000 	/System/Library/Frameworks/CoreServices.framework/Versions/A/Frameworks/AE.framework/Versions/A/AE
0x00007fff33d0d000 	/System/Library/Frameworks/CoreServices.framework/Versions/A/Frameworks/LaunchServices.framework/Versions/A/LaunchServices
0x00007fff33cb6000 	/System/Library/Frameworks/CoreServices.framework/Versions/A/Frameworks/DictionaryServices.framework/Versions/A/DictionaryServices
0x00007fff34077000 	/System/Library/Frameworks/CoreServices.framework/Versions/A/Frameworks/SharedFileList.framework/Versions/A/SharedFileList
0x00007fff38f08000 	/System/Library/Frameworks/NetFS.framework/Versions/A/NetFS
0x00007fff59a58000 	/System/Library/PrivateFrameworks/NetAuth.framework/Versions/A/NetAuth
0x00007fff663e1000 	/System/Library/PrivateFrameworks/login.framework/Versions/A/Frameworks/loginsupport.framework/Versions/A/loginsupport
0x00007fff62cee000 	/System/Library/PrivateFrameworks/TCC.framework/Versions/A/TCC
0x00007fff4a958000 	/System/Library/PrivateFrameworks/CoreNLP.framework/Versions/A/CoreNLP
0x00007fff58f55000 	/System/Library/PrivateFrameworks/MetadataUtilities.framework/Versions/A/MetadataUtilities
0x00007fff6a6b9000 	/usr/lib/libmecabra.dylib
0x00007fff6a611000 	/usr/lib/libmecab.dylib
0x00007fff6a26d000 	/usr/lib/libgermantok.dylib
0x00007fff69532000 	/usr/lib/libThaiTokenizer.dylib
0x00007fff68f38000 	/usr/lib/libChineseTokenizer.dylib
0x00007fff2e204000 	/System/Library/Frameworks/Accelerate.framework/Versions/A/Frameworks/vImage.framework/Versions/A/vImage
0x00007fff2f66e000 	/System/Library/Frameworks/Accelerate.framework/Versions/A/Frameworks/vecLib.framework/Versions/A/vecLib
0x00007fff2f5ab000 	/System/Library/Frameworks/Accelerate.framework/Versions/A/Frameworks/vecLib.framework/Versions/A/libvMisc.dylib
0x00007fff2f3d3000 	/System/Library/Frameworks/Accelerate.framework/Versions/A/Frameworks/vecLib.framework/Versions/A/libvDSP.dylib
0x00007fff2e85b000 	/System/Library/Frameworks/Accelerate.framework/Versions/A/Frameworks/vecLib.framework/Versions/A/libBLAS.dylib
0x00007fff2ef97000 	/System/Library/Frameworks/Accelerate.framework/Versions/A/Frameworks/vecLib.framework/Versions/A/libLAPACK.dylib
0x00007fff2f333000 	/System/Library/Frameworks/Accelerate.framework/Versions/A/Frameworks/vecLib.framework/Versions/A/libLinearAlgebra.dylib
0x00007fff2f3c0000 	/System/Library/Frameworks/Accelerate.framework/Versions/A/Frameworks/vecLib.framework/Versions/A/libSparseBLAS.dylib
0x00007fff2f349000 	/System/Library/Frameworks/Accelerate.framework/Versions/A/Frameworks/vecLib.framework/Versions/A/libQuadrature.dylib
0x00007fff2eac3000 	/System/Library/Frameworks/Accelerate.framework/Versions/A/Frameworks/vecLib.framework/Versions/A/libBNNS.dylib
0x00007fff2f34f000 	/System/Library/Frameworks/Accelerate.framework/Versions/A/Frameworks/vecLib.framework/Versions/A/libSparse.dylib
0x00007fff57ac9000 	/System/Library/PrivateFrameworks/LanguageModeling.framework/Versions/A/LanguageModeling
0x00007fff4a308000 	/System/Library/PrivateFrameworks/CoreEmoji.framework/Versions/A/CoreEmoji
0x00007fff57be7000 	/System/Library/PrivateFrameworks/LinguisticData.framework/Versions/A/LinguisticData
0x00007fff57b98000 	/System/Library/PrivateFrameworks/Lexicon.framework/Versions/A/Lexicon
0x00007fff697f4000 	/usr/lib/libcmph.dylib
0x00007fff3baf7000 	/System/Library/Frameworks/OpenDirectory.framework/Versions/A/Frameworks/CFOpenDirectory.framework/Versions/A/CFOpenDirectory
0x00007fff3bb14000 	/System/Library/Frameworks/OpenDirectory.framework/Versions/A/OpenDirectory
0x00007fff43f57000 	/System/Library/PrivateFrameworks/APFS.framework/Versions/A/APFS
0x00007fff3f206000 	/System/Library/Frameworks/SecurityFoundation.framework/Versions/A/SecurityFoundation
0x00007fff6b8ba000 	/usr/lib/libutil.dylib
0x00007fff4b83d000 	/System/Library/PrivateFrameworks/CoreServicesStore.framework/Versions/A/CoreServicesStore
0x00007fff3f2bd000 	/System/Library/Frameworks/ServiceManagement.framework/Versions/A/ServiceManagement
0x00007fff474f7000 	/System/Library/PrivateFrameworks/BackgroundTaskManagement.framework/Versions/A/BackgroundTaskManagement
0x00007fff6b9b7000 	/usr/lib/libxslt.1.dylib
0x00007fff4639a000 	/System/Library/PrivateFrameworks/AppleSystemInfo.framework/Versions/A/AppleSystemInfo
0x00007fff356ac000 	/System/Library/Frameworks/ImageIO.framework/Versions/A/Resources/libJPEG.dylib
0x00007fff3596b000 	/System/Library/Frameworks/ImageIO.framework/Versions/A/Resources/libTIFF.dylib
0x00007fff3594e000 	/System/Library/Frameworks/ImageIO.framework/Versions/A/Resources/libPng.dylib
0x00007fff355ee000 	/System/Library/Frameworks/ImageIO.framework/Versions/A/Resources/libGIF.dylib
0x00007fff355f2000 	/System/Library/Frameworks/ImageIO.framework/Versions/A/Resources/libJP2.dylib
0x00007fff35969000 	/System/Library/Frameworks/ImageIO.framework/Versions/A/Resources/libRadiance.dylib
0x00007fff6a236000 	/usr/lib/libexpat.1.dylib
0x00007fff45e82000 	/System/Library/PrivateFrameworks/AppleJPEG.framework/Versions/A/AppleJPEG
0x00007fff4eb3d000 	/System/Library/PrivateFrameworks/FontServices.framework/libFontParser.dylib
0x00007fff653e3000 	/System/Library/PrivateFrameworks/WatchdogClient.framework/Versions/A/WatchdogClient
0x00007fff57124000 	/System/Library/PrivateFrameworks/IOAccelerator.framework/Versions/A/IOAccelerator
0x00007fff37e78000 	/System/Library/Frameworks/MetalPerformanceShaders.framework/Versions/A/MetalPerformanceShaders
0x00007fff538ba000 	/System/Library/PrivateFrameworks/GPUWrangler.framework/Versions/A/GPUWrangler
0x00007fff57139000 	/System/Library/PrivateFrameworks/IOPresentment.framework/Versions/A/IOPresentment
0x00007fff4c3bd000 	/System/Library/PrivateFrameworks/DSExternalDisplay.framework/Versions/A/DSExternalDisplay
0x00007fff3c488000 	/System/Library/Frameworks/OpenGL.framework/Versions/A/Libraries/libCoreFSCache.dylib
0x00007fff37bc4000 	/System/Library/Frameworks/MetalPerformanceShaders.framework/Frameworks/MPSCore.framework/Versions/A/MPSCore
0x00007fff37c02000 	/System/Library/Frameworks/MetalPerformanceShaders.framework/Frameworks/MPSImage.framework/Versions/A/MPSImage
0x00007fff37cc9000 	/System/Library/Frameworks/MetalPerformanceShaders.framework/Frameworks/MPSNeuralNetwork.framework/Versions/A/MPSNeuralNetwork
0x00007fff37c8d000 	/System/Library/Frameworks/MetalPerformanceShaders.framework/Frameworks/MPSMatrix.framework/Versions/A/MPSMatrix
0x00007fff37e28000 	/System/Library/Frameworks/MetalPerformanceShaders.framework/Frameworks/MPSRayIntersector.framework/Versions/A/MPSRayIntersector
0x00007fff37cb3000 	/System/Library/Frameworks/MetalPerformanceShaders.framework/Frameworks/MPSNDArray.framework/Versions/A/MPSNDArray
0x00007fff58fa2000 	/System/Library/PrivateFrameworks/MetalTools.framework/Versions/A/MetalTools
0x00007fff45131000 	/System/Library/PrivateFrameworks/AggregateDictionary.framework/Versions/A/AggregateDictionary
0x00007fff49d50000 	/System/Library/PrivateFrameworks/CoreAnalytics.framework/Versions/A/CoreAnalytics
0x00007fff462b9000 	/System/Library/PrivateFrameworks/AppleSauce.framework/Versions/A/AppleSauce
0x00007fff691f4000 	/usr/lib/libIOReport.dylib
0x00007fff34578000 	/System/Library/Frameworks/CoreVideo.framework/Versions/A/CoreVideo
0x00007fff54d33000 	/System/Library/PrivateFrameworks/GraphVisualizer.framework/Versions/A/GraphVisualizer
0x00007fff4e083000 	/System/Library/PrivateFrameworks/FaceCore.framework/Versions/A/FaceCore
0x00007fff3ba9e000 	/System/Library/Frameworks/OpenCL.framework/Versions/A/OpenCL
0x00007fff69016000 	/usr/lib/libFosl_dynamic.dylib
0x00007fff5a478000 	/System/Library/PrivateFrameworks/OTSVG.framework/Versions/A/OTSVG
0x00007fff3072d000 	/System/Library/Frameworks/ApplicationServices.framework/Versions/A/Frameworks/ATS.framework/Versions/A/Resources/libFontRegistry.dylib
0x00007fff4ed0e000 	/System/Library/PrivateFrameworks/FontServices.framework/libhvf.dylib
0x00007fff3c493000 	/System/Library/Frameworks/OpenGL.framework/Versions/A/Libraries/libGFXShared.dylib
0x00007fff3c671000 	/System/Library/Frameworks/OpenGL.framework/Versions/A/Libraries/libGLU.dylib
0x00007fff3c49c000 	/System/Library/Frameworks/OpenGL.framework/Versions/A/Libraries/libGL.dylib
0x00007fff3c4a7000 	/System/Library/Frameworks/OpenGL.framework/Versions/A/Libraries/libGLImage.dylib
0x00007fff3c485000 	/System/Library/Frameworks/OpenGL.framework/Versions/A/Libraries/libCVMSPluginSupport.dylib
0x00007fff3c48e000 	/System/Library/Frameworks/OpenGL.framework/Versions/A/Libraries/libCoreVMClient.dylib
0x00007fff6ac88000 	/usr/lib/libncurses.5.4.dylib
0x00007fff30629000 	/System/Library/Frameworks/ApplicationServices.framework/Versions/A/Frameworks/ATS.framework/Versions/A/ATS
0x00007fff307f6000 	/System/Library/Frameworks/ApplicationServices.framework/Versions/A/Frameworks/ColorSyncLegacy.framework/Versions/A/ColorSyncLegacy
0x00007fff30894000 	/System/Library/Frameworks/ApplicationServices.framework/Versions/A/Frameworks/HIServices.framework/Versions/A/HIServices
0x00007fff308ec000 	/System/Library/Frameworks/ApplicationServices.framework/Versions/A/Frameworks/LangAnalysis.framework/Versions/A/LangAnalysis
0x00007fff308fb000 	/System/Library/Frameworks/ApplicationServices.framework/Versions/A/Frameworks/PrintCore.framework/Versions/A/PrintCore
0x00007fff30941000 	/System/Library/Frameworks/ApplicationServices.framework/Versions/A/Frameworks/QD.framework/Versions/A/QD
0x00007fff3094c000 	/System/Library/Frameworks/ApplicationServices.framework/Versions/A/Frameworks/SpeechSynthesis.framework/Versions/A/SpeechSynthesis
0x00007fff307c6000 	/System/Library/Frameworks/ApplicationServices.framework/Versions/A/Frameworks/ATSUI.framework/Versions/A/ATSUI
0x00007fff6a0cc000 	/usr/lib/libcups.2.dylib
0x00007fff36f13000 	/System/Library/Frameworks/Kerberos.framework/Versions/A/Kerberos
0x00007fff35054000 	/System/Library/Frameworks/GSS.framework/Versions/A/GSS
0x00007fff6b40b000 	/usr/lib/libresolv.9.dylib
0x00007fff54ee0000 	/System/Library/PrivateFrameworks/Heimdal.framework/Versions/A/Heimdal
0x00007fff36f26000 	/System/Library/Frameworks/Kerberos.framework/Versions/A/Libraries/libHeimdalProxy.dylib
0x00007fff6a273000 	/usr/lib/libheimdal-asn1.dylib
0x00007fff491e8000 	/System/Library/PrivateFrameworks/CommonAuth.framework/Versions/A/CommonAuth
0x00007fff46437000 	/System/Library/PrivateFrameworks/AssertionServices.framework/Versions/A/AssertionServices
0x00007fff46fda000 	/System/Library/PrivateFrameworks/AudioToolboxCore.framework/Versions/A/AudioToolboxCore
0x00007fff66091000 	/System/Library/PrivateFrameworks/caulk.framework/Versions/A/caulk
0x00007fff475a3000 	/System/Library/PrivateFrameworks/BaseBoard.framework/Versions/A/BaseBoard
0x00007fff5e6db000 	/System/Library/PrivateFrameworks/RunningBoardServices.framework/Versions/A/RunningBoardServices
0x00007fff5b6ec000 	/System/Library/PrivateFrameworks/PersistentConnection.framework/Versions/A/PersistentConnection
0x00007fff5e0d4000 	/System/Library/PrivateFrameworks/ProtocolBuffer.framework/Versions/A/ProtocolBuffer
0x00007fff4920c000 	/System/Library/PrivateFrameworks/CommonUtilities.framework/Versions/A/CommonUtilities
0x00007fff47731000 	/System/Library/PrivateFrameworks/Bom.framework/Versions/A/Bom
0x00007fff68ec7000 	/usr/lib/libAudioToolboxUtility.dylib
0x00007fff47501000 	/System/Library/PrivateFrameworks/Backup.framework/Versions/A/Backup
0x00007fff4c2de000 	/System/Library/PrivateFrameworks/CrashReporterSupport.framework/Versions/A/CrashReporterSupport
0x00007fff6016d000 	/System/Library/PrivateFrameworks/Sharing.framework/Versions/A/Sharing
0x00007fff45a45000 	/System/Library/PrivateFrameworks/Apple80211.framework/Versions/A/Apple80211
0x00007fff4721e000 	/System/Library/PrivateFrameworks/AuthKit.framework/Versions/A/AuthKit
0x00007fff4bfeb000 	/System/Library/PrivateFrameworks/CoreUtils.framework/Versions/A/CoreUtils
0x00007fff345bd000 	/System/Library/Frameworks/CoreWLAN.framework/Versions/A/CoreWLAN
0x00007fff351e1000 	/System/Library/Frameworks/IOBluetooth.framework/Versions/A/IOBluetooth
0x00007fff592a7000 	/System/Library/PrivateFrameworks/MobileKeyBag.framework/Versions/A/MobileKeyBag
0x00007fff4adf0000 	/System/Library/PrivateFrameworks/CorePhoneNumbers.framework/Versions/A/CorePhoneNumbers
0x00007fff45e35000 	/System/Library/PrivateFrameworks/AppleIDAuthSupport.framework/Versions/A/AppleIDAuthSupport
0x00007fff38f15000 	/System/Library/Frameworks/Network.framework/Versions/A/Network
0x00007fff57975000 	/System/Library/PrivateFrameworks/KeychainCircle.framework/Versions/A/KeychainCircle
0x00007fff3200e000 	/System/Library/Frameworks/CoreBluetooth.framework/Versions/A/CoreBluetooth
0x00007fff621ec000 	/System/Library/PrivateFrameworks/SpeechRecognitionCore.framework/Versions/A/SpeechRecognitionCore
0x0000000104600000 	/private/var/folders/nk/77tzydc5271b4jt6909jb9m80000gn/T/AppTranslocation/BDDBB0C3-77ED-43C6-AEE6-E5E15E40E2C1/d/Android Studio.app/Contents/jre/jdk/Contents/Home/jre/lib/server/libjvm.dylib
0x00007fff6b78d000 	/usr/lib/libstdc++.6.dylib
0x0000000103c03000 	/private/var/folders/nk/77tzydc5271b4jt6909jb9m80000gn/T/AppTranslocation/BDDBB0C3-77ED-43C6-AEE6-E5E15E40E2C1/d/Android Studio.app/Contents/jre/jdk/Contents/Home/jre/lib/libverify.dylib
0x0000000103c15000 	/private/var/folders/nk/77tzydc5271b4jt6909jb9m80000gn/T/AppTranslocation/BDDBB0C3-77ED-43C6-AEE6-E5E15E40E2C1/d/Android Studio.app/Contents/jre/jdk/Contents/Home/jre/lib/libjava.dylib
0x0000000103ca9000 	/private/var/folders/nk/77tzydc5271b4jt6909jb9m80000gn/T/AppTranslocation/BDDBB0C3-77ED-43C6-AEE6-E5E15E40E2C1/d/Android Studio.app/Contents/jre/jdk/Contents/Home/jre/lib/libzip.dylib
0x0000000103cfe000 	/private/var/folders/nk/77tzydc5271b4jt6909jb9m80000gn/T/AppTranslocation/BDDBB0C3-77ED-43C6-AEE6-E5E15E40E2C1/d/Android Studio.app/Contents/jre/jdk/Contents/Home/jre/lib/libnio.dylib
0x0000000103d19000 	/private/var/folders/nk/77tzydc5271b4jt6909jb9m80000gn/T/AppTranslocation/BDDBB0C3-77ED-43C6-AEE6-E5E15E40E2C1/d/Android Studio.app/Contents/jre/jdk/Contents/Home/jre/lib/libnet.dylib
0x000000011bdd4000 	/Users/soso/.gradle/native/f6784746aeab05261644944871eae4fe03e0ef1612fff0a4a95f87b438bc6780/osx-amd64/libnative-platform.dylib
0x000000011c116000 	/private/var/folders/nk/77tzydc5271b4jt6909jb9m80000gn/T/AppTranslocation/BDDBB0C3-77ED-43C6-AEE6-E5E15E40E2C1/d/Android Studio.app/Contents/jre/jdk/Contents/Home/jre/lib/libmanagement.dylib
0x0000000123357000 	/private/var/folders/nk/77tzydc5271b4jt6909jb9m80000gn/T/AppTranslocation/BDDBB0C3-77ED-43C6-AEE6-E5E15E40E2C1/d/Android Studio.app/Contents/jre/jdk/Contents/Home/jre/lib/libsunec.dylib
0x00007fff6b85f000 	/usr/lib/libusrtcp.dylib

VM Arguments:
jvm_args: -Xmx2048m -Dfile.encoding=UTF-8 -Duser.country=FR -Duser.language=fr -Duser.variant 
java_command: org.gradle.launcher.daemon.bootstrap.GradleDaemon 6.5
java_class_path (initial): /Users/soso/.gradle/wrapper/dists/gradle-6.5-all/2oz4ud9k3tuxjg84bbf55q0tn/gradle-6.5/lib/gradle-launcher-6.5.jar
Launcher Type: SUN_STANDARD

Environment Variables:
PATH=/usr/local/bin:/usr/bin:/bin:/usr/sbin:/sbin
SHELL=/bin/zsh

Signal Handlers:
SIGSEGV: [libjvm.dylib+0x565c43], sa_mask[0]=11111111011111110111111111111111, sa_flags=SA_ONSTACK|SA_RESTART|SA_SIGINFO
SIGBUS: [libjvm.dylib+0x565c43], sa_mask[0]=11111111011111110111111111111111, sa_flags=SA_RESTART|SA_SIGINFO
SIGFPE: [libjvm.dylib+0x45dd9d], sa_mask[0]=11111111011111110111111111111111, sa_flags=SA_RESTART|SA_SIGINFO
SIGPIPE: [libjvm.dylib+0x45dd9d], sa_mask[0]=11111111011111110111111111111111, sa_flags=SA_RESTART|SA_SIGINFO
SIGXFSZ: [libjvm.dylib+0x45dd9d], sa_mask[0]=11111111011111110111111111111111, sa_flags=SA_RESTART|SA_SIGINFO
SIGILL: [libjvm.dylib+0x45dd9d], sa_mask[0]=11111111011111110111111111111111, sa_flags=SA_RESTART|SA_SIGINFO
SIGUSR1: SIG_DFL, sa_mask[0]=00000000000000000000000000000000, sa_flags=none
SIGUSR2: [libjvm.dylib+0x45e69c], sa_mask[0]=00100000000000000000000000000000, sa_flags=SA_RESTART|SA_SIGINFO
SIGHUP: [libjvm.dylib+0x45c8c1], sa_mask[0]=11111111011111110111111111111111, sa_flags=SA_RESTART|SA_SIGINFO
SIGINT: [libjvm.dylib+0x45c8c1], sa_mask[0]=11111111011111110111111111111111, sa_flags=SA_RESTART|SA_SIGINFO
SIGTERM: [libjvm.dylib+0x45c8c1], sa_mask[0]=11111111011111110111111111111111, sa_flags=SA_RESTART|SA_SIGINFO
SIGQUIT: [libjvm.dylib+0x45c8c1], sa_mask[0]=11111111011111110111111111111111, sa_flags=SA_RESTART|SA_SIGINFO


---------------  S Y S T E M  ---------------

OS:Bsduname:Darwin 19.6.0 Darwin Kernel Version 19.6.0: Mon Aug 31 22:12:52 PDT 2020; root:xnu-6153.141.2~1/RELEASE_X86_64 x86_64
rlimit: STACK 8192k, CORE 0k, NPROC 1392, NOFILE 10240, AS infinity
load average:4.75 3.75 3.30

CPU:total 4 (initial active 4) (2 cores per cpu, 2 threads per core) family 6 model 61 stepping 4, cmov, cx8, fxsr, mmx, sse, sse2, sse3, ssse3, sse4.1, sse4.2, popcnt, avx, avx2, aes, clmul, erms, 3dnowpref, lzcnt, ht, tsc, tscinvbit, bmi1, bmi2, adx

Memory: 4k page, physical 8388608k(19452k free)

/proc/meminfo:


vm_info: OpenJDK 64-Bit Server VM (25.242-b3-6222593) for bsd-amd64 JRE (1.8.0_242-release-1644-b3-6222593), built by "android-build" with gcc 4.2.1 Compatible Android (5484270 based on r353983c) Clang 9.0.3 (https://android.googlesource.com/toolchain/clang 745b335211bb9eadfa6aa6301f84715cee4b37c5) (https://android.googlesource.com/toolchain/llvm 60cf23e54e46c807513f7a36d0a7b777920b5881)

time: Sun Oct 25 19:17:27 2020
timezone: CET
elapsed time: 10028 seconds (0d 2h 47m 8s)

