#
# A fatal error has been detected by the Java Runtime Environment:
#
#  SIGSEGV (0xb) at pc=0x00000001125dbe1f, pid=46841, tid=0x0000000000002207
#
# JRE version: OpenJDK Runtime Environment (8.0_242) (build 1.8.0_242-release-1644-b3-6222593)
# Java VM: OpenJDK 64-Bit Server VM (25.242-b3-6222593 mixed mode bsd-amd64 compressed oops)
# Problematic frame:
# J 3127 C1 com.google.common.collect.MapMakerInternalMap$Segment.postReadCleanup()V (18 bytes) @ 0x00000001125dbe1f [0x00000001125dbdc0+0x5f]
#
# Failed to write core dump. Core dumps have been disabled. To enable core dumping, try "ulimit -c unlimited" before starting Java again
#
# If you would like to submit a bug report, please visit:
#   http://bugreport.java.com/bugreport/crash.jsp
#

---------------  T H R E A D  ---------------

Current thread (0x00007fc604812800):  GCTaskThread [stack: 0x0000700002273000,0x0000700002373000] [id=8711]

siginfo: si_signo: 11 (SIGSEGV), si_code: 1 (SEGV_MAPERR), si_addr: 0x0000000000800000

Registers:
RAX=0x000000010b512e30, RBX=0x0000000000000c78, RCX=0x00007fc605e5d003, RDX=0x000000074444b5d8
RSP=0x0000700002372ca0, RBP=0x0000700002372da0, RSI=0x00007fc603406810, RDI=0x0000000000800000
R8 =0x0000000000000088, R9 =0x0000000102c21ffb, R10=0x0000000105ebf2d8, R11=0x0000004000000000
R12=0x0000700002372e48, R13=0x00007fc603406810, R14=0x0000000102c112d8, R15=0x00007fc603406818
RIP=0x00000001125dbe1f, EFLAGS=0x0000000000010206, ERR=0x0000000000000004
  TRAPNO=0x000000000000000e

Top of Stack: (sp=0x0000700002372ca0)
0x0000700002372ca0:   0000700002372cf0 0000000102697b33
0x0000700002372cb0:   00000007445008d0 000000074011cd68
0x0000700002372cc0:   00000007c0217220 00007fc603406850
0x0000700002372cd0:   0000700002372e48 00007fc603406810
0x0000700002372ce0:   0000000102c112d8 00007fc603406818
0x0000700002372cf0:   0000700002372da0 000000010288f904
0x0000700002372d00:   000000074444b5d8 0000000000000000
0x0000700002372d10:   00001b0000000000 00007fc603406898
0x0000700002372d20:   00007fc603614128 00000007405361b0
0x0000700002372d30:   00007fc603406810 00007fc603406850
0x0000700002372d40:   00007fc6034068d0 0000000102881c35
0x0000700002372d50:   0000000102bf8378 0000000000000078
0x0000700002372d60:   0000700002372e48 0000000102c3cb50
0x0000700002372d70:   0000700002372da0 00007fc603708d30
0x0000700002372d80:   0000700002372e48 00000001029cd8e7
0x0000700002372d90:   00007fc603406810 0000000000000001
0x0000700002372da0:   0000700002372e80 0000000102880dab
0x0000700002372db0:   0000000000000000 00007fc603707c68
0x0000700002372dc0:   0000700002372e20 00007fff6c6c3540
0x0000700002372dd0:   00007fc603613368 00007fc603707c68
0x0000700002372de0:   0000000000000000 0000000004812800
0x0000700002372df0:   00007fc600000000 00007fc603707c68
0x0000700002372e00:   00007fc603708d30 00000001029abf3b
0x0000700002372e10:   00007fc603707c28 0000000000000001
0x0000700002372e20:   0000700002372e50 000000010285dd0f
0x0000700002372e30:   0000000102bf83a8 00007fc603613200
0x0000700002372e40:   0000700002372e48 0000000102bf8378
0x0000700002372e50:   0000700002372e00 00007fc603406810
0x0000700002372e60:   00007fc604812800 00007fc603708d30
0x0000700002372e70:   0000000000000000 0000000000000001
0x0000700002372e80:   0000700002372f60 000000010265a011
0x0000700002372e90:   0000000102c22100 00007fc604812800 

Instructions: (pc=0x00000001125dbe1f)
0x00000001125dbdff:   48 bf 10 2f 51 0b 01 00 00 00 81 e3 f8 3f 00 00
0x00000001125dbe0f:   83 fb 00 0f 84 38 00 00 00 8b 7e 28 48 c1 e7 03
0x00000001125dbe1f:   48 3b 07 bb 01 00 00 00 f0 0f c1 5f 0c ff c3 83
0x00000001125dbe2f:   e3 3f 83 fb 00 0f 85 0a 00 00 00 90 90 90 90 90 

Register to memory mapping:

RAX={method} {0x000000010b512e30} 'getLiveValue' '(Lcom/google/common/collect/MapMakerInternalMap$InternalEntry;)Ljava/lang/Object;' in 'com/google/common/collect/MapMakerInternalMap$Segment'
RBX=0x0000000000000c78 is an unknown value
RCX=0x00007fc605e5d003 is an unknown value
RDX=0x000000074444b5d8 is an oop

[error occurred during error reporting (printing register info), id 0xb]

Stack: [0x0000700002273000,0x0000700002373000],  sp=0x0000700002372ca0,  free space=1023k
Native frames: (J=compiled Java code, j=interpreted, Vv=VM code, C=native code)
J 3127 C1 com.google.common.collect.MapMakerInternalMap$Segment.postReadCleanup()V (18 bytes) @ 0x00000001125dbe1f [0x00000001125dbdc0+0x5f]
V  [libjvm.dylib+0x480dab]
V  [libjvm.dylib+0x25a011]
V  [libjvm.dylib+0x45b9eb]
C  [libsystem_pthread.dylib+0x6109]  _pthread_start+0x94
C  [libsystem_pthread.dylib+0x1b8b]  thread_start+0xf


---------------  P R O C E S S  ---------------

Java Threads: ( => current thread )
  0x00007fc608261000 JavaThread "ForkJoinPool-38-worker-0" daemon [_thread_blocked, id=96003, stack(0x000070000e1ad000,0x000070000e2ad000)]
  0x00007fc608589000 JavaThread "ForkJoinPool-38-worker-3" daemon [_thread_blocked, id=95491, stack(0x000070000e0aa000,0x000070000e1aa000)]
  0x00007fc610d1a000 JavaThread "ForkJoinPool-38-worker-2" daemon [_thread_blocked, id=67443, stack(0x000070000d892000,0x000070000d992000)]
  0x00007fc60cbef000 JavaThread "ForkJoinPool-38-worker-1" daemon [_thread_blocked, id=60555, stack(0x000070000cd71000,0x000070000ce71000)]
  0x00007fc610a5a000 JavaThread "ForkJoinPool.commonPool-worker-1" daemon [_thread_blocked, id=95235, stack(0x000070000dfa7000,0x000070000e0a7000)]
  0x00007fc607c5d800 JavaThread "ForkJoinPool.commonPool-worker-3" daemon [_thread_blocked, id=117763, stack(0x000070000dda1000,0x000070000dea1000)]
  0x00007fc60860f000 JavaThread "WorkerExecutor Queue Thread 5" [_thread_blocked, id=118019, stack(0x000070000dc9e000,0x000070000dd9e000)]
  0x00007fc609927800 JavaThread "RMI TCP Connection(170)-127.0.0.1" daemon [_thread_in_native, id=40487, stack(0x000070000db9b000,0x000070000dc9b000)]
  0x00007fc609dc4800 JavaThread "RMI TCP Connection(169)-127.0.0.1" daemon [_thread_in_native, id=55847, stack(0x000070000da98000,0x000070000db98000)]
  0x00007fc6103c8800 JavaThread "RMI TCP Connection(168)-127.0.0.1" daemon [_thread_in_native, id=63275, stack(0x000070000d995000,0x000070000da95000)]
  0x00007fc60462a000 JavaThread "stdout" [_thread_in_native, id=67939, stack(0x000070000d78f000,0x000070000d88f000)]
  0x00007fc604629800 JavaThread "stdout" [_thread_in_native, id=45675, stack(0x000070000d68c000,0x000070000d78c000)]
  0x00007fc609c25000 JavaThread "stderr" [_thread_in_native, id=128783, stack(0x000070000d589000,0x000070000d689000)]
  0x00007fc609c24000 JavaThread "process reaper" daemon [_thread_in_native, id=52867, stack(0x0000700002a36000,0x0000700002a5e000)]
  0x00007fc603e6b800 JavaThread "stderr" [_thread_in_native, id=33303, stack(0x000070000d486000,0x000070000d586000)]
  0x00007fc608502800 JavaThread "process reaper" daemon [_thread_in_native, id=33607, stack(0x00007000029de000,0x0000700002a06000)]
  0x00007fc61019f000 JavaThread "stdout" [_thread_in_native, id=26771, stack(0x000070000d383000,0x000070000d483000)]
  0x00007fc60cda9800 JavaThread "stderr" [_thread_in_native, id=45955, stack(0x000070000d280000,0x000070000d380000)]
  0x00007fc6082a1800 JavaThread "stdout" [_thread_in_native, id=60299, stack(0x000070000d17d000,0x000070000d27d000)]
  0x00007fc604628800 JavaThread "stderr" [_thread_in_native, id=130063, stack(0x000070000cf77000,0x000070000d077000)]
  0x00007fc61080d800 JavaThread "process reaper" daemon [_thread_in_native, id=129155, stack(0x00007000029b3000,0x00007000029db000)]
  0x00007fc60cda8800 JavaThread "process reaper" daemon [_thread_in_native, id=78595, stack(0x0000700002988000,0x00007000029b0000)]
  0x00007fc61080d000 JavaThread "pool-75-thread-1" [_thread_blocked, id=77723, stack(0x000070000ce74000,0x000070000cf74000)]
  0x00007fc60cd16000 JavaThread "WorkerExecutor Queue Thread 3" [_thread_blocked, id=123267, stack(0x000070000cc6e000,0x000070000cd6e000)]
  0x00007fc607abc000 JavaThread "WorkerExecutor Queue Thread 2" [_thread_blocked, id=130699, stack(0x000070000cb6b000,0x000070000cc6b000)]
  0x00007fc608750800 JavaThread "WorkerExecutor Queue" [_thread_blocked, id=83727, stack(0x000070000ca68000,0x000070000cb68000)]
  0x00007fc604134000 JavaThread "Cache worker for execution history cache (/Users/soso/AndroidStudioProjects/DingBring/.gradle/6.5/executionHistory)" [_thread_blocked, id=39247, stack(0x000070000c65c000,0x000070000c75c000)]
  0x00007fc6084ab000 JavaThread "Execution worker for ':' Thread 3" [_thread_blocked, id=47379, stack(0x000070000c456000,0x000070000c556000)]
  0x00007fc607dd2000 JavaThread "Execution worker for ':' Thread 2" [_thread_blocked, id=85907, stack(0x000070000c353000,0x000070000c453000)]
  0x00007fc607df8000 JavaThread "Execution worker for ':'" [_thread_blocked, id=67151, stack(0x000070000c250000,0x000070000c350000)]
  0x00007fc610c0b800 JavaThread "Cache worker for file content cache (/Users/soso/AndroidStudioProjects/DingBring/.gradle/6.5/fileContent)" [_thread_blocked, id=22411, stack(0x000070000c14d000,0x000070000c24d000)]
  0x00007fc60ba84800 JavaThread "Cache worker for Build Output Cleanup Cache (/Users/soso/AndroidStudioProjects/DingBring/.gradle/buildOutputCleanup)" [_thread_blocked, id=123787, stack(0x000070000c04a000,0x000070000c14a000)]
  0x00007fc607c9e000 JavaThread "Build operations Thread 4" [_thread_blocked, id=62555, stack(0x0000700004bf1000,0x0000700004cf1000)]
  0x00007fc60cb4b000 JavaThread "Build operations Thread 3" [_thread_blocked, id=24599, stack(0x0000700004aee000,0x0000700004bee000)]
  0x00007fc60ccaf000 JavaThread "Build operations Thread 2" [_thread_blocked, id=62859, stack(0x00007000049eb000,0x0000700004aeb000)]
  0x00007fc60485c000 JavaThread "Build operations" [_thread_blocked, id=28495, stack(0x00007000048e8000,0x00007000049e8000)]
  0x00007fc60440b000 JavaThread "Cache worker for cache directory md-rule (/Users/soso/.gradle/caches/6.5/md-rule)" [_thread_blocked, id=120995, stack(0x00007000047e5000,0x00007000048e5000)]
  0x00007fc60bef7000 JavaThread "Cache worker for cache directory md-supplier (/Users/soso/.gradle/caches/6.5/md-supplier)" [_thread_blocked, id=64395, stack(0x00007000046e2000,0x00007000047e2000)]
  0x00007fc609fef800 JavaThread "Cache worker for checksums cache (/Users/soso/AndroidStudioProjects/DingBring/.gradle/checksums)" [_thread_blocked, id=24983, stack(0x00007000045df000,0x00007000046df000)]
  0x00007fc607db3800 JavaThread "Cache worker for file hash cache (/Users/soso/AndroidStudioProjects/DingBring/.gradle/6.5/fileHashes)" [_thread_blocked, id=43923, stack(0x0000700003eca000,0x0000700003fca000)]
  0x00007fc609991000 JavaThread "Thread-4887" [_thread_blocked, id=28043, stack(0x0000700003dc7000,0x0000700003ec7000)]
  0x00007fc60b808800 JavaThread "Stdin handler" [_thread_blocked, id=75607, stack(0x00007000039bb000,0x0000700003abb000)]
  0x00007fc604409800 JavaThread "Asynchronous log dispatcher for DefaultDaemonConnection: socket connection from /127.0.0.1:64754 to /127.0.0.1:53279" [_thread_blocked, id=85071, stack(0x00007000038b8000,0x00007000039b8000)]
  0x00007fc60cf29800 JavaThread "Cancel handler" [_thread_blocked, id=32083, stack(0x00007000036b2000,0x00007000037b2000)]
  0x00007fc60cfd4800 JavaThread "Handler for socket connection from /127.0.0.1:64754 to /127.0.0.1:53279" [_thread_in_native, id=57679, stack(0x00007000035af000,0x00007000036af000)]
  0x00007fc608769000 JavaThread "jar transforms Thread 3978" [_thread_blocked, id=122891, stack(0x000070000be44000,0x000070000bf44000)]
  0x00007fc609e4b000 JavaThread "jar transforms Thread 3977" [_thread_blocked, id=77071, stack(0x000070000bd41000,0x000070000be41000)]
  0x00007fc609ecb000 JavaThread "jar transforms Thread 3976" [_thread_blocked, id=40215, stack(0x000070000bc3e000,0x000070000bd3e000)]
  0x00007fc609f2c800 JavaThread "jar transforms Thread 3975" [_thread_blocked, id=89223, stack(0x000070000bb3b000,0x000070000bc3b000)]
  0x00007fc609fd0800 JavaThread "jar transforms Thread 3974" [_thread_blocked, id=71815, stack(0x000070000ba38000,0x000070000bb38000)]
  0x00007fc609bc6000 JavaThread "jar transforms Thread 3973" [_thread_blocked, id=38735, stack(0x000070000b935000,0x000070000ba35000)]
  0x00007fc608425800 JavaThread "jar transforms Thread 3972" [_thread_blocked, id=37131, stack(0x000070000b832000,0x000070000b932000)]
  0x00007fc610f5b000 JavaThread "jar transforms Thread 3971" [_thread_blocked, id=52495, stack(0x000070000b72f000,0x000070000b82f000)]
  0x00007fc61054d800 JavaThread "jar transforms Thread 3970" [_thread_blocked, id=129819, stack(0x000070000b62c000,0x000070000b72c000)]
  0x00007fc61054d000 JavaThread "jar transforms Thread 3969" [_thread_blocked, id=29327, stack(0x000070000b529000,0x000070000b629000)]
  0x00007fc6104e5800 JavaThread "jar transforms Thread 3968" [_thread_blocked, id=35615, stack(0x000070000b426000,0x000070000b526000)]
  0x00007fc610f5a000 JavaThread "jar transforms Thread 3967" [_thread_blocked, id=77967, stack(0x000070000b323000,0x000070000b423000)]
  0x00007fc610720000 JavaThread "jar transforms Thread 3966" [_thread_blocked, id=65611, stack(0x000070000b220000,0x000070000b320000)]
  0x00007fc60b9f0000 JavaThread "jar transforms Thread 3965" [_thread_blocked, id=55431, stack(0x000070000b11d000,0x000070000b21d000)]
  0x00007fc6103cf800 JavaThread "jar transforms Thread 3964" [_thread_blocked, id=126499, stack(0x000070000b01a000,0x000070000b11a000)]
  0x00007fc609e47000 JavaThread "jar transforms Thread 3963" [_thread_blocked, id=61831, stack(0x000070000af17000,0x000070000b017000)]
  0x00007fc60c872800 JavaThread "jar transforms Thread 3962" [_thread_blocked, id=25483, stack(0x000070000ae14000,0x000070000af14000)]
  0x00007fc60cb33800 JavaThread "jar transforms Thread 3961" [_thread_blocked, id=81287, stack(0x000070000ad11000,0x000070000ae11000)]
  0x00007fc60cbf0000 JavaThread "jar transforms Thread 3960" [_thread_blocked, id=54411, stack(0x000070000ac0e000,0x000070000ad0e000)]
  0x00007fc60428e000 JavaThread "jar transforms Thread 3959" [_thread_blocked, id=91403, stack(0x000070000ab0b000,0x000070000ac0b000)]
  0x00007fc60428d000 JavaThread "jar transforms Thread 3958" [_thread_blocked, id=68999, stack(0x000070000aa08000,0x000070000ab08000)]
  0x00007fc60999c800 JavaThread "jar transforms Thread 3957" [_thread_blocked, id=56655, stack(0x000070000a905000,0x000070000aa05000)]
  0x00007fc60429b000 JavaThread "jar transforms Thread 3956" [_thread_blocked, id=22555, stack(0x000070000a802000,0x000070000a902000)]
  0x00007fc6106eb800 JavaThread "jar transforms Thread 3955" [_thread_blocked, id=84615, stack(0x000070000a6ff000,0x000070000a7ff000)]
  0x00007fc60b9bb000 JavaThread "jar transforms Thread 3954" [_thread_blocked, id=92035, stack(0x000070000a5fc000,0x000070000a6fc000)]
  0x00007fc60b9bc800 JavaThread "jar transforms Thread 3953" [_thread_blocked, id=66895, stack(0x000070000a4f9000,0x000070000a5f9000)]
  0x00007fc60bb56800 JavaThread "jar transforms Thread 3952" [_thread_blocked, id=59015, stack(0x000070000a3f6000,0x000070000a4f6000)]
  0x00007fc609a0f800 JavaThread "jar transforms Thread 3951" [_thread_blocked, id=63611, stack(0x000070000a2f3000,0x000070000a3f3000)]
  0x00007fc60cb53800 JavaThread "jar transforms Thread 3950" [_thread_blocked, id=31503, stack(0x000070000a1f0000,0x000070000a2f0000)]
  0x00007fc60429a000 JavaThread "jar transforms Thread 3949" [_thread_blocked, id=56903, stack(0x000070000a0ed000,0x000070000a1ed000)]
  0x00007fc6084ac800 JavaThread "jar transforms Thread 3948" [_thread_blocked, id=61063, stack(0x0000700009fea000,0x000070000a0ea000)]
  0x00007fc604ed6000 JavaThread "jar transforms Thread 3947" [_thread_blocked, id=124751, stack(0x0000700009ee7000,0x0000700009fe7000)]
  0x00007fc604ed5000 JavaThread "jar transforms Thread 3946" [_thread_blocked, id=36687, stack(0x0000700009de4000,0x0000700009ee4000)]
  0x00007fc604f94800 JavaThread "jar transforms Thread 3945" [_thread_blocked, id=16979, stack(0x0000700009ce1000,0x0000700009de1000)]
  0x00007fc610da9000 JavaThread "jar transforms Thread 3944" [_thread_blocked, id=81543, stack(0x0000700009bde000,0x0000700009cde000)]
  0x00007fc604631000 JavaThread "jar transforms Thread 3943" [_thread_blocked, id=40983, stack(0x0000700009adb000,0x0000700009bdb000)]
  0x00007fc604752800 JavaThread "jar transforms Thread 3942" [_thread_blocked, id=66319, stack(0x00007000099d8000,0x0000700009ad8000)]
  0x00007fc604c7f000 JavaThread "jar transforms Thread 3941" [_thread_blocked, id=69967, stack(0x00007000098d5000,0x00007000099d5000)]
  0x00007fc610d16000 JavaThread "jar transforms Thread 3940" [_thread_blocked, id=43035, stack(0x00007000097d2000,0x00007000098d2000)]
  0x00007fc610f5d800 JavaThread "jar transforms Thread 3939" [_thread_blocked, id=118587, stack(0x00007000096cf000,0x00007000097cf000)]
  0x00007fc610812000 JavaThread "jar transforms Thread 3938" [_thread_blocked, id=59723, stack(0x00007000095cc000,0x00007000096cc000)]
  0x00007fc610b56800 JavaThread "jar transforms Thread 3937" [_thread_blocked, id=38415, stack(0x00007000094c9000,0x00007000095c9000)]
  0x00007fc60862d000 JavaThread "jar transforms Thread 3936" [_thread_blocked, id=54027, stack(0x00007000093c6000,0x00007000094c6000)]
  0x00007fc610da0000 JavaThread "jar transforms Thread 3935" [_thread_blocked, id=59287, stack(0x00007000092c3000,0x00007000093c3000)]
  0x00007fc6040cd000 JavaThread "jar transforms Thread 3934" [_thread_blocked, id=86027, stack(0x00007000091c0000,0x00007000092c0000)]
  0x00007fc60864c000 JavaThread "jar transforms Thread 3933" [_thread_blocked, id=46215, stack(0x00007000090bd000,0x00007000091bd000)]
  0x00007fc60bf6d800 JavaThread "jar transforms Thread 3932" [_thread_blocked, id=122239, stack(0x0000700008fba000,0x00007000090ba000)]
  0x00007fc60bab9000 JavaThread "jar transforms Thread 3931" [_thread_blocked, id=32391, stack(0x0000700008eb7000,0x0000700008fb7000)]
  0x00007fc6107a5800 JavaThread "jar transforms Thread 3930" [_thread_blocked, id=38271, stack(0x0000700008db4000,0x0000700008eb4000)]
  0x00007fc610029000 JavaThread "jar transforms Thread 3929" [_thread_blocked, id=43663, stack(0x0000700008cb1000,0x0000700008db1000)]
  0x00007fc6040e3800 JavaThread "jar transforms Thread 3928" [_thread_blocked, id=75399, stack(0x0000700008bae000,0x0000700008cae000)]
  0x00007fc60ccc4000 JavaThread "jar transforms Thread 3927" [_thread_blocked, id=34695, stack(0x0000700008aab000,0x0000700008bab000)]
  0x00007fc60cf28000 JavaThread "jar transforms Thread 3926" [_thread_blocked, id=44299, stack(0x00007000089a8000,0x0000700008aa8000)]
  0x00007fc609833000 JavaThread "jar transforms Thread 3925" [_thread_blocked, id=50567, stack(0x00007000088a5000,0x00007000089a5000)]
  0x00007fc60983f000 JavaThread "jar transforms Thread 3924" [_thread_blocked, id=30287, stack(0x00007000087a2000,0x00007000088a2000)]
  0x00007fc603870000 JavaThread "jar transforms Thread 3923" [_thread_blocked, id=120643, stack(0x000070000869f000,0x000070000879f000)]
  0x00007fc60836b800 JavaThread "jar transforms Thread 3922" [_thread_blocked, id=40075, stack(0x000070000859c000,0x000070000869c000)]
  0x00007fc60ba5d800 JavaThread "jar transforms Thread 3921" [_thread_blocked, id=22047, stack(0x0000700008499000,0x0000700008599000)]
  0x00007fc61079e800 JavaThread "jar transforms Thread 3920" [_thread_blocked, id=28939, stack(0x0000700008396000,0x0000700008496000)]
  0x00007fc608507800 JavaThread "jar transforms Thread 3919" [_thread_blocked, id=49303, stack(0x0000700008293000,0x0000700008393000)]
  0x00007fc6085ea000 JavaThread "jar transforms Thread 3918" [_thread_blocked, id=39751, stack(0x0000700008190000,0x0000700008290000)]
  0x00007fc60859c800 JavaThread "jar transforms Thread 3917" [_thread_blocked, id=31383, stack(0x000070000808d000,0x000070000818d000)]
  0x00007fc609846000 JavaThread "jar transforms Thread 3916" [_thread_blocked, id=94087, stack(0x0000700007f8a000,0x000070000808a000)]
  0x00007fc609901800 JavaThread "jar transforms Thread 3915" [_thread_blocked, id=76875, stack(0x0000700007e87000,0x0000700007f87000)]
  0x00007fc6042f7000 JavaThread "jar transforms Thread 3914" [_thread_blocked, id=127307, stack(0x0000700007d84000,0x0000700007e84000)]
  0x00007fc604bcb800 JavaThread "jar transforms Thread 3913" [_thread_blocked, id=92999, stack(0x0000700007c81000,0x0000700007d81000)]
  0x00007fc604fd3800 JavaThread "jar transforms Thread 3912" [_thread_blocked, id=86607, stack(0x0000700007b7e000,0x0000700007c7e000)]
  0x00007fc609903800 JavaThread "jar transforms Thread 3911" [_thread_blocked, id=27471, stack(0x0000700007a7b000,0x0000700007b7b000)]
  0x00007fc610ac1000 JavaThread "jar transforms Thread 3910" [_thread_blocked, id=91199, stack(0x0000700007978000,0x0000700007a78000)]
  0x00007fc610ede800 JavaThread "jar transforms Thread 3909" [_thread_blocked, id=74783, stack(0x0000700007875000,0x0000700007975000)]
  0x00007fc6099b1800 JavaThread "jar transforms Thread 3908" [_thread_blocked, id=76315, stack(0x0000700007772000,0x0000700007872000)]
  0x00007fc607eb2800 JavaThread "jar transforms Thread 3907" [_thread_blocked, id=81695, stack(0x000070000766f000,0x000070000776f000)]
  0x00007fc610795800 JavaThread "jar transforms Thread 3906" [_thread_blocked, id=124551, stack(0x000070000756c000,0x000070000766c000)]
  0x00007fc610404000 JavaThread "jar transforms Thread 3905" [_thread_blocked, id=88331, stack(0x0000700007469000,0x0000700007569000)]
  0x00007fc607f9d800 JavaThread "jar transforms Thread 3904" [_thread_blocked, id=11619, stack(0x0000700007366000,0x0000700007466000)]
  0x00007fc60816c800 JavaThread "jar transforms Thread 3903" [_thread_blocked, id=122703, stack(0x0000700007263000,0x0000700007363000)]
  0x00007fc607d9d000 JavaThread "jar transforms Thread 3902" [_thread_blocked, id=53319, stack(0x0000700007160000,0x0000700007260000)]
  0x00007fc607c56800 JavaThread "jar transforms Thread 3901" [_thread_blocked, id=24335, stack(0x000070000705d000,0x000070000715d000)]
  0x00007fc609a0d800 JavaThread "jar transforms Thread 3900" [_thread_blocked, id=51583, stack(0x0000700006f5a000,0x000070000705a000)]
  0x00007fc609a2d800 JavaThread "jar transforms Thread 3899" [_thread_blocked, id=121159, stack(0x0000700006e57000,0x0000700006f57000)]
  0x00007fc609b89800 JavaThread "jar transforms Thread 3898" [_thread_blocked, id=27815, stack(0x0000700006d54000,0x0000700006e54000)]
  0x00007fc609cbc000 JavaThread "jar transforms Thread 3897" [_thread_blocked, id=50311, stack(0x0000700006c51000,0x0000700006d51000)]
  0x00007fc609ded800 JavaThread "jar transforms Thread 3896" [_thread_blocked, id=130319, stack(0x0000700006b4e000,0x0000700006c4e000)]
  0x00007fc609e4e000 JavaThread "jar transforms Thread 3895" [_thread_blocked, id=81035, stack(0x0000700006a4b000,0x0000700006b4b000)]
  0x00007fc609e92800 JavaThread "jar transforms Thread 3894" [_thread_blocked, id=37395, stack(0x0000700006948000,0x0000700006a48000)]
  0x00007fc610d07800 JavaThread "jar transforms Thread 3893" [_thread_blocked, id=93827, stack(0x0000700006845000,0x0000700006945000)]
  0x00007fc609ef5000 JavaThread "jar transforms Thread 3892" [_thread_blocked, id=91779, stack(0x0000700006742000,0x0000700006842000)]
  0x00007fc604f0a000 JavaThread "jar transforms Thread 3891" [_thread_blocked, id=56075, stack(0x000070000663f000,0x000070000673f000)]
  0x00007fc604317800 JavaThread "jar transforms Thread 3890" [_thread_blocked, id=69643, stack(0x000070000653c000,0x000070000663c000)]
  0x00007fc604f27800 JavaThread "jar transforms Thread 3889" [_thread_blocked, id=47239, stack(0x0000700006439000,0x0000700006539000)]
  0x00007fc60b857800 JavaThread "jar transforms Thread 3888" [_thread_blocked, id=66635, stack(0x0000700006336000,0x0000700006436000)]
  0x00007fc609fe8000 JavaThread "jar transforms Thread 3887" [_thread_blocked, id=80651, stack(0x0000700006233000,0x0000700006333000)]
  0x00007fc60c86c800 JavaThread "jar transforms Thread 3886" [_thread_blocked, id=39559, stack(0x0000700006130000,0x0000700006230000)]
  0x00007fc604fa1800 JavaThread "jar transforms Thread 3885" [_thread_blocked, id=84059, stack(0x000070000602d000,0x000070000612d000)]
  0x00007fc60483f000 JavaThread "jar transforms Thread 3884" [_thread_blocked, id=48903, stack(0x0000700005f2a000,0x000070000602a000)]
  0x00007fc604406800 JavaThread "jar transforms Thread 3883" [_thread_blocked, id=78347, stack(0x0000700005e27000,0x0000700005f27000)]
  0x00007fc607dc3800 JavaThread "jar transforms Thread 3882" [_thread_blocked, id=32903, stack(0x0000700005d24000,0x0000700005e24000)]
  0x00007fc60bcb7000 JavaThread "jar transforms Thread 3881" [_thread_blocked, id=127499, stack(0x0000700005c21000,0x0000700005d21000)]
  0x00007fc60baea000 JavaThread "jar transforms Thread 3880" [_thread_blocked, id=35463, stack(0x0000700005b1e000,0x0000700005c1e000)]
  0x00007fc607f9b800 JavaThread "jar transforms Thread 3879" [_thread_blocked, id=46731, stack(0x0000700005a1b000,0x0000700005b1b000)]
  0x00007fc61030b800 JavaThread "jar transforms Thread 3878" [_thread_blocked, id=74259, stack(0x0000700005918000,0x0000700005a18000)]
  0x00007fc607b97800 JavaThread "jar transforms Thread 3877" [_thread_blocked, id=84359, stack(0x0000700005815000,0x0000700005915000)]
  0x00007fc60c90d000 JavaThread "jar transforms Thread 3876" [_thread_blocked, id=52111, stack(0x000070000550c000,0x000070000560c000)]
  0x00007fc604a01000 JavaThread "jar transforms Thread 3875" [_thread_blocked, id=74123, stack(0x0000700005409000,0x0000700005509000)]
  0x00007fc60cb3a000 JavaThread "jar transforms Thread 3874" [_thread_blocked, id=58451, stack(0x0000700005306000,0x0000700005406000)]
  0x00007fc604718000 JavaThread "jar transforms Thread 3873" [_thread_blocked, id=85535, stack(0x0000700005203000,0x0000700005303000)]
  0x00007fc60cb50000 JavaThread "jar transforms Thread 3872" [_thread_blocked, id=64075, stack(0x0000700005100000,0x0000700005200000)]
  0x00007fc60cba2000 JavaThread "jar transforms Thread 3871" [_thread_blocked, id=42579, stack(0x0000700004ffd000,0x00007000050fd000)]
  0x00007fc60cebc800 JavaThread "jar transforms Thread 3870" [_thread_blocked, id=48019, stack(0x0000700004efa000,0x0000700004ffa000)]
  0x00007fc6107a3000 JavaThread "jar transforms Thread 3869" [_thread_blocked, id=79251, stack(0x0000700004df7000,0x0000700004ef7000)]
  0x00007fc61054b800 JavaThread "jar transforms Thread 3868" [_thread_blocked, id=57115, stack(0x0000700004cf4000,0x0000700004df4000)]
  0x00007fc604ecf800 JavaThread "jar transforms Thread 3867" [_thread_blocked, id=126871, stack(0x00007000044dc000,0x00007000045dc000)]
  0x00007fc6040de800 JavaThread "jar transforms Thread 3866" [_thread_blocked, id=67603, stack(0x00007000043d9000,0x00007000044d9000)]
  0x00007fc604be9800 JavaThread "jar transforms Thread 3865" [_thread_blocked, id=58763, stack(0x00007000042d6000,0x00007000043d6000)]
  0x00007fc6046e5000 JavaThread "jar transforms Thread 3864" [_thread_blocked, id=39047, stack(0x00007000041d3000,0x00007000042d3000)]
  0x00007fc6041f9000 JavaThread "jar transforms Thread 3863" [_thread_blocked, id=30611, stack(0x00007000040d0000,0x00007000041d0000)]
  0x00007fc60b851800 JavaThread "jar transforms Thread 3862" [_thread_blocked, id=36879, stack(0x0000700003fcd000,0x00007000040cd000)]
  0x00007fc60396a800 JavaThread "Daemon worker Thread 31" [_thread_blocked, id=89995, stack(0x00007000037b5000,0x00007000038b5000)]
  0x00007fc60cfd7000 JavaThread "Daemon Thread 31" [_thread_blocked, id=72711, stack(0x00007000032a6000,0x00007000033a6000)]
  0x00007fc60992a000 JavaThread "Cache worker for Java compile cache (/Users/soso/.gradle/caches/6.5/javaCompile)" [_thread_blocked, id=69399, stack(0x000070000d07a000,0x000070000d17a000)]
  0x00007fc60b2c6800 JavaThread "RMI Reaper" [_thread_blocked, id=90627, stack(0x000070000c965000,0x000070000ca65000)]
  0x00007fc607f21000 JavaThread "RMI TCP Accept-0" daemon [_thread_in_native, id=124931, stack(0x000070000c862000,0x000070000c962000)]
  0x00007fc607ac2000 JavaThread "GC Daemon" daemon [_thread_blocked, id=90115, stack(0x000070000c75f000,0x000070000c85f000)]
  0x00007fc603e27000 JavaThread "RMI Scheduler(0)" daemon [_thread_blocked, id=89607, stack(0x000070000c559000,0x000070000c659000)]
  0x00007fc6039a0800 JavaThread "process reaper" daemon [_thread_in_native, id=125955, stack(0x0000700002a0b000,0x0000700002a33000)]
  0x00007fc6051d9800 JavaThread "Memory manager" [_thread_blocked, id=128003, stack(0x000070000bf47000,0x000070000c047000)]
  0x00007fc60b866800 JavaThread "Cache worker for file content cache (/Users/soso/.gradle/caches/6.5/fileContent)" [_thread_blocked, id=35843, stack(0x0000700005712000,0x0000700005812000)]
  0x00007fc60b8c4800 JavaThread "Cache worker for execution history cache (/Users/soso/.gradle/caches/6.5/executionHistory)" [_thread_blocked, id=36099, stack(0x000070000560f000,0x000070000570f000)]
  0x00007fc6043f0800 JavaThread "Cache worker for file hash cache (/Users/soso/.gradle/caches/6.5/fileHashes)" [_thread_blocked, id=23811, stack(0x0000700003cc4000,0x0000700003dc4000)]
  0x00007fc604419800 JavaThread "File lock request listener" [_thread_in_native, id=42243, stack(0x0000700003bc1000,0x0000700003cc1000)]
  0x00007fc604b79800 JavaThread "Cache worker for journal cache (/Users/soso/.gradle/caches/journal-1)" [_thread_blocked, id=12551, stack(0x0000700003abe000,0x0000700003bbe000)]
  0x00007fc604135000 JavaThread "Daemon periodic checks" [_thread_blocked, id=16387, stack(0x00007000034ac000,0x00007000035ac000)]
  0x00007fc6042b5800 JavaThread "Incoming local TCP Connector on port 64754" [_thread_in_native, id=15875, stack(0x00007000031a3000,0x00007000032a3000)]
  0x00007fc604218000 JavaThread "Daemon health stats" [_thread_blocked, id=15619, stack(0x00007000030a0000,0x00007000031a0000)]
  0x00007fc60409a000 JavaThread "Service Thread" daemon [_thread_blocked, id=14595, stack(0x0000700002e9a000,0x0000700002f9a000)]
  0x00007fc604099800 JavaThread "C1 CompilerThread2" daemon [_thread_blocked, id=14083, stack(0x0000700002d97000,0x0000700002e97000)]
  0x00007fc60482c000 JavaThread "C2 CompilerThread1" daemon [_thread_blocked, id=13827, stack(0x0000700002c94000,0x0000700002d94000)]
  0x00007fc60402e000 JavaThread "C2 CompilerThread0" daemon [_thread_blocked, id=13571, stack(0x0000700002b91000,0x0000700002c91000)]
  0x00007fc60482a000 JavaThread "Signal Dispatcher" daemon [_thread_blocked, id=18691, stack(0x0000700002a8e000,0x0000700002b8e000)]
  0x00007fc605028000 JavaThread "Finalizer" daemon [_thread_blocked, id=20483, stack(0x0000700002885000,0x0000700002985000)]
  0x00007fc604825800 JavaThread "Reference Handler" daemon [_thread_blocked, id=20995, stack(0x0000700002782000,0x0000700002882000)]
  0x00007fc60480e800 JavaThread "main" [_thread_blocked, id=3331, stack(0x0000700002170000,0x0000700002270000)]

Other Threads:
  0x00007fc60380b000 VMThread [stack: 0x000070000267f000,0x000070000277f000] [id=21251]
  0x00007fc605038000 WatcherThread [stack: 0x0000700002f9d000,0x000070000309d000] [id=15107]

=>0x00007fc604812800 (exited) GCTaskThread [stack: 0x0000700002273000,0x0000700002373000] [id=8711]

VM state:at safepoint (normal execution)

VM Mutex/Monitor currently owned by a thread:  ([mutex/lock_event])
[0x00007fc603609f90] Threads_lock - owner thread: 0x00007fc60380b000
[0x00007fc60360a490] Heap_lock - owner thread: 0x00007fc60cbef000

heap address: 0x0000000740000000, size: 2048 MB, Compressed Oops mode: Zero based, Oop shift amount: 3
Narrow klass base: 0x0000000000000000, Narrow klass shift: 3
Compressed class space size: 1073741824 Address: 0x00000007c0000000

Heap:
 PSYoungGen      total 563712K, used 119800K [0x0000000795580000, 0x00000007c0000000, 0x00000007c0000000)
  eden space 443904K, 0% used [0x0000000795580000,0x0000000795580000,0x00000007b0700000)
  from space 119808K, 99% used [0x00000007b0700000,0x00000007b7bfe260,0x00000007b7c00000)
  to   space 135168K, 0% used [0x00000007b7c00000,0x00000007b7c00000,0x00000007c0000000)
 ParOldGen       total 659456K, used 659157K [0x0000000740000000, 0x0000000768400000, 0x0000000795580000)
  object space 659456K, 99% used [0x0000000740000000,0x00000007683b56a8,0x0000000768400000)
 Metaspace       used 161740K, capacity 173000K, committed 177368K, reserved 1204224K
  class space    used 19669K, capacity 21646K, committed 23040K, reserved 1048576K

Card table byte_map: [0x0000000103702000,0x0000000103b03000] byte_map_base: 0x00000000ffd02000

Marking Bits: (ParMarkBitMap*) 0x0000000102c273f8
 Begin Bits: [0x0000000103dae000, 0x0000000105dae000)
 End Bits:   [0x0000000105dae000, 0x0000000107dae000)

Polling page: 0x0000000101bdb000

CodeCache: size=245760Kb used=108921Kb max_used=108921Kb free=136838Kb
 bounds [0x0000000111b79000, 0x00000001186a9000, 0x0000000120b79000]
 total_blobs=30944 nmethods=29983 adapters=871
 compilation: enabled

Compilation events (10 events):
Event: 7881.063 Thread 0x00007fc60482c000 45433       4       com.android.tools.r8.dex.n::i (590 bytes)
Event: 7881.076 Thread 0x00007fc604099800 45435       3       com.android.tools.r8.code.x3::<init> (85 bytes)
Event: 7881.078 Thread 0x00007fc604099800 nmethod 45435 0x0000000118695210 code [0x00000001186954a0, 0x0000000118696588]
Event: 7881.083 Thread 0x00007fc604099800 45436       3       com.android.tools.r8.code.e0::<init> (30 bytes)
Event: 7881.085 Thread 0x00007fc604099800 nmethod 45436 0x00000001186970d0 code [0x00000001186972e0, 0x0000000118697e18]
Event: 7881.085 Thread 0x00007fc604099800 45437       3       com.android.tools.r8.code.J::<init> (6 bytes)
Event: 7881.085 Thread 0x00007fc604099800 nmethod 45437 0x0000000118694c10 code [0x0000000118694d80, 0x00000001186950b0]
Event: 7881.138 Thread 0x00007fc604099800 45438       3       com.android.tools.r8.code.I2::<init> (7 bytes)
Event: 7881.141 Thread 0x00007fc604099800 nmethod 45438 0x00000001186984d0 code [0x00000001186986a0, 0x0000000118698dd8]
Event: 7881.187 Thread 0x00007fc604099800 45442   !   3       android.databinding.tool.reflection.SdkUtil$ApiChecker::getSince (44 bytes)

GC Heap History (10 events):
Event: 7859.611 GC heap after
Heap after GC invocations=108 (full 7):
 PSYoungGen      total 546304K, used 70287K [0x0000000795580000, 0x00000007c0000000, 0x00000007c0000000)
  eden space 475648K, 0% used [0x0000000795580000,0x0000000795580000,0x00000007b2600000)
  from space 70656K, 99% used [0x00000007b2600000,0x00000007b6aa3dc8,0x00000007b6b00000)
  to   space 115200K, 0% used [0x00000007b8f80000,0x00000007b8f80000,0x00000007c0000000)
 ParOldGen       total 575488K, used 458568K [0x0000000740000000, 0x0000000763200000, 0x0000000795580000)
  object space 575488K, 79% used [0x0000000740000000,0x000000075bfd2310,0x0000000763200000)
 Metaspace       used 157864K, capacity 169102K, committed 177368K, reserved 1204224K
  class space    used 19357K, capacity 21311K, committed 23040K, reserved 1048576K
}
Event: 7864.935 GC heap before
{Heap before GC invocations=109 (full 7):
 PSYoungGen      total 546304K, used 545935K [0x0000000795580000, 0x00000007c0000000, 0x00000007c0000000)
  eden space 475648K, 100% used [0x0000000795580000,0x00000007b2600000,0x00000007b2600000)
  from space 70656K, 99% used [0x00000007b2600000,0x00000007b6aa3dc8,0x00000007b6b00000)
  to   space 115200K, 0% used [0x00000007b8f80000,0x00000007b8f80000,0x00000007c0000000)
 ParOldGen       total 575488K, used 458568K [0x0000000740000000, 0x0000000763200000, 0x0000000795580000)
  object space 575488K, 79% used [0x0000000740000000,0x000000075bfd2310,0x0000000763200000)
 Metaspace       used 157989K, capacity 169246K, committed 177368K, reserved 1204224K
  class space    used 19358K, capacity 21313K, committed 23040K, reserved 1048576K
Event: 7865.156 GC heap after
Heap after GC invocations=109 (full 7):
 PSYoungGen      total 556032K, used 102489K [0x0000000795580000, 0x00000007c0000000, 0x00000007c0000000)
  eden space 440832K, 0% used [0x0000000795580000,0x0000000795580000,0x00000007b0400000)
  from space 115200K, 88% used [0x00000007b8f80000,0x00000007bf3964d0,0x00000007c0000000)
  to   space 129024K, 0% used [0x00000007b0400000,0x00000007b0400000,0x00000007b8200000)
 ParOldGen       total 575488K, used 468100K [0x0000000740000000, 0x0000000763200000, 0x0000000795580000)
  object space 575488K, 81% used [0x0000000740000000,0x000000075c921218,0x0000000763200000)
 Metaspace       used 157989K, capacity 169246K, committed 177368K, reserved 1204224K
  class space    used 19358K, capacity 21313K, committed 23040K, reserved 1048576K
}
Event: 7870.868 GC heap before
{Heap before GC invocations=110 (full 7):
 PSYoungGen      total 556032K, used 543321K [0x0000000795580000, 0x00000007c0000000, 0x00000007c0000000)
  eden space 440832K, 100% used [0x0000000795580000,0x00000007b0400000,0x00000007b0400000)
  from space 115200K, 88% used [0x00000007b8f80000,0x00000007bf3964d0,0x00000007c0000000)
  to   space 129024K, 0% used [0x00000007b0400000,0x00000007b0400000,0x00000007b8200000)
 ParOldGen       total 575488K, used 468100K [0x0000000740000000, 0x0000000763200000, 0x0000000795580000)
  object space 575488K, 81% used [0x0000000740000000,0x000000075c921218,0x0000000763200000)
 Metaspace       used 158084K, capacity 169334K, committed 177368K, reserved 1204224K
  class space    used 19361K, capacity 21317K, committed 23040K, reserved 1048576K
Event: 7871.034 GC heap after
Heap after GC invocations=110 (full 7):
 PSYoungGen      total 569856K, used 25275K [0x0000000795580000, 0x00000007c0000000, 0x00000007c0000000)
  eden space 440832K, 0% used [0x0000000795580000,0x0000000795580000,0x00000007b0400000)
  from space 129024K, 19% used [0x00000007b0400000,0x00000007b1caef40,0x00000007b8200000)
  to   space 125952K, 0% used [0x00000007b8500000,0x00000007b8500000,0x00000007c0000000)
 ParOldGen       total 575488K, used 507724K [0x0000000740000000, 0x0000000763200000, 0x0000000795580000)
  object space 575488K, 88% used [0x0000000740000000,0x000000075efd32a8,0x0000000763200000)
 Metaspace       used 158084K, capacity 169334K, committed 177368K, reserved 1204224K
  class space    used 19361K, capacity 21317K, committed 23040K, reserved 1048576K
}
Event: 7879.735 GC heap before
{Heap before GC invocations=111 (full 7):
 PSYoungGen      total 569856K, used 466070K [0x0000000795580000, 0x00000007c0000000, 0x00000007c0000000)
  eden space 440832K, 99% used [0x0000000795580000,0x00000007b03f6bb0,0x00000007b0400000)
  from space 129024K, 19% used [0x00000007b0400000,0x00000007b1caef40,0x00000007b8200000)
  to   space 125952K, 0% used [0x00000007b8500000,0x00000007b8500000,0x00000007c0000000)
 ParOldGen       total 575488K, used 509180K [0x0000000740000000, 0x0000000763200000, 0x0000000795580000)
  object space 575488K, 88% used [0x0000000740000000,0x000000075f13f198,0x0000000763200000)
 Metaspace       used 159010K, capacity 170278K, committed 177368K, reserved 1204224K
  class space    used 19437K, capacity 21421K, committed 23040K, reserved 1048576K
Event: 7879.831 GC heap after
Heap after GC invocations=111 (full 7):
 PSYoungGen      total 554496K, used 38932K [0x0000000795580000, 0x00000007bf100000, 0x00000007c0000000)
  eden space 443904K, 0% used [0x0000000795580000,0x0000000795580000,0x00000007b0700000)
  from space 110592K, 35% used [0x00000007b8500000,0x00000007bab05208,0x00000007bf100000)
  to   space 119808K, 0% used [0x00000007b0700000,0x00000007b0700000,0x00000007b7c00000)
 ParOldGen       total 575488K, used 526694K [0x0000000740000000, 0x0000000763200000, 0x0000000795580000)
  object space 575488K, 91% used [0x0000000740000000,0x0000000760259aa8,0x0000000763200000)
 Metaspace       used 159010K, capacity 170278K, committed 177368K, reserved 1204224K
  class space    used 19437K, capacity 21421K, committed 23040K, reserved 1048576K
}
Event: 7881.188 GC heap before
{Heap before GC invocations=112 (full 7):
 PSYoungGen      total 554496K, used 482836K [0x0000000795580000, 0x00000007bf100000, 0x00000007c0000000)
  eden space 443904K, 100% used [0x0000000795580000,0x00000007b0700000,0x00000007b0700000)
  from space 110592K, 35% used [0x00000007b8500000,0x00000007bab05208,0x00000007bf100000)
  to   space 119808K, 0% used [0x00000007b0700000,0x00000007b0700000,0x00000007b7c00000)
 ParOldGen       total 575488K, used 526696K [0x0000000740000000, 0x0000000763200000, 0x0000000795580000)
  object space 575488K, 91% used [0x0000000740000000,0x000000076025a2e8,0x0000000763200000)
 Metaspace       used 161740K, capacity 173000K, committed 177368K, reserved 1204224K
  class space    used 19669K, capacity 21646K, committed 23040K, reserved 1048576K
Event: 7881.719 GC heap after
Heap after GC invocations=112 (full 7):
 PSYoungGen      total 563712K, used 119800K [0x0000000795580000, 0x00000007c0000000, 0x00000007c0000000)
  eden space 443904K, 0% used [0x0000000795580000,0x0000000795580000,0x00000007b0700000)
  from space 119808K, 99% used [0x00000007b0700000,0x00000007b7bfe260,0x00000007b7c00000)
  to   space 135168K, 0% used [0x00000007b7c00000,0x00000007b7c00000,0x00000007c0000000)
 ParOldGen       total 659456K, used 659157K [0x0000000740000000, 0x0000000768400000, 0x0000000795580000)
  object space 659456K, 99% used [0x0000000740000000,0x00000007683b56a8,0x0000000768400000)
 Metaspace       used 161740K, capacity 173000K, committed 177368K, reserved 1204224K
  class space    used 19669K, capacity 21646K, committed 23040K, reserved 1048576K
}
Event: 7881.719 GC heap before
{Heap before GC invocations=113 (full 8):
 PSYoungGen      total 563712K, used 119800K [0x0000000795580000, 0x00000007c0000000, 0x00000007c0000000)
  eden space 443904K, 0% used [0x0000000795580000,0x0000000795580000,0x00000007b0700000)
  from space 119808K, 99% used [0x00000007b0700000,0x00000007b7bfe260,0x00000007b7c00000)
  to   space 135168K, 0% used [0x00000007b7c00000,0x00000007b7c00000,0x00000007c0000000)
 ParOldGen       total 659456K, used 659157K [0x0000000740000000, 0x0000000768400000, 0x0000000795580000)
  object space 659456K, 99% used [0x0000000740000000,0x00000007683b56a8,0x0000000768400000)
 Metaspace       used 161740K, capacity 173000K, committed 177368K, reserved 1204224K
  class space    used 19669K, capacity 21646K, committed 23040K, reserved 1048576K

Deoptimization events (10 events):
Event: 7879.498 Thread 0x00007fc607df8000 Uncommon trap: reason=array_check action=maybe_recompile pc=0x00000001145fa418 method=com.google.common.collect.ImmutableList.copyIntoArray([Ljava/lang/Object;I)I @ 25
Event: 7879.499 Thread 0x00007fc607df8000 Uncommon trap: reason=array_check action=maybe_recompile pc=0x00000001145fa418 method=com.google.common.collect.ImmutableList.copyIntoArray([Ljava/lang/Object;I)I @ 25
Event: 7879.499 Thread 0x00007fc607df8000 Uncommon trap: reason=array_check action=maybe_recompile pc=0x00000001145fa418 method=com.google.common.collect.ImmutableList.copyIntoArray([Ljava/lang/Object;I)I @ 25
Event: 7879.499 Thread 0x00007fc607df8000 Uncommon trap: reason=array_check action=maybe_recompile pc=0x00000001145fa418 method=com.google.common.collect.ImmutableList.copyIntoArray([Ljava/lang/Object;I)I @ 25
Event: 7879.588 Thread 0x00007fc60cd16000 Uncommon trap: reason=bimorphic action=maybe_recompile pc=0x000000011548ca1c method=java.util.zip.InflaterInputStream.read([BII)I @ 100
Event: 7879.588 Thread 0x00007fc60cd16000 Uncommon trap: reason=bimorphic action=maybe_recompile pc=0x000000011548ca1c method=java.util.zip.InflaterInputStream.read([BII)I @ 100
Event: 7879.588 Thread 0x00007fc60cd16000 Uncommon trap: reason=bimorphic action=maybe_recompile pc=0x000000011548ca1c method=java.util.zip.InflaterInputStream.read([BII)I @ 100
Event: 7879.594 Thread 0x00007fc60cd16000 Uncommon trap: reason=bimorphic action=maybe_recompile pc=0x000000011548ca1c method=java.util.zip.InflaterInputStream.read([BII)I @ 100
Event: 7880.418 Thread 0x00007fc60cd16000 Uncommon trap: reason=bimorphic action=maybe_recompile pc=0x0000000117545cc4 method=com.google.common.collect.ImmutableMap.copyOf(Ljava/lang/Iterable;)Lcom/google/common/collect/ImmutableMap; @ 53
Event: 7880.945 Thread 0x00007fc608589000 Uncommon trap: reason=unstable_if action=reinterpret pc=0x0000000115f54c94 method=com.android.tools.r8.dex.n.i()Lcom/android/tools/r8/graph/h0; @ 23

Classes redefined (0 events):
No events

Internal exceptions (10 events):
Event: 7870.611 Thread 0x00007fc608750800 Exception <a 'sun/nio/fs/UnixException'> (0x00000007aae11b98) thrown at [/Volumes/Android/buildbot/src/googleplex-android/openjdk/out/hotspot/src/share/vm/prims/jni.cpp, line 710]
Event: 7870.611 Thread 0x00007fc608750800 Exception <a 'sun/nio/fs/UnixException'> (0x00000007aae12528) thrown at [/Volumes/Android/buildbot/src/googleplex-android/openjdk/out/hotspot/src/share/vm/prims/jni.cpp, line 710]
Event: 7870.863 Thread 0x00007fc607dd2000 Exception <a 'sun/nio/fs/UnixException'> (0x00000007b02d1950) thrown at [/Volumes/Android/buildbot/src/googleplex-android/openjdk/out/hotspot/src/share/vm/prims/jni.cpp, line 710]
Event: 7870.863 Thread 0x00007fc607dd2000 Exception <a 'sun/nio/fs/UnixException'> (0x00000007b02d2768) thrown at [/Volumes/Android/buildbot/src/googleplex-android/openjdk/out/hotspot/src/share/vm/prims/jni.cpp, line 710]
Event: 7871.093 Thread 0x00007fc604748800 Exception <a 'java/lang/InterruptedException'> (0x0000000795bd3258) thrown at [/Volumes/Android/buildbot/src/googleplex-android/openjdk/out/hotspot/src/share/vm/runtime/objectMonitor.cpp, line 1680]
Event: 7877.767 Thread 0x00007fc6084ab000 Exception <a 'sun/nio/fs/UnixException'> (0x00000007963d07d8) thrown at [/Volumes/Android/buildbot/src/googleplex-android/openjdk/out/hotspot/src/share/vm/prims/jni.cpp, line 710]
Event: 7877.767 Thread 0x00007fc6084ab000 Exception <a 'sun/nio/fs/UnixException'> (0x00000007963d1938) thrown at [/Volumes/Android/buildbot/src/googleplex-android/openjdk/out/hotspot/src/share/vm/prims/jni.cpp, line 710]
Event: 7877.846 Thread 0x00007fc61080c000 Exception <a 'sun/nio/fs/UnixException'> (0x000000079cdbc190) thrown at [/Volumes/Android/buildbot/src/googleplex-android/openjdk/out/hotspot/src/share/vm/prims/jni.cpp, line 710]
Event: 7877.875 Thread 0x00007fc60cd16000 Exception <a 'sun/nio/fs/UnixException'> (0x000000079b5eb3b8) thrown at [/Volumes/Android/buildbot/src/googleplex-android/openjdk/out/hotspot/src/share/vm/prims/jni.cpp, line 710]
Event: 7877.876 Thread 0x00007fc60cd16000 Exception <a 'sun/nio/fs/UnixException'> (0x000000079b5ebf80) thrown at [/Volumes/Android/buildbot/src/googleplex-android/openjdk/out/hotspot/src/share/vm/prims/jni.cpp, line 710]

Events (10 events):
Event: 7880.857 Executing VM operation: RevokeBias done
Event: 7880.860 Thread 0x00007fc608589000 Thread added: 0x00007fc608589000
Event: 7880.861 Thread 0x00007fc608261000 Thread added: 0x00007fc608261000
Event: 7880.945 Thread 0x00007fc608589000 Uncommon trap: trap_request=0xffffff65 fr.pc=0x0000000115f54c94
Event: 7880.945 Thread 0x00007fc608589000 DEOPT PACKING pc=0x0000000115f54c94 sp=0x000070000e1a93c0
Event: 7880.945 Thread 0x00007fc608589000 DEOPT UNPACKING pc=0x0000000111bbe47a sp=0x000070000e1a93b0 mode 2
Event: 7881.068 Executing VM operation: RevokeBias
Event: 7881.069 Executing VM operation: RevokeBias done
Event: 7881.069 Thread 0x00007fc610726000 Thread exited: 0x00007fc610726000
Event: 7881.187 Executing VM operation: ParallelGCFailedAllocation


Dynamic libraries:
0x00007fff316c3000 	/System/Library/Frameworks/Cocoa.framework/Versions/A/Cocoa
0x00007fff3eebc000 	/System/Library/Frameworks/Security.framework/Versions/A/Security
0x00007fff30628000 	/System/Library/Frameworks/ApplicationServices.framework/Versions/A/ApplicationServices
0x00007fff6b9e0000 	/usr/lib/libz.1.dylib
0x00007fff694a4000 	/usr/lib/libSystem.B.dylib
0x00007fff32565000 	/System/Library/Frameworks/CoreFoundation.framework/Versions/A/CoreFoundation
0x00007fff34c22000 	/System/Library/Frameworks/Foundation.framework/Versions/C/Foundation
0x00007fff6b304000 	/usr/lib/libobjc.A.dylib
0x00007fff2f818000 	/System/Library/Frameworks/AppKit.framework/Versions/C/AppKit
0x00007fff32047000 	/System/Library/Frameworks/CoreData.framework/Versions/A/CoreData
0x00007fff634b9000 	/System/Library/PrivateFrameworks/UIFoundation.framework/Versions/A/UIFoundation
0x00007fff5e54d000 	/System/Library/PrivateFrameworks/RemoteViewServices.framework/Versions/A/RemoteViewServices
0x00007fff66014000 	/System/Library/PrivateFrameworks/XCTTargetBootstrap.framework/Versions/A/XCTTargetBootstrap
0x00007fff32432000 	/System/Library/Frameworks/CoreDisplay.framework/Versions/A/CoreDisplay
0x00007fff37add000 	/System/Library/Frameworks/Metal.framework/Versions/A/Metal
0x00007fff4c550000 	/System/Library/PrivateFrameworks/DesktopServicesPriv.framework/Versions/A/DesktopServicesPriv
0x00007fff6a5df000 	/usr/lib/liblangid.dylib
0x00007fff4b7e5000 	/System/Library/PrivateFrameworks/CoreSVG.framework/Versions/A/CoreSVG
0x00007fff616a9000 	/System/Library/PrivateFrameworks/SkyLight.framework/Versions/A/SkyLight
0x00007fff329e6000 	/System/Library/Frameworks/CoreGraphics.framework/Versions/A/CoreGraphics
0x00007fff2e1ec000 	/System/Library/Frameworks/Accelerate.framework/Versions/A/Accelerate
0x00007fff6b8d1000 	/usr/lib/libxml2.2.dylib
0x00007fff574d8000 	/System/Library/PrivateFrameworks/IconServices.framework/Versions/A/IconServices
0x00007fff35401000 	/System/Library/Frameworks/IOSurface.framework/Versions/A/IOSurface
0x00007fff68fce000 	/usr/lib/libDiagnosticMessagesClient.dylib
0x00007fff4c3aa000 	/System/Library/PrivateFrameworks/DFRFoundation.framework/Versions/A/DFRFoundation
0x00007fff6a36e000 	/usr/lib/libicucore.A.dylib
0x00007fff3095a000 	/System/Library/Frameworks/AudioToolbox.framework/Versions/A/AudioToolbox
0x00007fff30a3d000 	/System/Library/Frameworks/AudioUnit.framework/Versions/A/AudioUnit
0x00007fff696a6000 	/usr/lib/libauto.dylib
0x00007fff4c44c000 	/System/Library/PrivateFrameworks/DataDetectorsCore.framework/Versions/A/DataDetectorsCore
0x00007fff311e4000 	/System/Library/Frameworks/Carbon.framework/Versions/A/Frameworks/HIToolbox.framework/Versions/A/HIToolbox
0x00007fff3e0b6000 	/System/Library/Frameworks/QuartzCore.framework/Versions/A/QuartzCore
0x00007fff31523000 	/System/Library/Frameworks/Carbon.framework/Versions/A/Frameworks/SpeechRecognition.framework/Versions/A/SpeechRecognition
0x00007fff4bebe000 	/System/Library/PrivateFrameworks/CoreUI.framework/Versions/A/CoreUI
0x00007fff31ab2000 	/System/Library/Frameworks/CoreAudio.framework/Versions/A/CoreAudio
0x00007fff348e1000 	/System/Library/Frameworks/DiskArbitration.framework/Versions/A/DiskArbitration
0x00007fff59528000 	/System/Library/PrivateFrameworks/MultitouchSupport.framework/Versions/A/MultitouchSupport
0x00007fff6a235000 	/usr/lib/libenergytrace.dylib
0x00007fff3535b000 	/System/Library/Frameworks/IOKit.framework/Versions/A/IOKit
0x00007fff3394d000 	/System/Library/Frameworks/CoreServices.framework/Versions/A/CoreServices
0x00007fff5b6e0000 	/System/Library/PrivateFrameworks/PerformanceAnalysis.framework/Versions/A/PerformanceAnalysis
0x00007fff3d0e9000 	/System/Library/Frameworks/OpenGL.framework/Versions/A/OpenGL
0x00007fff316d1000 	/System/Library/Frameworks/ColorSync.framework/Versions/A/ColorSync
0x00007fff33069000 	/System/Library/Frameworks/CoreImage.framework/Versions/A/CoreImage
0x00007fff343c0000 	/System/Library/Frameworks/CoreText.framework/Versions/A/CoreText
0x00007fff35491000 	/System/Library/Frameworks/ImageIO.framework/Versions/A/ImageIO
0x00007fff6978a000 	/usr/lib/libc++.1.dylib
0x00007fff69806000 	/usr/lib/libcompression.dylib
0x00007fff69312000 	/usr/lib/libMobileGestalt.dylib
0x00007fff63223000 	/System/Library/PrivateFrameworks/TextureIO.framework/Versions/A/TextureIO
0x00007fff69609000 	/usr/lib/libate.dylib
0x00007fff576e1000 	/System/Library/PrivateFrameworks/InternationalSupport.framework/Versions/A/InternationalSupport
0x00007fff6c2a1000 	/usr/lib/system/libcache.dylib
0x00007fff6c2a7000 	/usr/lib/system/libcommonCrypto.dylib
0x00007fff6c2b3000 	/usr/lib/system/libcompiler_rt.dylib
0x00007fff6c2bb000 	/usr/lib/system/libcopyfile.dylib
0x00007fff6c2c5000 	/usr/lib/system/libcorecrypto.dylib
0x00007fff6c464000 	/usr/lib/system/libdispatch.dylib
0x00007fff6c4a5000 	/usr/lib/system/libdyld.dylib
0x00007fff6c4dc000 	/usr/lib/system/libkeymgr.dylib
0x00007fff6c4ea000 	/usr/lib/system/liblaunch.dylib
0x00007fff6c4eb000 	/usr/lib/system/libmacho.dylib
0x00007fff6c4f1000 	/usr/lib/system/libquarantine.dylib
0x00007fff6c4f4000 	/usr/lib/system/libremovefile.dylib
0x00007fff6c4f6000 	/usr/lib/system/libsystem_asl.dylib
0x00007fff6c50e000 	/usr/lib/system/libsystem_blocks.dylib
0x00007fff6c50f000 	/usr/lib/system/libsystem_c.dylib
0x00007fff6c597000 	/usr/lib/system/libsystem_configuration.dylib
0x00007fff6c59b000 	/usr/lib/system/libsystem_coreservices.dylib
0x00007fff6c59f000 	/usr/lib/system/libsystem_darwin.dylib
0x00007fff6c5a8000 	/usr/lib/system/libsystem_dnssd.dylib
0x00007fff6c5b0000 	/usr/lib/system/libsystem_featureflags.dylib
0x00007fff6c5b2000 	/usr/lib/system/libsystem_info.dylib
0x00007fff6c62d000 	/usr/lib/system/libsystem_m.dylib
0x00007fff6c675000 	/usr/lib/system/libsystem_malloc.dylib
0x00007fff6c69d000 	/usr/lib/system/libsystem_networkextension.dylib
0x00007fff6c6ab000 	/usr/lib/system/libsystem_notify.dylib
0x00007fff6c6c9000 	/usr/lib/system/libsystem_sandbox.dylib
0x00007fff6c6ce000 	/usr/lib/system/libsystem_secinit.dylib
0x00007fff6c600000 	/usr/lib/system/libsystem_kernel.dylib
0x00007fff6c6b5000 	/usr/lib/system/libsystem_platform.dylib
0x00007fff6c6be000 	/usr/lib/system/libsystem_pthread.dylib
0x00007fff6c6d1000 	/usr/lib/system/libsystem_symptoms.dylib
0x00007fff6c6d9000 	/usr/lib/system/libsystem_trace.dylib
0x00007fff6c6f1000 	/usr/lib/system/libunwind.dylib
0x00007fff6c6f7000 	/usr/lib/system/libxpc.dylib
0x00007fff697dd000 	/usr/lib/libc++abi.dylib
0x00007fff6a5e1000 	/usr/lib/liblzma.5.dylib
0x00007fff6a25c000 	/usr/lib/libfakelink.dylib
0x00007fff69596000 	/usr/lib/libarchive.2.dylib
0x00007fff3ff6d000 	/System/Library/Frameworks/SystemConfiguration.framework/Versions/A/SystemConfiguration
0x00007fff68f01000 	/usr/lib/libCRFSuite.dylib
0x00007fff30dd4000 	/System/Library/Frameworks/CFNetwork.framework/Versions/A/CFNetwork
0x00007fff6976c000 	/usr/lib/libbsm.0.dylib
0x00007fff6c4dd000 	/usr/lib/system/libkxld.dylib
0x00007fff45d27000 	/System/Library/PrivateFrameworks/AppleFSCompression.framework/Versions/A/AppleFSCompression
0x00007fff69af7000 	/usr/lib/libcoretls.dylib
0x00007fff69b0e000 	/usr/lib/libcoretls_cfhelpers.dylib
0x00007fff6b34a000 	/usr/lib/libpam.2.dylib
0x00007fff6b47f000 	/usr/lib/libsqlite3.dylib
0x00007fff6b8be000 	/usr/lib/libxar.1.dylib
0x00007fff6977d000 	/usr/lib/libbz2.1.0.dylib
0x00007fff6a27d000 	/usr/lib/libiconv.2.dylib
0x00007fff697f3000 	/usr/lib/libcharset.1.dylib
0x00007fff6ade7000 	/usr/lib/libnetwork.dylib
0x00007fff6b351000 	/usr/lib/libpcap.A.dylib
0x00007fff6954b000 	/usr/lib/libapple_nghttp2.dylib
0x00007fff33d04000 	/System/Library/Frameworks/CoreServices.framework/Versions/A/Frameworks/FSEvents.framework/Versions/A/FSEvents
0x00007fff339d4000 	/System/Library/Frameworks/CoreServices.framework/Versions/A/Frameworks/CarbonCore.framework/Versions/A/CarbonCore
0x00007fff33f48000 	/System/Library/Frameworks/CoreServices.framework/Versions/A/Frameworks/Metadata.framework/Versions/A/Metadata
0x00007fff33fe1000 	/System/Library/Frameworks/CoreServices.framework/Versions/A/Frameworks/OSServices.framework/Versions/A/OSServices
0x00007fff3400f000 	/System/Library/Frameworks/CoreServices.framework/Versions/A/Frameworks/SearchKit.framework/Versions/A/SearchKit
0x00007fff3394e000 	/System/Library/Frameworks/CoreServices.framework/Versions/A/Frameworks/AE.framework/Versions/A/AE
0x00007fff33d0d000 	/System/Library/Frameworks/CoreServices.framework/Versions/A/Frameworks/LaunchServices.framework/Versions/A/LaunchServices
0x00007fff33cb6000 	/System/Library/Frameworks/CoreServices.framework/Versions/A/Frameworks/DictionaryServices.framework/Versions/A/DictionaryServices
0x00007fff34077000 	/System/Library/Frameworks/CoreServices.framework/Versions/A/Frameworks/SharedFileList.framework/Versions/A/SharedFileList
0x00007fff38f08000 	/System/Library/Frameworks/NetFS.framework/Versions/A/NetFS
0x00007fff59a58000 	/System/Library/PrivateFrameworks/NetAuth.framework/Versions/A/NetAuth
0x00007fff663e1000 	/System/Library/PrivateFrameworks/login.framework/Versions/A/Frameworks/loginsupport.framework/Versions/A/loginsupport
0x00007fff62cee000 	/System/Library/PrivateFrameworks/TCC.framework/Versions/A/TCC
0x00007fff4a958000 	/System/Library/PrivateFrameworks/CoreNLP.framework/Versions/A/CoreNLP
0x00007fff58f55000 	/System/Library/PrivateFrameworks/MetadataUtilities.framework/Versions/A/MetadataUtilities
0x00007fff6a6b9000 	/usr/lib/libmecabra.dylib
0x00007fff6a611000 	/usr/lib/libmecab.dylib
0x00007fff6a26d000 	/usr/lib/libgermantok.dylib
0x00007fff69532000 	/usr/lib/libThaiTokenizer.dylib
0x00007fff68f38000 	/usr/lib/libChineseTokenizer.dylib
0x00007fff2e204000 	/System/Library/Frameworks/Accelerate.framework/Versions/A/Frameworks/vImage.framework/Versions/A/vImage
0x00007fff2f66e000 	/System/Library/Frameworks/Accelerate.framework/Versions/A/Frameworks/vecLib.framework/Versions/A/vecLib
0x00007fff2f5ab000 	/System/Library/Frameworks/Accelerate.framework/Versions/A/Frameworks/vecLib.framework/Versions/A/libvMisc.dylib
0x00007fff2f3d3000 	/System/Library/Frameworks/Accelerate.framework/Versions/A/Frameworks/vecLib.framework/Versions/A/libvDSP.dylib
0x00007fff2e85b000 	/System/Library/Frameworks/Accelerate.framework/Versions/A/Frameworks/vecLib.framework/Versions/A/libBLAS.dylib
0x00007fff2ef97000 	/System/Library/Frameworks/Accelerate.framework/Versions/A/Frameworks/vecLib.framework/Versions/A/libLAPACK.dylib
0x00007fff2f333000 	/System/Library/Frameworks/Accelerate.framework/Versions/A/Frameworks/vecLib.framework/Versions/A/libLinearAlgebra.dylib
0x00007fff2f3c0000 	/System/Library/Frameworks/Accelerate.framework/Versions/A/Frameworks/vecLib.framework/Versions/A/libSparseBLAS.dylib
0x00007fff2f349000 	/System/Library/Frameworks/Accelerate.framework/Versions/A/Frameworks/vecLib.framework/Versions/A/libQuadrature.dylib
0x00007fff2eac3000 	/System/Library/Frameworks/Accelerate.framework/Versions/A/Frameworks/vecLib.framework/Versions/A/libBNNS.dylib
0x00007fff2f34f000 	/System/Library/Frameworks/Accelerate.framework/Versions/A/Frameworks/vecLib.framework/Versions/A/libSparse.dylib
0x00007fff57ac9000 	/System/Library/PrivateFrameworks/LanguageModeling.framework/Versions/A/LanguageModeling
0x00007fff4a308000 	/System/Library/PrivateFrameworks/CoreEmoji.framework/Versions/A/CoreEmoji
0x00007fff57be7000 	/System/Library/PrivateFrameworks/LinguisticData.framework/Versions/A/LinguisticData
0x00007fff57b98000 	/System/Library/PrivateFrameworks/Lexicon.framework/Versions/A/Lexicon
0x00007fff697f4000 	/usr/lib/libcmph.dylib
0x00007fff3baf7000 	/System/Library/Frameworks/OpenDirectory.framework/Versions/A/Frameworks/CFOpenDirectory.framework/Versions/A/CFOpenDirectory
0x00007fff3bb14000 	/System/Library/Frameworks/OpenDirectory.framework/Versions/A/OpenDirectory
0x00007fff43f57000 	/System/Library/PrivateFrameworks/APFS.framework/Versions/A/APFS
0x00007fff3f206000 	/System/Library/Frameworks/SecurityFoundation.framework/Versions/A/SecurityFoundation
0x00007fff6b8ba000 	/usr/lib/libutil.dylib
0x00007fff4b83d000 	/System/Library/PrivateFrameworks/CoreServicesStore.framework/Versions/A/CoreServicesStore
0x00007fff3f2bd000 	/System/Library/Frameworks/ServiceManagement.framework/Versions/A/ServiceManagement
0x00007fff474f7000 	/System/Library/PrivateFrameworks/BackgroundTaskManagement.framework/Versions/A/BackgroundTaskManagement
0x00007fff6b9b7000 	/usr/lib/libxslt.1.dylib
0x00007fff4639a000 	/System/Library/PrivateFrameworks/AppleSystemInfo.framework/Versions/A/AppleSystemInfo
0x00007fff356ac000 	/System/Library/Frameworks/ImageIO.framework/Versions/A/Resources/libJPEG.dylib
0x00007fff3596b000 	/System/Library/Frameworks/ImageIO.framework/Versions/A/Resources/libTIFF.dylib
0x00007fff3594e000 	/System/Library/Frameworks/ImageIO.framework/Versions/A/Resources/libPng.dylib
0x00007fff355ee000 	/System/Library/Frameworks/ImageIO.framework/Versions/A/Resources/libGIF.dylib
0x00007fff355f2000 	/System/Library/Frameworks/ImageIO.framework/Versions/A/Resources/libJP2.dylib
0x00007fff35969000 	/System/Library/Frameworks/ImageIO.framework/Versions/A/Resources/libRadiance.dylib
0x00007fff6a236000 	/usr/lib/libexpat.1.dylib
0x00007fff45e82000 	/System/Library/PrivateFrameworks/AppleJPEG.framework/Versions/A/AppleJPEG
0x00007fff4eb3d000 	/System/Library/PrivateFrameworks/FontServices.framework/libFontParser.dylib
0x00007fff653e3000 	/System/Library/PrivateFrameworks/WatchdogClient.framework/Versions/A/WatchdogClient
0x00007fff57124000 	/System/Library/PrivateFrameworks/IOAccelerator.framework/Versions/A/IOAccelerator
0x00007fff37e78000 	/System/Library/Frameworks/MetalPerformanceShaders.framework/Versions/A/MetalPerformanceShaders
0x00007fff538ba000 	/System/Library/PrivateFrameworks/GPUWrangler.framework/Versions/A/GPUWrangler
0x00007fff57139000 	/System/Library/PrivateFrameworks/IOPresentment.framework/Versions/A/IOPresentment
0x00007fff4c3bd000 	/System/Library/PrivateFrameworks/DSExternalDisplay.framework/Versions/A/DSExternalDisplay
0x00007fff3c488000 	/System/Library/Frameworks/OpenGL.framework/Versions/A/Libraries/libCoreFSCache.dylib
0x00007fff37bc4000 	/System/Library/Frameworks/MetalPerformanceShaders.framework/Frameworks/MPSCore.framework/Versions/A/MPSCore
0x00007fff37c02000 	/System/Library/Frameworks/MetalPerformanceShaders.framework/Frameworks/MPSImage.framework/Versions/A/MPSImage
0x00007fff37cc9000 	/System/Library/Frameworks/MetalPerformanceShaders.framework/Frameworks/MPSNeuralNetwork.framework/Versions/A/MPSNeuralNetwork
0x00007fff37c8d000 	/System/Library/Frameworks/MetalPerformanceShaders.framework/Frameworks/MPSMatrix.framework/Versions/A/MPSMatrix
0x00007fff37e28000 	/System/Library/Frameworks/MetalPerformanceShaders.framework/Frameworks/MPSRayIntersector.framework/Versions/A/MPSRayIntersector
0x00007fff37cb3000 	/System/Library/Frameworks/MetalPerformanceShaders.framework/Frameworks/MPSNDArray.framework/Versions/A/MPSNDArray
0x00007fff58fa2000 	/System/Library/PrivateFrameworks/MetalTools.framework/Versions/A/MetalTools
0x00007fff45131000 	/System/Library/PrivateFrameworks/AggregateDictionary.framework/Versions/A/AggregateDictionary
0x00007fff49d50000 	/System/Library/PrivateFrameworks/CoreAnalytics.framework/Versions/A/CoreAnalytics
0x00007fff462b9000 	/System/Library/PrivateFrameworks/AppleSauce.framework/Versions/A/AppleSauce
0x00007fff691f4000 	/usr/lib/libIOReport.dylib
0x00007fff34578000 	/System/Library/Frameworks/CoreVideo.framework/Versions/A/CoreVideo
0x00007fff54d33000 	/System/Library/PrivateFrameworks/GraphVisualizer.framework/Versions/A/GraphVisualizer
0x00007fff4e083000 	/System/Library/PrivateFrameworks/FaceCore.framework/Versions/A/FaceCore
0x00007fff3ba9e000 	/System/Library/Frameworks/OpenCL.framework/Versions/A/OpenCL
0x00007fff69016000 	/usr/lib/libFosl_dynamic.dylib
0x00007fff5a478000 	/System/Library/PrivateFrameworks/OTSVG.framework/Versions/A/OTSVG
0x00007fff3072d000 	/System/Library/Frameworks/ApplicationServices.framework/Versions/A/Frameworks/ATS.framework/Versions/A/Resources/libFontRegistry.dylib
0x00007fff4ed0e000 	/System/Library/PrivateFrameworks/FontServices.framework/libhvf.dylib
0x00007fff3c493000 	/System/Library/Frameworks/OpenGL.framework/Versions/A/Libraries/libGFXShared.dylib
0x00007fff3c671000 	/System/Library/Frameworks/OpenGL.framework/Versions/A/Libraries/libGLU.dylib
0x00007fff3c49c000 	/System/Library/Frameworks/OpenGL.framework/Versions/A/Libraries/libGL.dylib
0x00007fff3c4a7000 	/System/Library/Frameworks/OpenGL.framework/Versions/A/Libraries/libGLImage.dylib
0x00007fff3c485000 	/System/Library/Frameworks/OpenGL.framework/Versions/A/Libraries/libCVMSPluginSupport.dylib
0x00007fff3c48e000 	/System/Library/Frameworks/OpenGL.framework/Versions/A/Libraries/libCoreVMClient.dylib
0x00007fff6ac88000 	/usr/lib/libncurses.5.4.dylib
0x00007fff30629000 	/System/Library/Frameworks/ApplicationServices.framework/Versions/A/Frameworks/ATS.framework/Versions/A/ATS
0x00007fff307f6000 	/System/Library/Frameworks/ApplicationServices.framework/Versions/A/Frameworks/ColorSyncLegacy.framework/Versions/A/ColorSyncLegacy
0x00007fff30894000 	/System/Library/Frameworks/ApplicationServices.framework/Versions/A/Frameworks/HIServices.framework/Versions/A/HIServices
0x00007fff308ec000 	/System/Library/Frameworks/ApplicationServices.framework/Versions/A/Frameworks/LangAnalysis.framework/Versions/A/LangAnalysis
0x00007fff308fb000 	/System/Library/Frameworks/ApplicationServices.framework/Versions/A/Frameworks/PrintCore.framework/Versions/A/PrintCore
0x00007fff30941000 	/System/Library/Frameworks/ApplicationServices.framework/Versions/A/Frameworks/QD.framework/Versions/A/QD
0x00007fff3094c000 	/System/Library/Frameworks/ApplicationServices.framework/Versions/A/Frameworks/SpeechSynthesis.framework/Versions/A/SpeechSynthesis
0x00007fff307c6000 	/System/Library/Frameworks/ApplicationServices.framework/Versions/A/Frameworks/ATSUI.framework/Versions/A/ATSUI
0x00007fff6a0cc000 	/usr/lib/libcups.2.dylib
0x00007fff36f13000 	/System/Library/Frameworks/Kerberos.framework/Versions/A/Kerberos
0x00007fff35054000 	/System/Library/Frameworks/GSS.framework/Versions/A/GSS
0x00007fff6b40b000 	/usr/lib/libresolv.9.dylib
0x00007fff54ee0000 	/System/Library/PrivateFrameworks/Heimdal.framework/Versions/A/Heimdal
0x00007fff36f26000 	/System/Library/Frameworks/Kerberos.framework/Versions/A/Libraries/libHeimdalProxy.dylib
0x00007fff6a273000 	/usr/lib/libheimdal-asn1.dylib
0x00007fff491e8000 	/System/Library/PrivateFrameworks/CommonAuth.framework/Versions/A/CommonAuth
0x00007fff46437000 	/System/Library/PrivateFrameworks/AssertionServices.framework/Versions/A/AssertionServices
0x00007fff46fda000 	/System/Library/PrivateFrameworks/AudioToolboxCore.framework/Versions/A/AudioToolboxCore
0x00007fff66091000 	/System/Library/PrivateFrameworks/caulk.framework/Versions/A/caulk
0x00007fff475a3000 	/System/Library/PrivateFrameworks/BaseBoard.framework/Versions/A/BaseBoard
0x00007fff5e6db000 	/System/Library/PrivateFrameworks/RunningBoardServices.framework/Versions/A/RunningBoardServices
0x00007fff5b6ec000 	/System/Library/PrivateFrameworks/PersistentConnection.framework/Versions/A/PersistentConnection
0x00007fff5e0d4000 	/System/Library/PrivateFrameworks/ProtocolBuffer.framework/Versions/A/ProtocolBuffer
0x00007fff4920c000 	/System/Library/PrivateFrameworks/CommonUtilities.framework/Versions/A/CommonUtilities
0x00007fff47731000 	/System/Library/PrivateFrameworks/Bom.framework/Versions/A/Bom
0x00007fff68ec7000 	/usr/lib/libAudioToolboxUtility.dylib
0x00007fff47501000 	/System/Library/PrivateFrameworks/Backup.framework/Versions/A/Backup
0x00007fff4c2de000 	/System/Library/PrivateFrameworks/CrashReporterSupport.framework/Versions/A/CrashReporterSupport
0x00007fff6016d000 	/System/Library/PrivateFrameworks/Sharing.framework/Versions/A/Sharing
0x00007fff45a45000 	/System/Library/PrivateFrameworks/Apple80211.framework/Versions/A/Apple80211
0x00007fff4721e000 	/System/Library/PrivateFrameworks/AuthKit.framework/Versions/A/AuthKit
0x00007fff4bfeb000 	/System/Library/PrivateFrameworks/CoreUtils.framework/Versions/A/CoreUtils
0x00007fff345bd000 	/System/Library/Frameworks/CoreWLAN.framework/Versions/A/CoreWLAN
0x00007fff351e1000 	/System/Library/Frameworks/IOBluetooth.framework/Versions/A/IOBluetooth
0x00007fff592a7000 	/System/Library/PrivateFrameworks/MobileKeyBag.framework/Versions/A/MobileKeyBag
0x00007fff4adf0000 	/System/Library/PrivateFrameworks/CorePhoneNumbers.framework/Versions/A/CorePhoneNumbers
0x00007fff45e35000 	/System/Library/PrivateFrameworks/AppleIDAuthSupport.framework/Versions/A/AppleIDAuthSupport
0x00007fff38f15000 	/System/Library/Frameworks/Network.framework/Versions/A/Network
0x00007fff57975000 	/System/Library/PrivateFrameworks/KeychainCircle.framework/Versions/A/KeychainCircle
0x00007fff3200e000 	/System/Library/Frameworks/CoreBluetooth.framework/Versions/A/CoreBluetooth
0x00007fff621ec000 	/System/Library/PrivateFrameworks/SpeechRecognitionCore.framework/Versions/A/SpeechRecognitionCore
0x0000000102400000 	/private/var/folders/nk/77tzydc5271b4jt6909jb9m80000gn/T/AppTranslocation/BDDBB0C3-77ED-43C6-AEE6-E5E15E40E2C1/d/Android Studio.app/Contents/jre/jdk/Contents/Home/jre/lib/server/libjvm.dylib
0x00007fff6b78d000 	/usr/lib/libstdc++.6.dylib
0x0000000101bc9000 	/private/var/folders/nk/77tzydc5271b4jt6909jb9m80000gn/T/AppTranslocation/BDDBB0C3-77ED-43C6-AEE6-E5E15E40E2C1/d/Android Studio.app/Contents/jre/jdk/Contents/Home/jre/lib/libverify.dylib
0x00000001032b8000 	/private/var/folders/nk/77tzydc5271b4jt6909jb9m80000gn/T/AppTranslocation/BDDBB0C3-77ED-43C6-AEE6-E5E15E40E2C1/d/Android Studio.app/Contents/jre/jdk/Contents/Home/jre/lib/libjava.dylib
0x0000000101be5000 	/private/var/folders/nk/77tzydc5271b4jt6909jb9m80000gn/T/AppTranslocation/BDDBB0C3-77ED-43C6-AEE6-E5E15E40E2C1/d/Android Studio.app/Contents/jre/jdk/Contents/Home/jre/lib/libzip.dylib
0x000000010a714000 	/private/var/folders/nk/77tzydc5271b4jt6909jb9m80000gn/T/AppTranslocation/BDDBB0C3-77ED-43C6-AEE6-E5E15E40E2C1/d/Android Studio.app/Contents/jre/jdk/Contents/Home/jre/lib/libnio.dylib
0x000000010a72f000 	/private/var/folders/nk/77tzydc5271b4jt6909jb9m80000gn/T/AppTranslocation/BDDBB0C3-77ED-43C6-AEE6-E5E15E40E2C1/d/Android Studio.app/Contents/jre/jdk/Contents/Home/jre/lib/libnet.dylib
0x000000010ac95000 	/Users/soso/.gradle/native/f6784746aeab05261644944871eae4fe03e0ef1612fff0a4a95f87b438bc6780/osx-amd64/libnative-platform.dylib
0x000000010afd7000 	/private/var/folders/nk/77tzydc5271b4jt6909jb9m80000gn/T/AppTranslocation/BDDBB0C3-77ED-43C6-AEE6-E5E15E40E2C1/d/Android Studio.app/Contents/jre/jdk/Contents/Home/jre/lib/libmanagement.dylib
0x0000000110ffd000 	/private/var/folders/nk/77tzydc5271b4jt6909jb9m80000gn/T/native-platform6186254235507712313dir/libnative-platform.dylib

VM Arguments:
jvm_args: -Xmx2048m -Dfile.encoding=UTF-8 -Duser.country=FR -Duser.language=fr -Duser.variant 
java_command: org.gradle.launcher.daemon.bootstrap.GradleDaemon 6.5
java_class_path (initial): /Users/soso/.gradle/wrapper/dists/gradle-6.5-all/2oz4ud9k3tuxjg84bbf55q0tn/gradle-6.5/lib/gradle-launcher-6.5.jar
Launcher Type: SUN_STANDARD

Environment Variables:
PATH=/usr/local/bin:/usr/bin:/bin:/usr/sbin:/sbin
SHELL=/bin/zsh

Signal Handlers:
SIGSEGV: [libjvm.dylib+0x565c43], sa_mask[0]=11111111011111110111111111111111, sa_flags=SA_ONSTACK|SA_RESTART|SA_SIGINFO
SIGBUS: [libjvm.dylib+0x565c43], sa_mask[0]=11111111011111110111111111111111, sa_flags=SA_RESTART|SA_SIGINFO
SIGFPE: [libjvm.dylib+0x45dd9d], sa_mask[0]=11111111011111110111111111111111, sa_flags=SA_RESTART|SA_SIGINFO
SIGPIPE: [libjvm.dylib+0x45dd9d], sa_mask[0]=11111111011111110111111111111111, sa_flags=SA_RESTART|SA_SIGINFO
SIGXFSZ: [libjvm.dylib+0x45dd9d], sa_mask[0]=11111111011111110111111111111111, sa_flags=SA_RESTART|SA_SIGINFO
SIGILL: [libjvm.dylib+0x45dd9d], sa_mask[0]=11111111011111110111111111111111, sa_flags=SA_RESTART|SA_SIGINFO
SIGUSR1: SIG_DFL, sa_mask[0]=00000000000000000000000000000000, sa_flags=none
SIGUSR2: [libjvm.dylib+0x45e69c], sa_mask[0]=00100000000000000000000000000000, sa_flags=SA_RESTART|SA_SIGINFO
SIGHUP: [libjvm.dylib+0x45c8c1], sa_mask[0]=11111111011111110111111111111111, sa_flags=SA_RESTART|SA_SIGINFO
SIGINT: [libjvm.dylib+0x45c8c1], sa_mask[0]=11111111011111110111111111111111, sa_flags=SA_RESTART|SA_SIGINFO
SIGTERM: [libjvm.dylib+0x45c8c1], sa_mask[0]=11111111011111110111111111111111, sa_flags=SA_RESTART|SA_SIGINFO
SIGQUIT: [libjvm.dylib+0x45c8c1], sa_mask[0]=11111111011111110111111111111111, sa_flags=SA_RESTART|SA_SIGINFO


---------------  S Y S T E M  ---------------

OS:Bsduname:Darwin 19.6.0 Darwin Kernel Version 19.6.0: Mon Aug 31 22:12:52 PDT 2020; root:xnu-6153.141.2~1/RELEASE_X86_64 x86_64
rlimit: STACK 8192k, CORE 0k, NPROC 1392, NOFILE 10240, AS infinity
load average:7.47 6.56 5.11

CPU:total 4 (initial active 4) (2 cores per cpu, 2 threads per core) family 6 model 61 stepping 4, cmov, cx8, fxsr, mmx, sse, sse2, sse3, ssse3, sse4.1, sse4.2, popcnt, avx, avx2, aes, clmul, erms, 3dnowpref, lzcnt, ht, tsc, tscinvbit, bmi1, bmi2, adx

Memory: 4k page, physical 8388608k(53028k free)

/proc/meminfo:


vm_info: OpenJDK 64-Bit Server VM (25.242-b3-6222593) for bsd-amd64 JRE (1.8.0_242-release-1644-b3-6222593), built by "android-build" with gcc 4.2.1 Compatible Android (5484270 based on r353983c) Clang 9.0.3 (https://android.googlesource.com/toolchain/clang 745b335211bb9eadfa6aa6301f84715cee4b37c5) (https://android.googlesource.com/toolchain/llvm 60cf23e54e46c807513f7a36d0a7b777920b5881)

time: Sun Oct 25 01:38:29 2020
timezone: CEST
elapsed time: 7881 seconds (0d 2h 11m 21s)

