#
# A fatal error has been detected by the Java Runtime Environment:
#
#  SIGSEGV (0xb) at pc=0x000000010b89c67a, pid=2992, tid=0x0000000000001f03
#
# JRE version: OpenJDK Runtime Environment (8.0_242) (build 1.8.0_242-release-1644-b3-6222593)
# Java VM: OpenJDK 64-Bit Server VM (25.242-b3-6222593 mixed mode bsd-amd64 compressed oops)
# Problematic frame:
# V  [libjvm.dylib+0x49c67a]
#
# Failed to write core dump. Core dumps have been disabled. To enable core dumping, try "ulimit -c unlimited" before starting Java again
#
# If you would like to submit a bug report, please visit:
#   http://bugreport.java.com/bugreport/crash.jsp
#

---------------  T H R E A D  ---------------

Current thread (0x00007ff2d580b800):  GCTaskThread [stack: 0x000070000ff0c000,0x000070001000c000] [id=7939]

siginfo: si_signo: 11 (SIGSEGV), si_code: 1 (SEGV_MAPERR), si_addr: 0x0000000400806018

Registers:
RAX=0x000000010bc21f01, RBX=0x000000075554f11d, RCX=0x0000000000000003, RDX=0x000000010bc112d8
RSP=0x000070001000bca0, RBP=0x000070001000bd10, RSI=0x00000007c0c3fc28, RDI=0x0000000400806010
R8 =0x0000000000000000, R9 =0x0000000000000008, R10=0x00007ff2d450d4e8, R11=0x0000000755550c68
R12=0x000000010bc21ffb, R13=0x000000010bbf63d0, R14=0x00007ff2d50237c0, R15=0x00000007c0c3fc28
RIP=0x000000010b89c67a, EFLAGS=0x0000000000010202, ERR=0x0000000000000004
  TRAPNO=0x000000000000000e

Top of Stack: (sp=0x000070001000bca0)
0x000070001000bca0:   000070001000bd28 00000007a78f0000
0x000070001000bcb0:   0000000000001000 000000075554ec68
0x000070001000bcc0:   0000000000000400 00000007b55f4272
0x000070001000bcd0:   00007ff2d50237e8 0000000000000011
0x000070001000bce0:   0000000000000008 000000075554f11d
0x000070001000bcf0:   000000010bc21ffb 00007ff2d50237c0
0x000070001000bd00:   000000075554f11c 000000010bc112c8
0x000070001000bd10:   000070001000bd40 000000010b899f8a
0x000070001000bd20:   000000075554f11d 000000010bc268a0
0x000070001000bd30:   00007ff2d5023820 00007ff2d5023858
0x000070001000bd40:   000070001000bda0 000000010b899e19
0x000070001000bd50:   000070001000bda0 000000010b6a7db4
0x000070001000bd60:   00000007c0c37840 000000075554f11d
0x000070001000bd70:   000000074ade95f4 0000000000000240
0x000070001000bd80:   000000074ade9600 000000010c6cef81
0x000070001000bd90:   000000074ade9610 000000010c6cef4b
0x000070001000bda0:   000070001000be50 000000010b53d1bd
0x000070001000bdb0:   0000000000000000 000000010c6cef80
0x000070001000bdc0:   000000010c6cef01 000000010c6cef80
0x000070001000bdd0:   000000010c6cee00 0000000000000200
0x000070001000bde0:   000000010c714b1e 0000000753963d88
0x000070001000bdf0:   0000000000000100 00007ff2d50237c0
0x000070001000be00:   000000074ade8048 000000074adf0008
0x000070001000be10:   000000010c714b1f 00007ff2d450c530
0x000070001000be20:   00007ff2d450c7b0 00007ff2d4709ba0
0x000070001000be30:   00007ff2d4709ba0 000000010b9cf89a
0x000070001000be40:   00007ff2d50237c0 0000000000000001
0x000070001000be50:   000070001000be80 000000010b89d56d
0x000070001000be60:   00007ff200000004 00007ff2dd44e6f0
0x000070001000be70:   00007ff2d580b800 0000000000000000
0x000070001000be80:   000070001000bf60 000000010b65a011
0x000070001000be90:   000000010bc22100 00007ff2d580b800 

Instructions: (pc=0x000000010b89c67a)
0x000000010b89c65a:   8a 00 84 c0 74 16 41 8b 7f 08 48 8d 15 6d 4c 37
0x000000010b89c66a:   00 8a 4a 08 48 d3 e7 48 03 3a eb 04 49 8b 7f 08
0x000000010b89c67a:   44 8b 67 08 45 85 e4 7e 0c 41 f6 c4 01 75 0b 41
0x000000010b89c68a:   c1 ec 03 eb 4c 45 85 e4 78 11 48 8b 07 4c 89 fe 

Register to memory mapping:

RAX=0x000000010bc21f01: G1RSetRegionEntries+0x1 in /private/var/folders/nk/77tzydc5271b4jt6909jb9m80000gn/T/AppTranslocation/83DACF81-3FAF-48C6-A9E9-D6E58756B2D7/d/Android Studio.app/Contents/jre/jdk/Contents/Home/jre/lib/server/libjvm.dylib at 0x000000010b400000
RBX=0x000000075554f11d is pointing into object: 0x000000075554f0f8
com.android.tools.r8.ir.optimize.info.r 
 - klass: 'com/android/tools/r8/ir/optimize/info/r'
RCX=0x0000000000000003 is an unknown value
RDX=0x000000010bc112d8: _ZN8Universe13_narrow_klassE+0 in /private/var/folders/nk/77tzydc5271b4jt6909jb9m80000gn/T/AppTranslocation/83DACF81-3FAF-48C6-A9E9-D6E58756B2D7/d/Android Studio.app/Contents/jre/jdk/Contents/Home/jre/lib/server/libjvm.dylib at 0x000000010b400000
RSP=0x000070001000bca0 is an unknown value
RBP=0x000070001000bd10 is an unknown value
RSI=0x00000007c0c3fc28 is pointing into metadata
RDI=0x0000000400806010 is an unknown value
R8 =0x0000000000000000 is an unknown value
R9 =0x0000000000000008 is an unknown value
R10=0x00007ff2d450d4e8 is an unknown value
R11=0x0000000755550c68 is an oop
[Lcom.android.tools.r8.graph.H; 
 - klass: 'com/android/tools/r8/graph/H'[]
 - length: 119
R12=0x000000010bc21ffb: AssumeMP+0 in /private/var/folders/nk/77tzydc5271b4jt6909jb9m80000gn/T/AppTranslocation/83DACF81-3FAF-48C6-A9E9-D6E58756B2D7/d/Android Studio.app/Contents/jre/jdk/Contents/Home/jre/lib/server/libjvm.dylib at 0x000000010b400000
R13=0x000000010bbf63d0: _ZTV13ObjArrayKlass+0x10 in /private/var/folders/nk/77tzydc5271b4jt6909jb9m80000gn/T/AppTranslocation/83DACF81-3FAF-48C6-A9E9-D6E58756B2D7/d/Android Studio.app/Contents/jre/jdk/Contents/Home/jre/lib/server/libjvm.dylib at 0x000000010b400000
R14=0x00007ff2d50237c0 is an unknown value
R15=0x00000007c0c3fc28 is pointing into metadata


Stack: [0x000070000ff0c000,0x000070001000c000],  sp=0x000070001000bca0,  free space=1023k
Native frames: (J=compiled Java code, j=interpreted, Vv=VM code, C=native code)
V  [libjvm.dylib+0x49c67a]
V  [libjvm.dylib+0x499f8a]
V  [libjvm.dylib+0x499e19]
V  [libjvm.dylib+0x13d1bd]
V  [libjvm.dylib+0x49d56d]
V  [libjvm.dylib+0x25a011]
V  [libjvm.dylib+0x45b9eb]
C  [libsystem_pthread.dylib+0x6109]  _pthread_start+0x94
C  [libsystem_pthread.dylib+0x1b8b]  thread_start+0xf


---------------  P R O C E S S  ---------------

Java Threads: ( => current thread )
  0x00007ff2e13fe800 JavaThread "jar transforms Thread 3032" [_thread_blocked, id=48231, stack(0x0000700018eb9000,0x0000700018fb9000)]
  0x00007ff2e13fd800 JavaThread "jar transforms Thread 3031" [_thread_blocked, id=80491, stack(0x0000700018db6000,0x0000700018eb6000)]
  0x00007ff2e13fd000 JavaThread "jar transforms Thread 3030" [_thread_blocked, id=36455, stack(0x0000700018cb3000,0x0000700018db3000)]
  0x00007ff2e13fc000 JavaThread "jar transforms Thread 3029" [_thread_blocked, id=127095, stack(0x0000700018bb0000,0x0000700018cb0000)]
  0x00007ff2dd686000 JavaThread "jar transforms Thread 3028" [_thread_blocked, id=65071, stack(0x0000700018aad000,0x0000700018bad000)]
  0x00007ff2d8202000 JavaThread "jar transforms Thread 3027" [_thread_blocked, id=43623, stack(0x00007000189aa000,0x0000700018aaa000)]
  0x00007ff2d8201000 JavaThread "jar transforms Thread 3026" [_thread_blocked, id=58163, stack(0x00007000188a7000,0x00007000189a7000)]
  0x00007ff2d8200800 JavaThread "jar transforms Thread 3025" [_thread_blocked, id=85095, stack(0x00007000187a4000,0x00007000188a4000)]
  0x00007ff2dd714000 JavaThread "jar transforms Thread 3024" [_thread_blocked, id=39979, stack(0x00007000186a1000,0x00007000187a1000)]
  0x00007ff2d8aae000 JavaThread "jar transforms Thread 3023" [_thread_blocked, id=85607, stack(0x000070001859e000,0x000070001869e000)]
  0x00007ff2dc763000 JavaThread "jar transforms Thread 3022" [_thread_blocked, id=74031, stack(0x000070001849b000,0x000070001859b000)]
  0x00007ff2d8e45800 JavaThread "jar transforms Thread 3021" [_thread_blocked, id=67155, stack(0x0000700018398000,0x0000700018498000)]
  0x00007ff2dc635000 JavaThread "jar transforms Thread 3020" [_thread_blocked, id=72807, stack(0x0000700018295000,0x0000700018395000)]
  0x00007ff2dc4f7000 JavaThread "jar transforms Thread 3019" [_thread_blocked, id=75295, stack(0x0000700018192000,0x0000700018292000)]
  0x00007ff2d8aa5000 JavaThread "jar transforms Thread 3018" [_thread_blocked, id=69739, stack(0x000070001808f000,0x000070001818f000)]
  0x00007ff2d8249000 JavaThread "jar transforms Thread 3017" [_thread_blocked, id=76651, stack(0x0000700017f8c000,0x000070001808c000)]
  0x00007ff2d8ae5000 JavaThread "jar transforms Thread 3016" [_thread_blocked, id=95843, stack(0x0000700017e89000,0x0000700017f89000)]
  0x00007ff2d8248000 JavaThread "jar transforms Thread 3015" [_thread_blocked, id=46379, stack(0x0000700017d86000,0x0000700017e86000)]
  0x00007ff2e169a000 JavaThread "jar transforms Thread 3014" [_thread_blocked, id=127335, stack(0x0000700017c83000,0x0000700017d83000)]
  0x00007ff2df053000 JavaThread "jar transforms Thread 3013" [_thread_blocked, id=61739, stack(0x0000700017b80000,0x0000700017c80000)]
  0x00007ff2dd330000 JavaThread "jar transforms Thread 3012" [_thread_blocked, id=88423, stack(0x0000700017a7d000,0x0000700017b7d000)]
  0x00007ff2da569800 JavaThread "jar transforms Thread 3011" [_thread_blocked, id=64615, stack(0x000070001797a000,0x0000700017a7a000)]
  0x00007ff2dd74b000 JavaThread "jar transforms Thread 3010" [_thread_blocked, id=41007, stack(0x0000700017877000,0x0000700017977000)]
  0x00007ff2dd6ff800 JavaThread "jar transforms Thread 3009" [_thread_blocked, id=57643, stack(0x0000700017774000,0x0000700017874000)]
  0x00007ff2df69e800 JavaThread "jar transforms Thread 3008" [_thread_blocked, id=91183, stack(0x0000700017671000,0x0000700017771000)]
  0x00007ff2dd404000 JavaThread "jar transforms Thread 3007" [_thread_blocked, id=28519, stack(0x000070001756e000,0x000070001766e000)]
  0x00007ff2df3a3800 JavaThread "jar transforms Thread 3006" [_thread_blocked, id=35939, stack(0x000070001746b000,0x000070001756b000)]
  0x00007ff2d59df800 JavaThread "jar transforms Thread 3005" [_thread_blocked, id=52787, stack(0x0000700017368000,0x0000700017468000)]
  0x00007ff2df3ff000 JavaThread "jar transforms Thread 3004" [_thread_blocked, id=73259, stack(0x0000700017265000,0x0000700017365000)]
  0x00007ff2d5b22000 JavaThread "jar transforms Thread 3003" [_thread_blocked, id=44395, stack(0x0000700017162000,0x0000700017262000)]
  0x00007ff2df481800 JavaThread "jar transforms Thread 3002" [_thread_blocked, id=50223, stack(0x000070001705f000,0x000070001715f000)]
  0x00007ff2dd726000 JavaThread "jar transforms Thread 3001" [_thread_blocked, id=69487, stack(0x0000700016f5c000,0x000070001705c000)]
  0x00007ff2d5d40800 JavaThread "jar transforms Thread 3000" [_thread_blocked, id=130091, stack(0x0000700016e59000,0x0000700016f59000)]
  0x00007ff2d5e49800 JavaThread "jar transforms Thread 2999" [_thread_blocked, id=92207, stack(0x0000700016d56000,0x0000700016e56000)]
  0x00007ff2dd7d3800 JavaThread "jar transforms Thread 2998" [_thread_blocked, id=35691, stack(0x0000700016c53000,0x0000700016d53000)]
  0x00007ff2d5976000 JavaThread "jar transforms Thread 2997" [_thread_blocked, id=87595, stack(0x0000700016b50000,0x0000700016c50000)]
  0x00007ff2d5979000 JavaThread "jar transforms Thread 2996" [_thread_blocked, id=78379, stack(0x0000700016a4d000,0x0000700016b4d000)]
  0x00007ff2dd447800 JavaThread "jar transforms Thread 2995" [_thread_blocked, id=128099, stack(0x000070001694a000,0x0000700016a4a000)]
  0x00007ff2d4da9000 JavaThread "jar transforms Thread 2994" [_thread_blocked, id=33127, stack(0x0000700016847000,0x0000700016947000)]
  0x00007ff2d4a55000 JavaThread "jar transforms Thread 2993" [_thread_blocked, id=70503, stack(0x0000700016744000,0x0000700016844000)]
  0x00007ff2e1699800 JavaThread "jar transforms Thread 2992" [_thread_blocked, id=72499, stack(0x0000700016641000,0x0000700016741000)]
  0x00007ff2d836c800 JavaThread "jar transforms Thread 2991" [_thread_blocked, id=66367, stack(0x000070001653e000,0x000070001663e000)]
  0x00007ff2d8bbb800 JavaThread "jar transforms Thread 2990" [_thread_blocked, id=66603, stack(0x000070001643b000,0x000070001653b000)]
  0x00007ff2d836b800 JavaThread "jar transforms Thread 2989" [_thread_blocked, id=74599, stack(0x0000700016338000,0x0000700016438000)]
  0x00007ff2dd557800 JavaThread "jar transforms Thread 2988" [_thread_blocked, id=61227, stack(0x0000700016235000,0x0000700016335000)]
  0x00007ff2d4fbc800 JavaThread "jar transforms Thread 2987" [_thread_blocked, id=37991, stack(0x0000700016132000,0x0000700016232000)]
  0x00007ff2dc7ff000 JavaThread "jar transforms Thread 2986" [_thread_blocked, id=94627, stack(0x000070001602f000,0x000070001612f000)]
  0x00007ff2d8426000 JavaThread "jar transforms Thread 2985" [_thread_blocked, id=62059, stack(0x0000700015f2c000,0x000070001602c000)]
  0x00007ff2d8425000 JavaThread "jar transforms Thread 2984" [_thread_blocked, id=126311, stack(0x0000700015e29000,0x0000700015f29000)]
  0x00007ff2e113a800 JavaThread "jar transforms Thread 2983" [_thread_blocked, id=87143, stack(0x0000700015d26000,0x0000700015e26000)]
  0x00007ff2df1b7000 JavaThread "jar transforms Thread 2982" [_thread_blocked, id=73075, stack(0x0000700015c23000,0x0000700015d23000)]
  0x00007ff2d5dd8000 JavaThread "jar transforms Thread 2981" [_thread_blocked, id=59179, stack(0x0000700015b20000,0x0000700015c20000)]
  0x00007ff2d4d29000 JavaThread "jar transforms Thread 2980" [_thread_blocked, id=58727, stack(0x0000700015a1d000,0x0000700015b1d000)]
  0x00007ff2d4a61000 JavaThread "jar transforms Thread 2979" [_thread_blocked, id=41515, stack(0x000070001591a000,0x0000700015a1a000)]
  0x00007ff2df53b000 JavaThread "jar transforms Thread 2978" [_thread_blocked, id=28263, stack(0x0000700015817000,0x0000700015917000)]
  0x00007ff2d4a7a800 JavaThread "jar transforms Thread 2977" [_thread_blocked, id=48999, stack(0x0000700015714000,0x0000700015814000)]
  0x00007ff2df48b000 JavaThread "jar transforms Thread 2976" [_thread_blocked, id=27235, stack(0x0000700015611000,0x0000700015711000)]
  0x00007ff2df5d7000 JavaThread "jar transforms Thread 2975" [_thread_blocked, id=43311, stack(0x000070001550e000,0x000070001560e000)]
  0x00007ff2df6cf000 JavaThread "jar transforms Thread 2974" [_thread_blocked, id=54631, stack(0x000070001540b000,0x000070001550b000)]
  0x00007ff2dd5f4000 JavaThread "jar transforms Thread 2973" [_thread_blocked, id=96543, stack(0x0000700015308000,0x0000700015408000)]
  0x00007ff2df59c800 JavaThread "jar transforms Thread 2972" [_thread_blocked, id=49767, stack(0x0000700015205000,0x0000700015305000)]
  0x00007ff2dc411800 JavaThread "jar transforms Thread 2971" [_thread_blocked, id=90715, stack(0x0000700015102000,0x0000700015202000)]
  0x00007ff2e1139800 JavaThread "jar transforms Thread 2970" [_thread_blocked, id=22123, stack(0x0000700014fff000,0x00007000150ff000)]
  0x00007ff2da656800 JavaThread "jar transforms Thread 2969" [_thread_blocked, id=76903, stack(0x0000700014efc000,0x0000700014ffc000)]
  0x00007ff2dc18a800 JavaThread "jar transforms Thread 2968" [_thread_blocked, id=46183, stack(0x0000700014df9000,0x0000700014ef9000)]
  0x00007ff2d8365000 JavaThread "jar transforms Thread 2967" [_thread_blocked, id=84335, stack(0x0000700014cf6000,0x0000700014df6000)]
  0x00007ff2d8364800 JavaThread "jar transforms Thread 2966" [_thread_blocked, id=86071, stack(0x0000700014bf3000,0x0000700014cf3000)]
  0x00007ff2df7e5000 JavaThread "jar transforms Thread 2965" [_thread_blocked, id=128811, stack(0x0000700014af0000,0x0000700014bf0000)]
  0x00007ff2da57e000 JavaThread "jar transforms Thread 2964" [_thread_blocked, id=48487, stack(0x00007000149ed000,0x0000700014aed000)]
  0x00007ff2df73f800 JavaThread "jar transforms Thread 2963" [_thread_blocked, id=125743, stack(0x00007000148ea000,0x00007000149ea000)]
  0x00007ff2da736000 JavaThread "jar transforms Thread 2962" [_thread_blocked, id=28767, stack(0x00007000147e7000,0x00007000148e7000)]
  0x00007ff2df6b5800 JavaThread "jar transforms Thread 2961" [_thread_blocked, id=86787, stack(0x00007000146e4000,0x00007000147e4000)]
  0x00007ff2da51a800 JavaThread "jar transforms Thread 2960" [_thread_blocked, id=36647, stack(0x00007000145e1000,0x00007000146e1000)]
  0x00007ff2df739000 JavaThread "jar transforms Thread 2959" [_thread_blocked, id=123407, stack(0x00007000144de000,0x00007000145de000)]
  0x00007ff2d5dfb000 JavaThread "jar transforms Thread 2958" [_thread_blocked, id=55395, stack(0x00007000143db000,0x00007000144db000)]
  0x00007ff2d8863000 JavaThread "jar transforms Thread 2957" [_thread_blocked, id=125483, stack(0x00007000142d8000,0x00007000143d8000)]
  0x00007ff2d5b35000 JavaThread "jar transforms Thread 2956" [_thread_blocked, id=80231, stack(0x00007000141d5000,0x00007000142d5000)]
  0x00007ff2d8980800 JavaThread "jar transforms Thread 2955" [_thread_blocked, id=125027, stack(0x00007000140d2000,0x00007000141d2000)]
  0x00007ff2d8ae7000 JavaThread "jar transforms Thread 2954" [_thread_blocked, id=49255, stack(0x0000700013fcf000,0x00007000140cf000)]
  0x00007ff2d49e6000 JavaThread "jar transforms Thread 2953" [_thread_blocked, id=87911, stack(0x0000700013ecc000,0x0000700013fcc000)]
  0x00007ff2dd5b6000 JavaThread "jar transforms Thread 2952" [_thread_blocked, id=63083, stack(0x0000700013dc9000,0x0000700013ec9000)]
  0x00007ff2d5a0b800 JavaThread "jar transforms Thread 2951" [_thread_blocked, id=68395, stack(0x0000700013cc6000,0x0000700013dc6000)]
  0x00007ff2e1446800 JavaThread "jar transforms Thread 2950" [_thread_blocked, id=71211, stack(0x0000700013bc3000,0x0000700013cc3000)]
  0x00007ff2e1116800 JavaThread "jar transforms Thread 2949" [_thread_blocked, id=34923, stack(0x0000700013ac0000,0x0000700013bc0000)]
  0x00007ff2d8206800 JavaThread "jar transforms Thread 2948" [_thread_blocked, id=81779, stack(0x00007000139bd000,0x0000700013abd000)]
  0x00007ff2e1114800 JavaThread "jar transforms Thread 2947" [_thread_blocked, id=79415, stack(0x00007000138ba000,0x00007000139ba000)]
  0x00007ff2d8203800 JavaThread "jar transforms Thread 2946" [_thread_blocked, id=84575, stack(0x00007000137b7000,0x00007000138b7000)]
  0x00007ff2d5a08800 JavaThread "jar transforms Thread 2945" [_thread_blocked, id=77159, stack(0x00007000136b4000,0x00007000137b4000)]
  0x00007ff2dc607800 JavaThread "jar transforms Thread 2944" [_thread_blocked, id=22323, stack(0x00007000135b1000,0x00007000136b1000)]
  0x00007ff2dc517800 JavaThread "jar transforms Thread 2943" [_thread_blocked, id=16499, stack(0x00007000134ae000,0x00007000135ae000)]
  0x00007ff2dc57f800 JavaThread "jar transforms Thread 2942" [_thread_blocked, id=130923, stack(0x00007000133ab000,0x00007000134ab000)]
  0x00007ff2d8915800 JavaThread "jar transforms Thread 2941" [_thread_blocked, id=90411, stack(0x00007000132a8000,0x00007000133a8000)]
  0x00007ff2d8615000 JavaThread "jar transforms Thread 2940" [_thread_blocked, id=44587, stack(0x00007000131a5000,0x00007000132a5000)]
  0x00007ff2d4e0c800 JavaThread "jar transforms Thread 2939" [_thread_blocked, id=45671, stack(0x00007000130a2000,0x00007000131a2000)]
  0x00007ff2d49bc000 JavaThread "jar transforms Thread 2938" [_thread_blocked, id=35175, stack(0x0000700012f9f000,0x000070001309f000)]
  0x00007ff2e17ff000 JavaThread "jar transforms Thread 2937" [_thread_blocked, id=75823, stack(0x0000700012e9c000,0x0000700012f9c000)]
  0x00007ff2dd34c000 JavaThread "jar transforms Thread 2936" [_thread_blocked, id=129639, stack(0x0000700012d99000,0x0000700012e99000)]
  0x00007ff2d82dc800 JavaThread "jar transforms Thread 2935" [_thread_blocked, id=15963, stack(0x0000700012c96000,0x0000700012d96000)]
  0x00007ff2e1449000 JavaThread "jar transforms Thread 2934" [_thread_blocked, id=125995, stack(0x0000700012b93000,0x0000700012c93000)]
  0x00007ff2e151f800 JavaThread "jar transforms Thread 2933" [_thread_blocked, id=129795, stack(0x0000700012a90000,0x0000700012b90000)]
  0x00007ff2e11f4800 JavaThread "jar transforms Thread 2932" [_thread_blocked, id=88679, stack(0x000070001298d000,0x0000700012a8d000)]
  0x00007ff2e16c5000 JavaThread "jar transforms Thread 2931" [_thread_blocked, id=97307, stack(0x000070001288a000,0x000070001298a000)]
  0x00007ff2e15c7000 JavaThread "jar transforms Thread 2930" [_thread_blocked, id=64299, stack(0x0000700012787000,0x0000700012887000)]
  0x00007ff2e16b3000 JavaThread "jar transforms Thread 2929" [_thread_blocked, id=46639, stack(0x0000700012684000,0x0000700012784000)]
  0x00007ff2e113e000 JavaThread "jar transforms Thread 2928" [_thread_blocked, id=38247, stack(0x0000700012581000,0x0000700012681000)]
  0x00007ff2d4bca000 JavaThread "jar transforms Thread 2927" [_thread_blocked, id=121627, stack(0x0000700012278000,0x0000700012378000)]
  0x00007ff2da6cc800 JavaThread "jar transforms Thread 2926" [_thread_blocked, id=25603, stack(0x0000700012175000,0x0000700012275000)]
  0x00007ff2d8791800 JavaThread "Build operations Thread 4" [_thread_blocked, id=23143, stack(0x0000700012072000,0x0000700012172000)]
  0x00007ff2dc0bf000 JavaThread "Build operations Thread 3" [_thread_blocked, id=54375, stack(0x0000700011f6f000,0x000070001206f000)]
  0x00007ff2df7dd000 JavaThread "Build operations Thread 2" [_thread_blocked, id=78707, stack(0x0000700011e6c000,0x0000700011f6c000)]
  0x00007ff2d4a67000 JavaThread "Build operations" [_thread_blocked, id=51043, stack(0x0000700011d69000,0x0000700011e69000)]
  0x00007ff2e113c800 JavaThread "Cache worker for cache directory md-rule (/Users/soso/.gradle/caches/6.5/md-rule)" [_thread_blocked, id=92011, stack(0x0000700011c66000,0x0000700011d66000)]
  0x00007ff2dc759800 JavaThread "Cache worker for cache directory md-supplier (/Users/soso/.gradle/caches/6.5/md-supplier)" [_thread_blocked, id=40267, stack(0x0000700011b63000,0x0000700011c63000)]
  0x00007ff2dd6fc800 JavaThread "Cache worker for checksums cache (/Users/soso/AndroidStudioProjects/DingBring/.gradle/checksums)" [_thread_blocked, id=122175, stack(0x0000700011a60000,0x0000700011b60000)]
  0x00007ff2df7f6000 JavaThread "Cache worker for file hash cache (/Users/soso/AndroidStudioProjects/DingBring/.gradle/6.5/fileHashes)" [_thread_blocked, id=123983, stack(0x000070001195d000,0x0000700011a5d000)]
  0x00007ff2df6cb800 JavaThread "Thread-3661" [_thread_blocked, id=60483, stack(0x0000700011551000,0x0000700011651000)]
  0x00007ff2df3a7000 JavaThread "Stdin handler" [_thread_blocked, id=71019, stack(0x000070001144e000,0x000070001154e000)]
  0x00007ff2d4daa800 JavaThread "Asynchronous log dispatcher for DefaultDaemonConnection: socket connection from /127.0.0.1:56452 to /127.0.0.1:61906" [_thread_blocked, id=65383, stack(0x000070001134b000,0x000070001144b000)]
  0x00007ff2dd62c800 JavaThread "Daemon worker Thread 26" [_thread_blocked, id=74339, stack(0x0000700011248000,0x0000700011348000)]
  0x00007ff2d8205000 JavaThread "Cancel handler" [_thread_blocked, id=34339, stack(0x0000700011145000,0x0000700011245000)]
  0x00007ff2d8fb5800 JavaThread "Handler for socket connection from /127.0.0.1:56452 to /127.0.0.1:61906" [_thread_in_native, id=42855, stack(0x0000700011042000,0x0000700011142000)]
  0x00007ff2d5d1e800 JavaThread "Daemon Thread 26" [_thread_blocked, id=63599, stack(0x0000700010f3f000,0x000070001103f000)]
  0x00007ff2deaed000 JavaThread "Cache worker for Java compile cache (/Users/soso/.gradle/caches/6.5/javaCompile)" [_thread_blocked, id=121859, stack(0x000070001b453000,0x000070001b553000)]
  0x00007ff2dea92000 JavaThread "RMI Reaper" [_thread_blocked, id=122627, stack(0x000070001b24d000,0x000070001b34d000)]
  0x00007ff2db830800 JavaThread "GC Daemon" daemon [_thread_blocked, id=56079, stack(0x000070001b14a000,0x000070001b24a000)]
  0x00007ff2d4a6f000 JavaThread "RMI TCP Accept-0" daemon [_thread_in_native, id=93699, stack(0x000070001aa0a000,0x000070001ab0a000)]
  0x00007ff2d64a8800 JavaThread "RMI Scheduler(0)" daemon [_thread_blocked, id=93443, stack(0x000070001a701000,0x000070001a801000)]
  0x00007ff2d5971000 JavaThread "Memory manager" [_thread_blocked, id=129027, stack(0x0000700019add000,0x0000700019bdd000)]
  0x00007ff2dc127800 JavaThread "Cache worker for file content cache (/Users/soso/.gradle/caches/6.5/fileContent)" [_thread_blocked, id=26627, stack(0x000070001247e000,0x000070001257e000)]
  0x00007ff2dac92800 JavaThread "Cache worker for execution history cache (/Users/soso/.gradle/caches/6.5/executionHistory)" [_thread_blocked, id=39171, stack(0x000070001237b000,0x000070001247b000)]
  0x00007ff2d4c74800 JavaThread "Cache worker for file hash cache (/Users/soso/.gradle/caches/6.5/fileHashes)" [_thread_blocked, id=42243, stack(0x000070001185a000,0x000070001195a000)]
  0x00007ff2d4977800 JavaThread "File lock request listener" [_thread_in_native, id=23811, stack(0x0000700011757000,0x0000700011857000)]
  0x00007ff2d4be5000 JavaThread "Cache worker for journal cache (/Users/soso/.gradle/caches/journal-1)" [_thread_blocked, id=23299, stack(0x0000700011654000,0x0000700011754000)]
  0x00007ff2d6196000 JavaThread "Daemon periodic checks" [_thread_blocked, id=16899, stack(0x0000700010e3c000,0x0000700010f3c000)]
  0x00007ff2d48b3800 JavaThread "Incoming local TCP Connector on port 56452" [_thread_in_native, id=15107, stack(0x0000700010d39000,0x0000700010e39000)]
  0x00007ff2d4d87800 JavaThread "Daemon health stats" [_thread_blocked, id=14851, stack(0x0000700010c36000,0x0000700010d36000)]
  0x00007ff2d503f800 JavaThread "Service Thread" daemon [_thread_blocked, id=17667, stack(0x0000700010a30000,0x0000700010b30000)]
  0x00007ff2d6015000 JavaThread "C1 CompilerThread2" daemon [_thread_blocked, id=14083, stack(0x000070001092d000,0x0000700010a2d000)]
  0x00007ff2d503d000 JavaThread "C2 CompilerThread1" daemon [_thread_blocked, id=13571, stack(0x000070001082a000,0x000070001092a000)]
  0x00007ff2d584e800 JavaThread "C2 CompilerThread0" daemon [_thread_blocked, id=13059, stack(0x0000700010727000,0x0000700010827000)]
  0x00007ff2d4826800 JavaThread "Signal Dispatcher" daemon [_thread_blocked, id=18435, stack(0x0000700010624000,0x0000700010724000)]
  0x00007ff2d5027000 JavaThread "Finalizer" daemon [_thread_blocked, id=20995, stack(0x000070001041b000,0x000070001051b000)]
  0x00007ff2d4824000 JavaThread "Reference Handler" daemon [_thread_blocked, id=11267, stack(0x0000700010318000,0x0000700010418000)]
  0x00007ff2d580a000 JavaThread "main" [_thread_blocked, id=3331, stack(0x000070000fd06000,0x000070000fe06000)]

Other Threads:
  0x00007ff2d5024000 VMThread [stack: 0x0000700010215000,0x0000700010315000] [id=11011]
  0x00007ff2d6035800 WatcherThread [stack: 0x0000700010b33000,0x0000700010c33000] [id=17411]

=>0x00007ff2d580b800 (exited) GCTaskThread [stack: 0x000070000ff0c000,0x000070001000c000] [id=7939]

VM state:at safepoint (normal execution)

VM Mutex/Monitor currently owned by a thread:  ([mutex/lock_event])
[0x00007ff2d47066d0] Threads_lock - owner thread: 0x00007ff2d5024000
[0x00007ff2d4706bd0] Heap_lock - owner thread: 0x00007ff2e13fe800

heap address: 0x0000000740000000, size: 2048 MB, Compressed Oops mode: Zero based, Oop shift amount: 3
Narrow klass base: 0x0000000000000000, Narrow klass shift: 3
Compressed class space size: 1073741824 Address: 0x00000007c0000000

Heap:
 PSYoungGen      total 484352K, used 424802K [0x0000000795580000, 0x00000007c0000000, 0x00000007c0000000)
  eden space 293376K, 100% used [0x0000000795580000,0x00000007a7400000,0x00000007a7400000)
  from space 190976K, 68% used [0x00000007b3800000,0x00000007bb8589b8,0x00000007bf280000)
  to   space 200704K, 2% used [0x00000007a7400000,0x00000007a7910000,0x00000007b3800000)
 ParOldGen       total 533504K, used 351516K [0x0000000740000000, 0x0000000760900000, 0x0000000795580000)
  object space 533504K, 65% used [0x0000000740000000,0x0000000755747250,0x0000000760900000)
 Metaspace       used 152381K, capacity 162683K, committed 163020K, reserved 1191936K
  class space    used 18720K, capacity 20439K, committed 20480K, reserved 1048576K

Card table byte_map: [0x000000010c678000,0x000000010ca79000] byte_map_base: 0x0000000108c78000

Marking Bits: (ParMarkBitMap*) 0x000000010bc273f8
 Begin Bits: [0x000000010cd24000, 0x000000010ed24000)
 End Bits:   [0x000000010ed24000, 0x0000000110d24000)

Polling page: 0x000000010aaa2000

CodeCache: size=245760Kb used=100812Kb max_used=101058Kb free=144947Kb
 bounds [0x000000011870f000, 0x000000011ea7f000, 0x000000012770f000]
 total_blobs=29630 nmethods=28682 adapters=859
 compilation: enabled

Compilation events (10 events):
Event: 10364.945 Thread 0x00007ff2d584e800 42538       4       org.gradle.cache.internal.cacheops.CacheAccessOperationsStack::getOrCreateStack (33 bytes)
Event: 10364.957 Thread 0x00007ff2d584e800 nmethod 42538 0x000000011bc4a410 code [0x000000011bc4a5a0, 0x000000011bc4a828]
Event: 10364.965 Thread 0x00007ff2d6015000 42534       3       com.google.common.util.concurrent.Striped$1::get (5 bytes)
Event: 10364.966 Thread 0x00007ff2d6015000 nmethod 42534 0x000000011aa029d0 code [0x000000011aa02b60, 0x000000011aa02e88]
Event: 10365.000 Thread 0x00007ff2d503d000 42539 % !   4       org.apache.commons.lang.reflect.MethodUtils::getMatchingAccessibleMethod @ 30 (122 bytes)
Event: 10365.018 Thread 0x00007ff2d503d000 nmethod 42539% 0x000000011ae9b9d0 code [0x000000011ae9bb40, 0x000000011ae9c258]
Event: 10365.021 Thread 0x00007ff2d6015000 42535       3       com.google.common.util.concurrent.Striped$1::get (8 bytes)
Event: 10365.023 Thread 0x00007ff2d6015000 nmethod 42535 0x000000011d3ad9d0 code [0x000000011d3adb80, 0x000000011d3ae0b0]
Event: 10365.030 Thread 0x00007ff2d584e800 42540       4       java.util.ArrayDeque::<init> (10 bytes)
Event: 10365.034 Thread 0x00007ff2d584e800 nmethod 42540 0x000000011b96bf10 code [0x000000011b96c060, 0x000000011b96c1f8]

GC Heap History (10 events):
Event: 10138.192 GC heap after
Heap after GC invocations=112 (full 10):
 PSYoungGen      total 403968K, used 0K [0x0000000795580000, 0x00000007c0000000, 0x00000007c0000000)
  eden space 244224K, 0% used [0x0000000795580000,0x0000000795580000,0x00000007a4400000)
  from space 159744K, 0% used [0x00000007b6400000,0x00000007b6400000,0x00000007c0000000)
  to   space 227328K, 0% used [0x00000007a4400000,0x00000007a4400000,0x00000007b2200000)
 ParOldGen       total 533504K, used 320911K [0x0000000740000000, 0x0000000760900000, 0x0000000795580000)
  object space 533504K, 60% used [0x0000000740000000,0x0000000753963d88,0x0000000760900000)
 Metaspace       used 152331K, capacity 162657K, committed 163020K, reserved 1191936K
  class space    used 18718K, capacity 20436K, committed 20480K, reserved 1048576K
}
Event: 10139.050 GC heap before
{Heap before GC invocations=113 (full 10):
 PSYoungGen      total 403968K, used 244224K [0x0000000795580000, 0x00000007c0000000, 0x00000007c0000000)
  eden space 244224K, 100% used [0x0000000795580000,0x00000007a4400000,0x00000007a4400000)
  from space 159744K, 0% used [0x00000007b6400000,0x00000007b6400000,0x00000007c0000000)
  to   space 227328K, 0% used [0x00000007a4400000,0x00000007a4400000,0x00000007b2200000)
 ParOldGen       total 533504K, used 320911K [0x0000000740000000, 0x0000000760900000, 0x0000000795580000)
  object space 533504K, 60% used [0x0000000740000000,0x0000000753963d88,0x0000000760900000)
 Metaspace       used 152335K, capacity 162657K, committed 163020K, reserved 1191936K
  class space    used 18718K, capacity 20436K, committed 20480K, reserved 1048576K
Event: 10139.172 GC heap after
Heap after GC invocations=113 (full 10):
 PSYoungGen      total 471552K, used 64216K [0x0000000795580000, 0x00000007c0000000, 0x00000007c0000000)
  eden space 244224K, 0% used [0x0000000795580000,0x0000000795580000,0x00000007a4400000)
  from space 227328K, 28% used [0x00000007a4400000,0x00000007a82b6050,0x00000007b2200000)
  to   space 213504K, 0% used [0x00000007b2f80000,0x00000007b2f80000,0x00000007c0000000)
 ParOldGen       total 533504K, used 320911K [0x0000000740000000, 0x0000000760900000, 0x0000000795580000)
  object space 533504K, 60% used [0x0000000740000000,0x0000000753963d88,0x0000000760900000)
 Metaspace       used 152335K, capacity 162657K, committed 163020K, reserved 1191936K
  class space    used 18718K, capacity 20436K, committed 20480K, reserved 1048576K
}
Event: 10140.066 GC heap before
{Heap before GC invocations=114 (full 10):
 PSYoungGen      total 471552K, used 308440K [0x0000000795580000, 0x00000007c0000000, 0x00000007c0000000)
  eden space 244224K, 100% used [0x0000000795580000,0x00000007a4400000,0x00000007a4400000)
  from space 227328K, 28% used [0x00000007a4400000,0x00000007a82b6050,0x00000007b2200000)
  to   space 213504K, 0% used [0x00000007b2f80000,0x00000007b2f80000,0x00000007c0000000)
 ParOldGen       total 533504K, used 320911K [0x0000000740000000, 0x0000000760900000, 0x0000000795580000)
  object space 533504K, 60% used [0x0000000740000000,0x0000000753963d88,0x0000000760900000)
 Metaspace       used 152351K, capacity 162665K, committed 163020K, reserved 1191936K
  class space    used 18718K, capacity 20436K, committed 20480K, reserved 1048576K
Event: 10140.175 GC heap after
Heap after GC invocations=114 (full 10):
 PSYoungGen      total 433152K, used 77273K [0x0000000795580000, 0x00000007bda80000, 0x00000007c0000000)
  eden space 258048K, 0% used [0x0000000795580000,0x0000000795580000,0x00000007a5180000)
  from space 175104K, 44% used [0x00000007b2f80000,0x00000007b7af6798,0x00000007bda80000)
  to   space 201216K, 0% used [0x00000007a5180000,0x00000007a5180000,0x00000007b1600000)
 ParOldGen       total 533504K, used 320911K [0x0000000740000000, 0x0000000760900000, 0x0000000795580000)
  object space 533504K, 60% used [0x0000000740000000,0x0000000753963d88,0x0000000760900000)
 Metaspace       used 152351K, capacity 162665K, committed 163020K, reserved 1191936K
  class space    used 18718K, capacity 20436K, committed 20480K, reserved 1048576K
}
Event: 10141.897 GC heap before
{Heap before GC invocations=115 (full 10):
 PSYoungGen      total 433152K, used 335321K [0x0000000795580000, 0x00000007bda80000, 0x00000007c0000000)
  eden space 258048K, 100% used [0x0000000795580000,0x00000007a5180000,0x00000007a5180000)
  from space 175104K, 44% used [0x00000007b2f80000,0x00000007b7af6798,0x00000007bda80000)
  to   space 201216K, 0% used [0x00000007a5180000,0x00000007a5180000,0x00000007b1600000)
 ParOldGen       total 533504K, used 320911K [0x0000000740000000, 0x0000000760900000, 0x0000000795580000)
  object space 533504K, 60% used [0x0000000740000000,0x0000000753963d88,0x0000000760900000)
 Metaspace       used 152360K, capacity 162665K, committed 163020K, reserved 1191936K
  class space    used 18718K, capacity 20436K, committed 20480K, reserved 1048576K
Event: 10142.035 GC heap after
Heap after GC invocations=115 (full 10):
 PSYoungGen      total 459264K, used 79079K [0x0000000795580000, 0x00000007bf280000, 0x00000007c0000000)
  eden space 258048K, 0% used [0x0000000795580000,0x0000000795580000,0x00000007a5180000)
  from space 201216K, 39% used [0x00000007a5180000,0x00000007a9eb9c18,0x00000007b1600000)
  to   space 190976K, 0% used [0x00000007b3800000,0x00000007b3800000,0x00000007bf280000)
 ParOldGen       total 533504K, used 320911K [0x0000000740000000, 0x0000000760900000, 0x0000000795580000)
  object space 533504K, 60% used [0x0000000740000000,0x0000000753963d88,0x0000000760900000)
 Metaspace       used 152360K, capacity 162665K, committed 163020K, reserved 1191936K
  class space    used 18718K, capacity 20436K, committed 20480K, reserved 1048576K
}
Event: 10143.362 GC heap before
{Heap before GC invocations=116 (full 10):
 PSYoungGen      total 459264K, used 337127K [0x0000000795580000, 0x00000007bf280000, 0x00000007c0000000)
  eden space 258048K, 100% used [0x0000000795580000,0x00000007a5180000,0x00000007a5180000)
  from space 201216K, 39% used [0x00000007a5180000,0x00000007a9eb9c18,0x00000007b1600000)
  to   space 190976K, 0% used [0x00000007b3800000,0x00000007b3800000,0x00000007bf280000)
 ParOldGen       total 533504K, used 320911K [0x0000000740000000, 0x0000000760900000, 0x0000000795580000)
  object space 533504K, 60% used [0x0000000740000000,0x0000000753963d88,0x0000000760900000)
 Metaspace       used 152360K, capacity 162665K, committed 163020K, reserved 1191936K
  class space    used 18718K, capacity 20436K, committed 20480K, reserved 1048576K
Event: 10143.540 GC heap after
Heap after GC invocations=116 (full 10):
 PSYoungGen      total 484352K, used 131426K [0x0000000795580000, 0x00000007c0000000, 0x00000007c0000000)
  eden space 293376K, 0% used [0x0000000795580000,0x0000000795580000,0x00000007a7400000)
  from space 190976K, 68% used [0x00000007b3800000,0x00000007bb8589b8,0x00000007bf280000)
  to   space 200704K, 0% used [0x00000007a7400000,0x00000007a7400000,0x00000007b3800000)
 ParOldGen       total 533504K, used 320911K [0x0000000740000000, 0x0000000760900000, 0x0000000795580000)
  object space 533504K, 60% used [0x0000000740000000,0x0000000753963d88,0x0000000760900000)
 Metaspace       used 152360K, capacity 162665K, committed 163020K, reserved 1191936K
  class space    used 18718K, capacity 20436K, committed 20480K, reserved 1048576K
}
Event: 10365.509 GC heap before
{Heap before GC invocations=117 (full 10):
 PSYoungGen      total 484352K, used 424802K [0x0000000795580000, 0x00000007c0000000, 0x00000007c0000000)
  eden space 293376K, 100% used [0x0000000795580000,0x00000007a7400000,0x00000007a7400000)
  from space 190976K, 68% used [0x00000007b3800000,0x00000007bb8589b8,0x00000007bf280000)
  to   space 200704K, 0% used [0x00000007a7400000,0x00000007a7400000,0x00000007b3800000)
 ParOldGen       total 533504K, used 320911K [0x0000000740000000, 0x0000000760900000, 0x0000000795580000)
  object space 533504K, 60% used [0x0000000740000000,0x0000000753963d88,0x0000000760900000)
 Metaspace       used 152381K, capacity 162683K, committed 163020K, reserved 1191936K
  class space    used 18720K, capacity 20439K, committed 20480K, reserved 1048576K

Deoptimization events (10 events):
Event: 10125.274 Thread 0x00007ff2d57cc000 Uncommon trap: reason=speculate_class_check action=maybe_recompile pc=0x000000011a8ac2ac method=com.android.ide.common.resources.DataItem.setTouched()Lcom/android/ide/common/resources/DataItem; @ 18
Event: 10127.270 Thread 0x00007ff2d5d1e800 Uncommon trap: reason=unstable_if action=reinterpret pc=0x000000011d3ae0b4 method=com.google.gson.stream.JsonReader.nextNonWhitespace(Z)I @ 61
Event: 10129.682 Thread 0x00007ff2d5d1e800 Uncommon trap: reason=unstable_if action=reinterpret pc=0x000000011a294850 method=kotlin.text.StringsKt__StringsKt.indexOf$default(Ljava/lang/CharSequence;CIZILjava/lang/Object;)I @ 4
Event: 10130.138 Thread 0x00007ff2d5d1e800 Uncommon trap: reason=unstable_if action=reinterpret pc=0x000000011e8586bc method=android.databinding.tool.reflection.SdkUtil$ApiChecker.buildFullLookup()V @ 49
Event: 10132.477 Thread 0x00007ff2d8202000 Uncommon trap: reason=bimorphic action=maybe_recompile pc=0x000000011b206958 method=com.google.common.collect.ImmutableMap.copyOf(Ljava/lang/Iterable;)Lcom/google/common/collect/ImmutableMap; @ 53
Event: 10139.828 Thread 0x00007ff2dc517800 Uncommon trap: reason=array_check action=maybe_recompile pc=0x0000000118f86364 method=com.google.common.collect.ImmutableList.copyIntoArray([Ljava/lang/Object;I)I @ 25
Event: 10139.828 Thread 0x00007ff2dc517800 Uncommon trap: reason=array_check action=maybe_recompile pc=0x0000000118f86364 method=com.google.common.collect.ImmutableList.copyIntoArray([Ljava/lang/Object;I)I @ 25
Event: 10139.828 Thread 0x00007ff2dc517800 Uncommon trap: reason=array_check action=maybe_recompile pc=0x0000000118f86364 method=com.google.common.collect.ImmutableList.copyIntoArray([Ljava/lang/Object;I)I @ 25
Event: 10139.828 Thread 0x00007ff2dc517800 Uncommon trap: reason=array_check action=maybe_recompile pc=0x0000000118f86364 method=com.google.common.collect.ImmutableList.copyIntoArray([Ljava/lang/Object;I)I @ 25
Event: 10144.593 Thread 0x00007ff2d5d1e800 Uncommon trap: reason=unstable_if action=reinterpret pc=0x000000011b4f5ad8 method=java.util.stream.SpinedBuffer.clear()V @ 64

Classes redefined (0 events):
No events

Internal exceptions (10 events):
Event: 10134.007 Thread 0x00007ff2dc57f800 Exception <a 'sun/nio/fs/UnixException'> (0x000000079aba6170) thrown at [/Volumes/Android/buildbot/src/googleplex-android/openjdk/out/hotspot/src/share/vm/prims/jni.cpp, line 710]
Event: 10134.009 Thread 0x00007ff2dc57f800 Exception <a 'sun/nio/fs/UnixException'> (0x000000079abafc20) thrown at [/Volumes/Android/buildbot/src/googleplex-android/openjdk/out/hotspot/src/share/vm/prims/jni.cpp, line 710]
Event: 10134.010 Thread 0x00007ff2dc57f800 Exception <a 'sun/nio/fs/UnixException'> (0x000000079abb95e0) thrown at [/Volumes/Android/buildbot/src/googleplex-android/openjdk/out/hotspot/src/share/vm/prims/jni.cpp, line 710]
Event: 10134.011 Thread 0x00007ff2dc57f800 Exception <a 'sun/nio/fs/UnixException'> (0x000000079abbee70) thrown at [/Volumes/Android/buildbot/src/googleplex-android/openjdk/out/hotspot/src/share/vm/prims/jni.cpp, line 710]
Event: 10134.013 Thread 0x00007ff2dc57f800 Exception <a 'sun/nio/fs/UnixException'> (0x000000079acc9b68) thrown at [/Volumes/Android/buildbot/src/googleplex-android/openjdk/out/hotspot/src/share/vm/prims/jni.cpp, line 710]
Event: 10139.800 Thread 0x00007ff2dc53f000 Exception <a 'sun/nio/fs/UnixException'> (0x00000007a0a46b70) thrown at [/Volumes/Android/buildbot/src/googleplex-android/openjdk/out/hotspot/src/share/vm/prims/jni.cpp, line 710]
Event: 10143.724 Thread 0x00007ff2e13fc000 Exception <a 'sun/nio/fs/UnixException'> (0x000000079b7a4d20) thrown at [/Volumes/Android/buildbot/src/googleplex-android/openjdk/out/hotspot/src/share/vm/prims/jni.cpp, line 710]
Event: 10144.239 Thread 0x00007ff2dd3af000 Exception <a 'sun/nio/fs/UnixException'> (0x000000079fdcf620) thrown at [/Volumes/Android/buildbot/src/googleplex-android/openjdk/out/hotspot/src/share/vm/prims/jni.cpp, line 710]
Event: 10144.411 Thread 0x00007ff2df365800 Exception <a 'sun/nio/fs/UnixException'> (0x00000007a0326450) thrown at [/Volumes/Android/buildbot/src/googleplex-android/openjdk/out/hotspot/src/share/vm/prims/jni.cpp, line 710]
Event: 10144.613 Thread 0x00007ff2dd751800 Exception <a 'sun/nio/fs/UnixException'> (0x00000007a09e8218) thrown at [/Volumes/Android/buildbot/src/googleplex-android/openjdk/out/hotspot/src/share/vm/prims/jni.cpp, line 710]

Events (10 events):
Event: 10365.506 Thread 0x00007ff2dd714000 Thread added: 0x00007ff2dd714000
Event: 10365.506 Thread 0x00007ff2d8200800 Thread added: 0x00007ff2d8200800
Event: 10365.506 Thread 0x00007ff2d8201000 Thread added: 0x00007ff2d8201000
Event: 10365.507 Thread 0x00007ff2d8202000 Thread added: 0x00007ff2d8202000
Event: 10365.507 Thread 0x00007ff2dd686000 Thread added: 0x00007ff2dd686000
Event: 10365.507 Thread 0x00007ff2e13fc000 Thread added: 0x00007ff2e13fc000
Event: 10365.507 Thread 0x00007ff2e13fd000 Thread added: 0x00007ff2e13fd000
Event: 10365.508 Thread 0x00007ff2e13fd800 Thread added: 0x00007ff2e13fd800
Event: 10365.508 Thread 0x00007ff2e13fe800 Thread added: 0x00007ff2e13fe800
Event: 10365.508 Executing VM operation: ParallelGCFailedAllocation


Dynamic libraries:
0x00007fff35e15000 	/System/Library/Frameworks/Cocoa.framework/Versions/A/Cocoa
0x00007fff4360e000 	/System/Library/Frameworks/Security.framework/Versions/A/Security
0x00007fff34d7a000 	/System/Library/Frameworks/ApplicationServices.framework/Versions/A/ApplicationServices
0x00007fff70132000 	/usr/lib/libz.1.dylib
0x00007fff6dbf6000 	/usr/lib/libSystem.B.dylib
0x00007fff36cb7000 	/System/Library/Frameworks/CoreFoundation.framework/Versions/A/CoreFoundation
0x00007fff39374000 	/System/Library/Frameworks/Foundation.framework/Versions/C/Foundation
0x00007fff6fa56000 	/usr/lib/libobjc.A.dylib
0x00007fff33f6a000 	/System/Library/Frameworks/AppKit.framework/Versions/C/AppKit
0x00007fff36799000 	/System/Library/Frameworks/CoreData.framework/Versions/A/CoreData
0x00007fff67c0b000 	/System/Library/PrivateFrameworks/UIFoundation.framework/Versions/A/UIFoundation
0x00007fff62c9f000 	/System/Library/PrivateFrameworks/RemoteViewServices.framework/Versions/A/RemoteViewServices
0x00007fff6a766000 	/System/Library/PrivateFrameworks/XCTTargetBootstrap.framework/Versions/A/XCTTargetBootstrap
0x00007fff36b84000 	/System/Library/Frameworks/CoreDisplay.framework/Versions/A/CoreDisplay
0x00007fff3c22f000 	/System/Library/Frameworks/Metal.framework/Versions/A/Metal
0x00007fff50ca2000 	/System/Library/PrivateFrameworks/DesktopServicesPriv.framework/Versions/A/DesktopServicesPriv
0x00007fff6ed31000 	/usr/lib/liblangid.dylib
0x00007fff4ff37000 	/System/Library/PrivateFrameworks/CoreSVG.framework/Versions/A/CoreSVG
0x00007fff65dfb000 	/System/Library/PrivateFrameworks/SkyLight.framework/Versions/A/SkyLight
0x00007fff37138000 	/System/Library/Frameworks/CoreGraphics.framework/Versions/A/CoreGraphics
0x00007fff3293e000 	/System/Library/Frameworks/Accelerate.framework/Versions/A/Accelerate
0x00007fff70023000 	/usr/lib/libxml2.2.dylib
0x00007fff5bc2a000 	/System/Library/PrivateFrameworks/IconServices.framework/Versions/A/IconServices
0x00007fff39b53000 	/System/Library/Frameworks/IOSurface.framework/Versions/A/IOSurface
0x00007fff6d720000 	/usr/lib/libDiagnosticMessagesClient.dylib
0x00007fff50afc000 	/System/Library/PrivateFrameworks/DFRFoundation.framework/Versions/A/DFRFoundation
0x00007fff6eac0000 	/usr/lib/libicucore.A.dylib
0x00007fff350ac000 	/System/Library/Frameworks/AudioToolbox.framework/Versions/A/AudioToolbox
0x00007fff3518f000 	/System/Library/Frameworks/AudioUnit.framework/Versions/A/AudioUnit
0x00007fff6ddf8000 	/usr/lib/libauto.dylib
0x00007fff50b9e000 	/System/Library/PrivateFrameworks/DataDetectorsCore.framework/Versions/A/DataDetectorsCore
0x00007fff35936000 	/System/Library/Frameworks/Carbon.framework/Versions/A/Frameworks/HIToolbox.framework/Versions/A/HIToolbox
0x00007fff42808000 	/System/Library/Frameworks/QuartzCore.framework/Versions/A/QuartzCore
0x00007fff35c75000 	/System/Library/Frameworks/Carbon.framework/Versions/A/Frameworks/SpeechRecognition.framework/Versions/A/SpeechRecognition
0x00007fff50610000 	/System/Library/PrivateFrameworks/CoreUI.framework/Versions/A/CoreUI
0x00007fff36204000 	/System/Library/Frameworks/CoreAudio.framework/Versions/A/CoreAudio
0x00007fff39033000 	/System/Library/Frameworks/DiskArbitration.framework/Versions/A/DiskArbitration
0x00007fff5dc7a000 	/System/Library/PrivateFrameworks/MultitouchSupport.framework/Versions/A/MultitouchSupport
0x00007fff6e987000 	/usr/lib/libenergytrace.dylib
0x00007fff39aad000 	/System/Library/Frameworks/IOKit.framework/Versions/A/IOKit
0x00007fff3809f000 	/System/Library/Frameworks/CoreServices.framework/Versions/A/CoreServices
0x00007fff5fe32000 	/System/Library/PrivateFrameworks/PerformanceAnalysis.framework/Versions/A/PerformanceAnalysis
0x00007fff4183b000 	/System/Library/Frameworks/OpenGL.framework/Versions/A/OpenGL
0x00007fff35e23000 	/System/Library/Frameworks/ColorSync.framework/Versions/A/ColorSync
0x00007fff377bb000 	/System/Library/Frameworks/CoreImage.framework/Versions/A/CoreImage
0x00007fff38b12000 	/System/Library/Frameworks/CoreText.framework/Versions/A/CoreText
0x00007fff39be3000 	/System/Library/Frameworks/ImageIO.framework/Versions/A/ImageIO
0x00007fff6dedc000 	/usr/lib/libc++.1.dylib
0x00007fff6df58000 	/usr/lib/libcompression.dylib
0x00007fff6da64000 	/usr/lib/libMobileGestalt.dylib
0x00007fff67975000 	/System/Library/PrivateFrameworks/TextureIO.framework/Versions/A/TextureIO
0x00007fff6dd5b000 	/usr/lib/libate.dylib
0x00007fff5be33000 	/System/Library/PrivateFrameworks/InternationalSupport.framework/Versions/A/InternationalSupport
0x00007fff709f3000 	/usr/lib/system/libcache.dylib
0x00007fff709f9000 	/usr/lib/system/libcommonCrypto.dylib
0x00007fff70a05000 	/usr/lib/system/libcompiler_rt.dylib
0x00007fff70a0d000 	/usr/lib/system/libcopyfile.dylib
0x00007fff70a17000 	/usr/lib/system/libcorecrypto.dylib
0x00007fff70bb6000 	/usr/lib/system/libdispatch.dylib
0x00007fff70bf7000 	/usr/lib/system/libdyld.dylib
0x00007fff70c2e000 	/usr/lib/system/libkeymgr.dylib
0x00007fff70c3c000 	/usr/lib/system/liblaunch.dylib
0x00007fff70c3d000 	/usr/lib/system/libmacho.dylib
0x00007fff70c43000 	/usr/lib/system/libquarantine.dylib
0x00007fff70c46000 	/usr/lib/system/libremovefile.dylib
0x00007fff70c48000 	/usr/lib/system/libsystem_asl.dylib
0x00007fff70c60000 	/usr/lib/system/libsystem_blocks.dylib
0x00007fff70c61000 	/usr/lib/system/libsystem_c.dylib
0x00007fff70ce9000 	/usr/lib/system/libsystem_configuration.dylib
0x00007fff70ced000 	/usr/lib/system/libsystem_coreservices.dylib
0x00007fff70cf1000 	/usr/lib/system/libsystem_darwin.dylib
0x00007fff70cfa000 	/usr/lib/system/libsystem_dnssd.dylib
0x00007fff70d02000 	/usr/lib/system/libsystem_featureflags.dylib
0x00007fff70d04000 	/usr/lib/system/libsystem_info.dylib
0x00007fff70d7f000 	/usr/lib/system/libsystem_m.dylib
0x00007fff70dc7000 	/usr/lib/system/libsystem_malloc.dylib
0x00007fff70def000 	/usr/lib/system/libsystem_networkextension.dylib
0x00007fff70dfd000 	/usr/lib/system/libsystem_notify.dylib
0x00007fff70e1b000 	/usr/lib/system/libsystem_sandbox.dylib
0x00007fff70e20000 	/usr/lib/system/libsystem_secinit.dylib
0x00007fff70d52000 	/usr/lib/system/libsystem_kernel.dylib
0x00007fff70e07000 	/usr/lib/system/libsystem_platform.dylib
0x00007fff70e10000 	/usr/lib/system/libsystem_pthread.dylib
0x00007fff70e23000 	/usr/lib/system/libsystem_symptoms.dylib
0x00007fff70e2b000 	/usr/lib/system/libsystem_trace.dylib
0x00007fff70e43000 	/usr/lib/system/libunwind.dylib
0x00007fff70e49000 	/usr/lib/system/libxpc.dylib
0x00007fff6df2f000 	/usr/lib/libc++abi.dylib
0x00007fff6ed33000 	/usr/lib/liblzma.5.dylib
0x00007fff6e9ae000 	/usr/lib/libfakelink.dylib
0x00007fff6dce8000 	/usr/lib/libarchive.2.dylib
0x00007fff446bf000 	/System/Library/Frameworks/SystemConfiguration.framework/Versions/A/SystemConfiguration
0x00007fff6d653000 	/usr/lib/libCRFSuite.dylib
0x00007fff35526000 	/System/Library/Frameworks/CFNetwork.framework/Versions/A/CFNetwork
0x00007fff6debe000 	/usr/lib/libbsm.0.dylib
0x00007fff70c2f000 	/usr/lib/system/libkxld.dylib
0x00007fff4a479000 	/System/Library/PrivateFrameworks/AppleFSCompression.framework/Versions/A/AppleFSCompression
0x00007fff6e249000 	/usr/lib/libcoretls.dylib
0x00007fff6e260000 	/usr/lib/libcoretls_cfhelpers.dylib
0x00007fff6fa9c000 	/usr/lib/libpam.2.dylib
0x00007fff6fbd1000 	/usr/lib/libsqlite3.dylib
0x00007fff70010000 	/usr/lib/libxar.1.dylib
0x00007fff6decf000 	/usr/lib/libbz2.1.0.dylib
0x00007fff6e9cf000 	/usr/lib/libiconv.2.dylib
0x00007fff6df45000 	/usr/lib/libcharset.1.dylib
0x00007fff6f539000 	/usr/lib/libnetwork.dylib
0x00007fff6faa3000 	/usr/lib/libpcap.A.dylib
0x00007fff6dc9d000 	/usr/lib/libapple_nghttp2.dylib
0x00007fff38456000 	/System/Library/Frameworks/CoreServices.framework/Versions/A/Frameworks/FSEvents.framework/Versions/A/FSEvents
0x00007fff38126000 	/System/Library/Frameworks/CoreServices.framework/Versions/A/Frameworks/CarbonCore.framework/Versions/A/CarbonCore
0x00007fff3869a000 	/System/Library/Frameworks/CoreServices.framework/Versions/A/Frameworks/Metadata.framework/Versions/A/Metadata
0x00007fff38733000 	/System/Library/Frameworks/CoreServices.framework/Versions/A/Frameworks/OSServices.framework/Versions/A/OSServices
0x00007fff38761000 	/System/Library/Frameworks/CoreServices.framework/Versions/A/Frameworks/SearchKit.framework/Versions/A/SearchKit
0x00007fff380a0000 	/System/Library/Frameworks/CoreServices.framework/Versions/A/Frameworks/AE.framework/Versions/A/AE
0x00007fff3845f000 	/System/Library/Frameworks/CoreServices.framework/Versions/A/Frameworks/LaunchServices.framework/Versions/A/LaunchServices
0x00007fff38408000 	/System/Library/Frameworks/CoreServices.framework/Versions/A/Frameworks/DictionaryServices.framework/Versions/A/DictionaryServices
0x00007fff387c9000 	/System/Library/Frameworks/CoreServices.framework/Versions/A/Frameworks/SharedFileList.framework/Versions/A/SharedFileList
0x00007fff3d65a000 	/System/Library/Frameworks/NetFS.framework/Versions/A/NetFS
0x00007fff5e1aa000 	/System/Library/PrivateFrameworks/NetAuth.framework/Versions/A/NetAuth
0x00007fff6ab33000 	/System/Library/PrivateFrameworks/login.framework/Versions/A/Frameworks/loginsupport.framework/Versions/A/loginsupport
0x00007fff67440000 	/System/Library/PrivateFrameworks/TCC.framework/Versions/A/TCC
0x00007fff4f0aa000 	/System/Library/PrivateFrameworks/CoreNLP.framework/Versions/A/CoreNLP
0x00007fff5d6a7000 	/System/Library/PrivateFrameworks/MetadataUtilities.framework/Versions/A/MetadataUtilities
0x00007fff6ee0b000 	/usr/lib/libmecabra.dylib
0x00007fff6ed63000 	/usr/lib/libmecab.dylib
0x00007fff6e9bf000 	/usr/lib/libgermantok.dylib
0x00007fff6dc84000 	/usr/lib/libThaiTokenizer.dylib
0x00007fff6d68a000 	/usr/lib/libChineseTokenizer.dylib
0x00007fff32956000 	/System/Library/Frameworks/Accelerate.framework/Versions/A/Frameworks/vImage.framework/Versions/A/vImage
0x00007fff33dc0000 	/System/Library/Frameworks/Accelerate.framework/Versions/A/Frameworks/vecLib.framework/Versions/A/vecLib
0x00007fff33cfd000 	/System/Library/Frameworks/Accelerate.framework/Versions/A/Frameworks/vecLib.framework/Versions/A/libvMisc.dylib
0x00007fff33b25000 	/System/Library/Frameworks/Accelerate.framework/Versions/A/Frameworks/vecLib.framework/Versions/A/libvDSP.dylib
0x00007fff32fad000 	/System/Library/Frameworks/Accelerate.framework/Versions/A/Frameworks/vecLib.framework/Versions/A/libBLAS.dylib
0x00007fff336e9000 	/System/Library/Frameworks/Accelerate.framework/Versions/A/Frameworks/vecLib.framework/Versions/A/libLAPACK.dylib
0x00007fff33a85000 	/System/Library/Frameworks/Accelerate.framework/Versions/A/Frameworks/vecLib.framework/Versions/A/libLinearAlgebra.dylib
0x00007fff33b12000 	/System/Library/Frameworks/Accelerate.framework/Versions/A/Frameworks/vecLib.framework/Versions/A/libSparseBLAS.dylib
0x00007fff33a9b000 	/System/Library/Frameworks/Accelerate.framework/Versions/A/Frameworks/vecLib.framework/Versions/A/libQuadrature.dylib
0x00007fff33215000 	/System/Library/Frameworks/Accelerate.framework/Versions/A/Frameworks/vecLib.framework/Versions/A/libBNNS.dylib
0x00007fff33aa1000 	/System/Library/Frameworks/Accelerate.framework/Versions/A/Frameworks/vecLib.framework/Versions/A/libSparse.dylib
0x00007fff5c21b000 	/System/Library/PrivateFrameworks/LanguageModeling.framework/Versions/A/LanguageModeling
0x00007fff4ea5a000 	/System/Library/PrivateFrameworks/CoreEmoji.framework/Versions/A/CoreEmoji
0x00007fff5c339000 	/System/Library/PrivateFrameworks/LinguisticData.framework/Versions/A/LinguisticData
0x00007fff5c2ea000 	/System/Library/PrivateFrameworks/Lexicon.framework/Versions/A/Lexicon
0x00007fff6df46000 	/usr/lib/libcmph.dylib
0x00007fff40249000 	/System/Library/Frameworks/OpenDirectory.framework/Versions/A/Frameworks/CFOpenDirectory.framework/Versions/A/CFOpenDirectory
0x00007fff40266000 	/System/Library/Frameworks/OpenDirectory.framework/Versions/A/OpenDirectory
0x00007fff486a9000 	/System/Library/PrivateFrameworks/APFS.framework/Versions/A/APFS
0x00007fff43958000 	/System/Library/Frameworks/SecurityFoundation.framework/Versions/A/SecurityFoundation
0x00007fff7000c000 	/usr/lib/libutil.dylib
0x00007fff4ff8f000 	/System/Library/PrivateFrameworks/CoreServicesStore.framework/Versions/A/CoreServicesStore
0x00007fff43a0f000 	/System/Library/Frameworks/ServiceManagement.framework/Versions/A/ServiceManagement
0x00007fff4bc49000 	/System/Library/PrivateFrameworks/BackgroundTaskManagement.framework/Versions/A/BackgroundTaskManagement
0x00007fff70109000 	/usr/lib/libxslt.1.dylib
0x00007fff4aaec000 	/System/Library/PrivateFrameworks/AppleSystemInfo.framework/Versions/A/AppleSystemInfo
0x00007fff39dfe000 	/System/Library/Frameworks/ImageIO.framework/Versions/A/Resources/libJPEG.dylib
0x00007fff3a0bd000 	/System/Library/Frameworks/ImageIO.framework/Versions/A/Resources/libTIFF.dylib
0x00007fff3a0a0000 	/System/Library/Frameworks/ImageIO.framework/Versions/A/Resources/libPng.dylib
0x00007fff39d40000 	/System/Library/Frameworks/ImageIO.framework/Versions/A/Resources/libGIF.dylib
0x00007fff39d44000 	/System/Library/Frameworks/ImageIO.framework/Versions/A/Resources/libJP2.dylib
0x00007fff3a0bb000 	/System/Library/Frameworks/ImageIO.framework/Versions/A/Resources/libRadiance.dylib
0x00007fff6e988000 	/usr/lib/libexpat.1.dylib
0x00007fff4a5d4000 	/System/Library/PrivateFrameworks/AppleJPEG.framework/Versions/A/AppleJPEG
0x00007fff5328f000 	/System/Library/PrivateFrameworks/FontServices.framework/libFontParser.dylib
0x00007fff69b35000 	/System/Library/PrivateFrameworks/WatchdogClient.framework/Versions/A/WatchdogClient
0x00007fff5b876000 	/System/Library/PrivateFrameworks/IOAccelerator.framework/Versions/A/IOAccelerator
0x00007fff3c5ca000 	/System/Library/Frameworks/MetalPerformanceShaders.framework/Versions/A/MetalPerformanceShaders
0x00007fff5800c000 	/System/Library/PrivateFrameworks/GPUWrangler.framework/Versions/A/GPUWrangler
0x00007fff5b88b000 	/System/Library/PrivateFrameworks/IOPresentment.framework/Versions/A/IOPresentment
0x00007fff50b0f000 	/System/Library/PrivateFrameworks/DSExternalDisplay.framework/Versions/A/DSExternalDisplay
0x00007fff40bda000 	/System/Library/Frameworks/OpenGL.framework/Versions/A/Libraries/libCoreFSCache.dylib
0x00007fff3c316000 	/System/Library/Frameworks/MetalPerformanceShaders.framework/Frameworks/MPSCore.framework/Versions/A/MPSCore
0x00007fff3c354000 	/System/Library/Frameworks/MetalPerformanceShaders.framework/Frameworks/MPSImage.framework/Versions/A/MPSImage
0x00007fff3c41b000 	/System/Library/Frameworks/MetalPerformanceShaders.framework/Frameworks/MPSNeuralNetwork.framework/Versions/A/MPSNeuralNetwork
0x00007fff3c3df000 	/System/Library/Frameworks/MetalPerformanceShaders.framework/Frameworks/MPSMatrix.framework/Versions/A/MPSMatrix
0x00007fff3c57a000 	/System/Library/Frameworks/MetalPerformanceShaders.framework/Frameworks/MPSRayIntersector.framework/Versions/A/MPSRayIntersector
0x00007fff3c405000 	/System/Library/Frameworks/MetalPerformanceShaders.framework/Frameworks/MPSNDArray.framework/Versions/A/MPSNDArray
0x00007fff5d6f4000 	/System/Library/PrivateFrameworks/MetalTools.framework/Versions/A/MetalTools
0x00007fff49883000 	/System/Library/PrivateFrameworks/AggregateDictionary.framework/Versions/A/AggregateDictionary
0x00007fff4e4a2000 	/System/Library/PrivateFrameworks/CoreAnalytics.framework/Versions/A/CoreAnalytics
0x00007fff4aa0b000 	/System/Library/PrivateFrameworks/AppleSauce.framework/Versions/A/AppleSauce
0x00007fff6d946000 	/usr/lib/libIOReport.dylib
0x00007fff38cca000 	/System/Library/Frameworks/CoreVideo.framework/Versions/A/CoreVideo
0x00007fff59485000 	/System/Library/PrivateFrameworks/GraphVisualizer.framework/Versions/A/GraphVisualizer
0x00007fff527d5000 	/System/Library/PrivateFrameworks/FaceCore.framework/Versions/A/FaceCore
0x00007fff401f0000 	/System/Library/Frameworks/OpenCL.framework/Versions/A/OpenCL
0x00007fff6d768000 	/usr/lib/libFosl_dynamic.dylib
0x00007fff5ebca000 	/System/Library/PrivateFrameworks/OTSVG.framework/Versions/A/OTSVG
0x00007fff34e7f000 	/System/Library/Frameworks/ApplicationServices.framework/Versions/A/Frameworks/ATS.framework/Versions/A/Resources/libFontRegistry.dylib
0x00007fff53460000 	/System/Library/PrivateFrameworks/FontServices.framework/libhvf.dylib
0x00007fff40be5000 	/System/Library/Frameworks/OpenGL.framework/Versions/A/Libraries/libGFXShared.dylib
0x00007fff40dc3000 	/System/Library/Frameworks/OpenGL.framework/Versions/A/Libraries/libGLU.dylib
0x00007fff40bee000 	/System/Library/Frameworks/OpenGL.framework/Versions/A/Libraries/libGL.dylib
0x00007fff40bf9000 	/System/Library/Frameworks/OpenGL.framework/Versions/A/Libraries/libGLImage.dylib
0x00007fff40bd7000 	/System/Library/Frameworks/OpenGL.framework/Versions/A/Libraries/libCVMSPluginSupport.dylib
0x00007fff40be0000 	/System/Library/Frameworks/OpenGL.framework/Versions/A/Libraries/libCoreVMClient.dylib
0x00007fff6f3da000 	/usr/lib/libncurses.5.4.dylib
0x00007fff34d7b000 	/System/Library/Frameworks/ApplicationServices.framework/Versions/A/Frameworks/ATS.framework/Versions/A/ATS
0x00007fff34f48000 	/System/Library/Frameworks/ApplicationServices.framework/Versions/A/Frameworks/ColorSyncLegacy.framework/Versions/A/ColorSyncLegacy
0x00007fff34fe6000 	/System/Library/Frameworks/ApplicationServices.framework/Versions/A/Frameworks/HIServices.framework/Versions/A/HIServices
0x00007fff3503e000 	/System/Library/Frameworks/ApplicationServices.framework/Versions/A/Frameworks/LangAnalysis.framework/Versions/A/LangAnalysis
0x00007fff3504d000 	/System/Library/Frameworks/ApplicationServices.framework/Versions/A/Frameworks/PrintCore.framework/Versions/A/PrintCore
0x00007fff35093000 	/System/Library/Frameworks/ApplicationServices.framework/Versions/A/Frameworks/QD.framework/Versions/A/QD
0x00007fff3509e000 	/System/Library/Frameworks/ApplicationServices.framework/Versions/A/Frameworks/SpeechSynthesis.framework/Versions/A/SpeechSynthesis
0x00007fff34f18000 	/System/Library/Frameworks/ApplicationServices.framework/Versions/A/Frameworks/ATSUI.framework/Versions/A/ATSUI
0x00007fff6e81e000 	/usr/lib/libcups.2.dylib
0x00007fff3b665000 	/System/Library/Frameworks/Kerberos.framework/Versions/A/Kerberos
0x00007fff397a6000 	/System/Library/Frameworks/GSS.framework/Versions/A/GSS
0x00007fff6fb5d000 	/usr/lib/libresolv.9.dylib
0x00007fff59632000 	/System/Library/PrivateFrameworks/Heimdal.framework/Versions/A/Heimdal
0x00007fff3b678000 	/System/Library/Frameworks/Kerberos.framework/Versions/A/Libraries/libHeimdalProxy.dylib
0x00007fff6e9c5000 	/usr/lib/libheimdal-asn1.dylib
0x00007fff4d93a000 	/System/Library/PrivateFrameworks/CommonAuth.framework/Versions/A/CommonAuth
0x00007fff4ab89000 	/System/Library/PrivateFrameworks/AssertionServices.framework/Versions/A/AssertionServices
0x00007fff4b72c000 	/System/Library/PrivateFrameworks/AudioToolboxCore.framework/Versions/A/AudioToolboxCore
0x00007fff6a7e3000 	/System/Library/PrivateFrameworks/caulk.framework/Versions/A/caulk
0x00007fff4bcf5000 	/System/Library/PrivateFrameworks/BaseBoard.framework/Versions/A/BaseBoard
0x00007fff62e2d000 	/System/Library/PrivateFrameworks/RunningBoardServices.framework/Versions/A/RunningBoardServices
0x00007fff5fe3e000 	/System/Library/PrivateFrameworks/PersistentConnection.framework/Versions/A/PersistentConnection
0x00007fff62826000 	/System/Library/PrivateFrameworks/ProtocolBuffer.framework/Versions/A/ProtocolBuffer
0x00007fff4d95e000 	/System/Library/PrivateFrameworks/CommonUtilities.framework/Versions/A/CommonUtilities
0x00007fff4be83000 	/System/Library/PrivateFrameworks/Bom.framework/Versions/A/Bom
0x00007fff6d619000 	/usr/lib/libAudioToolboxUtility.dylib
0x00007fff4bc53000 	/System/Library/PrivateFrameworks/Backup.framework/Versions/A/Backup
0x00007fff50a30000 	/System/Library/PrivateFrameworks/CrashReporterSupport.framework/Versions/A/CrashReporterSupport
0x00007fff648bf000 	/System/Library/PrivateFrameworks/Sharing.framework/Versions/A/Sharing
0x00007fff4a197000 	/System/Library/PrivateFrameworks/Apple80211.framework/Versions/A/Apple80211
0x00007fff4b970000 	/System/Library/PrivateFrameworks/AuthKit.framework/Versions/A/AuthKit
0x00007fff5073d000 	/System/Library/PrivateFrameworks/CoreUtils.framework/Versions/A/CoreUtils
0x00007fff38d0f000 	/System/Library/Frameworks/CoreWLAN.framework/Versions/A/CoreWLAN
0x00007fff39933000 	/System/Library/Frameworks/IOBluetooth.framework/Versions/A/IOBluetooth
0x00007fff5d9f9000 	/System/Library/PrivateFrameworks/MobileKeyBag.framework/Versions/A/MobileKeyBag
0x00007fff4f542000 	/System/Library/PrivateFrameworks/CorePhoneNumbers.framework/Versions/A/CorePhoneNumbers
0x00007fff4a587000 	/System/Library/PrivateFrameworks/AppleIDAuthSupport.framework/Versions/A/AppleIDAuthSupport
0x00007fff3d667000 	/System/Library/Frameworks/Network.framework/Versions/A/Network
0x00007fff5c0c7000 	/System/Library/PrivateFrameworks/KeychainCircle.framework/Versions/A/KeychainCircle
0x00007fff36760000 	/System/Library/Frameworks/CoreBluetooth.framework/Versions/A/CoreBluetooth
0x00007fff6693e000 	/System/Library/PrivateFrameworks/SpeechRecognitionCore.framework/Versions/A/SpeechRecognitionCore
0x000000010b400000 	/private/var/folders/nk/77tzydc5271b4jt6909jb9m80000gn/T/AppTranslocation/83DACF81-3FAF-48C6-A9E9-D6E58756B2D7/d/Android Studio.app/Contents/jre/jdk/Contents/Home/jre/lib/server/libjvm.dylib
0x00007fff6fedf000 	/usr/lib/libstdc++.6.dylib
0x000000010aa46000 	/private/var/folders/nk/77tzydc5271b4jt6909jb9m80000gn/T/AppTranslocation/83DACF81-3FAF-48C6-A9E9-D6E58756B2D7/d/Android Studio.app/Contents/jre/jdk/Contents/Home/jre/lib/libverify.dylib
0x000000010aa58000 	/private/var/folders/nk/77tzydc5271b4jt6909jb9m80000gn/T/AppTranslocation/83DACF81-3FAF-48C6-A9E9-D6E58756B2D7/d/Android Studio.app/Contents/jre/jdk/Contents/Home/jre/lib/libjava.dylib
0x000000010aaec000 	/private/var/folders/nk/77tzydc5271b4jt6909jb9m80000gn/T/AppTranslocation/83DACF81-3FAF-48C6-A9E9-D6E58756B2D7/d/Android Studio.app/Contents/jre/jdk/Contents/Home/jre/lib/libzip.dylib
0x000000010ab41000 	/private/var/folders/nk/77tzydc5271b4jt6909jb9m80000gn/T/AppTranslocation/83DACF81-3FAF-48C6-A9E9-D6E58756B2D7/d/Android Studio.app/Contents/jre/jdk/Contents/Home/jre/lib/libnio.dylib
0x000000010ab5c000 	/private/var/folders/nk/77tzydc5271b4jt6909jb9m80000gn/T/AppTranslocation/83DACF81-3FAF-48C6-A9E9-D6E58756B2D7/d/Android Studio.app/Contents/jre/jdk/Contents/Home/jre/lib/libnet.dylib
0x0000000113b12000 	/Users/soso/.gradle/native/f6784746aeab05261644944871eae4fe03e0ef1612fff0a4a95f87b438bc6780/osx-amd64/libnative-platform.dylib
0x0000000113e54000 	/private/var/folders/nk/77tzydc5271b4jt6909jb9m80000gn/T/AppTranslocation/83DACF81-3FAF-48C6-A9E9-D6E58756B2D7/d/Android Studio.app/Contents/jre/jdk/Contents/Home/jre/lib/libmanagement.dylib

VM Arguments:
jvm_args: -Xmx2048m -Dfile.encoding=UTF-8 -Duser.country=FR -Duser.language=fr -Duser.variant 
java_command: org.gradle.launcher.daemon.bootstrap.GradleDaemon 6.5
java_class_path (initial): /Users/soso/.gradle/wrapper/dists/gradle-6.5-all/2oz4ud9k3tuxjg84bbf55q0tn/gradle-6.5/lib/gradle-launcher-6.5.jar
Launcher Type: SUN_STANDARD

Environment Variables:
PATH=/usr/local/bin:/usr/bin:/bin:/usr/sbin:/sbin
SHELL=/bin/zsh

Signal Handlers:
SIGSEGV: [libjvm.dylib+0x565c43], sa_mask[0]=11111111011111110111111111111111, sa_flags=SA_ONSTACK|SA_RESTART|SA_SIGINFO
SIGBUS: [libjvm.dylib+0x565c43], sa_mask[0]=11111111011111110111111111111111, sa_flags=SA_RESTART|SA_SIGINFO
SIGFPE: [libjvm.dylib+0x45dd9d], sa_mask[0]=11111111011111110111111111111111, sa_flags=SA_RESTART|SA_SIGINFO
SIGPIPE: [libjvm.dylib+0x45dd9d], sa_mask[0]=11111111011111110111111111111111, sa_flags=SA_RESTART|SA_SIGINFO
SIGXFSZ: [libjvm.dylib+0x45dd9d], sa_mask[0]=11111111011111110111111111111111, sa_flags=SA_RESTART|SA_SIGINFO
SIGILL: [libjvm.dylib+0x45dd9d], sa_mask[0]=11111111011111110111111111111111, sa_flags=SA_RESTART|SA_SIGINFO
SIGUSR1: SIG_DFL, sa_mask[0]=00000000000000000000000000000000, sa_flags=none
SIGUSR2: [libjvm.dylib+0x45e69c], sa_mask[0]=00100000000000000000000000000000, sa_flags=SA_RESTART|SA_SIGINFO
SIGHUP: [libjvm.dylib+0x45c8c1], sa_mask[0]=11111111011111110111111111111111, sa_flags=SA_RESTART|SA_SIGINFO
SIGINT: [libjvm.dylib+0x45c8c1], sa_mask[0]=11111111011111110111111111111111, sa_flags=SA_RESTART|SA_SIGINFO
SIGTERM: [libjvm.dylib+0x45c8c1], sa_mask[0]=11111111011111110111111111111111, sa_flags=SA_RESTART|SA_SIGINFO
SIGQUIT: [libjvm.dylib+0x45c8c1], sa_mask[0]=11111111011111110111111111111111, sa_flags=SA_RESTART|SA_SIGINFO


---------------  S Y S T E M  ---------------

OS:Bsduname:Darwin 19.6.0 Darwin Kernel Version 19.6.0: Mon Aug 31 22:12:52 PDT 2020; root:xnu-6153.141.2~1/RELEASE_X86_64 x86_64
rlimit: STACK 8192k, CORE 0k, NPROC 1392, NOFILE 10240, AS infinity
load average:3.34 3.63 3.87

CPU:total 4 (initial active 4) (2 cores per cpu, 2 threads per core) family 6 model 61 stepping 4, cmov, cx8, fxsr, mmx, sse, sse2, sse3, ssse3, sse4.1, sse4.2, popcnt, avx, avx2, aes, clmul, erms, 3dnowpref, lzcnt, ht, tsc, tscinvbit, bmi1, bmi2, adx

Memory: 4k page, physical 8388608k(29196k free)

/proc/meminfo:


vm_info: OpenJDK 64-Bit Server VM (25.242-b3-6222593) for bsd-amd64 JRE (1.8.0_242-release-1644-b3-6222593), built by "android-build" with gcc 4.2.1 Compatible Android (5484270 based on r353983c) Clang 9.0.3 (https://android.googlesource.com/toolchain/clang 745b335211bb9eadfa6aa6301f84715cee4b37c5) (https://android.googlesource.com/toolchain/llvm 60cf23e54e46c807513f7a36d0a7b777920b5881)

time: Thu Oct  8 21:15:05 2020
timezone: CEST
elapsed time: 10366 seconds (0d 2h 52m 46s)

