#
# A fatal error has been detected by the Java Runtime Environment:
#
#  Internal Error (dependencies.cpp:404), pid=7916, tid=0x0000000000016da7
#  guarantee(FIRST_TYPE <= dept && dept < TYPE_LIMIT) failed: invalid dependency type: 239
#
# JRE version: OpenJDK Runtime Environment (8.0_242) (build 1.8.0_242-release-1644-b3-6222593)
# Java VM: OpenJDK 64-Bit Server VM (25.242-b3-6222593 mixed mode bsd-amd64 compressed oops)
# Failed to write core dump. Core dumps have been disabled. To enable core dumping, try "ulimit -c unlimited" before starting Java again
#
# If you would like to submit a bug report, please visit:
#   http://bugreport.java.com/bugreport/crash.jsp
#

---------------  T H R E A D  ---------------

Current thread (0x00007ffccc1fd000):  JavaThread "WorkerExecutor Queue" [_thread_in_vm, id=93607, stack(0x00007000105ae000,0x00007000106ae000)]

Stack: [0x00007000105ae000,0x00007000106ae000],  sp=0x00007000106a8760,  free space=1001k
Native frames: (J=compiled Java code, j=interpreted, Vv=VM code, C=native code)
V  [libjvm.dylib+0x56516a]  VMError::report_and_die()+0x3d2
V  [libjvm.dylib+0x1d1ac3]  report_vm_error(char const*, int, char const*, char const*)+0x55
V  [libjvm.dylib+0x1ddf1d]  Dependencies::check_valid_dependency_type(Dependencies::DepType)+0x57
V  [libjvm.dylib+0x1dee6c]  Dependencies::DepStream::next()+0x4c
V  [libjvm.dylib+0x4415b8]  nmethod::check_dependency_on(DepChange&)+0x3a
V  [libjvm.dylib+0x297407]  InstanceKlass::mark_dependent_nmethods(DepChange&)+0x4d
V  [libjvm.dylib+0x188266]  CodeCache::mark_for_deoptimization(DepChange&)+0x58
V  [libjvm.dylib+0x53dceb]  Universe::flush_dependents_on(instanceKlassHandle)+0x3d
V  [libjvm.dylib+0x50490d]  SystemDictionary::define_instance_class(instanceKlassHandle, Thread*)+0x32d
V  [libjvm.dylib+0x5044ff]  SystemDictionary::find_or_define_instance_class(Symbol*, Handle, instanceKlassHandle, Thread*)+0x1f5
V  [libjvm.dylib+0x5041a4]  SystemDictionary::resolve_from_stream(Symbol*, Handle, Handle, ClassFileStream*, bool, Thread*)+0x288
V  [libjvm.dylib+0x310e8e]  jvm_define_class_common(JNIEnv_*, char const*, _jobject*, signed char const*, int, _jobject*, char const*, unsigned char, Thread*)+0x256
V  [libjvm.dylib+0x311007]  JVM_DefineClassWithSource+0x10a
C  [libjava.dylib+0x17f0]  Java_java_lang_ClassLoader_defineClass1+0x163
J 726  java.lang.ClassLoader.defineClass1(Ljava/lang/String;[BIILjava/security/ProtectionDomain;Ljava/lang/String;)Ljava/lang/Class; (0 bytes) @ 0x000000010d7f5d8b [0x000000010d7f5c80+0x10b]
J 42404 C2 java.lang.ClassLoader.defineClass(Ljava/lang/String;[BIILjava/security/ProtectionDomain;)Ljava/lang/Class; (43 bytes) @ 0x0000000113b23ac8 [0x0000000113b23860+0x268]
J 5477 C2 java.net.URLClassLoader$1.run()Ljava/lang/Class; (63 bytes) @ 0x000000010e5fa774 [0x000000010e5f9b20+0xc54]
J 9352 C2 java.net.URLClassLoader$1.run()Ljava/lang/Object; (5 bytes) @ 0x000000010dfae614 [0x000000010dfae5e0+0x34]
v  ~StubRoutines::call_stub
V  [libjvm.dylib+0x2cc647]  JavaCalls::call_helper(JavaValue*, methodHandle*, JavaCallArguments*, Thread*)+0x69b
V  [libjvm.dylib+0x3126bf]  JVM_DoPrivileged+0x6cb
J 433  java.security.AccessController.doPrivileged(Ljava/security/PrivilegedExceptionAction;Ljava/security/AccessControlContext;)Ljava/lang/Object; (0 bytes) @ 0x000000010d71b0d5 [0x000000010d71b000+0xd5]
J 1334 C2 java.net.URLClassLoader.findClass(Ljava/lang/String;)Ljava/lang/Class; (47 bytes) @ 0x000000010d9cfcfc [0x000000010d9cfc60+0x9c]
J 3337 C2 java.lang.ClassLoader.loadClass(Ljava/lang/String;Z)Ljava/lang/Class; (122 bytes) @ 0x000000010e0a76d8 [0x000000010e0a7340+0x398]
J 2117 C2 java.lang.ClassLoader.loadClass(Ljava/lang/String;)Ljava/lang/Class; (7 bytes) @ 0x000000010dc20620 [0x000000010dc205e0+0x40]
v  ~StubRoutines::call_stub
V  [libjvm.dylib+0x2cc647]  JavaCalls::call_helper(JavaValue*, methodHandle*, JavaCallArguments*, Thread*)+0x69b
V  [libjvm.dylib+0x2cb4a2]  JavaCalls::call_virtual(JavaValue*, KlassHandle, Symbol*, Symbol*, JavaCallArguments*, Thread*)+0x14a
V  [libjvm.dylib+0x2cb6ff]  JavaCalls::call_virtual(JavaValue*, Handle, KlassHandle, Symbol*, Symbol*, Handle, Thread*)+0x61
V  [libjvm.dylib+0x5036f0]  SystemDictionary::load_instance_class(Symbol*, Handle, Thread*)+0x29e
V  [libjvm.dylib+0x5028bf]  SystemDictionary::resolve_instance_class_or_null(Symbol*, Handle, Handle, Thread*)+0x585
V  [libjvm.dylib+0x501f97]  SystemDictionary::resolve_or_fail(Symbol*, Handle, Handle, bool, Thread*)+0x1b
V  [libjvm.dylib+0x1ca737]  ConstantPool::klass_at_impl(constantPoolHandle, int, Thread*)+0x2b5
V  [libjvm.dylib+0x1db310]  ConstantPool::klass_at(int, Thread*)+0x8c
V  [libjvm.dylib+0x2c3f69]  InterpreterRuntime::_new(JavaThread*, ConstantPool*, int)+0x2d
j  com.sun.xml.bind.v2.model.impl.ClassInfoImpl.getProperties()Ljava/util/List;+18
j  com.sun.xml.bind.v2.model.impl.RuntimeClassInfoImpl.getProperties()Ljava/util/List;+1
j  com.sun.xml.bind.v2.model.impl.ModelBuilder.getClassInfo(Ljava/lang/Object;ZLcom/sun/xml/bind/v2/model/annotation/Locatable;)Lcom/sun/xml/bind/v2/model/core/NonElement;+192
j  com.sun.xml.bind.v2.model.impl.RuntimeModelBuilder.getClassInfo(Ljava/lang/Class;ZLcom/sun/xml/bind/v2/model/annotation/Locatable;)Lcom/sun/xml/bind/v2/model/runtime/RuntimeNonElement;+4
j  com.sun.xml.bind.v2.model.impl.RuntimeModelBuilder.getClassInfo(Ljava/lang/Object;ZLcom/sun/xml/bind/v2/model/annotation/Locatable;)Lcom/sun/xml/bind/v2/model/core/NonElement;+7
j  com.sun.xml.bind.v2.model.impl.ModelBuilder.getClassInfo(Ljava/lang/Object;Lcom/sun/xml/bind/v2/model/annotation/Locatable;)Lcom/sun/xml/bind/v2/model/core/NonElement;+4
j  com.sun.xml.bind.v2.model.impl.RuntimeModelBuilder.getClassInfo(Ljava/lang/Class;Lcom/sun/xml/bind/v2/model/annotation/Locatable;)Lcom/sun/xml/bind/v2/model/runtime/RuntimeNonElement;+3
j  com.sun.xml.bind.v2.model.impl.RuntimeModelBuilder.getClassInfo(Ljava/lang/Object;Lcom/sun/xml/bind/v2/model/annotation/Locatable;)Lcom/sun/xml/bind/v2/model/core/NonElement;+6
j  com.sun.xml.bind.v2.model.impl.ModelBuilder.getTypeInfo(Ljava/lang/Object;Lcom/sun/xml/bind/v2/model/annotation/Locatable;)Lcom/sun/xml/bind/v2/model/core/NonElement;+111
j  com.sun.xml.bind.v2.model.impl.ModelBuilder.getTypeInfo(Lcom/sun/xml/bind/v2/model/core/Ref;)Lcom/sun/xml/bind/v2/model/core/NonElement;+92
j  com.sun.xml.bind.v2.runtime.JAXBContextImpl.getTypeInfoSet()Lcom/sun/xml/bind/v2/model/runtime/RuntimeTypeInfoSet;+103
j  com.sun.xml.bind.v2.runtime.JAXBContextImpl.<init>(Lcom/sun/xml/bind/v2/runtime/JAXBContextImpl$JAXBContextBuilder;)V+256
j  com.sun.xml.bind.v2.runtime.JAXBContextImpl.<init>(Lcom/sun/xml/bind/v2/runtime/JAXBContextImpl$JAXBContextBuilder;Lcom/sun/xml/bind/v2/runtime/JAXBContextImpl$1;)V+2
j  com.sun.xml.bind.v2.runtime.JAXBContextImpl$JAXBContextBuilder.build()Lcom/sun/xml/bind/v2/runtime/JAXBContextImpl;+65
j  com.sun.xml.bind.v2.ContextFactory.createContext([Ljava/lang/Class;Ljava/util/Map;)Ljavax/xml/bind/JAXBContext;+504
v  ~StubRoutines::call_stub
V  [libjvm.dylib+0x2cc647]  JavaCalls::call_helper(JavaValue*, methodHandle*, JavaCallArguments*, Thread*)+0x69b
V  [libjvm.dylib+0x4a4f78]  Reflection::invoke(instanceKlassHandle, methodHandle, Handle, bool, objArrayHandle, BasicType, objArrayHandle, bool, Thread*)+0x79c
V  [libjvm.dylib+0x4a5bc0]  Reflection::invoke_method(oopDesc*, Handle, objArrayHandle, Thread*)+0x17c
V  [libjvm.dylib+0x3203b2]  JVM_InvokeMethod+0x20f
J 1604  sun.reflect.NativeMethodAccessorImpl.invoke0(Ljava/lang/reflect/Method;Ljava/lang/Object;[Ljava/lang/Object;)Ljava/lang/Object; (0 bytes) @ 0x000000010da8032d [0x000000010da80240+0xed]
J 22235 C2 sun.reflect.NativeMethodAccessorImpl.invoke(Ljava/lang/Object;[Ljava/lang/Object;)Ljava/lang/Object; (104 bytes) @ 0x000000010ff5d6f4 [0x000000010ff5d680+0x74]
J 9062 C2 java.lang.reflect.Method.invoke(Ljava/lang/Object;[Ljava/lang/Object;)Ljava/lang/Object; (62 bytes) @ 0x000000010dfa5e88 [0x000000010dfa5e00+0x88]
j  android.databinding.tool.store.ResourceBundle$LayoutFileBundle.jaxbContext(Ljava/lang/Class;)Ljavax/xml/bind/JAXBContext;+46
j  android.databinding.tool.store.ResourceBundle$LayoutFileBundle.<clinit>()V+2
v  ~StubRoutines::call_stub
V  [libjvm.dylib+0x2cc647]  JavaCalls::call_helper(JavaValue*, methodHandle*, JavaCallArguments*, Thread*)+0x69b
V  [libjvm.dylib+0x295c4c]  InstanceKlass::call_class_initializer_impl(instanceKlassHandle, Thread*)+0xf0
V  [libjvm.dylib+0x2949cf]  InstanceKlass::initialize_impl(instanceKlassHandle, Thread*)+0x46f
V  [libjvm.dylib+0x29454c]  InstanceKlass::initialize(Thread*)+0x3a
V  [libjvm.dylib+0x3a7dd1]  LinkResolver::resolve_static_call(CallInfo&, KlassHandle&, Symbol*, Symbol*, KlassHandle, bool, bool, Thread*)+0x99
V  [libjvm.dylib+0x3ab1e3]  LinkResolver::resolve_invokestatic(CallInfo&, constantPoolHandle, int, Thread*)+0x13f
V  [libjvm.dylib+0x3aaf07]  LinkResolver::resolve_invoke(CallInfo&, Handle, constantPoolHandle, int, Bytecodes::Code, Thread*)+0x40d
V  [libjvm.dylib+0x2c5b54]  InterpreterRuntime::resolve_invoke(JavaThread*, Bytecodes::Code)+0x38a
j  android.databinding.annotationprocessor.ProcessExpressions$IntermediateV2.appendTo(Landroid/databinding/tool/store/ResourceBundle;Z)V+52
j  android.databinding.annotationprocessor.ProcessExpressions.onHandleStep(Ljavax/annotation/processing/RoundEnvironment;Ljavax/annotation/processing/ProcessingEnvironment;Landroid/databinding/tool/CompilerArguments;)Z+294
j  android.databinding.annotationprocessor.ProcessDataBinding$ProcessingStep.runStep(Ljavax/annotation/processing/RoundEnvironment;Ljavax/annotation/processing/ProcessingEnvironment;Landroid/databinding/tool/CompilerArguments;)Z+14
j  android.databinding.annotationprocessor.ProcessDataBinding$ProcessingStep.access$000(Landroid/databinding/annotationprocessor/ProcessDataBinding$ProcessingStep;Ljavax/annotation/processing/RoundEnvironment;Ljavax/annotation/processing/ProcessingEnvironment;Landroid/databinding/tool/CompilerArguments;)Z+4
j  android.databinding.annotationprocessor.ProcessDataBinding.doProcess(Ljavax/annotation/processing/RoundEnvironment;)Z+123
j  android.databinding.annotationprocessor.ProcessDataBinding.process(Ljava/util/Set;Ljavax/annotation/processing/RoundEnvironment;)Z+2
j  org.jetbrains.kotlin.kapt3.base.incremental.IncrementalProcessor.process(Ljava/util/Set;Ljavax/annotation/processing/RoundEnvironment;)Z+6
j  org.jetbrains.kotlin.kapt3.base.ProcessorWrapper.process(Ljava/util/Set;Ljavax/annotation/processing/RoundEnvironment;)Z+17
j  com.sun.tools.javac.processing.JavacProcessingEnvironment.callProcessor(Ljavax/annotation/processing/Processor;Ljava/util/Set;Ljavax/annotation/processing/RoundEnvironment;)Z+3
j  com.sun.tools.javac.processing.JavacProcessingEnvironment.discoverAndRunProcs(Lcom/sun/tools/javac/util/Context;Ljava/util/Set;Lcom/sun/tools/javac/util/List;Lcom/sun/tools/javac/util/List;)V+316
j  com.sun.tools.javac.processing.JavacProcessingEnvironment.access$1800(Lcom/sun/tools/javac/processing/JavacProcessingEnvironment;Lcom/sun/tools/javac/util/Context;Ljava/util/Set;Lcom/sun/tools/javac/util/List;Lcom/sun/tools/javac/util/List;)V+6
j  com.sun.tools.javac.processing.JavacProcessingEnvironment$Round.run(ZZ)V+111
j  com.sun.tools.javac.processing.JavacProcessingEnvironment.doProcessing(Lcom/sun/tools/javac/util/Context;Lcom/sun/tools/javac/util/List;Lcom/sun/tools/javac/util/List;Ljava/lang/Iterable;Lcom/sun/tools/javac/util/Log$DeferredDiagnosticHandler;)Lcom/sun/tools/javac/main/JavaCompiler;+89
j  com.sun.tools.javac.main.JavaCompiler.processAnnotations(Lcom/sun/tools/javac/util/List;Lcom/sun/tools/javac/util/List;)Lcom/sun/tools/javac/main/JavaCompiler;+461
j  com.sun.tools.javac.main.JavaCompiler.processAnnotations(Lcom/sun/tools/javac/util/List;)Lcom/sun/tools/javac/main/JavaCompiler;+5
j  org.jetbrains.kotlin.kapt3.base.AnnotationProcessingKt.doAnnotationProcessing(Lorg/jetbrains/kotlin/kapt3/base/KaptContext;Ljava/util/List;Ljava/util/List;Lcom/sun/tools/javac/util/List;)V+906
j  org.jetbrains.kotlin.kapt3.base.AnnotationProcessingKt.doAnnotationProcessing$default(Lorg/jetbrains/kotlin/kapt3/base/KaptContext;Ljava/util/List;Ljava/util/List;Lcom/sun/tools/javac/util/List;ILjava/lang/Object;)V+22
j  org.jetbrains.kotlin.kapt3.base.Kapt.kapt(Lorg/jetbrains/kotlin/base/kapt3/KaptOptions;)Z+187
j  sun.reflect.GeneratedMethodAccessor1136.invoke(Ljava/lang/Object;[Ljava/lang/Object;)Ljava/lang/Object;+28
J 9062 C2 java.lang.reflect.Method.invoke(Ljava/lang/Object;[Ljava/lang/Object;)Ljava/lang/Object; (62 bytes) @ 0x000000010dfa5e88 [0x000000010dfa5e00+0x88]
j  org.jetbrains.kotlin.gradle.internal.KaptExecution.run()V+448
J 53392 C1 org.gradle.workers.internal.AdapterWorkAction.execute()V (179 bytes) @ 0x00000001152e2ddc [0x00000001152e1d20+0x10bc]
J 58723 C1 org.gradle.workers.internal.DefaultWorkerServer.execute(Lorg/gradle/workers/internal/SimpleActionExecutionSpec;)Lorg/gradle/workers/internal/DefaultWorkResult; (167 bytes) @ 0x00000001118f6174 [0x00000001118f5320+0xe54]
j  org.gradle.workers.internal.NoIsolationWorkerFactory$1$1.create()Lorg/gradle/workers/internal/DefaultWorkResult;+29
j  org.gradle.workers.internal.NoIsolationWorkerFactory$1$1.create()Ljava/lang/Object;+1
j  org.gradle.internal.classloader.ClassLoaderUtils.executeInClassloader(Ljava/lang/ClassLoader;Lorg/gradle/internal/Factory;)Ljava/lang/Object;+15
j  org.gradle.workers.internal.NoIsolationWorkerFactory$1.lambda$execute$0(Ljava/lang/ClassLoader;Lorg/gradle/workers/WorkerExecutor;Lorg/gradle/workers/internal/IsolatedParametersActionExecutionSpec;)Lorg/gradle/workers/internal/DefaultWorkResult;+10
j  org.gradle.workers.internal.NoIsolationWorkerFactory$1$$Lambda$788.execute(Lorg/gradle/workers/internal/IsolatedParametersActionExecutionSpec;)Lorg/gradle/workers/internal/DefaultWorkResult;+13
j  org.gradle.workers.internal.AbstractWorker$1.call(Lorg/gradle/internal/operations/BuildOperationContext;)Lorg/gradle/workers/internal/DefaultWorkResult;+8
j  org.gradle.workers.internal.AbstractWorker$1.call(Lorg/gradle/internal/operations/BuildOperationContext;)Ljava/lang/Object;+2
J 31566 C2 org.gradle.internal.operations.DefaultBuildOperationExecutor$1.execute(Lorg/gradle/internal/operations/BuildOperationDescriptor;Lorg/gradle/internal/operations/DefaultBuildOperationExecutor$DefaultBuildOperationContext;Lorg/gradle/internal/operations/DefaultBuildOperationExecutor$BuildOperationExecutionListener;)Lorg/gradle/internal/operations/BuildOperation; (82 bytes) @ 0x00000001123c6cd0 [0x00000001123c6bc0+0x110]
...<more frames>...

Java frames: (J=compiled Java code, j=interpreted, Vv=VM code)
J 726  java.lang.ClassLoader.defineClass1(Ljava/lang/String;[BIILjava/security/ProtectionDomain;Ljava/lang/String;)Ljava/lang/Class; (0 bytes) @ 0x000000010d7f5d11 [0x000000010d7f5c80+0x91]
J 42404 C2 java.lang.ClassLoader.defineClass(Ljava/lang/String;[BIILjava/security/ProtectionDomain;)Ljava/lang/Class; (43 bytes) @ 0x0000000113b23ac8 [0x0000000113b23860+0x268]
J 5477 C2 java.net.URLClassLoader$1.run()Ljava/lang/Class; (63 bytes) @ 0x000000010e5fa774 [0x000000010e5f9b20+0xc54]
J 9352 C2 java.net.URLClassLoader$1.run()Ljava/lang/Object; (5 bytes) @ 0x000000010dfae614 [0x000000010dfae5e0+0x34]
v  ~StubRoutines::call_stub
J 433  java.security.AccessController.doPrivileged(Ljava/security/PrivilegedExceptionAction;Ljava/security/AccessControlContext;)Ljava/lang/Object; (0 bytes) @ 0x000000010d71b063 [0x000000010d71b000+0x63]
J 1334 C2 java.net.URLClassLoader.findClass(Ljava/lang/String;)Ljava/lang/Class; (47 bytes) @ 0x000000010d9cfcfc [0x000000010d9cfc60+0x9c]
J 3337 C2 java.lang.ClassLoader.loadClass(Ljava/lang/String;Z)Ljava/lang/Class; (122 bytes) @ 0x000000010e0a76d8 [0x000000010e0a7340+0x398]
J 2117 C2 java.lang.ClassLoader.loadClass(Ljava/lang/String;)Ljava/lang/Class; (7 bytes) @ 0x000000010dc20620 [0x000000010dc205e0+0x40]
v  ~StubRoutines::call_stub
j  com.sun.xml.bind.v2.model.impl.ClassInfoImpl.getProperties()Ljava/util/List;+18
j  com.sun.xml.bind.v2.model.impl.RuntimeClassInfoImpl.getProperties()Ljava/util/List;+1
j  com.sun.xml.bind.v2.model.impl.ModelBuilder.getClassInfo(Ljava/lang/Object;ZLcom/sun/xml/bind/v2/model/annotation/Locatable;)Lcom/sun/xml/bind/v2/model/core/NonElement;+192
j  com.sun.xml.bind.v2.model.impl.RuntimeModelBuilder.getClassInfo(Ljava/lang/Class;ZLcom/sun/xml/bind/v2/model/annotation/Locatable;)Lcom/sun/xml/bind/v2/model/runtime/RuntimeNonElement;+4
j  com.sun.xml.bind.v2.model.impl.RuntimeModelBuilder.getClassInfo(Ljava/lang/Object;ZLcom/sun/xml/bind/v2/model/annotation/Locatable;)Lcom/sun/xml/bind/v2/model/core/NonElement;+7
j  com.sun.xml.bind.v2.model.impl.ModelBuilder.getClassInfo(Ljava/lang/Object;Lcom/sun/xml/bind/v2/model/annotation/Locatable;)Lcom/sun/xml/bind/v2/model/core/NonElement;+4
j  com.sun.xml.bind.v2.model.impl.RuntimeModelBuilder.getClassInfo(Ljava/lang/Class;Lcom/sun/xml/bind/v2/model/annotation/Locatable;)Lcom/sun/xml/bind/v2/model/runtime/RuntimeNonElement;+3
j  com.sun.xml.bind.v2.model.impl.RuntimeModelBuilder.getClassInfo(Ljava/lang/Object;Lcom/sun/xml/bind/v2/model/annotation/Locatable;)Lcom/sun/xml/bind/v2/model/core/NonElement;+6
j  com.sun.xml.bind.v2.model.impl.ModelBuilder.getTypeInfo(Ljava/lang/Object;Lcom/sun/xml/bind/v2/model/annotation/Locatable;)Lcom/sun/xml/bind/v2/model/core/NonElement;+111
j  com.sun.xml.bind.v2.model.impl.ModelBuilder.getTypeInfo(Lcom/sun/xml/bind/v2/model/core/Ref;)Lcom/sun/xml/bind/v2/model/core/NonElement;+92
j  com.sun.xml.bind.v2.runtime.JAXBContextImpl.getTypeInfoSet()Lcom/sun/xml/bind/v2/model/runtime/RuntimeTypeInfoSet;+103
j  com.sun.xml.bind.v2.runtime.JAXBContextImpl.<init>(Lcom/sun/xml/bind/v2/runtime/JAXBContextImpl$JAXBContextBuilder;)V+256
j  com.sun.xml.bind.v2.runtime.JAXBContextImpl.<init>(Lcom/sun/xml/bind/v2/runtime/JAXBContextImpl$JAXBContextBuilder;Lcom/sun/xml/bind/v2/runtime/JAXBContextImpl$1;)V+2
j  com.sun.xml.bind.v2.runtime.JAXBContextImpl$JAXBContextBuilder.build()Lcom/sun/xml/bind/v2/runtime/JAXBContextImpl;+65
j  com.sun.xml.bind.v2.ContextFactory.createContext([Ljava/lang/Class;Ljava/util/Map;)Ljavax/xml/bind/JAXBContext;+504
v  ~StubRoutines::call_stub
J 1604  sun.reflect.NativeMethodAccessorImpl.invoke0(Ljava/lang/reflect/Method;Ljava/lang/Object;[Ljava/lang/Object;)Ljava/lang/Object; (0 bytes) @ 0x000000010da802b7 [0x000000010da80240+0x77]
J 22235 C2 sun.reflect.NativeMethodAccessorImpl.invoke(Ljava/lang/Object;[Ljava/lang/Object;)Ljava/lang/Object; (104 bytes) @ 0x000000010ff5d6f4 [0x000000010ff5d680+0x74]
J 9062 C2 java.lang.reflect.Method.invoke(Ljava/lang/Object;[Ljava/lang/Object;)Ljava/lang/Object; (62 bytes) @ 0x000000010dfa5e88 [0x000000010dfa5e00+0x88]
j  android.databinding.tool.store.ResourceBundle$LayoutFileBundle.jaxbContext(Ljava/lang/Class;)Ljavax/xml/bind/JAXBContext;+46
j  android.databinding.tool.store.ResourceBundle$LayoutFileBundle.<clinit>()V+2
v  ~StubRoutines::call_stub
j  android.databinding.annotationprocessor.ProcessExpressions$IntermediateV2.appendTo(Landroid/databinding/tool/store/ResourceBundle;Z)V+52
j  android.databinding.annotationprocessor.ProcessExpressions.onHandleStep(Ljavax/annotation/processing/RoundEnvironment;Ljavax/annotation/processing/ProcessingEnvironment;Landroid/databinding/tool/CompilerArguments;)Z+294
j  android.databinding.annotationprocessor.ProcessDataBinding$ProcessingStep.runStep(Ljavax/annotation/processing/RoundEnvironment;Ljavax/annotation/processing/ProcessingEnvironment;Landroid/databinding/tool/CompilerArguments;)Z+14
j  android.databinding.annotationprocessor.ProcessDataBinding$ProcessingStep.access$000(Landroid/databinding/annotationprocessor/ProcessDataBinding$ProcessingStep;Ljavax/annotation/processing/RoundEnvironment;Ljavax/annotation/processing/ProcessingEnvironment;Landroid/databinding/tool/CompilerArguments;)Z+4
j  android.databinding.annotationprocessor.ProcessDataBinding.doProcess(Ljavax/annotation/processing/RoundEnvironment;)Z+123
j  android.databinding.annotationprocessor.ProcessDataBinding.process(Ljava/util/Set;Ljavax/annotation/processing/RoundEnvironment;)Z+2
j  org.jetbrains.kotlin.kapt3.base.incremental.IncrementalProcessor.process(Ljava/util/Set;Ljavax/annotation/processing/RoundEnvironment;)Z+6
j  org.jetbrains.kotlin.kapt3.base.ProcessorWrapper.process(Ljava/util/Set;Ljavax/annotation/processing/RoundEnvironment;)Z+17
j  com.sun.tools.javac.processing.JavacProcessingEnvironment.callProcessor(Ljavax/annotation/processing/Processor;Ljava/util/Set;Ljavax/annotation/processing/RoundEnvironment;)Z+3
j  com.sun.tools.javac.processing.JavacProcessingEnvironment.discoverAndRunProcs(Lcom/sun/tools/javac/util/Context;Ljava/util/Set;Lcom/sun/tools/javac/util/List;Lcom/sun/tools/javac/util/List;)V+316
j  com.sun.tools.javac.processing.JavacProcessingEnvironment.access$1800(Lcom/sun/tools/javac/processing/JavacProcessingEnvironment;Lcom/sun/tools/javac/util/Context;Ljava/util/Set;Lcom/sun/tools/javac/util/List;Lcom/sun/tools/javac/util/List;)V+6
j  com.sun.tools.javac.processing.JavacProcessingEnvironment$Round.run(ZZ)V+111
j  com.sun.tools.javac.processing.JavacProcessingEnvironment.doProcessing(Lcom/sun/tools/javac/util/Context;Lcom/sun/tools/javac/util/List;Lcom/sun/tools/javac/util/List;Ljava/lang/Iterable;Lcom/sun/tools/javac/util/Log$DeferredDiagnosticHandler;)Lcom/sun/tools/javac/main/JavaCompiler;+89
j  com.sun.tools.javac.main.JavaCompiler.processAnnotations(Lcom/sun/tools/javac/util/List;Lcom/sun/tools/javac/util/List;)Lcom/sun/tools/javac/main/JavaCompiler;+461
j  com.sun.tools.javac.main.JavaCompiler.processAnnotations(Lcom/sun/tools/javac/util/List;)Lcom/sun/tools/javac/main/JavaCompiler;+5
j  org.jetbrains.kotlin.kapt3.base.AnnotationProcessingKt.doAnnotationProcessing(Lorg/jetbrains/kotlin/kapt3/base/KaptContext;Ljava/util/List;Ljava/util/List;Lcom/sun/tools/javac/util/List;)V+906
j  org.jetbrains.kotlin.kapt3.base.AnnotationProcessingKt.doAnnotationProcessing$default(Lorg/jetbrains/kotlin/kapt3/base/KaptContext;Ljava/util/List;Ljava/util/List;Lcom/sun/tools/javac/util/List;ILjava/lang/Object;)V+22
j  org.jetbrains.kotlin.kapt3.base.Kapt.kapt(Lorg/jetbrains/kotlin/base/kapt3/KaptOptions;)Z+187
j  sun.reflect.GeneratedMethodAccessor1136.invoke(Ljava/lang/Object;[Ljava/lang/Object;)Ljava/lang/Object;+28
J 9062 C2 java.lang.reflect.Method.invoke(Ljava/lang/Object;[Ljava/lang/Object;)Ljava/lang/Object; (62 bytes) @ 0x000000010dfa5e88 [0x000000010dfa5e00+0x88]
j  org.jetbrains.kotlin.gradle.internal.KaptExecution.run()V+448
J 53392 C1 org.gradle.workers.internal.AdapterWorkAction.execute()V (179 bytes) @ 0x00000001152e2ddc [0x00000001152e1d20+0x10bc]
J 58723 C1 org.gradle.workers.internal.DefaultWorkerServer.execute(Lorg/gradle/workers/internal/SimpleActionExecutionSpec;)Lorg/gradle/workers/internal/DefaultWorkResult; (167 bytes) @ 0x00000001118f6174 [0x00000001118f5320+0xe54]
j  org.gradle.workers.internal.NoIsolationWorkerFactory$1$1.create()Lorg/gradle/workers/internal/DefaultWorkResult;+29
j  org.gradle.workers.internal.NoIsolationWorkerFactory$1$1.create()Ljava/lang/Object;+1
j  org.gradle.internal.classloader.ClassLoaderUtils.executeInClassloader(Ljava/lang/ClassLoader;Lorg/gradle/internal/Factory;)Ljava/lang/Object;+15
j  org.gradle.workers.internal.NoIsolationWorkerFactory$1.lambda$execute$0(Ljava/lang/ClassLoader;Lorg/gradle/workers/WorkerExecutor;Lorg/gradle/workers/internal/IsolatedParametersActionExecutionSpec;)Lorg/gradle/workers/internal/DefaultWorkResult;+10
j  org.gradle.workers.internal.NoIsolationWorkerFactory$1$$Lambda$788.execute(Lorg/gradle/workers/internal/IsolatedParametersActionExecutionSpec;)Lorg/gradle/workers/internal/DefaultWorkResult;+13
j  org.gradle.workers.internal.AbstractWorker$1.call(Lorg/gradle/internal/operations/BuildOperationContext;)Lorg/gradle/workers/internal/DefaultWorkResult;+8
j  org.gradle.workers.internal.AbstractWorker$1.call(Lorg/gradle/internal/operations/BuildOperationContext;)Ljava/lang/Object;+2
J 31566 C2 org.gradle.internal.operations.DefaultBuildOperationExecutor$1.execute(Lorg/gradle/internal/operations/BuildOperationDescriptor;Lorg/gradle/internal/operations/DefaultBuildOperationExecutor$DefaultBuildOperationContext;Lorg/gradle/internal/operations/DefaultBuildOperationExecutor$BuildOperationExecutionListener;)Lorg/gradle/internal/operations/BuildOperation; (82 bytes) @ 0x00000001123c6cd0 [0x00000001123c6bc0+0x110]
J 37335 C2 org.gradle.internal.operations.DefaultBuildOperationExecutor.execute(Lorg/gradle/internal/operations/BuildOperationDescriptor$Builder;Lorg/gradle/internal/operations/DefaultBuildOperationExecutor$BuildOperationState;Lorg/gradle/internal/operations/DefaultBuildOperationExecutor$BuildOperationExecution;)Lorg/gradle/internal/operations/BuildOperation; (111 bytes) @ 0x0000000112a7f8f0 [0x0000000112a7f300+0x5f0]
J 48797 C2 org.gradle.internal.operations.DelegatingBuildOperationExecutor.call(Lorg/gradle/internal/operations/CallableBuildOperation;)Ljava/lang/Object; (11 bytes) @ 0x000000011166062c [0x0000000111660440+0x1ec]
j  org.gradle.workers.internal.AbstractWorker.executeWrappedInBuildOperation(Lorg/gradle/workers/internal/IsolatedParametersActionExecutionSpec;Lorg/gradle/internal/operations/BuildOperationRef;Lorg/gradle/workers/internal/AbstractWorker$Work;)Lorg/gradle/workers/internal/DefaultWorkResult;+15
j  org.gradle.workers.internal.NoIsolationWorkerFactory$1.execute(Lorg/gradle/workers/internal/IsolatedParametersActionExecutionSpec;Lorg/gradle/internal/operations/BuildOperationRef;)Lorg/gradle/workers/internal/DefaultWorkResult;+17
j  org.gradle.workers.internal.DefaultWorkerExecutor.lambda$submitWork$2(Lorg/gradle/workers/internal/WorkerFactory;Lorg/gradle/workers/internal/WorkerRequirement;Lorg/gradle/workers/internal/IsolatedParametersActionExecutionSpec;Lorg/gradle/internal/operations/BuildOperationRef;)Lorg/gradle/workers/internal/DefaultWorkResult;+13
j  org.gradle.workers.internal.DefaultWorkerExecutor$$Lambda$787.call()Ljava/lang/Object;+16
J 33959 C2 java.util.concurrent.FutureTask.run()V (126 bytes) @ 0x00000001129b7400 [0x00000001129b72a0+0x160]
J 58777 C1 org.gradle.internal.work.DefaultConditionalExecutionQueue$ExecutionRunner.runExecution(Lorg/gradle/internal/work/ConditionalExecution;)V (88 bytes) @ 0x0000000111302d84 [0x0000000111302ba0+0x1e4]
J 56094 C1 org.gradle.internal.work.DefaultConditionalExecutionQueue$ExecutionRunner.run()V (32 bytes) @ 0x000000010f01445c [0x000000010f014320+0x13c]
J 41544 C2 java.util.concurrent.Executors$RunnableAdapter.call()Ljava/lang/Object; (14 bytes) @ 0x000000010fc6b56c [0x000000010fc6b460+0x10c]
J 33959 C2 java.util.concurrent.FutureTask.run()V (126 bytes) @ 0x00000001129b7400 [0x00000001129b72a0+0x160]
J 38562 C2 java.util.concurrent.ThreadPoolExecutor.runWorker(Ljava/util/concurrent/ThreadPoolExecutor$Worker;)V (225 bytes) @ 0x000000010e911eac [0x000000010e911be0+0x2cc]
J 49622 C2 java.lang.Thread.run()V (17 bytes) @ 0x0000000111832c08 [0x0000000111832b80+0x88]
v  ~StubRoutines::call_stub

---------------  P R O C E S S  ---------------

Java Threads: ( => current thread )
=>0x00007ffccc1fd000 JavaThread "WorkerExecutor Queue" [_thread_in_vm, id=93607, stack(0x00007000105ae000,0x00007000106ae000)]
  0x00007ffccd11f800 JavaThread "RMI TCP Connection(349)-127.0.0.1" daemon [_thread_in_native, id=130395, stack(0x00007000103a8000,0x00007000104a8000)]
  0x00007ffccf8fb800 JavaThread "Cache worker for execution history cache (/Users/soso/AndroidStudioProjects/DingBring/.gradle/6.5/executionHistory)" [_thread_blocked, id=60319, stack(0x00007000101a2000,0x00007000102a2000)]
  0x00007ffcd4a03000 JavaThread "Execution worker for ':' Thread 3" [_thread_blocked, id=94239, stack(0x000070000fd96000,0x000070000fe96000)]
  0x00007ffcd4a02000 JavaThread "Execution worker for ':' Thread 2" [_thread_blocked, id=121655, stack(0x000070000fb90000,0x000070000fc90000)]
  0x00007ffcd9982000 JavaThread "Execution worker for ':'" [_thread_blocked, id=72807, stack(0x000070000fa8d000,0x000070000fb8d000)]
  0x00007ffccc1bf000 JavaThread "Cache worker for file content cache (/Users/soso/AndroidStudioProjects/DingBring/.gradle/6.5/fileContent)" [_thread_blocked, id=30251, stack(0x000070000f98a000,0x000070000fa8a000)]
  0x00007ffccfc51800 JavaThread "Cache worker for Build Output Cleanup Cache (/Users/soso/AndroidStudioProjects/DingBring/.gradle/buildOutputCleanup)" [_thread_blocked, id=96315, stack(0x000070000f887000,0x000070000f987000)]
  0x00007ffccde2d800 JavaThread "jar transforms Thread 10062" [_thread_blocked, id=130023, stack(0x000070000f784000,0x000070000f884000)]
  0x00007ffccd3c7800 JavaThread "jar transforms Thread 10061" [_thread_blocked, id=88103, stack(0x000070000f57e000,0x000070000f67e000)]
  0x00007ffccdefa000 JavaThread "jar transforms Thread 10060" [_thread_blocked, id=55611, stack(0x000070000f47b000,0x000070000f57b000)]
  0x00007ffccc1be800 JavaThread "jar transforms Thread 10059" [_thread_blocked, id=120931, stack(0x000070000f378000,0x000070000f478000)]
  0x00007ffcd4eaa000 JavaThread "jar transforms Thread 10058" [_thread_blocked, id=81507, stack(0x000070000f275000,0x000070000f375000)]
  0x00007ffcd4c54800 JavaThread "jar transforms Thread 10057" [_thread_blocked, id=47719, stack(0x000070000f172000,0x000070000f272000)]
  0x00007ffcd49ea000 JavaThread "jar transforms Thread 10056" [_thread_blocked, id=36055, stack(0x000070000f06f000,0x000070000f16f000)]
  0x00007ffcd9163000 JavaThread "jar transforms Thread 10055" [_thread_blocked, id=49055, stack(0x000070000ef6c000,0x000070000f06c000)]
  0x00007ffccdef9800 JavaThread "jar transforms Thread 10054" [_thread_blocked, id=74471, stack(0x000070000ee69000,0x000070000ef69000)]
  0x00007ffcd4eb0000 JavaThread "jar transforms Thread 10053" [_thread_blocked, id=26155, stack(0x000070000ed66000,0x000070000ee66000)]
  0x00007ffccc28c800 JavaThread "jar transforms Thread 10052" [_thread_blocked, id=32807, stack(0x000070000ec63000,0x000070000ed63000)]
  0x00007ffccf822000 JavaThread "jar transforms Thread 10051" [_thread_blocked, id=59551, stack(0x000070000eb60000,0x000070000ec60000)]
  0x00007ffccd97f800 JavaThread "jar transforms Thread 10050" [_thread_blocked, id=87207, stack(0x000070000ea5d000,0x000070000eb5d000)]
  0x00007ffccc29f800 JavaThread "jar transforms Thread 10049" [_thread_blocked, id=36959, stack(0x000070000e95a000,0x000070000ea5a000)]
  0x00007ffccd189800 JavaThread "jar transforms Thread 10048" [_thread_blocked, id=86335, stack(0x000070000e857000,0x000070000e957000)]
  0x00007ffccd97f000 JavaThread "jar transforms Thread 10047" [_thread_blocked, id=63539, stack(0x000070000e754000,0x000070000e854000)]
  0x00007ffccca93800 JavaThread "jar transforms Thread 10046" [_thread_blocked, id=74771, stack(0x000070000e651000,0x000070000e751000)]
  0x00007ffcd70fd000 JavaThread "jar transforms Thread 10045" [_thread_blocked, id=90791, stack(0x000070000e54e000,0x000070000e64e000)]
  0x00007ffcd4ccd000 JavaThread "jar transforms Thread 10044" [_thread_blocked, id=34931, stack(0x000070000e44b000,0x000070000e54b000)]
  0x00007ffccc7be800 JavaThread "jar transforms Thread 10043" [_thread_blocked, id=25455, stack(0x000070000e348000,0x000070000e448000)]
  0x00007ffccc74c800 JavaThread "jar transforms Thread 10042" [_thread_blocked, id=28163, stack(0x000070000e245000,0x000070000e345000)]
  0x00007ffcd4ab5000 JavaThread "jar transforms Thread 10041" [_thread_blocked, id=85283, stack(0x000070000e142000,0x000070000e242000)]
  0x00007ffcd4aed000 JavaThread "jar transforms Thread 10040" [_thread_blocked, id=116603, stack(0x000070000e03f000,0x000070000e13f000)]
  0x00007ffcd9e33800 JavaThread "jar transforms Thread 10039" [_thread_blocked, id=83423, stack(0x000070000df3c000,0x000070000e03c000)]
  0x00007ffccc7b3000 JavaThread "jar transforms Thread 10038" [_thread_blocked, id=49503, stack(0x000070000de39000,0x000070000df39000)]
  0x00007ffcd9ca1000 JavaThread "jar transforms Thread 10037" [_thread_blocked, id=130671, stack(0x000070000dd36000,0x000070000de36000)]
  0x00007ffcd9c38000 JavaThread "jar transforms Thread 10036" [_thread_blocked, id=120415, stack(0x000070000dc33000,0x000070000dd33000)]
  0x00007ffcd9a17000 JavaThread "jar transforms Thread 10035" [_thread_blocked, id=67091, stack(0x000070000db30000,0x000070000dc30000)]
  0x00007ffccc773800 JavaThread "jar transforms Thread 10034" [_thread_blocked, id=19475, stack(0x000070000da2d000,0x000070000db2d000)]
  0x00007ffccc0f1000 JavaThread "jar transforms Thread 10033" [_thread_blocked, id=66059, stack(0x000070000d92a000,0x000070000da2a000)]
  0x00007ffccc7c2800 JavaThread "jar transforms Thread 10032" [_thread_blocked, id=44811, stack(0x000070000d827000,0x000070000d927000)]
  0x00007ffccc1fb000 JavaThread "jar transforms Thread 10031" [_thread_blocked, id=45487, stack(0x000070000d724000,0x000070000d824000)]
  0x00007ffccf8fe000 JavaThread "jar transforms Thread 10030" [_thread_blocked, id=122219, stack(0x000070000d621000,0x000070000d721000)]
  0x00007ffccc3bd000 JavaThread "jar transforms Thread 10029" [_thread_blocked, id=16191, stack(0x000070000d51e000,0x000070000d61e000)]
  0x00007ffccc4fb800 JavaThread "jar transforms Thread 10028" [_thread_blocked, id=84815, stack(0x000070000d41b000,0x000070000d51b000)]
  0x00007ffcd9e44000 JavaThread "jar transforms Thread 10027" [_thread_blocked, id=125039, stack(0x000070000d318000,0x000070000d418000)]
  0x00007ffccc7b4000 JavaThread "jar transforms Thread 10026" [_thread_blocked, id=51203, stack(0x000070000d215000,0x000070000d315000)]
  0x00007ffcd4fa9800 JavaThread "jar transforms Thread 10025" [_thread_blocked, id=35231, stack(0x000070000d112000,0x000070000d212000)]
  0x00007ffcd941d800 JavaThread "jar transforms Thread 10024" [_thread_blocked, id=54175, stack(0x000070000d00f000,0x000070000d10f000)]
  0x00007ffcd94d0000 JavaThread "jar transforms Thread 10023" [_thread_blocked, id=32311, stack(0x000070000cf0c000,0x000070000d00c000)]
  0x00007ffccc5f1800 JavaThread "jar transforms Thread 10022" [_thread_blocked, id=16395, stack(0x000070000ce09000,0x000070000cf09000)]
  0x00007ffcd920c800 JavaThread "jar transforms Thread 10021" [_thread_blocked, id=87451, stack(0x000070000cd06000,0x000070000ce06000)]
  0x00007ffcd925c000 JavaThread "jar transforms Thread 10020" [_thread_blocked, id=53827, stack(0x000070000cc03000,0x000070000cd03000)]
  0x00007ffcd94ce800 JavaThread "jar transforms Thread 10019" [_thread_blocked, id=71195, stack(0x000070000cb00000,0x000070000cc00000)]
  0x00007ffccca93000 JavaThread "jar transforms Thread 10018" [_thread_blocked, id=122671, stack(0x000070000c9fd000,0x000070000cafd000)]
  0x00007ffcd4ae4800 JavaThread "jar transforms Thread 10017" [_thread_blocked, id=95007, stack(0x000070000c8fa000,0x000070000c9fa000)]
  0x00007ffccf9f6800 JavaThread "jar transforms Thread 10016" [_thread_blocked, id=117831, stack(0x000070000c7f7000,0x000070000c8f7000)]
  0x00007ffccc58c000 JavaThread "jar transforms Thread 10015" [_thread_blocked, id=44275, stack(0x000070000c6f4000,0x000070000c7f4000)]
  0x00007ffcd4bcf800 JavaThread "jar transforms Thread 10014" [_thread_blocked, id=43035, stack(0x000070000c5f1000,0x000070000c6f1000)]
  0x00007ffcd4f5b000 JavaThread "jar transforms Thread 10013" [_thread_blocked, id=91911, stack(0x000070000c4ee000,0x000070000c5ee000)]
  0x00007ffcd4eab800 JavaThread "jar transforms Thread 10012" [_thread_blocked, id=36483, stack(0x000070000c3eb000,0x000070000c4eb000)]
  0x00007ffcd4e5a800 JavaThread "jar transforms Thread 10011" [_thread_blocked, id=66355, stack(0x000070000c2e8000,0x000070000c3e8000)]
  0x00007ffcd4fba000 JavaThread "jar transforms Thread 10010" [_thread_blocked, id=37219, stack(0x000070000c1e5000,0x000070000c2e5000)]
  0x00007ffccc105000 JavaThread "jar transforms Thread 10009" [_thread_blocked, id=30571, stack(0x000070000c0e2000,0x000070000c1e2000)]
  0x00007ffccc1cd800 JavaThread "jar transforms Thread 10008" [_thread_blocked, id=81019, stack(0x000070000bfdf000,0x000070000c0df000)]
  0x00007ffccc795800 JavaThread "jar transforms Thread 10007" [_thread_blocked, id=80003, stack(0x000070000bedc000,0x000070000bfdc000)]
  0x00007ffccff0e000 JavaThread "jar transforms Thread 10006" [_thread_blocked, id=64299, stack(0x000070000bdd9000,0x000070000bed9000)]
  0x00007ffcd72ae000 JavaThread "jar transforms Thread 10005" [_thread_blocked, id=76347, stack(0x000070000bcd6000,0x000070000bdd6000)]
  0x00007ffcd4b55800 JavaThread "jar transforms Thread 10004" [_thread_blocked, id=55899, stack(0x000070000bbd3000,0x000070000bcd3000)]
  0x00007ffcd4bde000 JavaThread "jar transforms Thread 10003" [_thread_blocked, id=58211, stack(0x000070000bad0000,0x000070000bbd0000)]
  0x00007ffccc1b6000 JavaThread "jar transforms Thread 10002" [_thread_blocked, id=69647, stack(0x000070000b9cd000,0x000070000bacd000)]
  0x00007ffcd4cb2000 JavaThread "jar transforms Thread 10001" [_thread_blocked, id=96659, stack(0x000070000b8ca000,0x000070000b9ca000)]
  0x00007ffcd9ff4000 JavaThread "jar transforms Thread 10000" [_thread_blocked, id=61995, stack(0x000070000b7c7000,0x000070000b8c7000)]
  0x00007ffcd983b000 JavaThread "jar transforms Thread 9999" [_thread_blocked, id=36707, stack(0x000070000b6c4000,0x000070000b7c4000)]
  0x00007ffccd737000 JavaThread "jar transforms Thread 9998" [_thread_blocked, id=127699, stack(0x000070000b5c1000,0x000070000b6c1000)]
  0x00007ffccc2bf000 JavaThread "jar transforms Thread 9997" [_thread_blocked, id=70511, stack(0x000070000b4be000,0x000070000b5be000)]
  0x00007ffcd9ca4800 JavaThread "jar transforms Thread 9996" [_thread_blocked, id=29863, stack(0x000070000b3bb000,0x000070000b4bb000)]
  0x00007ffccc0ba800 JavaThread "jar transforms Thread 9995" [_thread_blocked, id=59327, stack(0x000070000b2b8000,0x000070000b3b8000)]
  0x00007ffcd4cd0800 JavaThread "jar transforms Thread 9994" [_thread_blocked, id=43835, stack(0x000070000b1b5000,0x000070000b2b5000)]
  0x00007ffccd13a000 JavaThread "jar transforms Thread 9993" [_thread_blocked, id=97915, stack(0x000070000b0b2000,0x000070000b1b2000)]
  0x00007ffccd5cb000 JavaThread "jar transforms Thread 9992" [_thread_blocked, id=97659, stack(0x000070000afaf000,0x000070000b0af000)]
  0x00007ffccd521000 JavaThread "jar transforms Thread 9991" [_thread_blocked, id=82467, stack(0x000070000aeac000,0x000070000afac000)]
  0x00007ffccd312800 JavaThread "jar transforms Thread 9990" [_thread_blocked, id=124775, stack(0x000070000ada9000,0x000070000aea9000)]
  0x00007ffcd9ccb000 JavaThread "jar transforms Thread 9989" [_thread_blocked, id=34643, stack(0x000070000aca6000,0x000070000ada6000)]
  0x00007ffccdca5800 JavaThread "jar transforms Thread 9988" [_thread_blocked, id=45167, stack(0x000070000aba3000,0x000070000aca3000)]
  0x00007ffcd68f3000 JavaThread "jar transforms Thread 9987" [_thread_blocked, id=95835, stack(0x000070000aaa0000,0x000070000aba0000)]
  0x00007ffcd6bd9800 JavaThread "jar transforms Thread 9986" [_thread_blocked, id=32167, stack(0x000070000a99d000,0x000070000aa9d000)]
  0x00007ffcd6bfc000 JavaThread "jar transforms Thread 9985" [_thread_blocked, id=72235, stack(0x000070000a89a000,0x000070000a99a000)]
  0x00007ffccce43800 JavaThread "jar transforms Thread 9984" [_thread_blocked, id=54491, stack(0x000070000a797000,0x000070000a897000)]
  0x00007ffcccb2f800 JavaThread "jar transforms Thread 9983" [_thread_blocked, id=46139, stack(0x000070000a694000,0x000070000a794000)]
  0x00007ffccc27f000 JavaThread "jar transforms Thread 9982" [_thread_blocked, id=129331, stack(0x000070000a591000,0x000070000a691000)]
  0x00007ffccd9b3800 JavaThread "jar transforms Thread 9981" [_thread_blocked, id=34167, stack(0x000070000a48e000,0x000070000a58e000)]
  0x00007ffcd9329800 JavaThread "jar transforms Thread 9980" [_thread_blocked, id=68907, stack(0x000070000a38b000,0x000070000a48b000)]
  0x00007ffccde71000 JavaThread "jar transforms Thread 9979" [_thread_blocked, id=39855, stack(0x000070000a288000,0x000070000a388000)]
  0x00007ffcccf13800 JavaThread "jar transforms Thread 9978" [_thread_blocked, id=118675, stack(0x000070000a185000,0x000070000a285000)]
  0x00007ffccda0e000 JavaThread "jar transforms Thread 9977" [_thread_blocked, id=80295, stack(0x000070000a082000,0x000070000a182000)]
  0x00007ffccfbb7800 JavaThread "jar transforms Thread 9976" [_thread_blocked, id=117111, stack(0x0000700009f7f000,0x000070000a07f000)]
  0x00007ffccca8f000 JavaThread "jar transforms Thread 9975" [_thread_blocked, id=84067, stack(0x0000700009e7c000,0x0000700009f7c000)]
  0x00007ffccd1d0800 JavaThread "jar transforms Thread 9974" [_thread_blocked, id=125591, stack(0x0000700009d79000,0x0000700009e79000)]
  0x00007ffccd1f1800 JavaThread "jar transforms Thread 9973" [_thread_blocked, id=65127, stack(0x0000700009c76000,0x0000700009d76000)]
  0x00007ffccd3e9800 JavaThread "jar transforms Thread 9972" [_thread_blocked, id=67531, stack(0x0000700009b73000,0x0000700009c73000)]
  0x00007ffccd721800 JavaThread "jar transforms Thread 9971" [_thread_blocked, id=129115, stack(0x0000700009a70000,0x0000700009b70000)]
  0x00007ffccc150000 JavaThread "jar transforms Thread 9970" [_thread_blocked, id=71031, stack(0x000070000996d000,0x0000700009a6d000)]
  0x00007ffccce3e000 JavaThread "jar transforms Thread 9969" [_thread_blocked, id=60971, stack(0x000070000986a000,0x000070000996a000)]
  0x00007ffccc94f000 JavaThread "jar transforms Thread 9968" [_thread_blocked, id=39019, stack(0x0000700009767000,0x0000700009867000)]
  0x00007ffccda7f000 JavaThread "jar transforms Thread 9967" [_thread_blocked, id=32551, stack(0x0000700009664000,0x0000700009764000)]
  0x00007ffccd9cf000 JavaThread "jar transforms Thread 9966" [_thread_blocked, id=93295, stack(0x0000700009561000,0x0000700009661000)]
  0x00007ffccde6f000 JavaThread "jar transforms Thread 9965" [_thread_blocked, id=51495, stack(0x000070000945e000,0x000070000955e000)]
  0x00007ffcd6d50800 JavaThread "jar transforms Thread 9964" [_thread_blocked, id=90039, stack(0x000070000935b000,0x000070000945b000)]
  0x00007ffccddab800 JavaThread "jar transforms Thread 9963" [_thread_blocked, id=35447, stack(0x0000700009258000,0x0000700009358000)]
  0x00007ffcd6a9f800 JavaThread "jar transforms Thread 9962" [_thread_blocked, id=123019, stack(0x0000700009155000,0x0000700009255000)]
  0x00007ffccdde4000 JavaThread "jar transforms Thread 9961" [_thread_blocked, id=70755, stack(0x0000700009052000,0x0000700009152000)]
  0x00007ffccc9ef800 JavaThread "jar transforms Thread 9960" [_thread_blocked, id=23723, stack(0x0000700008f4f000,0x000070000904f000)]
  0x00007ffccd4cb800 JavaThread "jar transforms Thread 9959" [_thread_blocked, id=131031, stack(0x0000700008e4c000,0x0000700008f4c000)]
  0x00007ffccd2bd000 JavaThread "jar transforms Thread 9958" [_thread_blocked, id=50867, stack(0x0000700008d49000,0x0000700008e49000)]
  0x00007ffcd74cb800 JavaThread "jar transforms Thread 9957" [_thread_blocked, id=89439, stack(0x0000700008c46000,0x0000700008d46000)]
  0x00007ffccd6ff000 JavaThread "jar transforms Thread 9956" [_thread_blocked, id=123319, stack(0x0000700008b43000,0x0000700008c43000)]
  0x00007ffccd137000 JavaThread "jar transforms Thread 9955" [_thread_blocked, id=55135, stack(0x0000700008a40000,0x0000700008b40000)]
  0x00007ffccfbf0000 JavaThread "jar transforms Thread 9954" [_thread_blocked, id=79163, stack(0x000070000893d000,0x0000700008a3d000)]
  0x00007ffccfc81000 JavaThread "jar transforms Thread 9953" [_thread_blocked, id=23843, stack(0x000070000883a000,0x000070000893a000)]
  0x00007ffcd948b000 JavaThread "jar transforms Thread 9952" [_thread_blocked, id=67619, stack(0x0000700008737000,0x0000700008837000)]
  0x00007ffccd552000 JavaThread "jar transforms Thread 9951" [_thread_blocked, id=130127, stack(0x0000700008634000,0x0000700008734000)]
  0x00007ffccd13d000 JavaThread "jar transforms Thread 9950" [_thread_blocked, id=51751, stack(0x0000700008531000,0x0000700008631000)]
  0x00007ffcd493b000 JavaThread "jar transforms Thread 9949" [_thread_blocked, id=81679, stack(0x000070000842e000,0x000070000852e000)]
  0x00007ffcccb1e000 JavaThread "jar transforms Thread 9948" [_thread_blocked, id=80395, stack(0x000070000832b000,0x000070000842b000)]
  0x00007ffccfff8800 JavaThread "jar transforms Thread 9947" [_thread_blocked, id=81195, stack(0x0000700008228000,0x0000700008328000)]
  0x00007ffccce6f800 JavaThread "jar transforms Thread 9946" [_thread_blocked, id=52531, stack(0x0000700008125000,0x0000700008225000)]
  0x00007ffcd4fb6800 JavaThread "Build operations Thread 4" [_thread_blocked, id=79431, stack(0x0000700007e1c000,0x0000700007f1c000)]
  0x00007ffcd4f0a000 JavaThread "Build operations Thread 3" [_thread_blocked, id=65307, stack(0x0000700007d19000,0x0000700007e19000)]
  0x00007ffcccb40000 JavaThread "Build operations Thread 2" [_thread_blocked, id=90467, stack(0x0000700007c16000,0x0000700007d16000)]
  0x00007ffcccf20000 JavaThread "Build operations" [_thread_blocked, id=55331, stack(0x0000700007b13000,0x0000700007c13000)]
  0x00007ffccd5ce000 JavaThread "Cache worker for cache directory md-rule (/Users/soso/.gradle/caches/6.5/md-rule)" [_thread_blocked, id=31847, stack(0x0000700007a10000,0x0000700007b10000)]
  0x00007ffccd5bb000 JavaThread "Cache worker for cache directory md-supplier (/Users/soso/.gradle/caches/6.5/md-supplier)" [_thread_blocked, id=67927, stack(0x000070000790d000,0x0000700007a0d000)]
  0x00007ffccfc2b800 JavaThread "Cache worker for checksums cache (/Users/soso/AndroidStudioProjects/DingBring/.gradle/checksums)" [_thread_blocked, id=124019, stack(0x000070000780a000,0x000070000790a000)]
  0x00007ffcd9688000 JavaThread "Cache worker for file hash cache (/Users/soso/AndroidStudioProjects/DingBring/.gradle/6.5/fileHashes)" [_thread_blocked, id=56711, stack(0x0000700007707000,0x0000700007807000)]
  0x00007ffccdb6d800 JavaThread "Thread-12500" [_thread_blocked, id=54963, stack(0x0000700007604000,0x0000700007704000)]
  0x00007ffcd4d5e000 JavaThread "Stdin handler" [_thread_blocked, id=94763, stack(0x0000700007501000,0x0000700007601000)]
  0x00007ffccfec1800 JavaThread "Asynchronous log dispatcher for DefaultDaemonConnection: socket connection from /127.0.0.1:53345 to /127.0.0.1:64730" [_thread_blocked, id=48299, stack(0x00007000070f5000,0x00007000071f5000)]
  0x00007ffcd4bd3000 JavaThread "Daemon worker Thread 79" [_thread_blocked, id=118903, stack(0x0000700006ff2000,0x00007000070f2000)]
  0x00007ffccfb43000 JavaThread "Cancel handler" [_thread_blocked, id=40099, stack(0x0000700006eef000,0x0000700006fef000)]
  0x00007ffccc7b6000 JavaThread "Handler for socket connection from /127.0.0.1:53345 to /127.0.0.1:64730" [_thread_in_native, id=65883, stack(0x0000700006dec000,0x0000700006eec000)]
  0x00007ffcd6d53800 JavaThread "Daemon Thread 79" [_thread_blocked, id=70307, stack(0x0000700006ce9000,0x0000700006de9000)]
  0x00007ffccf814800 JavaThread "RMI TCP Connection(idle)" daemon [_thread_blocked, id=52079, stack(0x0000700006be6000,0x0000700006ce6000)]
  0x00007ffcd4cd9800 JavaThread "RMI RenewClean-[127.0.0.1:17683,org.jetbrains.kotlin.daemon.common.LoopbackNetworkInterface$ClientLoopbackSocketFactory@64ee7e6d]" daemon [_thread_blocked, id=29019, stack(0x0000700006ae3000,0x0000700006be3000)]
  0x00007ffcccff4000 JavaThread "Cache worker for Java compile cache (/Users/soso/.gradle/caches/6.5/javaCompile)" [_thread_blocked, id=124419, stack(0x00007000104ab000,0x00007000105ab000)]
  0x00007ffcd15ef000 JavaThread "RMI Reaper" [_thread_blocked, id=125955, stack(0x000070001009f000,0x000070001019f000)]
  0x00007ffcd15ea800 JavaThread "RMI TCP Accept-0" daemon [_thread_in_native, id=90883, stack(0x000070000ff9c000,0x000070001009c000)]
  0x00007ffcd15e9800 JavaThread "GC Daemon" daemon [_thread_blocked, id=126467, stack(0x000070000fe99000,0x000070000ff99000)]
  0x00007ffcd48a0000 JavaThread "RMI Scheduler(0)" daemon [_thread_blocked, id=126979, stack(0x000070000fc93000,0x000070000fd93000)]
  0x00007ffcd0d10800 JavaThread "Memory manager" [_thread_blocked, id=128771, stack(0x000070000f681000,0x000070000f781000)]
  0x00007ffcd48f9800 JavaThread "Cache worker for file content cache (/Users/soso/.gradle/caches/6.5/fileContent)" [_thread_blocked, id=37635, stack(0x0000700008022000,0x0000700008122000)]
  0x00007ffcd26b0800 JavaThread "Cache worker for execution history cache (/Users/soso/.gradle/caches/6.5/executionHistory)" [_thread_blocked, id=25603, stack(0x0000700007f1f000,0x000070000801f000)]
  0x00007ffccc441800 JavaThread "Cache worker for file hash cache (/Users/soso/.gradle/caches/6.5/fileHashes)" [_thread_blocked, id=40963, stack(0x00007000073fe000,0x00007000074fe000)]
  0x00007ffccd3ad800 JavaThread "File lock request listener" [_thread_in_native, id=41219, stack(0x00007000072fb000,0x00007000073fb000)]
  0x00007ffccc20e800 JavaThread "Cache worker for journal cache (/Users/soso/.gradle/caches/journal-1)" [_thread_blocked, id=22531, stack(0x00007000071f8000,0x00007000072f8000)]
  0x00007ffccd2c9800 JavaThread "Daemon periodic checks" [_thread_blocked, id=16899, stack(0x00007000069e0000,0x0000700006ae0000)]
  0x00007ffccd8af800 JavaThread "Incoming local TCP Connector on port 53345" [_thread_in_native, id=15363, stack(0x00007000068dd000,0x00007000069dd000)]
  0x00007ffccdd96000 JavaThread "Daemon health stats" [_thread_blocked, id=15107, stack(0x00007000067da000,0x00007000068da000)]
  0x00007ffccc02d000 JavaThread "Service Thread" daemon [_thread_blocked, id=14851, stack(0x00007000065d4000,0x00007000066d4000)]
  0x00007ffccd844000 JavaThread "C1 CompilerThread2" daemon [_thread_blocked, id=18435, stack(0x00007000064d1000,0x00007000065d1000)]
  0x00007ffccd838800 JavaThread "C2 CompilerThread1" daemon [_thread_blocked, id=14083, stack(0x00007000063ce000,0x00007000064ce000)]
  0x00007ffccd838000 JavaThread "C2 CompilerThread0" daemon [_thread_blocked, id=13827, stack(0x00007000062cb000,0x00007000063cb000)]
  0x00007ffccd83c000 JavaThread "Signal Dispatcher" daemon [_thread_blocked, id=18947, stack(0x00007000061c8000,0x00007000062c8000)]
  0x00007ffccd837000 JavaThread "Finalizer" daemon [_thread_blocked, id=20739, stack(0x0000700005fbf000,0x00007000060bf000)]
  0x00007ffccd82f000 JavaThread "Reference Handler" daemon [_thread_blocked, id=20995, stack(0x0000700005ebc000,0x0000700005fbc000)]
  0x00007ffccd80a000 JavaThread "main" [_thread_blocked, id=3331, stack(0x00007000058aa000,0x00007000059aa000)]

Other Threads:
  0x00007ffccd82a000 VMThread [stack: 0x0000700005db9000,0x0000700005eb9000] [id=21507]
  0x00007ffccc026000 WatcherThread [stack: 0x00007000066d7000,0x00007000067d7000] [id=17923]

VM state:not at safepoint (normal execution)

VM Mutex/Monitor currently owned by a thread:  ([mutex/lock_event])
[0x00007ffccbc0eb10] CodeCache_lock - owner thread: 0x00007ffccc1fd000
[0x00007ffccbc10190] Compile_lock - owner thread: 0x00007ffccc1fd000

heap address: 0x0000000740000000, size: 2048 MB, Compressed Oops mode: Zero based, Oop shift amount: 3
Narrow klass base: 0x0000000000000000, Narrow klass shift: 3
Compressed class space size: 1073741824 Address: 0x00000007c0000000

Heap:
 PSYoungGen      total 482304K, used 179192K [0x0000000795580000, 0x00000007bd600000, 0x00000007c0000000)
  eden space 320512K, 47% used [0x0000000795580000,0x000000079eafdbd0,0x00000007a8e80000)
  from space 161792K, 16% used [0x00000007a8e80000,0x00000007aa800618,0x00000007b2c80000)
  to   space 151040K, 0% used [0x00000007b4280000,0x00000007b4280000,0x00000007bd600000)
 ParOldGen       total 831488K, used 483004K [0x0000000740000000, 0x0000000772c00000, 0x0000000795580000)
  object space 831488K, 58% used [0x0000000740000000,0x000000075d7af0f0,0x0000000772c00000)
 Metaspace       used 171258K, capacity 182476K, committed 227160K, reserved 1249280K
  class space    used 20436K, capacity 22366K, committed 28288K, reserved 1048576K

Card table byte_map: [0x0000000108b11000,0x0000000108f12000] byte_map_base: 0x0000000105111000

Marking Bits: (ParMarkBitMap*) 0x00000001080273f8
 Begin Bits: [0x00000001091bd000, 0x000000010b1bd000)
 End Bits:   [0x000000010b1bd000, 0x000000010d1bd000)

Polling page: 0x0000000106fef000

CodeCache: size=245760Kb used=140741Kb max_used=143308Kb free=105018Kb
 bounds [0x000000010d535000, 0x0000000116255000, 0x000000011c535000]
 total_blobs=37878 nmethods=36875 adapters=912
 compilation: enabled

Compilation events (10 events):
Event: 21655.608 Thread 0x00007ffccd844000 nmethod 63056 0x00000001106a43d0 code [0x00000001106a4520, 0x00000001106a4630]
Event: 21655.649 Thread 0x00007ffccd844000 63057       3       com.google.gson.internal.bind.TypeAdapters$32::create (20 bytes)
Event: 21655.649 Thread 0x00007ffccd844000 nmethod 63057 0x0000000111b06ad0 code [0x0000000111b06c40, 0x0000000111b06eb0]
Event: 21655.653 Thread 0x00007ffccd844000 63058       3       com.google.gson.stream.JsonReader::push (118 bytes)
Event: 21655.654 Thread 0x00007ffccd844000 nmethod 63058 0x000000011030c390 code [0x000000011030c540, 0x000000011030cb48]
Event: 21655.654 Thread 0x00007ffccd844000 63059       3       com.google.gson.stream.JsonReader::nextNonWhitespace (354 bytes)
Event: 21655.660 Thread 0x00007ffccd844000 nmethod 63059 0x00000001151d7250 code [0x00000001151d76e0, 0x00000001151da008]
Event: 21655.702 Thread 0x00007ffccd838800 nmethod 63054% 0x0000000110c67290 code [0x0000000110c67780, 0x0000000110c6ac78]
Event: 21655.722 Thread 0x00007ffccd838000 63060       4       java.io.Writer::<init> (10 bytes)
Event: 21655.724 Thread 0x00007ffccd838000 nmethod 63060 0x0000000111249410 code [0x0000000111249560, 0x00000001112495d8]

GC Heap History (10 events):
Event: 21203.722 GC heap before
{Heap before GC invocations=359 (full 20):
 PSYoungGen      total 467456K, used 282128K [0x0000000795580000, 0x00000007be100000, 0x00000007c0000000)
  eden space 265728K, 100% used [0x0000000795580000,0x00000007a5900000,0x00000007a5900000)
  from space 201728K, 8% used [0x00000007b1c00000,0x00000007b2c04050,0x00000007be100000)
  to   space 199680K, 0% used [0x00000007a5900000,0x00000007a5900000,0x00000007b1c00000)
 ParOldGen       total 831488K, used 454024K [0x0000000740000000, 0x0000000772c00000, 0x0000000795580000)
  object space 831488K, 54% used [0x0000000740000000,0x000000075bb62028,0x0000000772c00000)
 Metaspace       used 167013K, capacity 178156K, committed 227160K, reserved 1249280K
  class space    used 19977K, capacity 21904K, committed 28288K, reserved 1048576K
Event: 21204.023 GC heap after
Heap after GC invocations=359 (full 20):
 PSYoungGen      total 465408K, used 12888K [0x0000000795580000, 0x00000007beb80000, 0x00000007c0000000)
  eden space 265728K, 0% used [0x0000000795580000,0x0000000795580000,0x00000007a5900000)
  from space 199680K, 6% used [0x00000007a5900000,0x00000007a6596230,0x00000007b1c00000)
  to   space 190464K, 0% used [0x00000007b3180000,0x00000007b3180000,0x00000007beb80000)
 ParOldGen       total 831488K, used 465261K [0x0000000740000000, 0x0000000772c00000, 0x0000000795580000)
  object space 831488K, 55% used [0x0000000740000000,0x000000075c65b568,0x0000000772c00000)
 Metaspace       used 167013K, capacity 178156K, committed 227160K, reserved 1249280K
  class space    used 19977K, capacity 21904K, committed 28288K, reserved 1048576K
}
Event: 21334.054 GC heap before
{Heap before GC invocations=360 (full 20):
 PSYoungGen      total 465408K, used 278616K [0x0000000795580000, 0x00000007beb80000, 0x00000007c0000000)
  eden space 265728K, 100% used [0x0000000795580000,0x00000007a5900000,0x00000007a5900000)
  from space 199680K, 6% used [0x00000007a5900000,0x00000007a6596230,0x00000007b1c00000)
  to   space 190464K, 0% used [0x00000007b3180000,0x00000007b3180000,0x00000007beb80000)
 ParOldGen       total 831488K, used 465261K [0x0000000740000000, 0x0000000772c00000, 0x0000000795580000)
  object space 831488K, 55% used [0x0000000740000000,0x000000075c65b568,0x0000000772c00000)
 Metaspace       used 167032K, capacity 178284K, committed 227160K, reserved 1249280K
  class space    used 19978K, capacity 21904K, committed 28288K, reserved 1048576K
Event: 21334.249 GC heap after
Heap after GC invocations=360 (full 20):
 PSYoungGen      total 458752K, used 21639K [0x0000000795580000, 0x00000007bd300000, 0x00000007c0000000)
  eden space 293376K, 0% used [0x0000000795580000,0x0000000795580000,0x00000007a7400000)
  from space 165376K, 13% used [0x00000007b3180000,0x00000007b46a1ce0,0x00000007bd300000)
  to   space 179712K, 0% used [0x00000007a7400000,0x00000007a7400000,0x00000007b2380000)
 ParOldGen       total 831488K, used 466444K [0x0000000740000000, 0x0000000772c00000, 0x0000000795580000)
  object space 831488K, 56% used [0x0000000740000000,0x000000075c7830c8,0x0000000772c00000)
 Metaspace       used 167032K, capacity 178284K, committed 227160K, reserved 1249280K
  class space    used 19978K, capacity 21904K, committed 28288K, reserved 1048576K
}
Event: 21339.423 GC heap before
{Heap before GC invocations=361 (full 20):
 PSYoungGen      total 458752K, used 315015K [0x0000000795580000, 0x00000007bd300000, 0x00000007c0000000)
  eden space 293376K, 100% used [0x0000000795580000,0x00000007a7400000,0x00000007a7400000)
  from space 165376K, 13% used [0x00000007b3180000,0x00000007b46a1ce0,0x00000007bd300000)
  to   space 179712K, 0% used [0x00000007a7400000,0x00000007a7400000,0x00000007b2380000)
 ParOldGen       total 831488K, used 466444K [0x0000000740000000, 0x0000000772c00000, 0x0000000795580000)
  object space 831488K, 56% used [0x0000000740000000,0x000000075c7830c8,0x0000000772c00000)
 Metaspace       used 167097K, capacity 178284K, committed 227160K, reserved 1249280K
  class space    used 19978K, capacity 21904K, committed 28288K, reserved 1048576K
Event: 21339.583 GC heap after
Heap after GC invocations=361 (full 20):
 PSYoungGen      total 473088K, used 6779K [0x0000000795580000, 0x00000007be280000, 0x00000007c0000000)
  eden space 293376K, 0% used [0x0000000795580000,0x0000000795580000,0x00000007a7400000)
  from space 179712K, 3% used [0x00000007a7400000,0x00000007a7a9ec38,0x00000007b2380000)
  to   space 172032K, 0% used [0x00000007b3a80000,0x00000007b3a80000,0x00000007be280000)
 ParOldGen       total 831488K, used 481710K [0x0000000740000000, 0x0000000772c00000, 0x0000000795580000)
  object space 831488K, 57% used [0x0000000740000000,0x000000075d66ba60,0x0000000772c00000)
 Metaspace       used 167097K, capacity 178284K, committed 227160K, reserved 1249280K
  class space    used 19978K, capacity 21904K, committed 28288K, reserved 1048576K
}
Event: 21648.339 GC heap before
{Heap before GC invocations=362 (full 20):
 PSYoungGen      total 473088K, used 300155K [0x0000000795580000, 0x00000007be280000, 0x00000007c0000000)
  eden space 293376K, 100% used [0x0000000795580000,0x00000007a7400000,0x00000007a7400000)
  from space 179712K, 3% used [0x00000007a7400000,0x00000007a7a9ec38,0x00000007b2380000)
  to   space 172032K, 0% used [0x00000007b3a80000,0x00000007b3a80000,0x00000007be280000)
 ParOldGen       total 831488K, used 481710K [0x0000000740000000, 0x0000000772c00000, 0x0000000795580000)
  object space 831488K, 57% used [0x0000000740000000,0x000000075d66ba60,0x0000000772c00000)
 Metaspace       used 167103K, capacity 178284K, committed 227160K, reserved 1249280K
  class space    used 19978K, capacity 21904K, committed 28288K, reserved 1048576K
Event: 21648.558 GC heap after
Heap after GC invocations=362 (full 20):
 PSYoungGen      total 467968K, used 21735K [0x0000000795580000, 0x00000007bca80000, 0x00000007c0000000)
  eden space 320512K, 0% used [0x0000000795580000,0x0000000795580000,0x00000007a8e80000)
  from space 147456K, 14% used [0x00000007b3a80000,0x00000007b4fb9d58,0x00000007bca80000)
  to   space 161792K, 0% used [0x00000007a8e80000,0x00000007a8e80000,0x00000007b2c80000)
 ParOldGen       total 831488K, used 483004K [0x0000000740000000, 0x0000000772c00000, 0x0000000795580000)
  object space 831488K, 58% used [0x0000000740000000,0x000000075d7af0f0,0x0000000772c00000)
 Metaspace       used 167103K, capacity 178284K, committed 227160K, reserved 1249280K
  class space    used 19978K, capacity 21904K, committed 28288K, reserved 1048576K
}
Event: 21653.447 GC heap before
{Heap before GC invocations=363 (full 20):
 PSYoungGen      total 467968K, used 342247K [0x0000000795580000, 0x00000007bca80000, 0x00000007c0000000)
  eden space 320512K, 100% used [0x0000000795580000,0x00000007a8e80000,0x00000007a8e80000)
  from space 147456K, 14% used [0x00000007b3a80000,0x00000007b4fb9d58,0x00000007bca80000)
  to   space 161792K, 0% used [0x00000007a8e80000,0x00000007a8e80000,0x00000007b2c80000)
 ParOldGen       total 831488K, used 483004K [0x0000000740000000, 0x0000000772c00000, 0x0000000795580000)
  object space 831488K, 58% used [0x0000000740000000,0x000000075d7af0f0,0x0000000772c00000)
 Metaspace       used 167363K, capacity 178584K, committed 227160K, reserved 1249280K
  class space    used 20002K, capacity 21944K, committed 28288K, reserved 1048576K
Event: 21653.664 GC heap after
Heap after GC invocations=363 (full 20):
 PSYoungGen      total 482304K, used 26113K [0x0000000795580000, 0x00000007bd600000, 0x00000007c0000000)
  eden space 320512K, 0% used [0x0000000795580000,0x0000000795580000,0x00000007a8e80000)
  from space 161792K, 16% used [0x00000007a8e80000,0x00000007aa800618,0x00000007b2c80000)
  to   space 151040K, 0% used [0x00000007b4280000,0x00000007b4280000,0x00000007bd600000)
 ParOldGen       total 831488K, used 483004K [0x0000000740000000, 0x0000000772c00000, 0x0000000795580000)
  object space 831488K, 58% used [0x0000000740000000,0x000000075d7af0f0,0x0000000772c00000)
 Metaspace       used 167363K, capacity 178584K, committed 227160K, reserved 1249280K
  class space    used 20002K, capacity 21944K, committed 28288K, reserved 1048576K
}

Deoptimization events (10 events):
Event: 19931.707 Thread 0x00007ffccca8f000 Uncommon trap: reason=class_check action=maybe_recompile pc=0x00000001152d83e0 method=sun.reflect.DelegatingConstructorAccessorImpl.newInstance([Ljava/lang/Object;)Ljava/lang/Object; @ 5
Event: 19931.707 Thread 0x00007ffccca8f000 Uncommon trap: reason=class_check action=maybe_recompile pc=0x00000001152d83e0 method=sun.reflect.DelegatingConstructorAccessorImpl.newInstance([Ljava/lang/Object;)Ljava/lang/Object; @ 5
Event: 19931.707 Thread 0x00007ffccca8f000 Uncommon trap: reason=class_check action=maybe_recompile pc=0x00000001152d83e0 method=sun.reflect.DelegatingConstructorAccessorImpl.newInstance([Ljava/lang/Object;)Ljava/lang/Object; @ 5
Event: 19931.707 Thread 0x00007ffccca8f000 Uncommon trap: reason=class_check action=maybe_recompile pc=0x00000001152d83e0 method=sun.reflect.DelegatingConstructorAccessorImpl.newInstance([Ljava/lang/Object;)Ljava/lang/Object; @ 5
Event: 19931.707 Thread 0x00007ffccca8f000 Uncommon trap: reason=class_check action=maybe_recompile pc=0x0000000114ead700 method=sun.reflect.DelegatingConstructorAccessorImpl.newInstance([Ljava/lang/Object;)Ljava/lang/Object; @ 5
Event: 20536.543 Thread 0x00007ffccc7a3000 Uncommon trap: reason=unstable_if action=reinterpret pc=0x000000010df74ef4 method=com.google.gson.stream.JsonReader.nextNonWhitespace(Z)I @ 61
Event: 20539.189 Thread 0x00007ffccc7a3000 Uncommon trap: reason=unstable_if action=reinterpret pc=0x0000000110c68aac method=android.databinding.tool.reflection.SdkUtil$ApiChecker.buildFullLookup()V @ 49
Event: 20548.588 Thread 0x00007ffccc7b4000 Uncommon trap: reason=predicate action=maybe_recompile pc=0x0000000112aecd5c method=org.gradle.internal.file.impl.DefaultDeleter.deleteRecursively(JLjava/io/File;Ljava/io/File;Lorg/gradle/internal/file/impl/DefaultDeleter$Handling;Ljava/util/Collection;)Z
Event: 21194.788 Thread 0x00007ffccd3c7800 Uncommon trap: reason=unstable_if action=reinterpret pc=0x0000000111ebb35c method=java.util.concurrent.ConcurrentHashMap.transfer([Ljava/util/concurrent/ConcurrentHashMap$Node;[Ljava/util/concurrent/ConcurrentHashMap$Node;)V @ 175
Event: 21655.651 Thread 0x00007ffccc1fd000 Uncommon trap: reason=unstable_if action=reinterpret pc=0x000000010f4a3534 method=com.google.gson.stream.JsonReader.nextNonWhitespace(Z)I @ 61

Classes redefined (0 events):
No events

Internal exceptions (10 events):
Event: 21654.403 Thread 0x00007ffccc1fd000 Exception <a 'java/security/PrivilegedActionException'> (0x0000000799d81500) thrown at [/Volumes/Android/buildbot/src/googleplex-android/openjdk/out/hotspot/src/share/vm/prims/jvm.cpp, line 1502]
Event: 21654.403 Thread 0x00007ffccc1fd000 Exception <a 'java/security/PrivilegedActionException'> (0x0000000799d82b10) thrown at [/Volumes/Android/buildbot/src/googleplex-android/openjdk/out/hotspot/src/share/vm/prims/jvm.cpp, line 1502]
Event: 21654.403 Thread 0x00007ffccc1fd000 Exception <a 'java/security/PrivilegedActionException'> (0x0000000799d830f0) thrown at [/Volumes/Android/buildbot/src/googleplex-android/openjdk/out/hotspot/src/share/vm/prims/jvm.cpp, line 1502]
Event: 21654.403 Thread 0x00007ffccc1fd000 Exception <a 'java/security/PrivilegedActionException'> (0x0000000799d84590) thrown at [/Volumes/Android/buildbot/src/googleplex-android/openjdk/out/hotspot/src/share/vm/prims/jvm.cpp, line 1502]
Event: 21654.403 Thread 0x00007ffccc1fd000 Exception <a 'java/security/PrivilegedActionException'> (0x0000000799d84b70) thrown at [/Volumes/Android/buildbot/src/googleplex-android/openjdk/out/hotspot/src/share/vm/prims/jvm.cpp, line 1502]
Event: 21654.403 Thread 0x00007ffccc1fd000 Exception <a 'java/security/PrivilegedActionException'> (0x0000000799d860a8) thrown at [/Volumes/Android/buildbot/src/googleplex-android/openjdk/out/hotspot/src/share/vm/prims/jvm.cpp, line 1502]
Event: 21654.403 Thread 0x00007ffccc1fd000 Exception <a 'java/security/PrivilegedActionException'> (0x0000000799d86688) thrown at [/Volumes/Android/buildbot/src/googleplex-android/openjdk/out/hotspot/src/share/vm/prims/jvm.cpp, line 1502]
Event: 21654.403 Thread 0x00007ffccc1fd000 Exception <a 'java/security/PrivilegedActionException'> (0x0000000799d87c70) thrown at [/Volumes/Android/buildbot/src/googleplex-android/openjdk/out/hotspot/src/share/vm/prims/jvm.cpp, line 1502]
Event: 21654.403 Thread 0x00007ffccc1fd000 Exception <a 'java/security/PrivilegedActionException'> (0x0000000799d88250) thrown at [/Volumes/Android/buildbot/src/googleplex-android/openjdk/out/hotspot/src/share/vm/prims/jvm.cpp, line 1502]
Event: 21655.988 Thread 0x00007ffccc1fd000 Exception <a 'java/lang/NullPointerException'> (0x000000079e7074a8) thrown at [/Volumes/Android/buildbot/src/googleplex-android/openjdk/out/hotspot/src/share/vm/interpreter/linkResolver.cpp, line 1287]

Events (10 events):
Event: 21656.211 loading class com/sun/xml/bind/v2/runtime/reflect/Accessor$SetterOnlyReflection
Event: 21656.211 loading class com/sun/xml/bind/v2/runtime/reflect/Accessor$SetterOnlyReflection done
Event: 21656.214 loading class com/sun/xml/bind/v2/runtime/reflect/Accessor$GetterSetterReflection
Event: 21656.214 loading class com/sun/xml/bind/v2/runtime/reflect/Accessor$GetterSetterReflection done
Event: 21656.218 loading class com/sun/xml/bind/v2/runtime/reflect/Accessor$GetterOnlyReflection
Event: 21656.218 loading class com/sun/xml/bind/v2/runtime/reflect/Accessor$GetterOnlyReflection done
Event: 21656.221 loading class com/sun/xml/bind/v2/model/annotation/SecureLoader
Event: 21656.221 loading class com/sun/xml/bind/v2/model/annotation/SecureLoader done
Event: 21656.222 loading class com/sun/istack/FinalArrayList
Event: 21656.222 loading class com/sun/istack/FinalArrayList done


Dynamic libraries:
0x00007fff35e15000 	/System/Library/Frameworks/Cocoa.framework/Versions/A/Cocoa
0x00007fff4360e000 	/System/Library/Frameworks/Security.framework/Versions/A/Security
0x00007fff34d7a000 	/System/Library/Frameworks/ApplicationServices.framework/Versions/A/ApplicationServices
0x00007fff70132000 	/usr/lib/libz.1.dylib
0x00007fff6dbf6000 	/usr/lib/libSystem.B.dylib
0x00007fff36cb7000 	/System/Library/Frameworks/CoreFoundation.framework/Versions/A/CoreFoundation
0x00007fff39374000 	/System/Library/Frameworks/Foundation.framework/Versions/C/Foundation
0x00007fff6fa56000 	/usr/lib/libobjc.A.dylib
0x00007fff33f6a000 	/System/Library/Frameworks/AppKit.framework/Versions/C/AppKit
0x00007fff36799000 	/System/Library/Frameworks/CoreData.framework/Versions/A/CoreData
0x00007fff67c0b000 	/System/Library/PrivateFrameworks/UIFoundation.framework/Versions/A/UIFoundation
0x00007fff62c9f000 	/System/Library/PrivateFrameworks/RemoteViewServices.framework/Versions/A/RemoteViewServices
0x00007fff6a766000 	/System/Library/PrivateFrameworks/XCTTargetBootstrap.framework/Versions/A/XCTTargetBootstrap
0x00007fff36b84000 	/System/Library/Frameworks/CoreDisplay.framework/Versions/A/CoreDisplay
0x00007fff3c22f000 	/System/Library/Frameworks/Metal.framework/Versions/A/Metal
0x00007fff50ca2000 	/System/Library/PrivateFrameworks/DesktopServicesPriv.framework/Versions/A/DesktopServicesPriv
0x00007fff6ed31000 	/usr/lib/liblangid.dylib
0x00007fff4ff37000 	/System/Library/PrivateFrameworks/CoreSVG.framework/Versions/A/CoreSVG
0x00007fff65dfb000 	/System/Library/PrivateFrameworks/SkyLight.framework/Versions/A/SkyLight
0x00007fff37138000 	/System/Library/Frameworks/CoreGraphics.framework/Versions/A/CoreGraphics
0x00007fff3293e000 	/System/Library/Frameworks/Accelerate.framework/Versions/A/Accelerate
0x00007fff70023000 	/usr/lib/libxml2.2.dylib
0x00007fff5bc2a000 	/System/Library/PrivateFrameworks/IconServices.framework/Versions/A/IconServices
0x00007fff39b53000 	/System/Library/Frameworks/IOSurface.framework/Versions/A/IOSurface
0x00007fff6d720000 	/usr/lib/libDiagnosticMessagesClient.dylib
0x00007fff50afc000 	/System/Library/PrivateFrameworks/DFRFoundation.framework/Versions/A/DFRFoundation
0x00007fff6eac0000 	/usr/lib/libicucore.A.dylib
0x00007fff350ac000 	/System/Library/Frameworks/AudioToolbox.framework/Versions/A/AudioToolbox
0x00007fff3518f000 	/System/Library/Frameworks/AudioUnit.framework/Versions/A/AudioUnit
0x00007fff6ddf8000 	/usr/lib/libauto.dylib
0x00007fff50b9e000 	/System/Library/PrivateFrameworks/DataDetectorsCore.framework/Versions/A/DataDetectorsCore
0x00007fff35936000 	/System/Library/Frameworks/Carbon.framework/Versions/A/Frameworks/HIToolbox.framework/Versions/A/HIToolbox
0x00007fff42808000 	/System/Library/Frameworks/QuartzCore.framework/Versions/A/QuartzCore
0x00007fff35c75000 	/System/Library/Frameworks/Carbon.framework/Versions/A/Frameworks/SpeechRecognition.framework/Versions/A/SpeechRecognition
0x00007fff50610000 	/System/Library/PrivateFrameworks/CoreUI.framework/Versions/A/CoreUI
0x00007fff36204000 	/System/Library/Frameworks/CoreAudio.framework/Versions/A/CoreAudio
0x00007fff39033000 	/System/Library/Frameworks/DiskArbitration.framework/Versions/A/DiskArbitration
0x00007fff5dc7a000 	/System/Library/PrivateFrameworks/MultitouchSupport.framework/Versions/A/MultitouchSupport
0x00007fff6e987000 	/usr/lib/libenergytrace.dylib
0x00007fff39aad000 	/System/Library/Frameworks/IOKit.framework/Versions/A/IOKit
0x00007fff3809f000 	/System/Library/Frameworks/CoreServices.framework/Versions/A/CoreServices
0x00007fff5fe32000 	/System/Library/PrivateFrameworks/PerformanceAnalysis.framework/Versions/A/PerformanceAnalysis
0x00007fff4183b000 	/System/Library/Frameworks/OpenGL.framework/Versions/A/OpenGL
0x00007fff35e23000 	/System/Library/Frameworks/ColorSync.framework/Versions/A/ColorSync
0x00007fff377bb000 	/System/Library/Frameworks/CoreImage.framework/Versions/A/CoreImage
0x00007fff38b12000 	/System/Library/Frameworks/CoreText.framework/Versions/A/CoreText
0x00007fff39be3000 	/System/Library/Frameworks/ImageIO.framework/Versions/A/ImageIO
0x00007fff6dedc000 	/usr/lib/libc++.1.dylib
0x00007fff6df58000 	/usr/lib/libcompression.dylib
0x00007fff6da64000 	/usr/lib/libMobileGestalt.dylib
0x00007fff67975000 	/System/Library/PrivateFrameworks/TextureIO.framework/Versions/A/TextureIO
0x00007fff6dd5b000 	/usr/lib/libate.dylib
0x00007fff5be33000 	/System/Library/PrivateFrameworks/InternationalSupport.framework/Versions/A/InternationalSupport
0x00007fff709f3000 	/usr/lib/system/libcache.dylib
0x00007fff709f9000 	/usr/lib/system/libcommonCrypto.dylib
0x00007fff70a05000 	/usr/lib/system/libcompiler_rt.dylib
0x00007fff70a0d000 	/usr/lib/system/libcopyfile.dylib
0x00007fff70a17000 	/usr/lib/system/libcorecrypto.dylib
0x00007fff70bb6000 	/usr/lib/system/libdispatch.dylib
0x00007fff70bf7000 	/usr/lib/system/libdyld.dylib
0x00007fff70c2e000 	/usr/lib/system/libkeymgr.dylib
0x00007fff70c3c000 	/usr/lib/system/liblaunch.dylib
0x00007fff70c3d000 	/usr/lib/system/libmacho.dylib
0x00007fff70c43000 	/usr/lib/system/libquarantine.dylib
0x00007fff70c46000 	/usr/lib/system/libremovefile.dylib
0x00007fff70c48000 	/usr/lib/system/libsystem_asl.dylib
0x00007fff70c60000 	/usr/lib/system/libsystem_blocks.dylib
0x00007fff70c61000 	/usr/lib/system/libsystem_c.dylib
0x00007fff70ce9000 	/usr/lib/system/libsystem_configuration.dylib
0x00007fff70ced000 	/usr/lib/system/libsystem_coreservices.dylib
0x00007fff70cf1000 	/usr/lib/system/libsystem_darwin.dylib
0x00007fff70cfa000 	/usr/lib/system/libsystem_dnssd.dylib
0x00007fff70d02000 	/usr/lib/system/libsystem_featureflags.dylib
0x00007fff70d04000 	/usr/lib/system/libsystem_info.dylib
0x00007fff70d7f000 	/usr/lib/system/libsystem_m.dylib
0x00007fff70dc7000 	/usr/lib/system/libsystem_malloc.dylib
0x00007fff70def000 	/usr/lib/system/libsystem_networkextension.dylib
0x00007fff70dfd000 	/usr/lib/system/libsystem_notify.dylib
0x00007fff70e1b000 	/usr/lib/system/libsystem_sandbox.dylib
0x00007fff70e20000 	/usr/lib/system/libsystem_secinit.dylib
0x00007fff70d52000 	/usr/lib/system/libsystem_kernel.dylib
0x00007fff70e07000 	/usr/lib/system/libsystem_platform.dylib
0x00007fff70e10000 	/usr/lib/system/libsystem_pthread.dylib
0x00007fff70e23000 	/usr/lib/system/libsystem_symptoms.dylib
0x00007fff70e2b000 	/usr/lib/system/libsystem_trace.dylib
0x00007fff70e43000 	/usr/lib/system/libunwind.dylib
0x00007fff70e49000 	/usr/lib/system/libxpc.dylib
0x00007fff6df2f000 	/usr/lib/libc++abi.dylib
0x00007fff6ed33000 	/usr/lib/liblzma.5.dylib
0x00007fff6e9ae000 	/usr/lib/libfakelink.dylib
0x00007fff6dce8000 	/usr/lib/libarchive.2.dylib
0x00007fff446bf000 	/System/Library/Frameworks/SystemConfiguration.framework/Versions/A/SystemConfiguration
0x00007fff6d653000 	/usr/lib/libCRFSuite.dylib
0x00007fff35526000 	/System/Library/Frameworks/CFNetwork.framework/Versions/A/CFNetwork
0x00007fff6debe000 	/usr/lib/libbsm.0.dylib
0x00007fff70c2f000 	/usr/lib/system/libkxld.dylib
0x00007fff4a479000 	/System/Library/PrivateFrameworks/AppleFSCompression.framework/Versions/A/AppleFSCompression
0x00007fff6e249000 	/usr/lib/libcoretls.dylib
0x00007fff6e260000 	/usr/lib/libcoretls_cfhelpers.dylib
0x00007fff6fa9c000 	/usr/lib/libpam.2.dylib
0x00007fff6fbd1000 	/usr/lib/libsqlite3.dylib
0x00007fff70010000 	/usr/lib/libxar.1.dylib
0x00007fff6decf000 	/usr/lib/libbz2.1.0.dylib
0x00007fff6e9cf000 	/usr/lib/libiconv.2.dylib
0x00007fff6df45000 	/usr/lib/libcharset.1.dylib
0x00007fff6f539000 	/usr/lib/libnetwork.dylib
0x00007fff6faa3000 	/usr/lib/libpcap.A.dylib
0x00007fff6dc9d000 	/usr/lib/libapple_nghttp2.dylib
0x00007fff38456000 	/System/Library/Frameworks/CoreServices.framework/Versions/A/Frameworks/FSEvents.framework/Versions/A/FSEvents
0x00007fff38126000 	/System/Library/Frameworks/CoreServices.framework/Versions/A/Frameworks/CarbonCore.framework/Versions/A/CarbonCore
0x00007fff3869a000 	/System/Library/Frameworks/CoreServices.framework/Versions/A/Frameworks/Metadata.framework/Versions/A/Metadata
0x00007fff38733000 	/System/Library/Frameworks/CoreServices.framework/Versions/A/Frameworks/OSServices.framework/Versions/A/OSServices
0x00007fff38761000 	/System/Library/Frameworks/CoreServices.framework/Versions/A/Frameworks/SearchKit.framework/Versions/A/SearchKit
0x00007fff380a0000 	/System/Library/Frameworks/CoreServices.framework/Versions/A/Frameworks/AE.framework/Versions/A/AE
0x00007fff3845f000 	/System/Library/Frameworks/CoreServices.framework/Versions/A/Frameworks/LaunchServices.framework/Versions/A/LaunchServices
0x00007fff38408000 	/System/Library/Frameworks/CoreServices.framework/Versions/A/Frameworks/DictionaryServices.framework/Versions/A/DictionaryServices
0x00007fff387c9000 	/System/Library/Frameworks/CoreServices.framework/Versions/A/Frameworks/SharedFileList.framework/Versions/A/SharedFileList
0x00007fff3d65a000 	/System/Library/Frameworks/NetFS.framework/Versions/A/NetFS
0x00007fff5e1aa000 	/System/Library/PrivateFrameworks/NetAuth.framework/Versions/A/NetAuth
0x00007fff6ab33000 	/System/Library/PrivateFrameworks/login.framework/Versions/A/Frameworks/loginsupport.framework/Versions/A/loginsupport
0x00007fff67440000 	/System/Library/PrivateFrameworks/TCC.framework/Versions/A/TCC
0x00007fff4f0aa000 	/System/Library/PrivateFrameworks/CoreNLP.framework/Versions/A/CoreNLP
0x00007fff5d6a7000 	/System/Library/PrivateFrameworks/MetadataUtilities.framework/Versions/A/MetadataUtilities
0x00007fff6ee0b000 	/usr/lib/libmecabra.dylib
0x00007fff6ed63000 	/usr/lib/libmecab.dylib
0x00007fff6e9bf000 	/usr/lib/libgermantok.dylib
0x00007fff6dc84000 	/usr/lib/libThaiTokenizer.dylib
0x00007fff6d68a000 	/usr/lib/libChineseTokenizer.dylib
0x00007fff32956000 	/System/Library/Frameworks/Accelerate.framework/Versions/A/Frameworks/vImage.framework/Versions/A/vImage
0x00007fff33dc0000 	/System/Library/Frameworks/Accelerate.framework/Versions/A/Frameworks/vecLib.framework/Versions/A/vecLib
0x00007fff33cfd000 	/System/Library/Frameworks/Accelerate.framework/Versions/A/Frameworks/vecLib.framework/Versions/A/libvMisc.dylib
0x00007fff33b25000 	/System/Library/Frameworks/Accelerate.framework/Versions/A/Frameworks/vecLib.framework/Versions/A/libvDSP.dylib
0x00007fff32fad000 	/System/Library/Frameworks/Accelerate.framework/Versions/A/Frameworks/vecLib.framework/Versions/A/libBLAS.dylib
0x00007fff336e9000 	/System/Library/Frameworks/Accelerate.framework/Versions/A/Frameworks/vecLib.framework/Versions/A/libLAPACK.dylib
0x00007fff33a85000 	/System/Library/Frameworks/Accelerate.framework/Versions/A/Frameworks/vecLib.framework/Versions/A/libLinearAlgebra.dylib
0x00007fff33b12000 	/System/Library/Frameworks/Accelerate.framework/Versions/A/Frameworks/vecLib.framework/Versions/A/libSparseBLAS.dylib
0x00007fff33a9b000 	/System/Library/Frameworks/Accelerate.framework/Versions/A/Frameworks/vecLib.framework/Versions/A/libQuadrature.dylib
0x00007fff33215000 	/System/Library/Frameworks/Accelerate.framework/Versions/A/Frameworks/vecLib.framework/Versions/A/libBNNS.dylib
0x00007fff33aa1000 	/System/Library/Frameworks/Accelerate.framework/Versions/A/Frameworks/vecLib.framework/Versions/A/libSparse.dylib
0x00007fff5c21b000 	/System/Library/PrivateFrameworks/LanguageModeling.framework/Versions/A/LanguageModeling
0x00007fff4ea5a000 	/System/Library/PrivateFrameworks/CoreEmoji.framework/Versions/A/CoreEmoji
0x00007fff5c339000 	/System/Library/PrivateFrameworks/LinguisticData.framework/Versions/A/LinguisticData
0x00007fff5c2ea000 	/System/Library/PrivateFrameworks/Lexicon.framework/Versions/A/Lexicon
0x00007fff6df46000 	/usr/lib/libcmph.dylib
0x00007fff40249000 	/System/Library/Frameworks/OpenDirectory.framework/Versions/A/Frameworks/CFOpenDirectory.framework/Versions/A/CFOpenDirectory
0x00007fff40266000 	/System/Library/Frameworks/OpenDirectory.framework/Versions/A/OpenDirectory
0x00007fff486a9000 	/System/Library/PrivateFrameworks/APFS.framework/Versions/A/APFS
0x00007fff43958000 	/System/Library/Frameworks/SecurityFoundation.framework/Versions/A/SecurityFoundation
0x00007fff7000c000 	/usr/lib/libutil.dylib
0x00007fff4ff8f000 	/System/Library/PrivateFrameworks/CoreServicesStore.framework/Versions/A/CoreServicesStore
0x00007fff43a0f000 	/System/Library/Frameworks/ServiceManagement.framework/Versions/A/ServiceManagement
0x00007fff4bc49000 	/System/Library/PrivateFrameworks/BackgroundTaskManagement.framework/Versions/A/BackgroundTaskManagement
0x00007fff70109000 	/usr/lib/libxslt.1.dylib
0x00007fff4aaec000 	/System/Library/PrivateFrameworks/AppleSystemInfo.framework/Versions/A/AppleSystemInfo
0x00007fff39dfe000 	/System/Library/Frameworks/ImageIO.framework/Versions/A/Resources/libJPEG.dylib
0x00007fff3a0bd000 	/System/Library/Frameworks/ImageIO.framework/Versions/A/Resources/libTIFF.dylib
0x00007fff3a0a0000 	/System/Library/Frameworks/ImageIO.framework/Versions/A/Resources/libPng.dylib
0x00007fff39d40000 	/System/Library/Frameworks/ImageIO.framework/Versions/A/Resources/libGIF.dylib
0x00007fff39d44000 	/System/Library/Frameworks/ImageIO.framework/Versions/A/Resources/libJP2.dylib
0x00007fff3a0bb000 	/System/Library/Frameworks/ImageIO.framework/Versions/A/Resources/libRadiance.dylib
0x00007fff6e988000 	/usr/lib/libexpat.1.dylib
0x00007fff4a5d4000 	/System/Library/PrivateFrameworks/AppleJPEG.framework/Versions/A/AppleJPEG
0x00007fff5328f000 	/System/Library/PrivateFrameworks/FontServices.framework/libFontParser.dylib
0x00007fff69b35000 	/System/Library/PrivateFrameworks/WatchdogClient.framework/Versions/A/WatchdogClient
0x00007fff5b876000 	/System/Library/PrivateFrameworks/IOAccelerator.framework/Versions/A/IOAccelerator
0x00007fff3c5ca000 	/System/Library/Frameworks/MetalPerformanceShaders.framework/Versions/A/MetalPerformanceShaders
0x00007fff5800c000 	/System/Library/PrivateFrameworks/GPUWrangler.framework/Versions/A/GPUWrangler
0x00007fff5b88b000 	/System/Library/PrivateFrameworks/IOPresentment.framework/Versions/A/IOPresentment
0x00007fff50b0f000 	/System/Library/PrivateFrameworks/DSExternalDisplay.framework/Versions/A/DSExternalDisplay
0x00007fff40bda000 	/System/Library/Frameworks/OpenGL.framework/Versions/A/Libraries/libCoreFSCache.dylib
0x00007fff3c316000 	/System/Library/Frameworks/MetalPerformanceShaders.framework/Frameworks/MPSCore.framework/Versions/A/MPSCore
0x00007fff3c354000 	/System/Library/Frameworks/MetalPerformanceShaders.framework/Frameworks/MPSImage.framework/Versions/A/MPSImage
0x00007fff3c41b000 	/System/Library/Frameworks/MetalPerformanceShaders.framework/Frameworks/MPSNeuralNetwork.framework/Versions/A/MPSNeuralNetwork
0x00007fff3c3df000 	/System/Library/Frameworks/MetalPerformanceShaders.framework/Frameworks/MPSMatrix.framework/Versions/A/MPSMatrix
0x00007fff3c57a000 	/System/Library/Frameworks/MetalPerformanceShaders.framework/Frameworks/MPSRayIntersector.framework/Versions/A/MPSRayIntersector
0x00007fff3c405000 	/System/Library/Frameworks/MetalPerformanceShaders.framework/Frameworks/MPSNDArray.framework/Versions/A/MPSNDArray
0x00007fff5d6f4000 	/System/Library/PrivateFrameworks/MetalTools.framework/Versions/A/MetalTools
0x00007fff49883000 	/System/Library/PrivateFrameworks/AggregateDictionary.framework/Versions/A/AggregateDictionary
0x00007fff4e4a2000 	/System/Library/PrivateFrameworks/CoreAnalytics.framework/Versions/A/CoreAnalytics
0x00007fff4aa0b000 	/System/Library/PrivateFrameworks/AppleSauce.framework/Versions/A/AppleSauce
0x00007fff6d946000 	/usr/lib/libIOReport.dylib
0x00007fff38cca000 	/System/Library/Frameworks/CoreVideo.framework/Versions/A/CoreVideo
0x00007fff59485000 	/System/Library/PrivateFrameworks/GraphVisualizer.framework/Versions/A/GraphVisualizer
0x00007fff527d5000 	/System/Library/PrivateFrameworks/FaceCore.framework/Versions/A/FaceCore
0x00007fff401f0000 	/System/Library/Frameworks/OpenCL.framework/Versions/A/OpenCL
0x00007fff6d768000 	/usr/lib/libFosl_dynamic.dylib
0x00007fff5ebca000 	/System/Library/PrivateFrameworks/OTSVG.framework/Versions/A/OTSVG
0x00007fff34e7f000 	/System/Library/Frameworks/ApplicationServices.framework/Versions/A/Frameworks/ATS.framework/Versions/A/Resources/libFontRegistry.dylib
0x00007fff53460000 	/System/Library/PrivateFrameworks/FontServices.framework/libhvf.dylib
0x00007fff40be5000 	/System/Library/Frameworks/OpenGL.framework/Versions/A/Libraries/libGFXShared.dylib
0x00007fff40dc3000 	/System/Library/Frameworks/OpenGL.framework/Versions/A/Libraries/libGLU.dylib
0x00007fff40bee000 	/System/Library/Frameworks/OpenGL.framework/Versions/A/Libraries/libGL.dylib
0x00007fff40bf9000 	/System/Library/Frameworks/OpenGL.framework/Versions/A/Libraries/libGLImage.dylib
0x00007fff40bd7000 	/System/Library/Frameworks/OpenGL.framework/Versions/A/Libraries/libCVMSPluginSupport.dylib
0x00007fff40be0000 	/System/Library/Frameworks/OpenGL.framework/Versions/A/Libraries/libCoreVMClient.dylib
0x00007fff6f3da000 	/usr/lib/libncurses.5.4.dylib
0x00007fff34d7b000 	/System/Library/Frameworks/ApplicationServices.framework/Versions/A/Frameworks/ATS.framework/Versions/A/ATS
0x00007fff34f48000 	/System/Library/Frameworks/ApplicationServices.framework/Versions/A/Frameworks/ColorSyncLegacy.framework/Versions/A/ColorSyncLegacy
0x00007fff34fe6000 	/System/Library/Frameworks/ApplicationServices.framework/Versions/A/Frameworks/HIServices.framework/Versions/A/HIServices
0x00007fff3503e000 	/System/Library/Frameworks/ApplicationServices.framework/Versions/A/Frameworks/LangAnalysis.framework/Versions/A/LangAnalysis
0x00007fff3504d000 	/System/Library/Frameworks/ApplicationServices.framework/Versions/A/Frameworks/PrintCore.framework/Versions/A/PrintCore
0x00007fff35093000 	/System/Library/Frameworks/ApplicationServices.framework/Versions/A/Frameworks/QD.framework/Versions/A/QD
0x00007fff3509e000 	/System/Library/Frameworks/ApplicationServices.framework/Versions/A/Frameworks/SpeechSynthesis.framework/Versions/A/SpeechSynthesis
0x00007fff34f18000 	/System/Library/Frameworks/ApplicationServices.framework/Versions/A/Frameworks/ATSUI.framework/Versions/A/ATSUI
0x00007fff6e81e000 	/usr/lib/libcups.2.dylib
0x00007fff3b665000 	/System/Library/Frameworks/Kerberos.framework/Versions/A/Kerberos
0x00007fff397a6000 	/System/Library/Frameworks/GSS.framework/Versions/A/GSS
0x00007fff6fb5d000 	/usr/lib/libresolv.9.dylib
0x00007fff59632000 	/System/Library/PrivateFrameworks/Heimdal.framework/Versions/A/Heimdal
0x00007fff3b678000 	/System/Library/Frameworks/Kerberos.framework/Versions/A/Libraries/libHeimdalProxy.dylib
0x00007fff6e9c5000 	/usr/lib/libheimdal-asn1.dylib
0x00007fff4d93a000 	/System/Library/PrivateFrameworks/CommonAuth.framework/Versions/A/CommonAuth
0x00007fff4ab89000 	/System/Library/PrivateFrameworks/AssertionServices.framework/Versions/A/AssertionServices
0x00007fff4b72c000 	/System/Library/PrivateFrameworks/AudioToolboxCore.framework/Versions/A/AudioToolboxCore
0x00007fff6a7e3000 	/System/Library/PrivateFrameworks/caulk.framework/Versions/A/caulk
0x00007fff4bcf5000 	/System/Library/PrivateFrameworks/BaseBoard.framework/Versions/A/BaseBoard
0x00007fff62e2d000 	/System/Library/PrivateFrameworks/RunningBoardServices.framework/Versions/A/RunningBoardServices
0x00007fff5fe3e000 	/System/Library/PrivateFrameworks/PersistentConnection.framework/Versions/A/PersistentConnection
0x00007fff62826000 	/System/Library/PrivateFrameworks/ProtocolBuffer.framework/Versions/A/ProtocolBuffer
0x00007fff4d95e000 	/System/Library/PrivateFrameworks/CommonUtilities.framework/Versions/A/CommonUtilities
0x00007fff4be83000 	/System/Library/PrivateFrameworks/Bom.framework/Versions/A/Bom
0x00007fff6d619000 	/usr/lib/libAudioToolboxUtility.dylib
0x00007fff4bc53000 	/System/Library/PrivateFrameworks/Backup.framework/Versions/A/Backup
0x00007fff50a30000 	/System/Library/PrivateFrameworks/CrashReporterSupport.framework/Versions/A/CrashReporterSupport
0x00007fff648bf000 	/System/Library/PrivateFrameworks/Sharing.framework/Versions/A/Sharing
0x00007fff4a197000 	/System/Library/PrivateFrameworks/Apple80211.framework/Versions/A/Apple80211
0x00007fff4b970000 	/System/Library/PrivateFrameworks/AuthKit.framework/Versions/A/AuthKit
0x00007fff5073d000 	/System/Library/PrivateFrameworks/CoreUtils.framework/Versions/A/CoreUtils
0x00007fff38d0f000 	/System/Library/Frameworks/CoreWLAN.framework/Versions/A/CoreWLAN
0x00007fff39933000 	/System/Library/Frameworks/IOBluetooth.framework/Versions/A/IOBluetooth
0x00007fff5d9f9000 	/System/Library/PrivateFrameworks/MobileKeyBag.framework/Versions/A/MobileKeyBag
0x00007fff4f542000 	/System/Library/PrivateFrameworks/CorePhoneNumbers.framework/Versions/A/CorePhoneNumbers
0x00007fff4a587000 	/System/Library/PrivateFrameworks/AppleIDAuthSupport.framework/Versions/A/AppleIDAuthSupport
0x00007fff3d667000 	/System/Library/Frameworks/Network.framework/Versions/A/Network
0x00007fff5c0c7000 	/System/Library/PrivateFrameworks/KeychainCircle.framework/Versions/A/KeychainCircle
0x00007fff36760000 	/System/Library/Frameworks/CoreBluetooth.framework/Versions/A/CoreBluetooth
0x00007fff6693e000 	/System/Library/PrivateFrameworks/SpeechRecognitionCore.framework/Versions/A/SpeechRecognitionCore
0x0000000107800000 	/private/var/folders/nk/77tzydc5271b4jt6909jb9m80000gn/T/AppTranslocation/83DACF81-3FAF-48C6-A9E9-D6E58756B2D7/d/Android Studio.app/Contents/jre/jdk/Contents/Home/jre/lib/server/libjvm.dylib
0x00007fff6fedf000 	/usr/lib/libstdc++.6.dylib
0x0000000106fdd000 	/private/var/folders/nk/77tzydc5271b4jt6909jb9m80000gn/T/AppTranslocation/83DACF81-3FAF-48C6-A9E9-D6E58756B2D7/d/Android Studio.app/Contents/jre/jdk/Contents/Home/jre/lib/libverify.dylib
0x00000001086b8000 	/private/var/folders/nk/77tzydc5271b4jt6909jb9m80000gn/T/AppTranslocation/83DACF81-3FAF-48C6-A9E9-D6E58756B2D7/d/Android Studio.app/Contents/jre/jdk/Contents/Home/jre/lib/libjava.dylib
0x0000000108742000 	/private/var/folders/nk/77tzydc5271b4jt6909jb9m80000gn/T/AppTranslocation/83DACF81-3FAF-48C6-A9E9-D6E58756B2D7/d/Android Studio.app/Contents/jre/jdk/Contents/Home/jre/lib/libzip.dylib
0x000000010d3db000 	/private/var/folders/nk/77tzydc5271b4jt6909jb9m80000gn/T/AppTranslocation/83DACF81-3FAF-48C6-A9E9-D6E58756B2D7/d/Android Studio.app/Contents/jre/jdk/Contents/Home/jre/lib/libnio.dylib
0x000000010d3f6000 	/private/var/folders/nk/77tzydc5271b4jt6909jb9m80000gn/T/AppTranslocation/83DACF81-3FAF-48C6-A9E9-D6E58756B2D7/d/Android Studio.app/Contents/jre/jdk/Contents/Home/jre/lib/libnet.dylib
0x000000011f1ae000 	/Users/soso/.gradle/native/f6784746aeab05261644944871eae4fe03e0ef1612fff0a4a95f87b438bc6780/osx-amd64/libnative-platform.dylib
0x000000011f4f0000 	/private/var/folders/nk/77tzydc5271b4jt6909jb9m80000gn/T/AppTranslocation/83DACF81-3FAF-48C6-A9E9-D6E58756B2D7/d/Android Studio.app/Contents/jre/jdk/Contents/Home/jre/lib/libmanagement.dylib
0x0000000126f38000 	/private/var/folders/nk/77tzydc5271b4jt6909jb9m80000gn/T/AppTranslocation/83DACF81-3FAF-48C6-A9E9-D6E58756B2D7/d/Android Studio.app/Contents/jre/jdk/Contents/Home/jre/lib/libsunec.dylib
0x00007fff6ffb1000 	/usr/lib/libusrtcp.dylib

VM Arguments:
jvm_args: -Xmx2048m -Dfile.encoding=UTF-8 -Duser.country=FR -Duser.language=fr -Duser.variant 
java_command: org.gradle.launcher.daemon.bootstrap.GradleDaemon 6.5
java_class_path (initial): /Users/soso/.gradle/wrapper/dists/gradle-6.5-all/2oz4ud9k3tuxjg84bbf55q0tn/gradle-6.5/lib/gradle-launcher-6.5.jar
Launcher Type: SUN_STANDARD

Environment Variables:
PATH=/usr/local/bin:/usr/bin:/bin:/usr/sbin:/sbin
SHELL=/bin/zsh

Signal Handlers:
SIGSEGV: [libjvm.dylib+0x565c43], sa_mask[0]=11111111011111110111111111111111, sa_flags=SA_ONSTACK|SA_RESTART|SA_SIGINFO
SIGBUS: [libjvm.dylib+0x565c43], sa_mask[0]=11111111011111110111111111111111, sa_flags=SA_RESTART|SA_SIGINFO
SIGFPE: [libjvm.dylib+0x45dd9d], sa_mask[0]=11111111011111110111111111111111, sa_flags=SA_RESTART|SA_SIGINFO
SIGPIPE: [libjvm.dylib+0x45dd9d], sa_mask[0]=11111111011111110111111111111111, sa_flags=SA_RESTART|SA_SIGINFO
SIGXFSZ: [libjvm.dylib+0x45dd9d], sa_mask[0]=11111111011111110111111111111111, sa_flags=SA_RESTART|SA_SIGINFO
SIGILL: [libjvm.dylib+0x45dd9d], sa_mask[0]=11111111011111110111111111111111, sa_flags=SA_RESTART|SA_SIGINFO
SIGUSR1: SIG_DFL, sa_mask[0]=00000000000000000000000000000000, sa_flags=none
SIGUSR2: [libjvm.dylib+0x45e69c], sa_mask[0]=00100000000000000000000000000000, sa_flags=SA_RESTART|SA_SIGINFO
SIGHUP: [libjvm.dylib+0x45c8c1], sa_mask[0]=11111111011111110111111111111111, sa_flags=SA_RESTART|SA_SIGINFO
SIGINT: [libjvm.dylib+0x45c8c1], sa_mask[0]=11111111011111110111111111111111, sa_flags=SA_RESTART|SA_SIGINFO
SIGTERM: [libjvm.dylib+0x45c8c1], sa_mask[0]=11111111011111110111111111111111, sa_flags=SA_RESTART|SA_SIGINFO
SIGQUIT: [libjvm.dylib+0x45c8c1], sa_mask[0]=11111111011111110111111111111111, sa_flags=SA_RESTART|SA_SIGINFO


---------------  S Y S T E M  ---------------

OS:Bsduname:Darwin 19.6.0 Darwin Kernel Version 19.6.0: Mon Aug 31 22:12:52 PDT 2020; root:xnu-6153.141.2~1/RELEASE_X86_64 x86_64
rlimit: STACK 8192k, CORE 0k, NPROC 1392, NOFILE 10240, AS infinity
load average:3.17 2.95 2.82

CPU:total 4 (initial active 4) (2 cores per cpu, 2 threads per core) family 6 model 61 stepping 4, cmov, cx8, fxsr, mmx, sse, sse2, sse3, ssse3, sse4.1, sse4.2, popcnt, avx, avx2, aes, clmul, erms, 3dnowpref, lzcnt, ht, tsc, tscinvbit, bmi1, bmi2, adx

Memory: 4k page, physical 8388608k(35688k free)

/proc/meminfo:


vm_info: OpenJDK 64-Bit Server VM (25.242-b3-6222593) for bsd-amd64 JRE (1.8.0_242-release-1644-b3-6222593), built by "android-build" with gcc 4.2.1 Compatible Android (5484270 based on r353983c) Clang 9.0.3 (https://android.googlesource.com/toolchain/clang 745b335211bb9eadfa6aa6301f84715cee4b37c5) (https://android.googlesource.com/toolchain/llvm 60cf23e54e46c807513f7a36d0a7b777920b5881)

time: Fri Oct  9 06:36:57 2020
timezone: CEST
elapsed time: 21656 seconds (0d 6h 0m 56s)

