#
# A fatal error has been detected by the Java Runtime Environment:
#
#  SIGSEGV (0xb) at pc=0x000000010a15a251, pid=41330, tid=0x0000000000004e17
#
# JRE version: OpenJDK Runtime Environment (8.0_242) (build 1.8.0_242-release-1644-b3-6222593)
# Java VM: OpenJDK 64-Bit Server VM (25.242-b3-6222593 mixed mode bsd-amd64 compressed oops)
# Problematic frame:
# J 21809 C2 com.android.tools.r8.graph.W$$Lambda$1374.compare(Ljava/lang/Object;Ljava/lang/Object;)I (16 bytes) @ 0x000000010a15a251 [0x000000010a15a1a0+0xb1]
#
# Failed to write core dump. Core dumps have been disabled. To enable core dumping, try "ulimit -c unlimited" before starting Java again
#
# If you would like to submit a bug report, please visit:
#   http://bugreport.java.com/bugreport/crash.jsp
#

---------------  T H R E A D  ---------------

Current thread (0x00007fccfce73000):  JavaThread "WorkerExecutor Queue" [_thread_in_Java, id=19991, stack(0x000070000c584000,0x000070000c684000)]

siginfo: si_signo: 11 (SIGSEGV), si_code: 1 (SEGV_MAPERR), si_addr: 0x00007fccf750d000

Registers:
RAX=0x00000007c0f21468, RBX=0x00000001235c7b70, RCX=0x0000000040dfbbcb, RDX=0x00000007550b35d8
RSP=0x000070000c682408, RBP=0x000000000000ce98, RSI=0x00000007c0f2cef8, RDI=0x00007fccf750d000
R8 =0x00000007550b36b8, R9 =0x00000007550b35d8, R10=0x00000007c0a33c80, R11=0x00000000f76c7dae
R12=0x0000000000000000, R13=0x00000007a420a5e8, R14=0x00000007a420a5e4, R15=0x00007fccfce73000
RIP=0x000000010a15a251, EFLAGS=0x0000000000010202, ERR=0x0000000000000004
  TRAPNO=0x000000000000000e

Top of Stack: (sp=0x000070000c682408)
0x000070000c682408:   00000007c0f21468 000000000000ce98
0x000070000c682418:   000000010a15a234 00000007a4214820
0x000070000c682428:   0000000000000004 000000000000ce98
0x000070000c682438:   000000010a8621ac 0000ce9a0000ce9a
0x000070000c682448:   00000007a41d6b78 0000f7170000ceb5
0x000070000c682458:   0000f7170000ce96 0000ce96eaa166bb
0x000070000c682468:   00000007a4214820 00000007550b35d8
0x000070000c682478:   00000001235c7c68 00000001235c8180
0x000070000c682488:   00000001235c7a38 000000000000001f
0x000070000c682498:   000000010b633bf4 00000007a41d6b60
0x000070000c6824a8:   0000ce7700000000 00000007a41d6b78
0x000070000c6824b8:   00000007a4214820 0000001f00002881
0x000070000c6824c8:   00000007a4214830 0000f7170000f717
0x000070000c6824d8:   f483ad6f0000f717 0000ce96235c7c68
0x000070000c6824e8:   00000001235c8050 0000000000000070
0x000070000c6824f8:   0000000000000000 000070000c682520
0x000070000c682508:   0000000100e78000 0000000100e78000
0x000070000c682518:   000000010bf63554 00000007bb63ed70
0x000070000c682528:   00000007a3753828 000000012353bb38
0x000070000c682538:   00000007a41d6b60 000000012350e2a0
0x000070000c682548:   0000000000000000 000070000c6825b0
0x000070000c682558:   000070000c6825f8 000070000c682608
0x000070000c682568:   0000000106654ffd 000070000c682608
0x000070000c682578:   0000000106654ffd 000070000c682608
0x000070000c682588:   0000000106654ffd 00000007bb63ed70
0x000070000c682598:   00000007a41d6b50 0000000750910500
0x000070000c6825a8:   0000000750910500 0000000750910500
0x000070000c6825b8:   00000007bb63ed70 0000000750910500
0x000070000c6825c8:   000070000c6825b8 0000000122aa6985
0x000070000c6825d8:   000070000c682620 0000000122ae4c28
0x000070000c6825e8:   0000000000000000 0000000122aa69b0
0x000070000c6825f8:   000070000c682590 000070000c682618 

Instructions: (pc=0x000000010a15a251)
0x000000010a15a231:   cd 60 fc 48 83 c4 20 5d 85 05 c1 0d c3 f8 c3 50
0x000000010a15a241:   48 8b c0 48 8b 7e 20 8b 0f 48 83 c7 08 48 85 c0
0x000000010a15a251:   f2 48 af 58 0f 85 04 00 00 00 48 89 46 18 74 97
0x000000010a15a261:   be de ff ff ff 48 8b ea 66 90 e8 70 81 53 fc e8 

Register to memory mapping:

RAX=0x00000007c0f21468 is pointing into metadata
RBX={method} {0x00000001235c7b70} 'compare' '(Ljava/lang/Object;Ljava/lang/Object;)I' in 'com/android/tools/r8/graph/W$$Lambda$1374'
RCX=0x0000000040dfbbcb is an unknown value
RDX=
[error occurred during error reporting (printing register info), id 0xb]

Stack: [0x000070000c584000,0x000070000c684000],  sp=0x000070000c682408,  free space=1017k
Native frames: (J=compiled Java code, j=interpreted, Vv=VM code, C=native code)
J 21809 C2 com.android.tools.r8.graph.W$$Lambda$1374.compare(Ljava/lang/Object;Ljava/lang/Object;)I (16 bytes) @ 0x000000010a15a251 [0x000000010a15a1a0+0xb1]
C  0x000000000000ce98


---------------  P R O C E S S  ---------------

Java Threads: ( => current thread )
  0x00007fcd00e84800 JavaThread "RMI RenewClean-[127.0.0.1:17164,org.jetbrains.kotlin.daemon.common.LoopbackNetworkInterface$ClientLoopbackSocketFactory@3ba4f871]" daemon [_thread_blocked, id=95779, stack(0x000070000cf77000,0x000070000d077000)]
  0x00007fccf5d77800 JavaThread "ForkJoinPool-10-worker-0" daemon [_thread_blocked, id=42775, stack(0x000070000dbc6000,0x000070000dcc6000)]
  0x00007fccfcefd000 JavaThread "ForkJoinPool-10-worker-3" daemon [_thread_blocked, id=59663, stack(0x000070000dac3000,0x000070000dbc3000)]
  0x00007fccf5e16000 JavaThread "ForkJoinPool-10-worker-2" daemon [_thread_blocked, id=69403, stack(0x000070000d9c0000,0x000070000dac0000)]
  0x00007fcd01a85000 JavaThread "WorkerExecutor Queue Thread 4" [_thread_blocked, id=122399, stack(0x000070000d7ba000,0x000070000d8ba000)]
  0x00007fccf4db8000 JavaThread "WorkerExecutor Queue Thread 3" [_thread_blocked, id=68131, stack(0x000070000d07a000,0x000070000d17a000)]
  0x00007fccfc900000 JavaThread "RMI TCP Connection(18)-127.0.0.1" daemon [_thread_in_native, id=53787, stack(0x000070000d17d000,0x000070000d27d000)]
  0x00007fccfc956800 JavaThread "stdout" [_thread_in_native, id=126247, stack(0x000070000ce74000,0x000070000cf74000)]
  0x00007fccf465f000 JavaThread "stderr" [_thread_in_native, id=74019, stack(0x000070000cc6e000,0x000070000cd6e000)]
  0x00007fccf465e800 JavaThread "process reaper" daemon [_thread_in_native, id=57383, stack(0x0000700002805000,0x000070000282d000)]
  0x00007fccf5ece000 JavaThread "pool-27-thread-1" [_thread_blocked, id=54055, stack(0x000070000cb6b000,0x000070000cc6b000)]
  0x00007fccf5ecd000 JavaThread "WorkerExecutor Queue Thread 2" [_thread_blocked, id=56359, stack(0x000070000ca68000,0x000070000cb68000)]
=>0x00007fccfce73000 JavaThread "WorkerExecutor Queue" [_thread_in_Java, id=19991, stack(0x000070000c584000,0x000070000c684000)]
  0x00007fcd00e82800 JavaThread "Cache worker for execution history cache (/Users/soso/AndroidStudioProjects/DingBring/.gradle/6.5/executionHistory)" [_thread_blocked, id=60719, stack(0x000070000c481000,0x000070000c581000)]
  0x00007fccf579a000 JavaThread "Execution worker for ':' Thread 3" [_thread_blocked, id=44079, stack(0x000070000c250000,0x000070000c350000)]
  0x00007fccf5799800 JavaThread "Execution worker for ':' Thread 2" [_thread_blocked, id=86311, stack(0x000070000c14d000,0x000070000c24d000)]
  0x00007fccfc8bf800 JavaThread "Execution worker for ':'" [_thread_blocked, id=62247, stack(0x000070000c04a000,0x000070000c14a000)]
  0x00007fccfc953800 JavaThread "Cache worker for file content cache (/Users/soso/AndroidStudioProjects/DingBring/.gradle/6.5/fileContent)" [_thread_blocked, id=87335, stack(0x000070000bf47000,0x000070000c047000)]
  0x00007fccf9710000 JavaThread "Cache worker for Build Output Cleanup Cache (/Users/soso/AndroidStudioProjects/DingBring/.gradle/buildOutputCleanup)" [_thread_blocked, id=24631, stack(0x0000700005409000,0x0000700005509000)]
  0x00007fccf92e4000 JavaThread "Build operations Thread 4" [_thread_blocked, id=36651, stack(0x0000700005306000,0x0000700005406000)]
  0x00007fccfc998000 JavaThread "Build operations Thread 3" [_thread_blocked, id=52519, stack(0x0000700005203000,0x0000700005303000)]
  0x00007fcd02e47000 JavaThread "Build operations Thread 2" [_thread_blocked, id=49191, stack(0x0000700005100000,0x0000700005200000)]
  0x00007fccf57d3000 JavaThread "Build operations" [_thread_blocked, id=126759, stack(0x0000700004ffd000,0x00007000050fd000)]
  0x00007fccf541a000 JavaThread "Cache worker for cache directory md-rule (/Users/soso/.gradle/caches/6.5/md-rule)" [_thread_blocked, id=61479, stack(0x00007000040d0000,0x00007000041d0000)]
  0x00007fccfcad9800 JavaThread "Cache worker for cache directory md-supplier (/Users/soso/.gradle/caches/6.5/md-supplier)" [_thread_blocked, id=85287, stack(0x0000700003eca000,0x0000700003fca000)]
  0x00007fccfce0f000 JavaThread "Cache worker for checksums cache (/Users/soso/AndroidStudioProjects/DingBring/.gradle/checksums)" [_thread_blocked, id=26919, stack(0x0000700003dc7000,0x0000700003ec7000)]
  0x00007fccf5d65800 JavaThread "Cache worker for file hash cache (/Users/soso/AndroidStudioProjects/DingBring/.gradle/6.5/fileHashes)" [_thread_blocked, id=87591, stack(0x0000700003cc4000,0x0000700003dc4000)]
  0x00007fccf5eda800 JavaThread "Thread-1323" [_thread_blocked, id=58407, stack(0x0000700003bc1000,0x0000700003cc1000)]
  0x00007fccfce4d800 JavaThread "Stdin handler" [_thread_blocked, id=50471, stack(0x00007000037b5000,0x00007000038b5000)]
  0x00007fccf440d800 JavaThread "Asynchronous log dispatcher for DefaultDaemonConnection: socket connection from /127.0.0.1:54884 to /127.0.0.1:55954" [_thread_blocked, id=123423, stack(0x00007000035af000,0x00007000036af000)]
  0x00007fccfcfff800 JavaThread "Cancel handler" [_thread_blocked, id=93727, stack(0x00007000033a9000,0x00007000034a9000)]
  0x00007fccf783e800 JavaThread "Handler for socket connection from /127.0.0.1:54884 to /127.0.0.1:55954" [_thread_in_native, id=64543, stack(0x00007000032a6000,0x00007000033a6000)]
  0x00007fccf5c2a800 JavaThread "jar transforms Thread 1053" [_thread_blocked, id=86823, stack(0x000070000be44000,0x000070000bf44000)]
  0x00007fccf5c29800 JavaThread "jar transforms Thread 1052" [_thread_blocked, id=63015, stack(0x000070000bc3e000,0x000070000bd3e000)]
  0x00007fcd01485000 JavaThread "jar transforms Thread 1051" [_thread_blocked, id=34343, stack(0x000070000bb3b000,0x000070000bc3b000)]
  0x00007fcd01484800 JavaThread "jar transforms Thread 1050" [_thread_blocked, id=53535, stack(0x000070000ba38000,0x000070000bb38000)]
  0x00007fcd0178f000 JavaThread "jar transforms Thread 1049" [_thread_blocked, id=22311, stack(0x000070000b935000,0x000070000ba35000)]
  0x00007fcd0178e000 JavaThread "jar transforms Thread 1048" [_thread_blocked, id=65835, stack(0x000070000b832000,0x000070000b932000)]
  0x00007fcd014c1800 JavaThread "jar transforms Thread 1047" [_thread_blocked, id=27943, stack(0x000070000b72f000,0x000070000b82f000)]
  0x00007fcd014c1000 JavaThread "jar transforms Thread 1046" [_thread_blocked, id=121627, stack(0x000070000b62c000,0x000070000b72c000)]
  0x00007fcd014a4800 JavaThread "jar transforms Thread 1045" [_thread_blocked, id=64807, stack(0x000070000b529000,0x000070000b629000)]
  0x00007fcd014a3800 JavaThread "jar transforms Thread 1044" [_thread_blocked, id=11799, stack(0x000070000b426000,0x000070000b526000)]
  0x00007fccf8f96800 JavaThread "jar transforms Thread 1043" [_thread_blocked, id=37671, stack(0x000070000b323000,0x000070000b423000)]
  0x00007fccfb4bb000 JavaThread "jar transforms Thread 1042" [_thread_blocked, id=128047, stack(0x000070000b220000,0x000070000b320000)]
  0x00007fccfb4d1800 JavaThread "jar transforms Thread 1041" [_thread_blocked, id=36131, stack(0x000070000b11d000,0x000070000b21d000)]
  0x00007fccf8c38000 JavaThread "jar transforms Thread 1040" [_thread_blocked, id=65063, stack(0x000070000b01a000,0x000070000b11a000)]
  0x00007fccf5aa8000 JavaThread "jar transforms Thread 1039" [_thread_blocked, id=69927, stack(0x000070000af17000,0x000070000b017000)]
  0x00007fccf5aa7800 JavaThread "jar transforms Thread 1038" [_thread_blocked, id=52775, stack(0x000070000ae14000,0x000070000af14000)]
  0x00007fccf5818800 JavaThread "jar transforms Thread 1037" [_thread_blocked, id=70183, stack(0x000070000ad11000,0x000070000ae11000)]
  0x00007fccf7cd1000 JavaThread "jar transforms Thread 1036" [_thread_blocked, id=89643, stack(0x000070000ac0e000,0x000070000ad0e000)]
  0x00007fccf8a47800 JavaThread "jar transforms Thread 1035" [_thread_blocked, id=44579, stack(0x000070000ab0b000,0x000070000ac0b000)]
  0x00007fccfb4b8000 JavaThread "jar transforms Thread 1034" [_thread_blocked, id=83491, stack(0x000070000aa08000,0x000070000ab08000)]
  0x00007fccf8b09800 JavaThread "jar transforms Thread 1033" [_thread_blocked, id=85539, stack(0x000070000a905000,0x000070000aa05000)]
  0x00007fccf5818000 JavaThread "jar transforms Thread 1032" [_thread_blocked, id=36899, stack(0x000070000a802000,0x000070000a902000)]
  0x00007fccf7e58000 JavaThread "jar transforms Thread 1031" [_thread_blocked, id=123675, stack(0x000070000a6ff000,0x000070000a7ff000)]
  0x00007fccf5ec2000 JavaThread "jar transforms Thread 1030" [_thread_blocked, id=44835, stack(0x000070000a5fc000,0x000070000a6fc000)]
  0x00007fcd017fe800 JavaThread "jar transforms Thread 1029" [_thread_blocked, id=43555, stack(0x000070000a4f9000,0x000070000a5f9000)]
  0x00007fcd0176a800 JavaThread "jar transforms Thread 1028" [_thread_blocked, id=84003, stack(0x000070000a3f6000,0x000070000a4f6000)]
  0x00007fccf5f53800 JavaThread "jar transforms Thread 1027" [_thread_blocked, id=33315, stack(0x000070000a2f3000,0x000070000a3f3000)]
  0x00007fcd01423800 JavaThread "jar transforms Thread 1026" [_thread_blocked, id=83747, stack(0x000070000a1f0000,0x000070000a2f0000)]
  0x00007fccf5d7a800 JavaThread "jar transforms Thread 1025" [_thread_blocked, id=25379, stack(0x000070000a0ed000,0x000070000a1ed000)]
  0x00007fccf5e17000 JavaThread "jar transforms Thread 1024" [_thread_blocked, id=63523, stack(0x0000700009fea000,0x000070000a0ea000)]
  0x00007fccf5b9a800 JavaThread "jar transforms Thread 1023" [_thread_blocked, id=82979, stack(0x0000700009ee7000,0x0000700009fe7000)]
  0x00007fccf5cf2800 JavaThread "jar transforms Thread 1022" [_thread_blocked, id=31779, stack(0x0000700009de4000,0x0000700009ee4000)]
  0x00007fcd010bd800 JavaThread "jar transforms Thread 1021" [_thread_blocked, id=61987, stack(0x0000700009ce1000,0x0000700009de1000)]
  0x00007fccf5ee4000 JavaThread "jar transforms Thread 1020" [_thread_blocked, id=95511, stack(0x0000700009bde000,0x0000700009cde000)]
  0x00007fccf5c5f000 JavaThread "jar transforms Thread 1019" [_thread_blocked, id=44323, stack(0x0000700009adb000,0x0000700009bdb000)]
  0x00007fccf5cdd000 JavaThread "jar transforms Thread 1018" [_thread_blocked, id=130083, stack(0x00007000099d8000,0x0000700009ad8000)]
  0x00007fccf4b24800 JavaThread "jar transforms Thread 1017" [_thread_blocked, id=51747, stack(0x00007000098d5000,0x00007000099d5000)]
  0x00007fccf5ddf000 JavaThread "jar transforms Thread 1016" [_thread_blocked, id=22827, stack(0x00007000097d2000,0x00007000098d2000)]
  0x00007fccf7ed2800 JavaThread "jar transforms Thread 1015" [_thread_blocked, id=127791, stack(0x00007000096cf000,0x00007000097cf000)]
  0x00007fccf5736800 JavaThread "jar transforms Thread 1014" [_thread_blocked, id=40491, stack(0x00007000095cc000,0x00007000096cc000)]
  0x00007fccf5736000 JavaThread "jar transforms Thread 1013" [_thread_blocked, id=50723, stack(0x00007000094c9000,0x00007000095c9000)]
  0x00007fccfb4cd000 JavaThread "jar transforms Thread 1012" [_thread_blocked, id=82467, stack(0x00007000093c6000,0x00007000094c6000)]
  0x00007fccf8f1e800 JavaThread "jar transforms Thread 1011" [_thread_blocked, id=72483, stack(0x00007000092c3000,0x00007000093c3000)]
  0x00007fccf5894800 JavaThread "jar transforms Thread 1010" [_thread_blocked, id=48931, stack(0x00007000091c0000,0x00007000092c0000)]
  0x00007fccfb4ae800 JavaThread "jar transforms Thread 1009" [_thread_blocked, id=73251, stack(0x00007000090bd000,0x00007000091bd000)]
  0x00007fccf5b7c000 JavaThread "jar transforms Thread 1008" [_thread_blocked, id=68387, stack(0x0000700008fba000,0x00007000090ba000)]
  0x00007fccf5e6e800 JavaThread "jar transforms Thread 1007" [_thread_blocked, id=129323, stack(0x0000700008eb7000,0x0000700008fb7000)]
  0x00007fccf8b36800 JavaThread "jar transforms Thread 1006" [_thread_blocked, id=45603, stack(0x0000700008db4000,0x0000700008eb4000)]
  0x00007fcd0165d800 JavaThread "jar transforms Thread 1005" [_thread_blocked, id=79395, stack(0x0000700008cb1000,0x0000700008db1000)]
  0x00007fccf7fa7000 JavaThread "jar transforms Thread 1004" [_thread_blocked, id=89903, stack(0x0000700008bae000,0x0000700008cae000)]
  0x00007fccf5ddb800 JavaThread "jar transforms Thread 1003" [_thread_blocked, id=27427, stack(0x0000700008aab000,0x0000700008bab000)]
  0x00007fccfb4b0000 JavaThread "jar transforms Thread 1002" [_thread_blocked, id=32035, stack(0x00007000089a8000,0x0000700008aa8000)]
  0x00007fcd01236800 JavaThread "jar transforms Thread 1001" [_thread_blocked, id=37155, stack(0x00007000088a5000,0x00007000089a5000)]
  0x00007fccfb78f000 JavaThread "jar transforms Thread 1000" [_thread_blocked, id=28195, stack(0x00007000087a2000,0x00007000088a2000)]
  0x00007fccf58f8000 JavaThread "jar transforms Thread 999" [_thread_blocked, id=49955, stack(0x000070000869f000,0x000070000879f000)]
  0x00007fccf5b84800 JavaThread "jar transforms Thread 998" [_thread_blocked, id=28451, stack(0x000070000859c000,0x000070000869c000)]
  0x00007fccfb0e3800 JavaThread "jar transforms Thread 997" [_thread_blocked, id=127535, stack(0x0000700008499000,0x0000700008599000)]
  0x00007fccf7c09800 JavaThread "jar transforms Thread 996" [_thread_blocked, id=59171, stack(0x0000700008396000,0x0000700008496000)]
  0x00007fccf8d1a000 JavaThread "jar transforms Thread 995" [_thread_blocked, id=28963, stack(0x0000700008293000,0x0000700008393000)]
  0x00007fcd02ffa000 JavaThread "jar transforms Thread 994" [_thread_blocked, id=78379, stack(0x0000700008190000,0x0000700008290000)]
  0x00007fccf59bd000 JavaThread "jar transforms Thread 993" [_thread_blocked, id=53291, stack(0x000070000808d000,0x000070000818d000)]
  0x00007fccf5df2800 JavaThread "jar transforms Thread 992" [_thread_blocked, id=49443, stack(0x0000700007f8a000,0x000070000808a000)]
  0x00007fccf5ed0800 JavaThread "jar transforms Thread 991" [_thread_blocked, id=127259, stack(0x0000700007e87000,0x0000700007f87000)]
  0x00007fccf8f84000 JavaThread "jar transforms Thread 990" [_thread_blocked, id=49699, stack(0x0000700007d84000,0x0000700007e84000)]
  0x00007fcd02ff9000 JavaThread "jar transforms Thread 989" [_thread_blocked, id=96283, stack(0x0000700007c81000,0x0000700007d81000)]
  0x00007fccfb131800 JavaThread "jar transforms Thread 988" [_thread_blocked, id=71203, stack(0x0000700007b7e000,0x0000700007c7e000)]
  0x00007fcd02ff8800 JavaThread "jar transforms Thread 987" [_thread_blocked, id=64291, stack(0x0000700007a7b000,0x0000700007b7b000)]
  0x00007fcd02ff7800 JavaThread "jar transforms Thread 986" [_thread_blocked, id=69155, stack(0x0000700007978000,0x0000700007a78000)]
  0x00007fcd02ff7000 JavaThread "jar transforms Thread 985" [_thread_blocked, id=61219, stack(0x0000700007875000,0x0000700007975000)]
  0x00007fcd02ff6000 JavaThread "jar transforms Thread 984" [_thread_blocked, id=79139, stack(0x0000700007772000,0x0000700007872000)]
  0x00007fccf540a000 JavaThread "jar transforms Thread 983" [_thread_blocked, id=46371, stack(0x000070000766f000,0x000070000776f000)]
  0x00007fccf5409800 JavaThread "jar transforms Thread 982" [_thread_blocked, id=80419, stack(0x000070000756c000,0x000070000766c000)]
  0x00007fccf5724800 JavaThread "jar transforms Thread 981" [_thread_blocked, id=90139, stack(0x0000700007469000,0x0000700007569000)]
  0x00007fccf5bea000 JavaThread "jar transforms Thread 980" [_thread_blocked, id=32291, stack(0x0000700007366000,0x0000700007466000)]
  0x00007fccf5fdb800 JavaThread "jar transforms Thread 979" [_thread_blocked, id=38947, stack(0x0000700007263000,0x0000700007363000)]
  0x00007fccf91b1800 JavaThread "jar transforms Thread 978" [_thread_blocked, id=86563, stack(0x0000700007160000,0x0000700007260000)]
  0x00007fccf5408800 JavaThread "jar transforms Thread 977" [_thread_blocked, id=38435, stack(0x000070000705d000,0x000070000715d000)]
  0x00007fccf5408000 JavaThread "jar transforms Thread 976" [_thread_blocked, id=84519, stack(0x0000700006f5a000,0x000070000705a000)]
  0x00007fccf5407000 JavaThread "jar transforms Thread 975" [_thread_blocked, id=16947, stack(0x0000700006e57000,0x0000700006f57000)]
  0x00007fccf4695000 JavaThread "jar transforms Thread 974" [_thread_blocked, id=92955, stack(0x0000700006d54000,0x0000700006e54000)]
  0x00007fccf4694800 JavaThread "jar transforms Thread 973" [_thread_blocked, id=93211, stack(0x0000700006c51000,0x0000700006d51000)]
  0x00007fccf4693800 JavaThread "jar transforms Thread 972" [_thread_blocked, id=70695, stack(0x0000700006b4e000,0x0000700006c4e000)]
  0x00007fccf4693000 JavaThread "jar transforms Thread 971" [_thread_blocked, id=77859, stack(0x0000700006a4b000,0x0000700006b4b000)]
  0x00007fccf409c800 JavaThread "jar transforms Thread 970" [_thread_blocked, id=48427, stack(0x0000700006948000,0x0000700006a48000)]
  0x00007fccf409b800 JavaThread "jar transforms Thread 969" [_thread_blocked, id=66087, stack(0x0000700006845000,0x0000700006945000)]
  0x00007fccf409b000 JavaThread "jar transforms Thread 968" [_thread_blocked, id=96031, stack(0x0000700006742000,0x0000700006842000)]
  0x00007fccf4318800 JavaThread "jar transforms Thread 967" [_thread_blocked, id=129571, stack(0x000070000663f000,0x000070000673f000)]
  0x00007fccf4318000 JavaThread "jar transforms Thread 966" [_thread_blocked, id=59943, stack(0x000070000653c000,0x000070000663c000)]
  0x00007fccf4637000 JavaThread "jar transforms Thread 965" [_thread_blocked, id=76835, stack(0x0000700006439000,0x0000700006539000)]
  0x00007fccf5220000 JavaThread "jar transforms Thread 964" [_thread_blocked, id=16159, stack(0x0000700006336000,0x0000700006436000)]
  0x00007fccf53f1800 JavaThread "jar transforms Thread 963" [_thread_blocked, id=43303, stack(0x0000700006233000,0x0000700006333000)]
  0x00007fcd02d9b000 JavaThread "jar transforms Thread 962" [_thread_blocked, id=15903, stack(0x0000700006130000,0x0000700006230000)]
  0x00007fccf5712800 JavaThread "jar transforms Thread 961" [_thread_blocked, id=78631, stack(0x000070000602d000,0x000070000612d000)]
  0x00007fccf5566000 JavaThread "jar transforms Thread 960" [_thread_blocked, id=66855, stack(0x0000700005f2a000,0x000070000602a000)]
  0x00007fccf54ba000 JavaThread "jar transforms Thread 959" [_thread_blocked, id=45095, stack(0x0000700005e27000,0x0000700005f27000)]
  0x00007fccf5753800 JavaThread "jar transforms Thread 958" [_thread_blocked, id=120095, stack(0x0000700005d24000,0x0000700005e24000)]
  0x00007fcd02d62800 JavaThread "jar transforms Thread 957" [_thread_blocked, id=81191, stack(0x0000700005c21000,0x0000700005d21000)]
  0x00007fccf4099000 JavaThread "jar transforms Thread 956" [_thread_blocked, id=38691, stack(0x0000700005b1e000,0x0000700005c1e000)]
  0x00007fccf53b3800 JavaThread "jar transforms Thread 955" [_thread_blocked, id=31267, stack(0x0000700005a1b000,0x0000700005b1b000)]
  0x00007fccf91d8000 JavaThread "jar transforms Thread 954" [_thread_blocked, id=46115, stack(0x0000700005918000,0x0000700005a18000)]
  0x00007fccf91d7000 JavaThread "jar transforms Thread 953" [_thread_blocked, id=84771, stack(0x0000700005815000,0x0000700005915000)]
  0x00007fccf9183000 JavaThread "jar transforms Thread 952" [_thread_blocked, id=40231, stack(0x0000700005712000,0x0000700005812000)]
  0x00007fcd00e10000 JavaThread "jar transforms Thread 951" [_thread_blocked, id=89387, stack(0x000070000560f000,0x000070000570f000)]
  0x00007fcd00e87000 JavaThread "jar transforms Thread 950" [_thread_blocked, id=121883, stack(0x000070000550c000,0x000070000560c000)]
  0x00007fccfb4a8800 JavaThread "jar transforms Thread 949" [_thread_blocked, id=66595, stack(0x0000700004efa000,0x0000700004ffa000)]
  0x00007fccf5f57800 JavaThread "jar transforms Thread 948" [_thread_blocked, id=32547, stack(0x0000700004df7000,0x0000700004ef7000)]
  0x00007fccf8cdb800 JavaThread "jar transforms Thread 947" [_thread_blocked, id=35619, stack(0x0000700004cf4000,0x0000700004df4000)]
  0x00007fccf928a800 JavaThread "jar transforms Thread 946" [_thread_blocked, id=56615, stack(0x0000700004bf1000,0x0000700004cf1000)]
  0x00007fccf5be0000 JavaThread "jar transforms Thread 945" [_thread_blocked, id=73763, stack(0x0000700004aee000,0x0000700004bee000)]
  0x00007fccf96cd000 JavaThread "jar transforms Thread 944" [_thread_blocked, id=31011, stack(0x00007000049eb000,0x0000700004aeb000)]
  0x00007fccf47fa000 JavaThread "jar transforms Thread 943" [_thread_blocked, id=22571, stack(0x00007000048e8000,0x00007000049e8000)]
  0x00007fccf57f8800 JavaThread "jar transforms Thread 942" [_thread_blocked, id=73003, stack(0x00007000047e5000,0x00007000048e5000)]
  0x00007fccfb22c000 JavaThread "jar transforms Thread 941" [_thread_blocked, id=43811, stack(0x00007000046e2000,0x00007000047e2000)]
  0x00007fccf8eef800 JavaThread "jar transforms Thread 940" [_thread_blocked, id=126507, stack(0x00007000045df000,0x00007000046df000)]
  0x00007fccf59bb800 JavaThread "jar transforms Thread 939" [_thread_blocked, id=45859, stack(0x00007000044dc000,0x00007000045dc000)]
  0x00007fccf5055800 JavaThread "jar transforms Thread 938" [_thread_blocked, id=39723, stack(0x00007000043d9000,0x00007000044d9000)]
  0x00007fccf5431000 JavaThread "jar transforms Thread 937" [_thread_blocked, id=54831, stack(0x00007000042d6000,0x00007000043d6000)]
  0x00007fcd00c16000 JavaThread "RMI TCP Connection(16)-127.0.0.1" daemon [_thread_in_native, id=26667, stack(0x000070000cd71000,0x000070000ce71000)]
  0x00007fccf950c000 JavaThread "Daemon worker Thread 7" [_thread_in_native, id=120607, stack(0x00007000034ac000,0x00007000035ac000)]
  0x00007fcd00e3c000 JavaThread "Daemon Thread 7" [_thread_blocked, id=30239, stack(0x00007000031a3000,0x00007000032a3000)]
  0x00007fccfc8c3800 JavaThread "Cache worker for Java compile cache (/Users/soso/.gradle/caches/6.5/javaCompile)" [_thread_blocked, id=55311, stack(0x00007000036b2000,0x00007000037b2000)]
  0x00007fccfcd29800 JavaThread "RMI Reaper" [_thread_blocked, id=121347, stack(0x000070000d4b1000,0x000070000d5b1000)]
  0x00007fccfd704800 JavaThread "RMI TCP Accept-0" daemon [_thread_in_native, id=90631, stack(0x000070000d3ae000,0x000070000d4ae000)]
  0x00007fccf544d000 JavaThread "GC Daemon" daemon [_thread_blocked, id=125195, stack(0x000070000c965000,0x000070000ca65000)]
  0x00007fccfca27000 JavaThread "RMI Scheduler(0)" daemon [_thread_blocked, id=125715, stack(0x000070000c37e000,0x000070000c47e000)]
  0x00007fccf95a1000 JavaThread "process reaper" daemon [_thread_in_native, id=126983, stack(0x000070000c353000,0x000070000c37b000)]
  0x00007fccfca7f800 JavaThread "MarlinRenderer Disposer" daemon [_thread_blocked, id=91655, stack(0x000070000c862000,0x000070000c962000)]
  0x00007fccf973e000 JavaThread "Java2D Disposer" daemon [_thread_blocked, id=91399, stack(0x000070000c75f000,0x000070000c85f000)]
  0x00007fccf894c800 JavaThread "AWT-AppKit" daemon [_thread_in_native, id=775, stack(0x00007ffeec705000,0x00007ffeecf05000)]
  0x00007fccf4174800 JavaThread "Memory manager" [_thread_blocked, id=129027, stack(0x000070000bd41000,0x000070000be41000)]
  0x00007fccf4b5e000 JavaThread "Cache worker for file content cache (/Users/soso/.gradle/caches/6.5/fileContent)" [_thread_blocked, id=25859, stack(0x00007000041d3000,0x00007000042d3000)]
  0x00007fccf4fdf000 JavaThread "Cache worker for execution history cache (/Users/soso/.gradle/caches/6.5/executionHistory)" [_thread_blocked, id=25091, stack(0x0000700003fcd000,0x00007000040cd000)]
  0x00007fccf4983000 JavaThread "Cache worker for file hash cache (/Users/soso/.gradle/caches/6.5/fileHashes)" [_thread_blocked, id=41731, stack(0x0000700003abe000,0x0000700003bbe000)]
  0x00007fccf42f7000 JavaThread "File lock request listener" [_thread_in_native, id=41987, stack(0x00007000039bb000,0x0000700003abb000)]
  0x00007fccf509c000 JavaThread "Cache worker for journal cache (/Users/soso/.gradle/caches/journal-1)" [_thread_blocked, id=42243, stack(0x00007000038b8000,0x00007000039b8000)]
  0x00007fccf434c800 JavaThread "Daemon periodic checks" [_thread_blocked, id=15363, stack(0x00007000030a0000,0x00007000031a0000)]
  0x00007fccf4a52000 JavaThread "Incoming local TCP Connector on port 54884" [_thread_in_native, id=14851, stack(0x0000700002f9d000,0x000070000309d000)]
  0x00007fccf7935000 JavaThread "Daemon health stats" [_thread_blocked, id=19723, stack(0x0000700002e9a000,0x0000700002f9a000)]
  0x00007fccf487c000 JavaThread "Service Thread" daemon [_thread_blocked, id=14083, stack(0x0000700002c94000,0x0000700002d94000)]
  0x00007fccf4851800 JavaThread "C1 CompilerThread2" daemon [_thread_blocked, id=13571, stack(0x0000700002b91000,0x0000700002c91000)]
  0x00007fccf4850800 JavaThread "C2 CompilerThread1" daemon [_thread_blocked, id=17923, stack(0x0000700002a8e000,0x0000700002b8e000)]
  0x00007fccf4034800 JavaThread "C2 CompilerThread0" daemon [_thread_blocked, id=18435, stack(0x000070000298b000,0x0000700002a8b000)]
  0x00007fccf4029000 JavaThread "Signal Dispatcher" daemon [_thread_blocked, id=13315, stack(0x0000700002888000,0x0000700002988000)]
  0x00007fccf4028000 JavaThread "Finalizer" daemon [_thread_blocked, id=20995, stack(0x000070000267f000,0x000070000277f000)]
  0x00007fccf481f000 JavaThread "Reference Handler" daemon [_thread_blocked, id=11267, stack(0x000070000257c000,0x000070000267c000)]
  0x00007fccf400c000 JavaThread "main" [_thread_blocked, id=4867, stack(0x0000700001f6a000,0x000070000206a000)]

Other Threads:
  0x00007fccf481c800 VMThread [stack: 0x0000700002479000,0x0000700002579000] [id=21507]
  0x00007fccf4849000 WatcherThread [stack: 0x0000700002d97000,0x0000700002e97000] [id=17155]

VM state:not at safepoint (normal execution)

VM Mutex/Monitor currently owned by a thread: None

heap address: 0x0000000740000000, size: 2048 MB, Compressed Oops mode: Zero based, Oop shift amount: 3
Narrow klass base: 0x0000000000000000, Narrow klass shift: 3
Compressed class space size: 1073741824 Address: 0x00000007c0000000

Heap:
 PSYoungGen      total 388608K, used 365793K [0x0000000795580000, 0x00000007c0000000, 0x00000007c0000000)
  eden space 246272K, 99% used [0x0000000795580000,0x00000007a4540760,0x00000007a4600000)
  from space 142336K, 84% used [0x00000007b7500000,0x00000007bea77d88,0x00000007c0000000)
  to   space 226304K, 0% used [0x00000007a4600000,0x00000007a4600000,0x00000007b2300000)
 ParOldGen       total 745984K, used 409962K [0x0000000740000000, 0x000000076d880000, 0x0000000795580000)
  object space 745984K, 54% used [0x0000000740000000,0x000000075905abb0,0x000000076d880000)
 Metaspace       used 170807K, capacity 180790K, committed 181016K, reserved 1208320K
  class space    used 21027K, capacity 23046K, committed 23088K, reserved 1048576K

Card table byte_map: [0x0000000104878000,0x0000000104c79000] byte_map_base: 0x0000000100e78000

Marking Bits: (ParMarkBitMap*) 0x0000000103e273f8
 Begin Bits: [0x000000011564d000, 0x000000011764d000)
 End Bits:   [0x000000011764d000, 0x000000011964d000)

Polling page: 0x0000000102d8b000

CodeCache: size=245760Kb used=101391Kb max_used=101402Kb free=144369Kb
 bounds [0x000000010664d000, 0x000000010c9fd000, 0x000000011564d000]
 total_blobs=29988 nmethods=28885 adapters=1014
 compilation: enabled

Compilation events (10 events):
Event: 1505.319 Thread 0x00007fccf4034800 39362       4       com.android.tools.r8.dex.d$$Lambda$1372/599562603::accept (12 bytes)
Event: 1505.322 Thread 0x00007fccf4850800 39353       4       sun.util.locale.provider.LocaleResources::getDecimalFormatSymbolsData (213 bytes)
Event: 1505.359 Thread 0x00007fccf4851800 39369       3       java.util.TimSort::mergeAt (358 bytes)
Event: 1505.360 Thread 0x00007fccf4851800 nmethod 39369 0x0000000107e41610 code [0x0000000107e417e0, 0x0000000107e41db8]
Event: 1505.370 Thread 0x00007fccf4034800 nmethod 39362 0x000000010c9a5310 code [0x000000010c9a5520, 0x000000010c9a6268]
Event: 1505.370 Thread 0x00007fccf4034800 39352       4       java.util.Formatter$Conversion::isCharacter (32 bytes)
Event: 1505.374 Thread 0x00007fccf4034800 nmethod 39352 0x0000000106d0c890 code [0x0000000106d0c9c0, 0x0000000106d0ca18]
Event: 1505.375 Thread 0x00007fccf4850800 nmethod 39353 0x0000000106fc1010 code [0x0000000106fc11c0, 0x0000000106fc1a18]
Event: 1505.550 Thread 0x00007fccf4034800 39370       4       java.util.TimSort::mergeAt (358 bytes)
Event: 1505.556 Thread 0x00007fccf4034800 nmethod 39370 0x0000000107e40d10 code [0x0000000107e40ea0, 0x0000000107e41270]

GC Heap History (10 events):
Event: 1486.183 GC heap before
{Heap before GC invocations=84 (full 9):
 PSYoungGen      total 532992K, used 430270K [0x0000000795580000, 0x00000007bec80000, 0x00000007c0000000)
  eden space 406528K, 99% used [0x0000000795580000,0x00000007ae27fba8,0x00000007ae280000)
  from space 126464K, 18% used [0x00000007b7100000,0x00000007b8830040,0x00000007bec80000)
  to   space 136192K, 0% used [0x00000007ae280000,0x00000007ae280000,0x00000007b6780000)
 ParOldGen       total 758272K, used 562809K [0x0000000740000000, 0x000000076e480000, 0x0000000795580000)
  object space 758272K, 74% used [0x0000000740000000,0x000000076259e4b8,0x000000076e480000)
 Metaspace       used 164043K, capacity 174130K, committed 174360K, reserved 1202176K
  class space    used 20263K, capacity 22286K, committed 22320K, reserved 1048576K
Event: 1486.315 GC heap after
Heap after GC invocations=84 (full 9):
 PSYoungGen      total 542720K, used 26564K [0x0000000795580000, 0x00000007bf900000, 0x00000007c0000000)
  eden space 406528K, 0% used [0x0000000795580000,0x0000000795580000,0x00000007ae280000)
  from space 136192K, 19% used [0x00000007ae280000,0x00000007afc71180,0x00000007b6780000)
  to   space 129024K, 0% used [0x00000007b7b00000,0x00000007b7b00000,0x00000007bf900000)
 ParOldGen       total 758272K, used 562817K [0x0000000740000000, 0x000000076e480000, 0x0000000795580000)
  object space 758272K, 74% used [0x0000000740000000,0x00000007625a04b8,0x000000076e480000)
 Metaspace       used 164043K, capacity 174130K, committed 174360K, reserved 1202176K
  class space    used 20263K, capacity 22286K, committed 22320K, reserved 1048576K
}
Event: 1488.345 GC heap before
{Heap before GC invocations=85 (full 9):
 PSYoungGen      total 542720K, used 433092K [0x0000000795580000, 0x00000007bf900000, 0x00000007c0000000)
  eden space 406528K, 100% used [0x0000000795580000,0x00000007ae280000,0x00000007ae280000)
  from space 136192K, 19% used [0x00000007ae280000,0x00000007afc71180,0x00000007b6780000)
  to   space 129024K, 0% used [0x00000007b7b00000,0x00000007b7b00000,0x00000007bf900000)
 ParOldGen       total 758272K, used 562817K [0x0000000740000000, 0x000000076e480000, 0x0000000795580000)
  object space 758272K, 74% used [0x0000000740000000,0x00000007625a04b8,0x000000076e480000)
 Metaspace       used 164340K, capacity 174478K, committed 174744K, reserved 1202176K
  class space    used 20292K, capacity 22334K, committed 22448K, reserved 1048576K
Event: 1488.667 GC heap after
Heap after GC invocations=85 (full 9):
 PSYoungGen      total 543232K, used 98907K [0x0000000795580000, 0x00000007c0000000, 0x00000007c0000000)
  eden space 414208K, 0% used [0x0000000795580000,0x0000000795580000,0x00000007aea00000)
  from space 129024K, 76% used [0x00000007b7b00000,0x00000007bdb96e40,0x00000007bf900000)
  to   space 142336K, 0% used [0x00000007aea00000,0x00000007aea00000,0x00000007b7500000)
 ParOldGen       total 758272K, used 562817K [0x0000000740000000, 0x000000076e480000, 0x0000000795580000)
  object space 758272K, 74% used [0x0000000740000000,0x00000007625a04b8,0x000000076e480000)
 Metaspace       used 164340K, capacity 174478K, committed 174744K, reserved 1202176K
  class space    used 20292K, capacity 22334K, committed 22448K, reserved 1048576K
}
Event: 1490.149 GC heap before
{Heap before GC invocations=86 (full 9):
 PSYoungGen      total 543232K, used 513115K [0x0000000795580000, 0x00000007c0000000, 0x00000007c0000000)
  eden space 414208K, 100% used [0x0000000795580000,0x00000007aea00000,0x00000007aea00000)
  from space 129024K, 76% used [0x00000007b7b00000,0x00000007bdb96e40,0x00000007bf900000)
  to   space 142336K, 0% used [0x00000007aea00000,0x00000007aea00000,0x00000007b7500000)
 ParOldGen       total 758272K, used 562817K [0x0000000740000000, 0x000000076e480000, 0x0000000795580000)
  object space 758272K, 74% used [0x0000000740000000,0x00000007625a04b8,0x000000076e480000)
 Metaspace       used 166999K, capacity 177168K, committed 177304K, reserved 1204224K
  class space    used 20539K, capacity 22591K, committed 22704K, reserved 1048576K
Event: 1491.449 GC heap after
Heap after GC invocations=86 (full 9):
 PSYoungGen      total 556544K, used 142335K [0x0000000795580000, 0x00000007c0000000, 0x00000007c0000000)
  eden space 414208K, 0% used [0x0000000795580000,0x0000000795580000,0x00000007aea00000)
  from space 142336K, 99% used [0x00000007aea00000,0x00000007b74ffcc8,0x00000007b7500000)
  to   space 142336K, 0% used [0x00000007b7500000,0x00000007b7500000,0x00000007c0000000)
 ParOldGen       total 758272K, used 708700K [0x0000000740000000, 0x000000076e480000, 0x0000000795580000)
  object space 758272K, 93% used [0x0000000740000000,0x000000076b4171d0,0x000000076e480000)
 Metaspace       used 166999K, capacity 177168K, committed 177304K, reserved 1204224K
  class space    used 20539K, capacity 22591K, committed 22704K, reserved 1048576K
}
Event: 1491.449 GC heap before
{Heap before GC invocations=87 (full 10):
 PSYoungGen      total 556544K, used 142335K [0x0000000795580000, 0x00000007c0000000, 0x00000007c0000000)
  eden space 414208K, 0% used [0x0000000795580000,0x0000000795580000,0x00000007aea00000)
  from space 142336K, 99% used [0x00000007aea00000,0x00000007b74ffcc8,0x00000007b7500000)
  to   space 142336K, 0% used [0x00000007b7500000,0x00000007b7500000,0x00000007c0000000)
 ParOldGen       total 758272K, used 708700K [0x0000000740000000, 0x000000076e480000, 0x0000000795580000)
  object space 758272K, 93% used [0x0000000740000000,0x000000076b4171d0,0x000000076e480000)
 Metaspace       used 166999K, capacity 177168K, committed 177304K, reserved 1204224K
  class space    used 20539K, capacity 22591K, committed 22704K, reserved 1048576K
Event: 1498.969 GC heap after
Heap after GC invocations=87 (full 10):
 PSYoungGen      total 556544K, used 0K [0x0000000795580000, 0x00000007c0000000, 0x00000007c0000000)
  eden space 414208K, 0% used [0x0000000795580000,0x0000000795580000,0x00000007aea00000)
  from space 142336K, 0% used [0x00000007aea00000,0x00000007aea00000,0x00000007b7500000)
  to   space 142336K, 0% used [0x00000007b7500000,0x00000007b7500000,0x00000007c0000000)
 ParOldGen       total 745984K, used 409954K [0x0000000740000000, 0x000000076d880000, 0x0000000795580000)
  object space 745984K, 54% used [0x0000000740000000,0x0000000759058bb0,0x000000076d880000)
 Metaspace       used 166917K, capacity 176880K, committed 177304K, reserved 1204224K
  class space    used 20523K, capacity 22543K, committed 22704K, reserved 1048576K
}
Event: 1503.786 GC heap before
{Heap before GC invocations=88 (full 10):
 PSYoungGen      total 556544K, used 414208K [0x0000000795580000, 0x00000007c0000000, 0x00000007c0000000)
  eden space 414208K, 100% used [0x0000000795580000,0x00000007aea00000,0x00000007aea00000)
  from space 142336K, 0% used [0x00000007aea00000,0x00000007aea00000,0x00000007b7500000)
  to   space 142336K, 0% used [0x00000007b7500000,0x00000007b7500000,0x00000007c0000000)
 ParOldGen       total 745984K, used 409954K [0x0000000740000000, 0x000000076d880000, 0x0000000795580000)
  object space 745984K, 54% used [0x0000000740000000,0x0000000759058bb0,0x000000076d880000)
 Metaspace       used 170774K, capacity 180720K, committed 181016K, reserved 1208320K
  class space    used 21026K, capacity 23045K, committed 23088K, reserved 1048576K
Event: 1504.120 GC heap after
Heap after GC invocations=88 (full 10):
 PSYoungGen      total 388608K, used 120287K [0x0000000795580000, 0x00000007c0000000, 0x00000007c0000000)
  eden space 246272K, 0% used [0x0000000795580000,0x0000000795580000,0x00000007a4600000)
  from space 142336K, 84% used [0x00000007b7500000,0x00000007bea77d88,0x00000007c0000000)
  to   space 226304K, 0% used [0x00000007a4600000,0x00000007a4600000,0x00000007b2300000)
 ParOldGen       total 745984K, used 409962K [0x0000000740000000, 0x000000076d880000, 0x0000000795580000)
  object space 745984K, 54% used [0x0000000740000000,0x000000075905abb0,0x000000076d880000)
 Metaspace       used 170774K, capacity 180720K, committed 181016K, reserved 1208320K
  class space    used 21026K, capacity 23045K, committed 23088K, reserved 1048576K
}

Deoptimization events (10 events):
Event: 1488.105 Thread 0x00007fccf4db8000 Uncommon trap: reason=class_check action=maybe_recompile pc=0x0000000109117a08 method=com.android.builder.merge.DelegateIncrementalFileMergerInput.getName()Ljava/lang/String; @ 4
Event: 1488.105 Thread 0x00007fccf4db8000 Uncommon trap: reason=class_check action=maybe_recompile pc=0x0000000109117a08 method=com.android.builder.merge.DelegateIncrementalFileMergerInput.getName()Ljava/lang/String; @ 4
Event: 1488.111 Thread 0x00007fccf4db8000 Uncommon trap: reason=unstable_if action=reinterpret pc=0x0000000109213dfc method=sun.nio.fs.UnixPath.getRoot()Lsun/nio/fs/UnixPath; @ 16
Event: 1488.115 Thread 0x00007fccf4db8000 Uncommon trap: reason=unstable_if action=reinterpret pc=0x00000001085248fc method=sun.nio.fs.UnixPath.getRoot()Lsun/nio/fs/UnixPath; @ 16
Event: 1489.335 Thread 0x00007fccfce73000 Uncommon trap: reason=unstable_if action=reinterpret pc=0x00000001067945ec method=com.android.tools.r8.graph.c0.computeEquals(Ljava/lang/Object;)Z @ 51
Event: 1489.465 Thread 0x00007fccf5d77800 Uncommon trap: reason=unstable_if action=reinterpret pc=0x0000000109d41808 method=com.android.tools.r8.graph.Z.computeEquals(Ljava/lang/Object;)Z @ 37
Event: 1489.465 Thread 0x00007fccfcefd000 Uncommon trap: reason=unstable_if action=reinterpret pc=0x0000000109d41808 method=com.android.tools.r8.graph.Z.computeEquals(Ljava/lang/Object;)Z @ 37
Event: 1490.027 Thread 0x00007fccf5edd000 Uncommon trap: reason=unstable_if action=reinterpret pc=0x000000010c93d1f4 method=com.android.tools.r8.dex.n.i()Lcom/android/tools/r8/graph/h0; @ 23
Event: 1500.281 Thread 0x00007fccfce73000 Uncommon trap: reason=unstable_if action=reinterpret pc=0x000000010afb8e3c method=com.android.tools.r8.s.a.b.m.a.d()I @ 396
Event: 1502.058 Thread 0x00007fccf4db8000 Uncommon trap: reason=class_check action=maybe_recompile pc=0x0000000109117a08 method=com.android.builder.merge.DelegateIncrementalFileMergerInput.getName()Ljava/lang/String; @ 4

Classes redefined (0 events):
No events

Internal exceptions (10 events):
Event: 1504.993 Thread 0x00007fccf950c000 Exception <a 'sun/nio/fs/UnixException'> (0x00000007a253b2e8) thrown at [/Volumes/Android/buildbot/src/googleplex-android/openjdk/out/hotspot/src/share/vm/prims/jni.cpp, line 710]
Event: 1504.993 Thread 0x00007fccf950c000 Exception <a 'sun/nio/fs/UnixException'> (0x00000007a253dc18) thrown at [/Volumes/Android/buildbot/src/googleplex-android/openjdk/out/hotspot/src/share/vm/prims/jni.cpp, line 710]
Event: 1504.993 Thread 0x00007fccf950c000 Exception <a 'sun/nio/fs/UnixException'> (0x00000007a253f5a8) thrown at [/Volumes/Android/buildbot/src/googleplex-android/openjdk/out/hotspot/src/share/vm/prims/jni.cpp, line 710]
Event: 1504.993 Thread 0x00007fccf950c000 Exception <a 'sun/nio/fs/UnixException'> (0x00000007a2541ed8) thrown at [/Volumes/Android/buildbot/src/googleplex-android/openjdk/out/hotspot/src/share/vm/prims/jni.cpp, line 710]
Event: 1504.993 Thread 0x00007fccf950c000 Exception <a 'sun/nio/fs/UnixException'> (0x00000007a2543860) thrown at [/Volumes/Android/buildbot/src/googleplex-android/openjdk/out/hotspot/src/share/vm/prims/jni.cpp, line 710]
Event: 1504.994 Thread 0x00007fccf950c000 Exception <a 'sun/nio/fs/UnixException'> (0x00000007a25461c0) thrown at [/Volumes/Android/buildbot/src/googleplex-android/openjdk/out/hotspot/src/share/vm/prims/jni.cpp, line 710]
Event: 1504.994 Thread 0x00007fccf950c000 Exception <a 'sun/nio/fs/UnixException'> (0x00000007a2547b50) thrown at [/Volumes/Android/buildbot/src/googleplex-android/openjdk/out/hotspot/src/share/vm/prims/jni.cpp, line 710]
Event: 1504.994 Thread 0x00007fccf950c000 Exception <a 'sun/nio/fs/UnixException'> (0x00000007a254a4b0) thrown at [/Volumes/Android/buildbot/src/googleplex-android/openjdk/out/hotspot/src/share/vm/prims/jni.cpp, line 710]
Event: 1504.994 Thread 0x00007fccf950c000 Exception <a 'sun/nio/fs/UnixException'> (0x00000007a254be40) thrown at [/Volumes/Android/buildbot/src/googleplex-android/openjdk/out/hotspot/src/share/vm/prims/jni.cpp, line 710]
Event: 1505.128 Thread 0x00007fcd00e84800 Exception <a 'java/lang/InterruptedException'> (0x00000007a40bbbe0) thrown at [/Volumes/Android/buildbot/src/googleplex-android/openjdk/out/hotspot/src/share/vm/runtime/objectMonitor.cpp, line 1680]

Events (10 events):
Event: 1504.702 Thread 0x00007fccf5ecd000 DEOPT PACKING pc=0x000000010c959f72 sp=0x000070000cb65d60
Event: 1504.702 Thread 0x00007fccf5ecd000 DEOPT UNPACKING pc=0x00000001066944c4 sp=0x000070000cb65b20 mode 0
Event: 1504.873 Thread 0x00007fccf5ecd000 DEOPT PACKING pc=0x000000010a152aae sp=0x000070000cb65610
Event: 1504.873 Thread 0x00007fccf5ecd000 DEOPT UNPACKING pc=0x00000001066944c4 sp=0x000070000cb65380 mode 0
Event: 1504.973 Executing VM operation: RevokeBias
Event: 1504.978 Executing VM operation: RevokeBias done
Event: 1504.978 Thread 0x00007fcd00e84800 Thread exited: 0x00007fcd00e84800
Event: 1505.119 Thread 0x00007fcd00e84800 Thread added: 0x00007fcd00e84800
Event: 1505.119 Executing VM operation: RevokeBias
Event: 1505.125 Executing VM operation: RevokeBias done


Dynamic libraries:
0x00007fff35e15000 	/System/Library/Frameworks/Cocoa.framework/Versions/A/Cocoa
0x00007fff4360e000 	/System/Library/Frameworks/Security.framework/Versions/A/Security
0x00007fff34d7a000 	/System/Library/Frameworks/ApplicationServices.framework/Versions/A/ApplicationServices
0x00007fff70132000 	/usr/lib/libz.1.dylib
0x00007fff6dbf6000 	/usr/lib/libSystem.B.dylib
0x00007fff36cb7000 	/System/Library/Frameworks/CoreFoundation.framework/Versions/A/CoreFoundation
0x00007fff39374000 	/System/Library/Frameworks/Foundation.framework/Versions/C/Foundation
0x00007fff6fa56000 	/usr/lib/libobjc.A.dylib
0x00007fff33f6a000 	/System/Library/Frameworks/AppKit.framework/Versions/C/AppKit
0x00007fff36799000 	/System/Library/Frameworks/CoreData.framework/Versions/A/CoreData
0x00007fff67c0b000 	/System/Library/PrivateFrameworks/UIFoundation.framework/Versions/A/UIFoundation
0x00007fff62c9f000 	/System/Library/PrivateFrameworks/RemoteViewServices.framework/Versions/A/RemoteViewServices
0x00007fff6a766000 	/System/Library/PrivateFrameworks/XCTTargetBootstrap.framework/Versions/A/XCTTargetBootstrap
0x00007fff36b84000 	/System/Library/Frameworks/CoreDisplay.framework/Versions/A/CoreDisplay
0x00007fff3c22f000 	/System/Library/Frameworks/Metal.framework/Versions/A/Metal
0x00007fff50ca2000 	/System/Library/PrivateFrameworks/DesktopServicesPriv.framework/Versions/A/DesktopServicesPriv
0x00007fff6ed31000 	/usr/lib/liblangid.dylib
0x00007fff4ff37000 	/System/Library/PrivateFrameworks/CoreSVG.framework/Versions/A/CoreSVG
0x00007fff65dfb000 	/System/Library/PrivateFrameworks/SkyLight.framework/Versions/A/SkyLight
0x00007fff37138000 	/System/Library/Frameworks/CoreGraphics.framework/Versions/A/CoreGraphics
0x00007fff3293e000 	/System/Library/Frameworks/Accelerate.framework/Versions/A/Accelerate
0x00007fff70023000 	/usr/lib/libxml2.2.dylib
0x00007fff5bc2a000 	/System/Library/PrivateFrameworks/IconServices.framework/Versions/A/IconServices
0x00007fff39b53000 	/System/Library/Frameworks/IOSurface.framework/Versions/A/IOSurface
0x00007fff6d720000 	/usr/lib/libDiagnosticMessagesClient.dylib
0x00007fff50afc000 	/System/Library/PrivateFrameworks/DFRFoundation.framework/Versions/A/DFRFoundation
0x00007fff6eac0000 	/usr/lib/libicucore.A.dylib
0x00007fff350ac000 	/System/Library/Frameworks/AudioToolbox.framework/Versions/A/AudioToolbox
0x00007fff3518f000 	/System/Library/Frameworks/AudioUnit.framework/Versions/A/AudioUnit
0x00007fff6ddf8000 	/usr/lib/libauto.dylib
0x00007fff50b9e000 	/System/Library/PrivateFrameworks/DataDetectorsCore.framework/Versions/A/DataDetectorsCore
0x00007fff35936000 	/System/Library/Frameworks/Carbon.framework/Versions/A/Frameworks/HIToolbox.framework/Versions/A/HIToolbox
0x00007fff42808000 	/System/Library/Frameworks/QuartzCore.framework/Versions/A/QuartzCore
0x00007fff35c75000 	/System/Library/Frameworks/Carbon.framework/Versions/A/Frameworks/SpeechRecognition.framework/Versions/A/SpeechRecognition
0x00007fff50610000 	/System/Library/PrivateFrameworks/CoreUI.framework/Versions/A/CoreUI
0x00007fff36204000 	/System/Library/Frameworks/CoreAudio.framework/Versions/A/CoreAudio
0x00007fff39033000 	/System/Library/Frameworks/DiskArbitration.framework/Versions/A/DiskArbitration
0x00007fff5dc7a000 	/System/Library/PrivateFrameworks/MultitouchSupport.framework/Versions/A/MultitouchSupport
0x00007fff6e987000 	/usr/lib/libenergytrace.dylib
0x00007fff39aad000 	/System/Library/Frameworks/IOKit.framework/Versions/A/IOKit
0x00007fff3809f000 	/System/Library/Frameworks/CoreServices.framework/Versions/A/CoreServices
0x00007fff5fe32000 	/System/Library/PrivateFrameworks/PerformanceAnalysis.framework/Versions/A/PerformanceAnalysis
0x00007fff4183b000 	/System/Library/Frameworks/OpenGL.framework/Versions/A/OpenGL
0x00007fff35e23000 	/System/Library/Frameworks/ColorSync.framework/Versions/A/ColorSync
0x00007fff377bb000 	/System/Library/Frameworks/CoreImage.framework/Versions/A/CoreImage
0x00007fff38b12000 	/System/Library/Frameworks/CoreText.framework/Versions/A/CoreText
0x00007fff39be3000 	/System/Library/Frameworks/ImageIO.framework/Versions/A/ImageIO
0x00007fff6dedc000 	/usr/lib/libc++.1.dylib
0x00007fff6df58000 	/usr/lib/libcompression.dylib
0x00007fff6da64000 	/usr/lib/libMobileGestalt.dylib
0x00007fff67975000 	/System/Library/PrivateFrameworks/TextureIO.framework/Versions/A/TextureIO
0x00007fff6dd5b000 	/usr/lib/libate.dylib
0x00007fff5be33000 	/System/Library/PrivateFrameworks/InternationalSupport.framework/Versions/A/InternationalSupport
0x00007fff709f3000 	/usr/lib/system/libcache.dylib
0x00007fff709f9000 	/usr/lib/system/libcommonCrypto.dylib
0x00007fff70a05000 	/usr/lib/system/libcompiler_rt.dylib
0x00007fff70a0d000 	/usr/lib/system/libcopyfile.dylib
0x00007fff70a17000 	/usr/lib/system/libcorecrypto.dylib
0x00007fff70bb6000 	/usr/lib/system/libdispatch.dylib
0x00007fff70bf7000 	/usr/lib/system/libdyld.dylib
0x00007fff70c2e000 	/usr/lib/system/libkeymgr.dylib
0x00007fff70c3c000 	/usr/lib/system/liblaunch.dylib
0x00007fff70c3d000 	/usr/lib/system/libmacho.dylib
0x00007fff70c43000 	/usr/lib/system/libquarantine.dylib
0x00007fff70c46000 	/usr/lib/system/libremovefile.dylib
0x00007fff70c48000 	/usr/lib/system/libsystem_asl.dylib
0x00007fff70c60000 	/usr/lib/system/libsystem_blocks.dylib
0x00007fff70c61000 	/usr/lib/system/libsystem_c.dylib
0x00007fff70ce9000 	/usr/lib/system/libsystem_configuration.dylib
0x00007fff70ced000 	/usr/lib/system/libsystem_coreservices.dylib
0x00007fff70cf1000 	/usr/lib/system/libsystem_darwin.dylib
0x00007fff70cfa000 	/usr/lib/system/libsystem_dnssd.dylib
0x00007fff70d02000 	/usr/lib/system/libsystem_featureflags.dylib
0x00007fff70d04000 	/usr/lib/system/libsystem_info.dylib
0x00007fff70d7f000 	/usr/lib/system/libsystem_m.dylib
0x00007fff70dc7000 	/usr/lib/system/libsystem_malloc.dylib
0x00007fff70def000 	/usr/lib/system/libsystem_networkextension.dylib
0x00007fff70dfd000 	/usr/lib/system/libsystem_notify.dylib
0x00007fff70e1b000 	/usr/lib/system/libsystem_sandbox.dylib
0x00007fff70e20000 	/usr/lib/system/libsystem_secinit.dylib
0x00007fff70d52000 	/usr/lib/system/libsystem_kernel.dylib
0x00007fff70e07000 	/usr/lib/system/libsystem_platform.dylib
0x00007fff70e10000 	/usr/lib/system/libsystem_pthread.dylib
0x00007fff70e23000 	/usr/lib/system/libsystem_symptoms.dylib
0x00007fff70e2b000 	/usr/lib/system/libsystem_trace.dylib
0x00007fff70e43000 	/usr/lib/system/libunwind.dylib
0x00007fff70e49000 	/usr/lib/system/libxpc.dylib
0x00007fff6df2f000 	/usr/lib/libc++abi.dylib
0x00007fff6ed33000 	/usr/lib/liblzma.5.dylib
0x00007fff6e9ae000 	/usr/lib/libfakelink.dylib
0x00007fff6dce8000 	/usr/lib/libarchive.2.dylib
0x00007fff446bf000 	/System/Library/Frameworks/SystemConfiguration.framework/Versions/A/SystemConfiguration
0x00007fff6d653000 	/usr/lib/libCRFSuite.dylib
0x00007fff35526000 	/System/Library/Frameworks/CFNetwork.framework/Versions/A/CFNetwork
0x00007fff6debe000 	/usr/lib/libbsm.0.dylib
0x00007fff70c2f000 	/usr/lib/system/libkxld.dylib
0x00007fff4a479000 	/System/Library/PrivateFrameworks/AppleFSCompression.framework/Versions/A/AppleFSCompression
0x00007fff6e249000 	/usr/lib/libcoretls.dylib
0x00007fff6e260000 	/usr/lib/libcoretls_cfhelpers.dylib
0x00007fff6fa9c000 	/usr/lib/libpam.2.dylib
0x00007fff6fbd1000 	/usr/lib/libsqlite3.dylib
0x00007fff70010000 	/usr/lib/libxar.1.dylib
0x00007fff6decf000 	/usr/lib/libbz2.1.0.dylib
0x00007fff6e9cf000 	/usr/lib/libiconv.2.dylib
0x00007fff6df45000 	/usr/lib/libcharset.1.dylib
0x00007fff6f539000 	/usr/lib/libnetwork.dylib
0x00007fff6faa3000 	/usr/lib/libpcap.A.dylib
0x00007fff6dc9d000 	/usr/lib/libapple_nghttp2.dylib
0x00007fff38456000 	/System/Library/Frameworks/CoreServices.framework/Versions/A/Frameworks/FSEvents.framework/Versions/A/FSEvents
0x00007fff38126000 	/System/Library/Frameworks/CoreServices.framework/Versions/A/Frameworks/CarbonCore.framework/Versions/A/CarbonCore
0x00007fff3869a000 	/System/Library/Frameworks/CoreServices.framework/Versions/A/Frameworks/Metadata.framework/Versions/A/Metadata
0x00007fff38733000 	/System/Library/Frameworks/CoreServices.framework/Versions/A/Frameworks/OSServices.framework/Versions/A/OSServices
0x00007fff38761000 	/System/Library/Frameworks/CoreServices.framework/Versions/A/Frameworks/SearchKit.framework/Versions/A/SearchKit
0x00007fff380a0000 	/System/Library/Frameworks/CoreServices.framework/Versions/A/Frameworks/AE.framework/Versions/A/AE
0x00007fff3845f000 	/System/Library/Frameworks/CoreServices.framework/Versions/A/Frameworks/LaunchServices.framework/Versions/A/LaunchServices
0x00007fff38408000 	/System/Library/Frameworks/CoreServices.framework/Versions/A/Frameworks/DictionaryServices.framework/Versions/A/DictionaryServices
0x00007fff387c9000 	/System/Library/Frameworks/CoreServices.framework/Versions/A/Frameworks/SharedFileList.framework/Versions/A/SharedFileList
0x00007fff3d65a000 	/System/Library/Frameworks/NetFS.framework/Versions/A/NetFS
0x00007fff5e1aa000 	/System/Library/PrivateFrameworks/NetAuth.framework/Versions/A/NetAuth
0x00007fff6ab33000 	/System/Library/PrivateFrameworks/login.framework/Versions/A/Frameworks/loginsupport.framework/Versions/A/loginsupport
0x00007fff67440000 	/System/Library/PrivateFrameworks/TCC.framework/Versions/A/TCC
0x00007fff4f0aa000 	/System/Library/PrivateFrameworks/CoreNLP.framework/Versions/A/CoreNLP
0x00007fff5d6a7000 	/System/Library/PrivateFrameworks/MetadataUtilities.framework/Versions/A/MetadataUtilities
0x00007fff6ee0b000 	/usr/lib/libmecabra.dylib
0x00007fff6ed63000 	/usr/lib/libmecab.dylib
0x00007fff6e9bf000 	/usr/lib/libgermantok.dylib
0x00007fff6dc84000 	/usr/lib/libThaiTokenizer.dylib
0x00007fff6d68a000 	/usr/lib/libChineseTokenizer.dylib
0x00007fff32956000 	/System/Library/Frameworks/Accelerate.framework/Versions/A/Frameworks/vImage.framework/Versions/A/vImage
0x00007fff33dc0000 	/System/Library/Frameworks/Accelerate.framework/Versions/A/Frameworks/vecLib.framework/Versions/A/vecLib
0x00007fff33cfd000 	/System/Library/Frameworks/Accelerate.framework/Versions/A/Frameworks/vecLib.framework/Versions/A/libvMisc.dylib
0x00007fff33b25000 	/System/Library/Frameworks/Accelerate.framework/Versions/A/Frameworks/vecLib.framework/Versions/A/libvDSP.dylib
0x00007fff32fad000 	/System/Library/Frameworks/Accelerate.framework/Versions/A/Frameworks/vecLib.framework/Versions/A/libBLAS.dylib
0x00007fff336e9000 	/System/Library/Frameworks/Accelerate.framework/Versions/A/Frameworks/vecLib.framework/Versions/A/libLAPACK.dylib
0x00007fff33a85000 	/System/Library/Frameworks/Accelerate.framework/Versions/A/Frameworks/vecLib.framework/Versions/A/libLinearAlgebra.dylib
0x00007fff33b12000 	/System/Library/Frameworks/Accelerate.framework/Versions/A/Frameworks/vecLib.framework/Versions/A/libSparseBLAS.dylib
0x00007fff33a9b000 	/System/Library/Frameworks/Accelerate.framework/Versions/A/Frameworks/vecLib.framework/Versions/A/libQuadrature.dylib
0x00007fff33215000 	/System/Library/Frameworks/Accelerate.framework/Versions/A/Frameworks/vecLib.framework/Versions/A/libBNNS.dylib
0x00007fff33aa1000 	/System/Library/Frameworks/Accelerate.framework/Versions/A/Frameworks/vecLib.framework/Versions/A/libSparse.dylib
0x00007fff5c21b000 	/System/Library/PrivateFrameworks/LanguageModeling.framework/Versions/A/LanguageModeling
0x00007fff4ea5a000 	/System/Library/PrivateFrameworks/CoreEmoji.framework/Versions/A/CoreEmoji
0x00007fff5c339000 	/System/Library/PrivateFrameworks/LinguisticData.framework/Versions/A/LinguisticData
0x00007fff5c2ea000 	/System/Library/PrivateFrameworks/Lexicon.framework/Versions/A/Lexicon
0x00007fff6df46000 	/usr/lib/libcmph.dylib
0x00007fff40249000 	/System/Library/Frameworks/OpenDirectory.framework/Versions/A/Frameworks/CFOpenDirectory.framework/Versions/A/CFOpenDirectory
0x00007fff40266000 	/System/Library/Frameworks/OpenDirectory.framework/Versions/A/OpenDirectory
0x00007fff486a9000 	/System/Library/PrivateFrameworks/APFS.framework/Versions/A/APFS
0x00007fff43958000 	/System/Library/Frameworks/SecurityFoundation.framework/Versions/A/SecurityFoundation
0x00007fff7000c000 	/usr/lib/libutil.dylib
0x00007fff4ff8f000 	/System/Library/PrivateFrameworks/CoreServicesStore.framework/Versions/A/CoreServicesStore
0x00007fff43a0f000 	/System/Library/Frameworks/ServiceManagement.framework/Versions/A/ServiceManagement
0x00007fff4bc49000 	/System/Library/PrivateFrameworks/BackgroundTaskManagement.framework/Versions/A/BackgroundTaskManagement
0x00007fff70109000 	/usr/lib/libxslt.1.dylib
0x00007fff4aaec000 	/System/Library/PrivateFrameworks/AppleSystemInfo.framework/Versions/A/AppleSystemInfo
0x00007fff39dfe000 	/System/Library/Frameworks/ImageIO.framework/Versions/A/Resources/libJPEG.dylib
0x00007fff3a0bd000 	/System/Library/Frameworks/ImageIO.framework/Versions/A/Resources/libTIFF.dylib
0x00007fff3a0a0000 	/System/Library/Frameworks/ImageIO.framework/Versions/A/Resources/libPng.dylib
0x00007fff39d40000 	/System/Library/Frameworks/ImageIO.framework/Versions/A/Resources/libGIF.dylib
0x00007fff39d44000 	/System/Library/Frameworks/ImageIO.framework/Versions/A/Resources/libJP2.dylib
0x00007fff3a0bb000 	/System/Library/Frameworks/ImageIO.framework/Versions/A/Resources/libRadiance.dylib
0x00007fff6e988000 	/usr/lib/libexpat.1.dylib
0x00007fff4a5d4000 	/System/Library/PrivateFrameworks/AppleJPEG.framework/Versions/A/AppleJPEG
0x00007fff5328f000 	/System/Library/PrivateFrameworks/FontServices.framework/libFontParser.dylib
0x00007fff69b35000 	/System/Library/PrivateFrameworks/WatchdogClient.framework/Versions/A/WatchdogClient
0x00007fff5b876000 	/System/Library/PrivateFrameworks/IOAccelerator.framework/Versions/A/IOAccelerator
0x00007fff3c5ca000 	/System/Library/Frameworks/MetalPerformanceShaders.framework/Versions/A/MetalPerformanceShaders
0x00007fff5800c000 	/System/Library/PrivateFrameworks/GPUWrangler.framework/Versions/A/GPUWrangler
0x00007fff5b88b000 	/System/Library/PrivateFrameworks/IOPresentment.framework/Versions/A/IOPresentment
0x00007fff50b0f000 	/System/Library/PrivateFrameworks/DSExternalDisplay.framework/Versions/A/DSExternalDisplay
0x00007fff40bda000 	/System/Library/Frameworks/OpenGL.framework/Versions/A/Libraries/libCoreFSCache.dylib
0x00007fff3c316000 	/System/Library/Frameworks/MetalPerformanceShaders.framework/Frameworks/MPSCore.framework/Versions/A/MPSCore
0x00007fff3c354000 	/System/Library/Frameworks/MetalPerformanceShaders.framework/Frameworks/MPSImage.framework/Versions/A/MPSImage
0x00007fff3c41b000 	/System/Library/Frameworks/MetalPerformanceShaders.framework/Frameworks/MPSNeuralNetwork.framework/Versions/A/MPSNeuralNetwork
0x00007fff3c3df000 	/System/Library/Frameworks/MetalPerformanceShaders.framework/Frameworks/MPSMatrix.framework/Versions/A/MPSMatrix
0x00007fff3c57a000 	/System/Library/Frameworks/MetalPerformanceShaders.framework/Frameworks/MPSRayIntersector.framework/Versions/A/MPSRayIntersector
0x00007fff3c405000 	/System/Library/Frameworks/MetalPerformanceShaders.framework/Frameworks/MPSNDArray.framework/Versions/A/MPSNDArray
0x00007fff5d6f4000 	/System/Library/PrivateFrameworks/MetalTools.framework/Versions/A/MetalTools
0x00007fff49883000 	/System/Library/PrivateFrameworks/AggregateDictionary.framework/Versions/A/AggregateDictionary
0x00007fff4e4a2000 	/System/Library/PrivateFrameworks/CoreAnalytics.framework/Versions/A/CoreAnalytics
0x00007fff4aa0b000 	/System/Library/PrivateFrameworks/AppleSauce.framework/Versions/A/AppleSauce
0x00007fff6d946000 	/usr/lib/libIOReport.dylib
0x00007fff38cca000 	/System/Library/Frameworks/CoreVideo.framework/Versions/A/CoreVideo
0x00007fff59485000 	/System/Library/PrivateFrameworks/GraphVisualizer.framework/Versions/A/GraphVisualizer
0x00007fff527d5000 	/System/Library/PrivateFrameworks/FaceCore.framework/Versions/A/FaceCore
0x00007fff401f0000 	/System/Library/Frameworks/OpenCL.framework/Versions/A/OpenCL
0x00007fff6d768000 	/usr/lib/libFosl_dynamic.dylib
0x00007fff5ebca000 	/System/Library/PrivateFrameworks/OTSVG.framework/Versions/A/OTSVG
0x00007fff34e7f000 	/System/Library/Frameworks/ApplicationServices.framework/Versions/A/Frameworks/ATS.framework/Versions/A/Resources/libFontRegistry.dylib
0x00007fff53460000 	/System/Library/PrivateFrameworks/FontServices.framework/libhvf.dylib
0x00007fff40be5000 	/System/Library/Frameworks/OpenGL.framework/Versions/A/Libraries/libGFXShared.dylib
0x00007fff40dc3000 	/System/Library/Frameworks/OpenGL.framework/Versions/A/Libraries/libGLU.dylib
0x00007fff40bee000 	/System/Library/Frameworks/OpenGL.framework/Versions/A/Libraries/libGL.dylib
0x00007fff40bf9000 	/System/Library/Frameworks/OpenGL.framework/Versions/A/Libraries/libGLImage.dylib
0x00007fff40bd7000 	/System/Library/Frameworks/OpenGL.framework/Versions/A/Libraries/libCVMSPluginSupport.dylib
0x00007fff40be0000 	/System/Library/Frameworks/OpenGL.framework/Versions/A/Libraries/libCoreVMClient.dylib
0x00007fff6f3da000 	/usr/lib/libncurses.5.4.dylib
0x00007fff34d7b000 	/System/Library/Frameworks/ApplicationServices.framework/Versions/A/Frameworks/ATS.framework/Versions/A/ATS
0x00007fff34f48000 	/System/Library/Frameworks/ApplicationServices.framework/Versions/A/Frameworks/ColorSyncLegacy.framework/Versions/A/ColorSyncLegacy
0x00007fff34fe6000 	/System/Library/Frameworks/ApplicationServices.framework/Versions/A/Frameworks/HIServices.framework/Versions/A/HIServices
0x00007fff3503e000 	/System/Library/Frameworks/ApplicationServices.framework/Versions/A/Frameworks/LangAnalysis.framework/Versions/A/LangAnalysis
0x00007fff3504d000 	/System/Library/Frameworks/ApplicationServices.framework/Versions/A/Frameworks/PrintCore.framework/Versions/A/PrintCore
0x00007fff35093000 	/System/Library/Frameworks/ApplicationServices.framework/Versions/A/Frameworks/QD.framework/Versions/A/QD
0x00007fff3509e000 	/System/Library/Frameworks/ApplicationServices.framework/Versions/A/Frameworks/SpeechSynthesis.framework/Versions/A/SpeechSynthesis
0x00007fff34f18000 	/System/Library/Frameworks/ApplicationServices.framework/Versions/A/Frameworks/ATSUI.framework/Versions/A/ATSUI
0x00007fff6e81e000 	/usr/lib/libcups.2.dylib
0x00007fff3b665000 	/System/Library/Frameworks/Kerberos.framework/Versions/A/Kerberos
0x00007fff397a6000 	/System/Library/Frameworks/GSS.framework/Versions/A/GSS
0x00007fff6fb5d000 	/usr/lib/libresolv.9.dylib
0x00007fff59632000 	/System/Library/PrivateFrameworks/Heimdal.framework/Versions/A/Heimdal
0x00007fff3b678000 	/System/Library/Frameworks/Kerberos.framework/Versions/A/Libraries/libHeimdalProxy.dylib
0x00007fff6e9c5000 	/usr/lib/libheimdal-asn1.dylib
0x00007fff4d93a000 	/System/Library/PrivateFrameworks/CommonAuth.framework/Versions/A/CommonAuth
0x00007fff4ab89000 	/System/Library/PrivateFrameworks/AssertionServices.framework/Versions/A/AssertionServices
0x00007fff4b72c000 	/System/Library/PrivateFrameworks/AudioToolboxCore.framework/Versions/A/AudioToolboxCore
0x00007fff6a7e3000 	/System/Library/PrivateFrameworks/caulk.framework/Versions/A/caulk
0x00007fff4bcf5000 	/System/Library/PrivateFrameworks/BaseBoard.framework/Versions/A/BaseBoard
0x00007fff62e2d000 	/System/Library/PrivateFrameworks/RunningBoardServices.framework/Versions/A/RunningBoardServices
0x00007fff5fe3e000 	/System/Library/PrivateFrameworks/PersistentConnection.framework/Versions/A/PersistentConnection
0x00007fff62826000 	/System/Library/PrivateFrameworks/ProtocolBuffer.framework/Versions/A/ProtocolBuffer
0x00007fff4d95e000 	/System/Library/PrivateFrameworks/CommonUtilities.framework/Versions/A/CommonUtilities
0x00007fff4be83000 	/System/Library/PrivateFrameworks/Bom.framework/Versions/A/Bom
0x00007fff6d619000 	/usr/lib/libAudioToolboxUtility.dylib
0x00007fff4bc53000 	/System/Library/PrivateFrameworks/Backup.framework/Versions/A/Backup
0x00007fff50a30000 	/System/Library/PrivateFrameworks/CrashReporterSupport.framework/Versions/A/CrashReporterSupport
0x00007fff648bf000 	/System/Library/PrivateFrameworks/Sharing.framework/Versions/A/Sharing
0x00007fff4a197000 	/System/Library/PrivateFrameworks/Apple80211.framework/Versions/A/Apple80211
0x00007fff4b970000 	/System/Library/PrivateFrameworks/AuthKit.framework/Versions/A/AuthKit
0x00007fff5073d000 	/System/Library/PrivateFrameworks/CoreUtils.framework/Versions/A/CoreUtils
0x00007fff38d0f000 	/System/Library/Frameworks/CoreWLAN.framework/Versions/A/CoreWLAN
0x00007fff39933000 	/System/Library/Frameworks/IOBluetooth.framework/Versions/A/IOBluetooth
0x00007fff5d9f9000 	/System/Library/PrivateFrameworks/MobileKeyBag.framework/Versions/A/MobileKeyBag
0x00007fff4f542000 	/System/Library/PrivateFrameworks/CorePhoneNumbers.framework/Versions/A/CorePhoneNumbers
0x00007fff4a587000 	/System/Library/PrivateFrameworks/AppleIDAuthSupport.framework/Versions/A/AppleIDAuthSupport
0x00007fff3d667000 	/System/Library/Frameworks/Network.framework/Versions/A/Network
0x00007fff5c0c7000 	/System/Library/PrivateFrameworks/KeychainCircle.framework/Versions/A/KeychainCircle
0x00007fff36760000 	/System/Library/Frameworks/CoreBluetooth.framework/Versions/A/CoreBluetooth
0x00007fff6693e000 	/System/Library/PrivateFrameworks/SpeechRecognitionCore.framework/Versions/A/SpeechRecognitionCore
0x0000000103600000 	/private/var/folders/nk/77tzydc5271b4jt6909jb9m80000gn/T/AppTranslocation/83DACF81-3FAF-48C6-A9E9-D6E58756B2D7/d/Android Studio.app/Contents/jre/jdk/Contents/Home/jre/lib/server/libjvm.dylib
0x00007fff6fedf000 	/usr/lib/libstdc++.6.dylib
0x0000000102d2f000 	/private/var/folders/nk/77tzydc5271b4jt6909jb9m80000gn/T/AppTranslocation/83DACF81-3FAF-48C6-A9E9-D6E58756B2D7/d/Android Studio.app/Contents/jre/jdk/Contents/Home/jre/lib/libverify.dylib
0x0000000102d41000 	/private/var/folders/nk/77tzydc5271b4jt6909jb9m80000gn/T/AppTranslocation/83DACF81-3FAF-48C6-A9E9-D6E58756B2D7/d/Android Studio.app/Contents/jre/jdk/Contents/Home/jre/lib/libjava.dylib
0x0000000102dd5000 	/private/var/folders/nk/77tzydc5271b4jt6909jb9m80000gn/T/AppTranslocation/83DACF81-3FAF-48C6-A9E9-D6E58756B2D7/d/Android Studio.app/Contents/jre/jdk/Contents/Home/jre/lib/libzip.dylib
0x0000000105d37000 	/private/var/folders/nk/77tzydc5271b4jt6909jb9m80000gn/T/AppTranslocation/83DACF81-3FAF-48C6-A9E9-D6E58756B2D7/d/Android Studio.app/Contents/jre/jdk/Contents/Home/jre/lib/libnio.dylib
0x0000000105d52000 	/private/var/folders/nk/77tzydc5271b4jt6909jb9m80000gn/T/AppTranslocation/83DACF81-3FAF-48C6-A9E9-D6E58756B2D7/d/Android Studio.app/Contents/jre/jdk/Contents/Home/jre/lib/libnet.dylib
0x00000001062af000 	/Users/soso/.gradle/native/f6784746aeab05261644944871eae4fe03e0ef1612fff0a4a95f87b438bc6780/osx-amd64/libnative-platform.dylib
0x000000011b242000 	/private/var/folders/nk/77tzydc5271b4jt6909jb9m80000gn/T/AppTranslocation/83DACF81-3FAF-48C6-A9E9-D6E58756B2D7/d/Android Studio.app/Contents/jre/jdk/Contents/Home/jre/lib/libmanagement.dylib
0x0000000121481000 	/private/var/folders/nk/77tzydc5271b4jt6909jb9m80000gn/T/AppTranslocation/83DACF81-3FAF-48C6-A9E9-D6E58756B2D7/d/Android Studio.app/Contents/jre/jdk/Contents/Home/jre/lib/libsunec.dylib
0x00007fff6ffb1000 	/usr/lib/libusrtcp.dylib
0x0000000121cbb000 	/private/var/folders/nk/77tzydc5271b4jt6909jb9m80000gn/T/AppTranslocation/83DACF81-3FAF-48C6-A9E9-D6E58756B2D7/d/Android Studio.app/Contents/jre/jdk/Contents/Home/jre/lib/libawt.dylib
0x0000000121d7c000 	/private/var/folders/nk/77tzydc5271b4jt6909jb9m80000gn/T/AppTranslocation/83DACF81-3FAF-48C6-A9E9-D6E58756B2D7/d/Android Studio.app/Contents/jre/jdk/Contents/Home/jre/lib/libmlib_image.dylib
0x00007fff3b64f000 	/System/Library/Frameworks/JavaVM.framework/Versions/A/Frameworks/JavaNativeFoundation.framework/Versions/A/JavaNativeFoundation
0x00007fff3b658000 	/System/Library/Frameworks/JavaVM.framework/Versions/A/Frameworks/JavaRuntimeSupport.framework/Versions/A/JavaRuntimeSupport
0x00007fff3b660000 	/System/Library/Frameworks/JavaVM.framework/Versions/A/JavaVM
0x00007fff5bede000 	/System/Library/PrivateFrameworks/JavaLaunching.framework/Versions/A/JavaLaunching
0x00007fff35931000 	/System/Library/Frameworks/Carbon.framework/Versions/A/Carbon
0x00007fff504e2000 	/System/Library/PrivateFrameworks/CoreSymbolication.framework/Versions/A/CoreSymbolication
0x00007fff35932000 	/System/Library/Frameworks/Carbon.framework/Versions/A/Frameworks/CommonPanels.framework/Versions/A/CommonPanels
0x00007fff35c2b000 	/System/Library/Frameworks/Carbon.framework/Versions/A/Frameworks/Help.framework/Versions/A/Help
0x00007fff35c2f000 	/System/Library/Frameworks/Carbon.framework/Versions/A/Frameworks/ImageCapture.framework/Versions/A/ImageCapture
0x00007fff35c36000 	/System/Library/Frameworks/Carbon.framework/Versions/A/Frameworks/OpenScripting.framework/Versions/A/OpenScripting
0x00007fff35c35000 	/System/Library/Frameworks/Carbon.framework/Versions/A/Frameworks/Ink.framework/Versions/A/Ink
0x00007fff35c71000 	/System/Library/Frameworks/Carbon.framework/Versions/A/Frameworks/Print.framework/Versions/A/Print
0x00007fff35c72000 	/System/Library/Frameworks/Carbon.framework/Versions/A/Frameworks/SecurityHI.framework/Versions/A/SecurityHI
0x00007fff50c64000 	/System/Library/PrivateFrameworks/DebugSymbols.framework/Versions/A/DebugSymbols
0x0000000121e42000 	/private/var/folders/nk/77tzydc5271b4jt6909jb9m80000gn/T/AppTranslocation/83DACF81-3FAF-48C6-A9E9-D6E58756B2D7/d/Android Studio.app/Contents/jre/jdk/Contents/Home/jre/lib/libawt_lwawt.dylib
0x0000000121f31000 	/private/var/folders/nk/77tzydc5271b4jt6909jb9m80000gn/T/AppTranslocation/83DACF81-3FAF-48C6-A9E9-D6E58756B2D7/d/Android Studio.app/Contents/jre/jdk/Contents/Home/jre/lib/libosxapp.dylib
0x00007fff3920f000 	/System/Library/Frameworks/ExceptionHandling.framework/Versions/A/ExceptionHandling
0x0000000122559000 	/private/var/folders/nk/77tzydc5271b4jt6909jb9m80000gn/T/native-platform2742884711276798309dir/libnative-platform.dylib

VM Arguments:
jvm_args: -Xmx2048m -Dfile.encoding=UTF-8 -Duser.country=FR -Duser.language=fr -Duser.variant 
java_command: org.gradle.launcher.daemon.bootstrap.GradleDaemon 6.5
java_class_path (initial): /Users/soso/.gradle/wrapper/dists/gradle-6.5-all/2oz4ud9k3tuxjg84bbf55q0tn/gradle-6.5/lib/gradle-launcher-6.5.jar
Launcher Type: SUN_STANDARD

Environment Variables:
PATH=/usr/local/bin:/usr/bin:/bin:/usr/sbin:/sbin
SHELL=/bin/zsh

Signal Handlers:
SIGSEGV: [libjvm.dylib+0x565c43], sa_mask[0]=11111111011111110111111111111111, sa_flags=SA_ONSTACK|SA_RESTART|SA_SIGINFO
SIGBUS: [libjvm.dylib+0x565c43], sa_mask[0]=11111111011111110111111111111111, sa_flags=SA_RESTART|SA_SIGINFO
SIGFPE: [libjvm.dylib+0x45dd9d], sa_mask[0]=11111111011111110111111111111111, sa_flags=SA_RESTART|SA_SIGINFO
SIGPIPE: [libjvm.dylib+0x45dd9d], sa_mask[0]=11111111011111110111111111111111, sa_flags=SA_RESTART|SA_SIGINFO
SIGXFSZ: [libjvm.dylib+0x45dd9d], sa_mask[0]=11111111011111110111111111111111, sa_flags=SA_RESTART|SA_SIGINFO
SIGILL: [libjvm.dylib+0x45dd9d], sa_mask[0]=11111111011111110111111111111111, sa_flags=SA_RESTART|SA_SIGINFO
SIGUSR1: SIG_DFL, sa_mask[0]=00000000000000000000000000000000, sa_flags=none
SIGUSR2: [libjvm.dylib+0x45e69c], sa_mask[0]=00100000000000000000000000000000, sa_flags=SA_RESTART|SA_SIGINFO
SIGHUP: [libjvm.dylib+0x45c8c1], sa_mask[0]=11111111011111110111111111111111, sa_flags=SA_RESTART|SA_SIGINFO
SIGINT: [libjvm.dylib+0x45c8c1], sa_mask[0]=11111111011111110111111111111111, sa_flags=SA_RESTART|SA_SIGINFO
SIGTERM: [libjvm.dylib+0x45c8c1], sa_mask[0]=11111111011111110111111111111111, sa_flags=SA_RESTART|SA_SIGINFO
SIGQUIT: [libjvm.dylib+0x45c8c1], sa_mask[0]=11111111011111110111111111111111, sa_flags=SA_RESTART|SA_SIGINFO


---------------  S Y S T E M  ---------------

OS:Bsduname:Darwin 19.6.0 Darwin Kernel Version 19.6.0: Mon Aug 31 22:12:52 PDT 2020; root:xnu-6153.141.2~1/RELEASE_X86_64 x86_64
rlimit: STACK 8192k, CORE 0k, NPROC 1392, NOFILE 10240, AS infinity
load average:15.10 10.40 7.85

CPU:total 4 (initial active 4) (2 cores per cpu, 2 threads per core) family 6 model 61 stepping 4, cmov, cx8, fxsr, mmx, sse, sse2, sse3, ssse3, sse4.1, sse4.2, popcnt, avx, avx2, aes, clmul, erms, 3dnowpref, lzcnt, ht, tsc, tscinvbit, bmi1, bmi2, adx

Memory: 4k page, physical 8388608k(54196k free)

/proc/meminfo:


vm_info: OpenJDK 64-Bit Server VM (25.242-b3-6222593) for bsd-amd64 JRE (1.8.0_242-release-1644-b3-6222593), built by "android-build" with gcc 4.2.1 Compatible Android (5484270 based on r353983c) Clang 9.0.3 (https://android.googlesource.com/toolchain/clang 745b335211bb9eadfa6aa6301f84715cee4b37c5) (https://android.googlesource.com/toolchain/llvm 60cf23e54e46c807513f7a36d0a7b777920b5881)

time: Tue Oct 13 00:48:23 2020
timezone: CEST
elapsed time: 1505 seconds (0d 0h 25m 5s)

