#
# A fatal error has been detected by the Java Runtime Environment:
#
#  SIGBUS (0xa) at pc=0x00007fff6c6b5929, pid=49675, tid=0x0000000000002003
#
# JRE version: OpenJDK Runtime Environment (8.0_242) (build 1.8.0_242-release-1644-b3-6222593)
# Java VM: OpenJDK 64-Bit Server VM (25.242-b3-6222593 mixed mode bsd-amd64 compressed oops)
# Problematic frame:
# C  [libsystem_platform.dylib+0x929]  _platform_memmove$VARIANT$Haswell+0x29
#
# Failed to write core dump. Core dumps have been disabled. To enable core dumping, try "ulimit -c unlimited" before starting Java again
#
# If you would like to submit a bug report, please visit:
#   http://bugreport.java.com/bugreport/crash.jsp
#

---------------  T H R E A D  ---------------

Current thread (0x00007fe006009000):  GCTaskThread [stack: 0x000070000083e000,0x000070000093e000] [id=8195]

siginfo: si_signo: 10 (SIGBUS), si_code: 2 (BUS_ADRERR), si_addr: 0x00000007c1070000

Registers:
RAX=0x000000075b212148, RBX=0x000000075b212148, RCX=0x00000000043b21e8, RDX=0x000000000894cc10
RSP=0x000070000093dd80, RBP=0x000070000093dd80, RSI=0x00000007c1070000, RDI=0x000000075f7acb70
R8 =0x00000001034268a0, R9 =0x0000000001129982, R10=0x00007fe00560b2e8, R11=0xffffffff9e73cb70
R12=0x000000005b212101, R13=0x000000000000001d, R14=0x00007fe006837fc0, R15=0x00000007bcad55d8
RIP=0x00007fff6c6b5929, EFLAGS=0x0000000000010202, ERR=0x0000000000000004
  TRAPNO=0x000000000000000e

Top of Stack: (sp=0x000070000093dd80)
0x000070000093dd80:   000070000093de00 000000010309ca27
0x000070000093dd90:   00000007b8428138 00007fe006837fc0
0x000070000093dda0:   000070000093ddd0 000000010309a1a1
0x000070000093ddb0:   000070000093ddf0 000000010309d738
0x000070000093ddc0:   0000000000000000 0000000000000000
0x000070000093ddd0:   0000000001129982 00000007b8480e91
0x000070000093dde0:   000070000093de44 000070000093de50
0x000070000093ddf0:   00000007b8480e90 00000001034112c8
0x000070000093de00:   000070000093de30 0000000103099f8a
0x000070000093de10:   0000000000000001 00007fe006837fc0
0x000070000093de20:   0000000000000001 00000001034275b0
0x000070000093de30:   000070000093de80 000000010309d4a9
0x000070000093de40:   67dc68f703422249 00007fe00e60e1b0
0x000070000093de50:   00000007b8480e91 00007fe006009000
0x000070000093de60:   00007fe00e60e1b0 00000001031cf8b2
0x000070000093de70:   0000000000000000 0000000000000001
0x000070000093de80:   000070000093df60 0000000102e5a011
0x000070000093de90:   0000000103422100 00007fe006009000
0x000070000093dea0:   00007fe005505110 00007fe005505150
0x000070000093deb0:   00007fe005505160 00007fe005505238
0x000070000093dec0:   00000000000000d8 00007fe0055058c0
0x000070000093ded0:   00007fe006009000 00007fe005505110
0x000070000093dee0:   00007fe005505150 00007fe005505160
0x000070000093def0:   00007fe005505238 00000000000000d8
0x000070000093df00:   000070000093de98 00007fe0055050e0
0x000070000093df10:   00007fe0055054d0 00007fe0055054e0
0x000070000093df20:   00007fe0055058b8 00000000000003d8
0x000070000093df30:   0000000000000000 00007fe005506180
0x000070000093df40:   00007fe0055061f0 0000000000000000
0x000070000093df50:   00007fe006009000 0000000000000001
0x000070000093df60:   000070000093dfb0 000000010305b9eb
0x000070000093df70:   0000000000182c5d 000070000093e0e0 

Instructions: (pc=0x00007fff6c6b5929)
0x00007fff6c6b5909:   f3 48 89 f8 49 39 d3 72 1b 48 83 fa 60 76 2f 48
0x00007fff6c6b5919:   81 fa 00 40 00 00 0f 82 cb 00 00 00 48 89 d1 fc
0x00007fff6c6b5929:   f3 a4 5d c3 48 39 fe 74 f9 48 01 d6 48 01 d7 48
0x00007fff6c6b5939:   83 fa 60 0f 82 8c 01 00 00 e9 a9 01 00 00 48 83 

Register to memory mapping:

RAX=0x000000075b212148 is an oop
