#
# A fatal error has been detected by the Java Runtime Environment:
#
#  SIGSEGV (0xb) at pc=0x000000010b7caf0c, pid=13256, tid=0x0000000000005603
#
# JRE version: OpenJDK Runtime Environment (8.0_242) (build 1.8.0_242-release-1644-b3-6222593)
# Java VM: OpenJDK 64-Bit Server VM (25.242-b3-6222593 mixed mode bsd-amd64 compressed oops)
# Problematic frame:
# J 8945 C2 org.gradle.internal.snapshot.SearchUtil.binarySearch(Ljava/util/List;Ljava/lang/Comparable;)I (160 bytes) @ 0x000000010b7caf0c [0x000000010b7cad80+0x18c]
#
# Failed to write core dump. Core dumps have been disabled. To enable core dumping, try "ulimit -c unlimited" before starting Java again
#
# If you would like to submit a bug report, please visit:
#   http://bugreport.java.com/bugreport/crash.jsp
#

---------------  T H R E A D  ---------------

Current thread (0x00007ff1a0a3e000):  JavaThread "Daemon worker" [_thread_in_Java, id=22019, stack(0x000070000d1e7000,0x000070000d2e7000)]

siginfo: si_signo: 11 (SIGSEGV), si_code: 1 (SEGV_MAPERR), si_addr: 0x00000001bd48dfe8

Registers:
RAX=0x000000000000002c, RBX=0x000000079cc8c8e0, RCX=0x0000000037a91bfa, RDX=0x00000000f3991919
RSP=0x000070000d2e0880, RBP=0x00000000e80b5b36, RSI=0x00000001bd48dfd0, RDI=0x00000000f36e0968
R8 =0x000000079ce22dd0, R9 =0x00000000ffffffff, R10=0x00000000000000fb, R11=0x0000000000000104
R12=0x0000000000000000, R13=0x000000079ce22dd0, R14=0x0000000000000001, R15=0x00007ff1a0a3e000
RIP=0x000000010b7caf0c, EFLAGS=0x0000000000010293, ERR=0x0000000000000004
  TRAPNO=0x000000000000000e

Top of Stack: (sp=0x000070000d2e0880)
0x000070000d2e0880:   ffffffff000000fa 000000079ce22dd0
0x000070000d2e0890:   000000079ce22dd0 000000079cc8c8e0
0x000070000d2e08a0:   f3991919000000e8 000070000000010d
0x000070000d2e08b0:   000000079cc8c8e0 0000000119f2bf78
0x000070000d2e08c0:   0000000119f2bf78 00007ff1a0a3e000
0x000070000d2e08d0:   000000079ce22dd0 000000010c345f58
0x000070000d2e08e0:   00000007c02e8f18 00000007405ad9b0
0x000070000d2e08f0:   00000007401599e8 000000079cc8c8c8
0x000070000d2e0900:   f805de85f8002e46 00000003e80b5b36
0x000070000d2e0910:   00000007c0542c28 000000169cc8c570
0x000070000d2e0920:   ffffffffffffffff 0000000100000074
0x000070000d2e0930:   0000000000000000 000000079a1367a8
0x000070000d2e0940:   00000000e80b74b0 00007ff1a0a3e000
0x000070000d2e0950:   000070000d2e0b30 000000010ab35a47
0x000070000d2e0960:   00000007405f0a00 000000010c3475b8
0x000070000d2e0970:   f805de8500000002 00000007405ad9b0
0x000070000d2e0980:   000000079cc8c8b0 000000079cc8c898
0x000070000d2e0990:   000000079ce2f098 0000000300000000
0x000070000d2e09a0:   000000079ce2f080 00000007401599e8
0x000070000d2e09b0:   00000000f3035a85 00000007981ad2e8
0x000070000d2e09c0:   0000000000000000 00000000f3035b0e
0x000070000d2e09d0:   0000000000000000 0000000799dbbfb0
0x000070000d2e09e0:   0000000000000000 000000010bf6e350
0x000070000d2e09f0:   000070000d2e1210 000000010b0e2a44
0x000070000d2e0a00:   000070000d2e0c90 0000000119f2aa20
0x000070000d2e0a10:   0000000119f2aa20 00007ff1a0a3e000
0x000070000d2e0a20:   000000010ab35910 0000700000000000
0x000070000d2e0a30:   000070000d2e0c80 000070000d2e0ab0
0x000070000d2e0a40:   00007ff1a0a3e000 000000010bf6e350
0x000070000d2e0a50:   00007ff1a0a3e1c0 00000002022b7c35
0x000070000d2e0a60:   0000000119f2aa20 00007ff1a0a3e000
0x000070000d2e0a70:   00000007c0217420 000000079cc8c5c8 

Instructions: (pc=0x000000010b7caf0c)
0x000000010b7caeec:   00 00 42 8b 7c 9d 10 8b 53 0c 8b 6b 10 41 8b 4c
0x000000010b7caefc:   fc 08 48 be 00 00 00 00 00 00 00 00 48 8d 34 ce
0x000000010b7caf0c:   48 8b 4e 18 4d 8d 34 fc 48 bf 48 72 21 c0 07 00
0x000000010b7caf1c:   00 00 48 3b cf 75 78 89 54 24 24 44 89 54 24 20 

Register to memory mapping:

RAX=0x000000000000002c is an unknown value
RBX=0x000000079cc8c8e0 is an oop
org.gradle.internal.snapshot.SnapshotUtil$$Lambda$259/994671228 
 - klass: 'org/gradle/internal/snapshot/SnapshotUtil$$Lambda$259'
RCX=0x0000000037a91bfa is an unknown value
RDX=0x00000000f3991919 is an unknown value
RSP=0x000070000d2e0880 is pointing into the stack for thread: 0x00007ff1a0a3e000
RBP=0x00000000e80b5b36 is an unknown value
RSI=0x00000001bd48dfd0 is an unknown value
RDI=0x00000000f36e0968 is an unknown value
R8 =0x000000079ce22dd0 is an oop
java.util.ArrayList 
 - klass: 'java/util/ArrayList'
R9 =0x00000000ffffffff is an unknown value
R10=0x00000000000000fb is an unknown value
R11=0x0000000000000104 is an unknown value
R12=0x0000000000000000 is an unknown value
R13=0x000000079ce22dd0 is an oop
java.util.ArrayList 
 - klass: 'java/util/ArrayList'
R14=0x0000000000000001 is an unknown value
R15=0x00007ff1a0a3e000 is a thread


Stack: [0x000070000d1e7000,0x000070000d2e7000],  sp=0x000070000d2e0880,  free space=998k
Native frames: (J=compiled Java code, j=interpreted, Vv=VM code, C=native code)
J 8945 C2 org.gradle.internal.snapshot.SearchUtil.binarySearch(Ljava/util/List;Ljava/lang/Comparable;)I (160 bytes) @ 0x000000010b7caf0c [0x000000010b7cad80+0x18c]
J 10037 C2 org.gradle.internal.snapshot.SnapshotUtil.getSnapshotFromChild(Lorg/gradle/internal/snapshot/FileSystemNode;Lorg/gradle/internal/snapshot/VfsRelativePath;Lorg/gradle/internal/snapshot/CaseSensitivity;)Ljava/util/Optional; (41 bytes) @ 0x000000010c345f58 [0x000000010c345d20+0x238]
J 10037 C2 org.gradle.internal.snapshot.SnapshotUtil.getSnapshotFromChild(Lorg/gradle/internal/snapshot/FileSystemNode;Lorg/gradle/internal/snapshot/VfsRelativePath;Lorg/gradle/internal/snapshot/CaseSensitivity;)Ljava/util/Optional; (41 bytes) @ 0x000000010c3475b8 [0x000000010c345d20+0x1898]
J 7670 C1 org.gradle.internal.vfs.impl.DefaultSnapshotHierarchy.getMetadata(Ljava/lang/String;)Ljava/util/Optional; (44 bytes) @ 0x000000010b0e2a44 [0x000000010b0e28c0+0x184]
J 3662 C1 org.gradle.internal.snapshot.SnapshotHierarchy.getSnapshot(Ljava/lang/String;)Ljava/util/Optional; (38 bytes) @ 0x000000010b621bc4 [0x000000010b621ac0+0x104]
J 7850 C1 org.gradle.internal.vfs.impl.DefaultVirtualFileSystem.read(Ljava/lang/String;Ljava/util/function/Function;)Ljava/lang/Object; (12 bytes) @ 0x000000010bf4391c [0x000000010bf43880+0x9c]
J 7672 C1 org.gradle.internal.watch.vfs.impl.WatchingVirtualFileSystem.read(Ljava/lang/String;Ljava/util/function/Function;)Ljava/lang/Object; (7 bytes) @ 0x000000010b0e2534 [0x000000010b0e24c0+0x74]
J 8143 C1 org.gradle.internal.vfs.RoutingVirtualFileSystem.read(Ljava/lang/String;Ljava/util/function/Function;)Ljava/lang/Object; (13 bytes) @ 0x000000010bfa6d14 [0x000000010bfa6c80+0x94]
J 8337 C1 org.gradle.internal.fingerprint.impl.DefaultFileCollectionSnapshotter$SnapshottingVisitor.visitCollection(Lorg/gradle/api/internal/file/FileCollectionInternal$Source;Ljava/lang/Iterable;)V (63 bytes) @ 0x000000010bfb93c4 [0x000000010bfb9140+0x284]
J 9262 C1 org.gradle.api.internal.artifacts.ivyservice.ResolvedFileCollectionVisitor.endVisitCollection(Lorg/gradle/api/internal/file/FileCollectionInternal$Source;)V (24 bytes) @ 0x000000010b45ba44 [0x000000010b45b9c0+0x84]
J 9261 C1 org.gradle.api.internal.artifacts.transform.TransformingArtifactVisitor.lambda$visitArtifact$0(Lorg/gradle/api/internal/artifacts/ivyservice/resolveengine/artifact/ResolvableArtifact;Lorg/gradle/internal/DisplayName;Lorg/gradle/api/internal/artifacts/transform/TransformationSubject;)V (73 bytes) @ 0x000000010b3fb07c [0x000000010b3faea0+0x1dc]
J 9260 C1 org.gradle.api.internal.artifacts.transform.TransformingArtifactVisitor$$Lambda$707.accept(Ljava/lang/Object;)V (20 bytes) @ 0x000000010b45be74 [0x000000010b45bdc0+0xb4]
J 9180 C1 org.gradle.internal.Try$Success.ifSuccessfulOrElse(Ljava/util/function/Consumer;Ljava/util/function/Consumer;)V (11 bytes) @ 0x000000010bb6eff4 [0x000000010bb6ef80+0x74]
J 9390 C1 org.gradle.api.internal.artifacts.transform.TransformingArtifactVisitor.visitArtifact(Lorg/gradle/internal/DisplayName;Lorg/gradle/api/attributes/AttributeContainer;Lorg/gradle/api/internal/artifacts/ivyservice/resolveengine/artifact/ResolvableArtifact;)V (46 bytes) @ 0x000000010abbd304 [0x000000010abbd0c0+0x244]
J 9177 C1 org.gradle.api.internal.artifacts.ivyservice.resolveengine.artifact.ArtifactBackedResolvedVariant$SingleArtifactSet.visit(Lorg/gradle/api/internal/artifacts/ivyservice/resolveengine/artifact/ArtifactVisitor;)V (48 bytes) @ 0x000000010ab593ec [0x000000010ab59320+0xcc]
J 9181 C1 org.gradle.api.internal.artifacts.transform.TransformCompletion.visit(Lorg/gradle/api/internal/artifacts/ivyservice/resolveengine/artifact/ArtifactVisitor;)V (26 bytes) @ 0x000000010b377a1c [0x000000010b377900+0x11c]
j  org.gradle.api.internal.artifacts.ivyservice.resolveengine.artifact.CompositeResolvedArtifactSet$CompositeResult.visit(Lorg/gradle/api/internal/artifacts/ivyservice/resolveengine/artifact/ArtifactVisitor;)V+31
j  org.gradle.api.internal.artifacts.ivyservice.resolveengine.artifact.ParallelResolveArtifactSet$VisitingSet.visit(Lorg/gradle/api/internal/artifacts/ivyservice/resolveengine/artifact/ArtifactVisitor;)V+25
j  org.gradle.api.internal.artifacts.ivyservice.DefaultLenientConfiguration.visitArtifacts(Lorg/gradle/api/specs/Spec;Lorg/gradle/api/internal/artifacts/ivyservice/resolveengine/artifact/SelectedArtifactResults;Lorg/gradle/api/internal/artifacts/ivyservice/resolveengine/artifact/VisitedFileDependencyResults;Lorg/gradle/api/internal/artifacts/ivyservice/resolveengine/artifact/ArtifactVisitor;)V+22
j  org.gradle.api.internal.artifacts.ivyservice.DefaultLenientConfiguration.access$500(Lorg/gradle/api/internal/artifacts/ivyservice/DefaultLenientConfiguration;Lorg/gradle/api/specs/Spec;Lorg/gradle/api/internal/artifacts/ivyservice/resolveengine/artifact/SelectedArtifactResults;Lorg/gradle/api/internal/artifacts/ivyservice/resolveengine/artifact/VisitedFileDependencyResults;Lorg/gradle/api/internal/artifacts/ivyservice/resolveengine/artifact/ArtifactVisitor;)V+6
j  org.gradle.api.internal.artifacts.ivyservice.DefaultLenientConfiguration$2.run(Lorg/gradle/internal/operations/BuildOperationContext;)V+20
J 4780 C1 org.gradle.internal.operations.DefaultBuildOperationExecutor$RunnableBuildOperationWorker.execute(Lorg/gradle/internal/operations/BuildOperation;Lorg/gradle/internal/operations/BuildOperationContext;)V (10 bytes) @ 0x000000010b83337c [0x000000010b833120+0x25c]
J 5154 C1 org.gradle.internal.operations.DefaultBuildOperationExecutor$1.execute(Lorg/gradle/internal/operations/BuildOperationDescriptor;Lorg/gradle/internal/operations/DefaultBuildOperationExecutor$DefaultBuildOperationContext;Lorg/gradle/internal/operations/DefaultBuildOperationExecutor$BuildOperationExecutionListener;)Lorg/gradle/internal/operations/BuildOperation; (82 bytes) @ 0x000000010b98a03c [0x000000010b989ec0+0x17c]
J 4883 C1 org.gradle.internal.operations.DefaultBuildOperationExecutor.execute(Lorg/gradle/internal/operations/BuildOperationDescriptor$Builder;Lorg/gradle/internal/operations/DefaultBuildOperationExecutor$BuildOperationState;Lorg/gradle/internal/operations/DefaultBuildOperationExecutor$BuildOperationExecution;)Lorg/gradle/internal/operations/BuildOperation; (111 bytes) @ 0x000000010b8873cc [0x000000010b886440+0xf8c]
J 5061 C1 org.gradle.internal.operations.DefaultBuildOperationExecutor.run(Lorg/gradle/internal/operations/RunnableBuildOperation;)V (28 bytes) @ 0x000000010b94454c [0x000000010b943f40+0x60c]
j  org.gradle.internal.operations.DelegatingBuildOperationExecutor.run(Lorg/gradle/internal/operations/RunnableBuildOperation;)V+5
j  org.gradle.api.internal.artifacts.ivyservice.DefaultLenientConfiguration.visitArtifactsWithBuildOperation(Lorg/gradle/api/specs/Spec;Lorg/gradle/api/internal/artifacts/ivyservice/resolveengine/artifact/SelectedArtifactResults;Lorg/gradle/api/internal/artifacts/ivyservice/resolveengine/artifact/VisitedFileDependencyResults;Lorg/gradle/api/internal/artifacts/ivyservice/resolveengine/artifact/ArtifactVisitor;)V+17
j  org.gradle.api.internal.artifacts.ivyservice.DefaultLenientConfiguration.access$200(Lorg/gradle/api/internal/artifacts/ivyservice/DefaultLenientConfiguration;Lorg/gradle/api/specs/Spec;Lorg/gradle/api/internal/artifacts/ivyservice/resolveengine/artifact/SelectedArtifactResults;Lorg/gradle/api/internal/artifacts/ivyservice/resolveengine/artifact/VisitedFileDependencyResults;Lorg/gradle/api/internal/artifacts/ivyservice/resolveengine/artifact/ArtifactVisitor;)V+6
j  org.gradle.api.internal.artifacts.ivyservice.DefaultLenientConfiguration$1.visitArtifacts(Lorg/gradle/api/internal/artifacts/ivyservice/resolveengine/artifact/ArtifactVisitor;Z)V+89
j  org.gradle.api.internal.artifacts.configurations.DefaultConfiguration$ConfigurationFileCollection.visitContents(Lorg/gradle/api/internal/artifacts/ivyservice/ResolvedFilesCollectingVisitor;)V+9
j  org.gradle.api.internal.artifacts.configurations.DefaultConfiguration$ConfigurationFileCollection.visitContents(Lorg/gradle/api/internal/file/FileCollectionStructureVisitor;)V+9
J 8335 C1 org.gradle.api.internal.file.AbstractFileCollection.visitStructure(Lorg/gradle/api/internal/file/FileCollectionStructureVisitor;)V (19 bytes) @ 0x000000010bfc1a6c [0x000000010bfc19c0+0xac]
j  org.gradle.api.internal.file.CompositeFileCollection.visitContents(Lorg/gradle/api/internal/file/FileCollectionStructureVisitor;)V+31
J 8335 C1 org.gradle.api.internal.file.AbstractFileCollection.visitStructure(Lorg/gradle/api/internal/file/FileCollectionStructureVisitor;)V (19 bytes) @ 0x000000010bfc1a6c [0x000000010bfc19c0+0xac]
J 8328 C1 org.gradle.internal.fingerprint.impl.DefaultFileCollectionSnapshotter.snapshot(Lorg/gradle/api/file/FileCollection;)Ljava/util/List; (25 bytes) @ 0x000000010bfba19c [0x000000010bfba000+0x19c]
j  org.gradle.internal.fingerprint.impl.AbstractFileCollectionFingerprinter.fingerprint(Lorg/gradle/api/file/FileCollection;)Lorg/gradle/internal/fingerprint/CurrentFileCollectionFingerprint;+5
j  org.gradle.api.internal.tasks.execution.ExecuteActionsTaskExecuter$TaskExecution.lambda$visitInputFileProperties$1(Lorg/gradle/api/internal/tasks/properties/InputFilePropertySpec;)Lorg/gradle/internal/fingerprint/CurrentFileCollectionFingerprint;+23
j  org.gradle.api.internal.tasks.execution.ExecuteActionsTaskExecuter$TaskExecution$$Lambda$696.get()Ljava/lang/Object;+8
J 8343 C1 org.gradle.internal.execution.steps.CaptureStateBeforeExecutionStep.lambda$fingerprintInputFiles$3(Lorg/gradle/internal/execution/UnitOfWork;Lcom/google/common/collect/ImmutableSortedMap$Builder;Ljava/lang/String;Ljava/lang/Object;ZLjava/util/function/Supplier;)V (49 bytes) @ 0x000000010bfbf77c [0x000000010bfbf440+0x33c]
J 8338 C1 org.gradle.internal.execution.steps.CaptureStateBeforeExecutionStep$$Lambda$628.visitInputFileProperty(Ljava/lang/String;Ljava/lang/Object;ZLjava/util/function/Supplier;)V (17 bytes) @ 0x000000010bfbea0c [0x000000010bfbe980+0x8c]
j  org.gradle.api.internal.tasks.execution.ExecuteActionsTaskExecuter$TaskExecution.visitInputFileProperties(Lorg/gradle/internal/execution/UnitOfWork$InputFilePropertyVisitor;)V+100
J 9015 C1 org.gradle.internal.execution.steps.CaptureStateBeforeExecutionStep.captureExecutionState(Lorg/gradle/internal/execution/AfterPreviousExecutionContext;)Lorg/gradle/internal/execution/history/BeforeExecutionState; (275 bytes) @ 0x000000010b691714 [0x000000010b690940+0xdd4]
J 9128 C1 org.gradle.internal.execution.steps.CaptureStateBeforeExecutionStep$$Lambda$619.apply(Ljava/lang/Object;)Ljava/lang/Object; (16 bytes) @ 0x000000010ad1c1c4 [0x000000010ad1c100+0xc4]
J 9127 C1 org.gradle.internal.execution.steps.BuildOperationStep$1.call(Lorg/gradle/internal/operations/BuildOperationContext;)Ljava/lang/Object; (11 bytes) @ 0x000000010b4e0074 [0x000000010b4e0000+0x74]
J 7835 C1 org.gradle.internal.operations.DefaultBuildOperationExecutor$CallableBuildOperationWorker.execute(Lorg/gradle/internal/operations/BuildOperation;Lorg/gradle/internal/operations/BuildOperationContext;)V (10 bytes) @ 0x000000010bf3fafc [0x000000010bf3fa40+0xbc]
J 5154 C1 org.gradle.internal.operations.DefaultBuildOperationExecutor$1.execute(Lorg/gradle/internal/operations/BuildOperationDescriptor;Lorg/gradle/internal/operations/DefaultBuildOperationExecutor$DefaultBuildOperationContext;Lorg/gradle/internal/operations/DefaultBuildOperationExecutor$BuildOperationExecutionListener;)Lorg/gradle/internal/operations/BuildOperation; (82 bytes) @ 0x000000010b98a03c [0x000000010b989ec0+0x17c]
J 4883 C1 org.gradle.internal.operations.DefaultBuildOperationExecutor.execute(Lorg/gradle/internal/operations/BuildOperationDescriptor$Builder;Lorg/gradle/internal/operations/DefaultBuildOperationExecutor$BuildOperationState;Lorg/gradle/internal/operations/DefaultBuildOperationExecutor$BuildOperationExecution;)Lorg/gradle/internal/operations/BuildOperation; (111 bytes) @ 0x000000010b8873cc [0x000000010b886440+0xf8c]
J 5575 C1 org.gradle.internal.operations.DefaultBuildOperationExecutor.call(Lorg/gradle/internal/operations/CallableBuildOperation;)Ljava/lang/Object; (38 bytes) @ 0x000000010b45f13c [0x000000010b45ea20+0x71c]
J 5574 C1 org.gradle.internal.operations.DelegatingBuildOperationExecutor.call(Lorg/gradle/internal/operations/CallableBuildOperation;)Ljava/lang/Object; (11 bytes) @ 0x000000010b38208c [0x000000010b381f80+0x10c]
J 8875 C1 org.gradle.internal.execution.steps.CaptureStateBeforeExecutionStep.captureExecutionStateOp(Lorg/gradle/internal/execution/AfterPreviousExecutionContext;)Lorg/gradle/internal/execution/history/BeforeExecutionState; (53 bytes) @ 0x000000010c0c34bc [0x000000010c0c30a0+0x41c]
J 9007 C1 org.gradle.internal.execution.steps.CaptureStateBeforeExecutionStep.execute(Lorg/gradle/internal/execution/AfterPreviousExecutionContext;)Lorg/gradle/internal/execution/CachingResult; (45 bytes) @ 0x000000010af37b14 [0x000000010af37960+0x1b4]
J 9006 C1 org.gradle.internal.execution.steps.CaptureStateBeforeExecutionStep.execute(Lorg/gradle/internal/execution/Context;)Lorg/gradle/internal/execution/Result; (9 bytes) @ 0x000000010af38524 [0x000000010af38480+0xa4]
J 9131 C1 org.gradle.internal.execution.steps.ValidateStep.execute(Lorg/gradle/internal/execution/Context;)Lorg/gradle/internal/execution/Result; (181 bytes) @ 0x000000010b5957dc [0x000000010b594ec0+0x91c]
J 9123 C1 org.gradle.internal.execution.steps.SkipEmptyWorkStep.execute(Lorg/gradle/internal/execution/AfterPreviousExecutionContext;)Lorg/gradle/internal/execution/CachingResult; (62 bytes) @ 0x000000010bb7a444 [0x000000010bb79e00+0x644]
J 9122 C1 org.gradle.internal.execution.steps.SkipEmptyWorkStep.execute(Lorg/gradle/internal/execution/Context;)Lorg/gradle/internal/execution/Result; (9 bytes) @ 0x000000010b07b824 [0x000000010b07b780+0xa4]
J 9121 C1 org.gradle.internal.execution.steps.legacy.MarkSnapshottingInputsStartedStep.execute(Lorg/gradle/internal/execution/Context;)Lorg/gradle/internal/execution/Result; (43 bytes) @ 0x000000010b0fdcec [0x000000010b0fdc40+0xac]
J 8774 C1 org.gradle.internal.execution.steps.LoadExecutionStateStep.execute(Lorg/gradle/internal/execution/ExecutionRequestContext;)Lorg/gradle/internal/execution/Result; (44 bytes) @ 0x000000010c08b6e4 [0x000000010c08b300+0x3e4]
J 8447 C1 org.gradle.internal.execution.steps.LoadExecutionStateStep.execute(Lorg/gradle/internal/execution/Context;)Lorg/gradle/internal/execution/Result; (9 bytes) @ 0x000000010bff2aa4 [0x000000010bff2a00+0xa4]
J 8446 C1 org.gradle.internal.execution.impl.DefaultWorkExecutor.execute(Lorg/gradle/internal/execution/Context;)Lorg/gradle/internal/execution/Result; (11 bytes) @ 0x000000010bff26f4 [0x000000010bff2680+0x74]
j  org.gradle.api.internal.tasks.execution.ExecuteActionsTaskExecuter.executeIfValid(Lorg/gradle/api/internal/TaskInternal;Lorg/gradle/api/internal/tasks/TaskStateInternal;Lorg/gradle/api/internal/tasks/TaskExecutionContext;Lorg/gradle/api/internal/tasks/execution/ExecuteActionsTaskExecuter$TaskExecution;)Lorg/gradle/api/internal/tasks/TaskExecuterResult;+15
j  org.gradle.api.internal.tasks.execution.ExecuteActionsTaskExecuter.execute(Lorg/gradle/api/internal/TaskInternal;Lorg/gradle/api/internal/tasks/TaskStateInternal;Lorg/gradle/api/internal/tasks/TaskExecutionContext;)Lorg/gradle/api/internal/tasks/TaskExecuterResult;+30
j  org.gradle.api.internal.tasks.execution.CleanupStaleOutputsExecuter.execute(Lorg/gradle/api/internal/TaskInternal;Lorg/gradle/api/internal/tasks/TaskStateInternal;Lorg/gradle/api/internal/tasks/TaskExecutionContext;)Lorg/gradle/api/internal/tasks/TaskExecuterResult;+216
j  org.gradle.api.internal.tasks.execution.FinalizePropertiesTaskExecuter.execute(Lorg/gradle/api/internal/TaskInternal;Lorg/gradle/api/internal/tasks/TaskStateInternal;Lorg/gradle/api/internal/tasks/TaskExecutionContext;)Lorg/gradle/api/internal/tasks/TaskExecuterResult;+61
j  org.gradle.api.internal.tasks.execution.ResolveTaskExecutionModeExecuter.execute(Lorg/gradle/api/internal/TaskInternal;Lorg/gradle/api/internal/tasks/TaskStateInternal;Lorg/gradle/api/internal/tasks/TaskExecutionContext;)Lorg/gradle/api/internal/tasks/TaskExecuterResult;+74
j  org.gradle.api.internal.tasks.execution.SkipTaskWithNoActionsExecuter.execute(Lorg/gradle/api/internal/TaskInternal;Lorg/gradle/api/internal/tasks/TaskStateInternal;Lorg/gradle/api/internal/tasks/TaskExecutionContext;)Lorg/gradle/api/internal/tasks/TaskExecuterResult;+120
j  org.gradle.api.internal.tasks.execution.SkipOnlyIfTaskExecuter.execute(Lorg/gradle/api/internal/TaskInternal;Lorg/gradle/api/internal/tasks/TaskStateInternal;Lorg/gradle/api/internal/tasks/TaskExecutionContext;)Lorg/gradle/api/internal/tasks/TaskExecuterResult;+91
j  org.gradle.api.internal.tasks.execution.CatchExceptionTaskExecuter.execute(Lorg/gradle/api/internal/TaskInternal;Lorg/gradle/api/internal/tasks/TaskStateInternal;Lorg/gradle/api/internal/tasks/TaskExecutionContext;)Lorg/gradle/api/internal/tasks/TaskExecuterResult;+7
j  org.gradle.api.internal.tasks.execution.EventFiringTaskExecuter$1.executeTask(Lorg/gradle/internal/operations/BuildOperationContext;)Lorg/gradle/api/internal/tasks/TaskExecuterResult;+136
j  org.gradle.api.internal.tasks.execution.EventFiringTaskExecuter$1.call(Lorg/gradle/internal/operations/BuildOperationContext;)Lorg/gradle/api/internal/tasks/TaskExecuterResult;+2
j  org.gradle.api.internal.tasks.execution.EventFiringTaskExecuter$1.call(Lorg/gradle/internal/operations/BuildOperationContext;)Ljava/lang/Object;+2
J 7835 C1 org.gradle.internal.operations.DefaultBuildOperationExecutor$CallableBuildOperationWorker.execute(Lorg/gradle/internal/operations/BuildOperation;Lorg/gradle/internal/operations/BuildOperationContext;)V (10 bytes) @ 0x000000010bf3fafc [0x000000010bf3fa40+0xbc]
J 5154 C1 org.gradle.internal.operations.DefaultBuildOperationExecutor$1.execute(Lorg/gradle/internal/operations/BuildOperationDescriptor;Lorg/gradle/internal/operations/DefaultBuildOperationExecutor$DefaultBuildOperationContext;Lorg/gradle/internal/operations/DefaultBuildOperationExecutor$BuildOperationExecutionListener;)Lorg/gradle/internal/operations/BuildOperation; (82 bytes) @ 0x000000010b98a03c [0x000000010b989ec0+0x17c]
J 4883 C1 org.gradle.internal.operations.DefaultBuildOperationExecutor.execute(Lorg/gradle/internal/operations/BuildOperationDescriptor$Builder;Lorg/gradle/internal/operations/DefaultBuildOperationExecutor$BuildOperationState;Lorg/gradle/internal/operations/DefaultBuildOperationExecutor$BuildOperationExecution;)Lorg/gradle/internal/operations/BuildOperation; (111 bytes) @ 0x000000010b8873cc [0x000000010b886440+0xf8c]
J 5575 C1 org.gradle.internal.operations.DefaultBuildOperationExecutor.call(Lorg/gradle/internal/operations/CallableBuildOperation;)Ljava/lang/Object; (38 bytes) @ 0x000000010b45f13c [0x000000010b45ea20+0x71c]
J 5574 C1 org.gradle.internal.operations.DelegatingBuildOperationExecutor.call(Lorg/gradle/internal/operations/CallableBuildOperation;)Ljava/lang/Object; (11 bytes) @ 0x000000010b38208c [0x000000010b381f80+0x10c]
j  org.gradle.api.internal.tasks.execution.EventFiringTaskExecuter.execute(Lorg/gradle/api/internal/TaskInternal;Lorg/gradle/api/internal/tasks/TaskStateInternal;Lorg/gradle/api/internal/tasks/TaskExecutionContext;)Lorg/gradle/api/internal/tasks/TaskExecuterResult;+15
J 8977 C1 org.gradle.execution.plan.LocalTaskNodeExecutor.execute(Lorg/gradle/execution/plan/Node;Lorg/gradle/api/internal/tasks/NodeExecutionContext;)Z (89 bytes) @ 0x000000010af7ea3c [0x000000010af7e740+0x2fc]
J 8975 C1 org.gradle.execution.taskgraph.DefaultTaskExecutionGraph$InvokeNodeExecutorsAction.execute(Lorg/gradle/execution/plan/Node;)V (88 bytes) @ 0x000000010b00fcd4 [0x000000010b00f9e0+0x2f4]
J 8974 C1 org.gradle.execution.taskgraph.DefaultTaskExecutionGraph$InvokeNodeExecutorsAction.execute(Ljava/lang/Object;)V (9 bytes) @ 0x000000010af3704c [0x000000010af36fc0+0x8c]
J 8973 C1 org.gradle.execution.taskgraph.DefaultTaskExecutionGraph$BuildOperationAwareExecutionAction.execute(Lorg/gradle/execution/plan/Node;)V (48 bytes) @ 0x000000010b80c4d4 [0x000000010b80c2c0+0x214]
J 8972 C1 org.gradle.execution.taskgraph.DefaultTaskExecutionGraph$BuildOperationAwareExecutionAction.execute(Ljava/lang/Object;)V (9 bytes) @ 0x000000010b31ed4c [0x000000010b31ecc0+0x8c]
J 8971 C1 org.gradle.execution.plan.DefaultPlanExecutor$ExecutorWorker.lambda$run$0(Lorg/gradle/internal/time/Timer;Ljava/util/concurrent/atomic/AtomicLong;Lorg/gradle/execution/plan/Node;)V (89 bytes) @ 0x000000010b395c94 [0x000000010b395940+0x354]
J 8970 C1 org.gradle.execution.plan.DefaultPlanExecutor$ExecutorWorker$$Lambda$569.execute(Ljava/lang/Object;)V (20 bytes) @ 0x000000010b6e93b4 [0x000000010b6e9300+0xb4]
J 8969 C1 org.gradle.execution.plan.DefaultPlanExecutor$ExecutorWorker.execute(Lorg/gradle/execution/plan/Node;Lorg/gradle/internal/work/WorkerLeaseRegistry$WorkerLease;Lorg/gradle/api/Action;)V (70 bytes) @ 0x000000010b31f194 [0x000000010b31f0c0+0xd4]
J 8714 C1 org.gradle.execution.plan.DefaultPlanExecutor$ExecutorWorker.executeNextNode(Lorg/gradle/internal/work/WorkerLeaseRegistry$WorkerLease;Lorg/gradle/api/Action;)Z (61 bytes) @ 0x000000010c07878c [0x000000010c078560+0x22c]
j  org.gradle.execution.plan.DefaultPlanExecutor$ExecutorWorker.run()V+39
j  org.gradle.execution.plan.DefaultPlanExecutor.process(Lorg/gradle/execution/plan/ExecutionPlan;Ljava/util/Collection;Lorg/gradle/api/Action;)V+81
j  org.gradle.execution.taskgraph.DefaultTaskExecutionGraph.executeWithServices(Lorg/gradle/execution/ProjectExecutionServiceRegistry;Ljava/util/Collection;)V+41
j  org.gradle.execution.taskgraph.DefaultTaskExecutionGraph.execute(Ljava/util/Collection;)V+32
j  org.gradle.execution.SelectedTaskExecutionAction.execute(Lorg/gradle/execution/BuildExecutionContext;Ljava/util/Collection;)V+44
j  org.gradle.execution.DefaultBuildWorkExecutor.execute(Lorg/gradle/api/internal/GradleInternal;ILjava/util/Collection;)V+39
j  org.gradle.execution.DefaultBuildWorkExecutor.access$000(Lorg/gradle/execution/DefaultBuildWorkExecutor;Lorg/gradle/api/internal/GradleInternal;ILjava/util/Collection;)V+4
j  org.gradle.execution.DefaultBuildWorkExecutor$1.proceed()V+18
j  org.gradle.execution.DryRunBuildExecutionAction.execute(Lorg/gradle/execution/BuildExecutionContext;Ljava/util/Collection;)V+123
j  org.gradle.execution.DefaultBuildWorkExecutor.execute(Lorg/gradle/api/internal/GradleInternal;ILjava/util/Collection;)V+39
j  org.gradle.execution.DefaultBuildWorkExecutor.execute(Lorg/gradle/api/internal/GradleInternal;Ljava/util/Collection;)V+4
j  org.gradle.execution.IncludedBuildLifecycleBuildWorkExecutor.execute(Lorg/gradle/api/internal/GradleInternal;Ljava/util/Collection;)V+15
j  org.gradle.execution.DeprecateUndefinedBuildWorkExecutor.execute(Lorg/gradle/api/internal/GradleInternal;Ljava/util/Collection;)V+42
j  org.gradle.execution.BuildOperationFiringBuildWorkerExecutor$ExecuteTasks.run(Lorg/gradle/internal/operations/BuildOperationContext;)V+20
J 4780 C1 org.gradle.internal.operations.DefaultBuildOperationExecutor$RunnableBuildOperationWorker.execute(Lorg/gradle/internal/operations/BuildOperation;Lorg/gradle/internal/operations/BuildOperationContext;)V (10 bytes) @ 0x000000010b83337c [0x000000010b833120+0x25c]
...<more frames>...


---------------  P R O C E S S  ---------------

Java Threads: ( => current thread )
  0x00007ff1a3661800 JavaThread "Cache worker for execution history cache (/Users/soso/AndroidStudioProjects/DingBring/.gradle/6.5/executionHistory)" [_thread_blocked, id=90627, stack(0x0000700015f8b000,0x000070001608b000)]
  0x00007ff1a44de800 JavaThread "Execution worker for ':' Thread 3" [_thread_blocked, id=90115, stack(0x0000700015e88000,0x0000700015f88000)]
  0x00007ff1a44da800 JavaThread "Execution worker for ':' Thread 2" [_thread_blocked, id=89603, stack(0x0000700015d85000,0x0000700015e85000)]
  0x00007ff19f5da000 JavaThread "Execution worker for ':'" [_thread_blocked, id=89091, stack(0x0000700015c82000,0x0000700015d82000)]
  0x00007ff1a37f7800 JavaThread "Cache worker for file content cache (/Users/soso/AndroidStudioProjects/DingBring/.gradle/6.5/fileContent)" [_thread_blocked, id=88835, stack(0x0000700015b7f000,0x0000700015c7f000)]
  0x00007ff1a75b0000 JavaThread "Memory manager" [_thread_blocked, id=88579, stack(0x0000700015a7c000,0x0000700015b7c000)]
  0x00007ff1a005e800 JavaThread "Cache worker for Build Output Cleanup Cache (/Users/soso/AndroidStudioProjects/DingBring/.gradle/buildOutputCleanup)" [_thread_blocked, id=128771, stack(0x0000700015979000,0x0000700015a79000)]
  0x00007ff1a74eb000 JavaThread "jar transforms Thread 117" [_thread_blocked, id=88323, stack(0x0000700015876000,0x0000700015976000)]
  0x00007ff1a67d2000 JavaThread "jar transforms Thread 116" [_thread_blocked, id=88067, stack(0x0000700015773000,0x0000700015873000)]
  0x00007ff1a67d1800 JavaThread "jar transforms Thread 115" [_thread_blocked, id=129795, stack(0x0000700015670000,0x0000700015770000)]
  0x00007ff1a74ea800 JavaThread "jar transforms Thread 114" [_thread_blocked, id=87811, stack(0x000070001556d000,0x000070001566d000)]
  0x00007ff1a5672800 JavaThread "jar transforms Thread 113" [_thread_blocked, id=130307, stack(0x000070001546a000,0x000070001556a000)]
  0x00007ff1a5671800 JavaThread "jar transforms Thread 112" [_thread_blocked, id=130819, stack(0x0000700015367000,0x0000700015467000)]
  0x00007ff1a74e9800 JavaThread "jar transforms Thread 111" [_thread_blocked, id=61955, stack(0x0000700015264000,0x0000700015364000)]
  0x00007ff1a0bf5000 JavaThread "jar transforms Thread 110" [_thread_blocked, id=62467, stack(0x0000700015161000,0x0000700015261000)]
  0x00007ff1a0bf4800 JavaThread "jar transforms Thread 109" [_thread_blocked, id=61443, stack(0x000070001505e000,0x000070001515e000)]
  0x00007ff1a74e7800 JavaThread "jar transforms Thread 108" [_thread_blocked, id=62723, stack(0x0000700014f5b000,0x000070001505b000)]
  0x00007ff1a67d0800 JavaThread "jar transforms Thread 107" [_thread_blocked, id=63235, stack(0x0000700014e58000,0x0000700014f58000)]
  0x00007ff1a67d0000 JavaThread "jar transforms Thread 106" [_thread_blocked, id=63747, stack(0x0000700014d55000,0x0000700014e55000)]
  0x00007ff1a0bf3800 JavaThread "jar transforms Thread 105" [_thread_blocked, id=64259, stack(0x0000700014c52000,0x0000700014d52000)]
  0x00007ff1a5671000 JavaThread "jar transforms Thread 104" [_thread_blocked, id=60675, stack(0x0000700014b4f000,0x0000700014c4f000)]
  0x00007ff1a67cf000 JavaThread "jar transforms Thread 103" [_thread_blocked, id=64515, stack(0x0000700014a4c000,0x0000700014b4c000)]
  0x00007ff1a67ce800 JavaThread "jar transforms Thread 102" [_thread_blocked, id=65027, stack(0x0000700014949000,0x0000700014a49000)]
  0x00007ff1a0bf3000 JavaThread "jar transforms Thread 101" [_thread_blocked, id=65539, stack(0x0000700014846000,0x0000700014946000)]
  0x00007ff1a74e6800 JavaThread "jar transforms Thread 100" [_thread_blocked, id=60163, stack(0x0000700014743000,0x0000700014843000)]
  0x00007ff1a0bf2000 JavaThread "jar transforms Thread 99" [_thread_blocked, id=66051, stack(0x0000700014640000,0x0000700014740000)]
  0x00007ff1a0bf1800 JavaThread "jar transforms Thread 98" [_thread_blocked, id=66307, stack(0x000070001453d000,0x000070001463d000)]
  0x00007ff1a67cd800 JavaThread "jar transforms Thread 97" [_thread_blocked, id=59139, stack(0x000070001443a000,0x000070001453a000)]
  0x00007ff1a67cc000 JavaThread "jar transforms Thread 96" [_thread_blocked, id=66819, stack(0x0000700014337000,0x0000700014437000)]
  0x00007ff1a0bf0800 JavaThread "jar transforms Thread 95" [_thread_blocked, id=58883, stack(0x0000700014234000,0x0000700014334000)]
  0x00007ff1a5670000 JavaThread "jar transforms Thread 94" [_thread_blocked, id=67587, stack(0x0000700014131000,0x0000700014231000)]
  0x00007ff1a566f000 JavaThread "jar transforms Thread 93" [_thread_blocked, id=68099, stack(0x000070001402e000,0x000070001412e000)]
  0x00007ff1a566e800 JavaThread "jar transforms Thread 92" [_thread_blocked, id=58371, stack(0x0000700013f2b000,0x000070001402b000)]
  0x00007ff1a566d800 JavaThread "jar transforms Thread 91" [_thread_blocked, id=57859, stack(0x0000700013e28000,0x0000700013f28000)]
  0x00007ff1a74e5800 JavaThread "jar transforms Thread 90" [_thread_blocked, id=68355, stack(0x0000700013d25000,0x0000700013e25000)]
  0x00007ff1a566d000 JavaThread "jar transforms Thread 89" [_thread_blocked, id=57091, stack(0x0000700013c22000,0x0000700013d22000)]
  0x00007ff1a74e5000 JavaThread "jar transforms Thread 88" [_thread_blocked, id=68611, stack(0x0000700013b1f000,0x0000700013c1f000)]
  0x00007ff1a0bf0000 JavaThread "jar transforms Thread 87" [_thread_blocked, id=56323, stack(0x0000700013a1c000,0x0000700013b1c000)]
  0x00007ff1a74e4000 JavaThread "jar transforms Thread 86" [_thread_blocked, id=56067, stack(0x0000700013919000,0x0000700013a19000)]
  0x00007ff1a566c000 JavaThread "jar transforms Thread 85" [_thread_blocked, id=69379, stack(0x0000700013816000,0x0000700013916000)]
  0x00007ff1a74e3800 JavaThread "jar transforms Thread 84" [_thread_blocked, id=69891, stack(0x0000700013713000,0x0000700013813000)]
  0x00007ff1a0bef000 JavaThread "jar transforms Thread 83" [_thread_blocked, id=55811, stack(0x0000700013610000,0x0000700013710000)]
  0x00007ff1a566b800 JavaThread "jar transforms Thread 82" [_thread_blocked, id=70659, stack(0x000070001350d000,0x000070001360d000)]
  0x00007ff1a74e2800 JavaThread "jar transforms Thread 81" [_thread_blocked, id=55555, stack(0x000070001340a000,0x000070001350a000)]
  0x00007ff1a67cb800 JavaThread "jar transforms Thread 80" [_thread_blocked, id=71427, stack(0x0000700013307000,0x0000700013407000)]
  0x00007ff1a0c80000 JavaThread "jar transforms Thread 79" [_thread_blocked, id=71939, stack(0x0000700013204000,0x0000700013304000)]
  0x00007ff1a74e2000 JavaThread "jar transforms Thread 78" [_thread_blocked, id=72451, stack(0x0000700013101000,0x0000700013201000)]
  0x00007ff1a566a800 JavaThread "jar transforms Thread 77" [_thread_blocked, id=72707, stack(0x0000700012ffe000,0x00007000130fe000)]
  0x00007ff1a74e1000 JavaThread "jar transforms Thread 76" [_thread_blocked, id=72963, stack(0x0000700012efb000,0x0000700012ffb000)]
  0x00007ff1a566a000 JavaThread "jar transforms Thread 75" [_thread_blocked, id=73475, stack(0x0000700012df8000,0x0000700012ef8000)]
  0x00007ff1a5669000 JavaThread "jar transforms Thread 74" [_thread_blocked, id=54531, stack(0x0000700012cf5000,0x0000700012df5000)]
  0x00007ff1a0c7f800 JavaThread "jar transforms Thread 73" [_thread_blocked, id=73987, stack(0x0000700012bf2000,0x0000700012cf2000)]
  0x00007ff1a67ca800 JavaThread "jar transforms Thread 72" [_thread_blocked, id=74243, stack(0x0000700012aef000,0x0000700012bef000)]
  0x00007ff1a67ca000 JavaThread "jar transforms Thread 71" [_thread_blocked, id=74499, stack(0x00007000129ec000,0x0000700012aec000)]
  0x00007ff1a74df000 JavaThread "jar transforms Thread 70" [_thread_blocked, id=53763, stack(0x00007000128e9000,0x00007000129e9000)]
  0x00007ff1a74de800 JavaThread "jar transforms Thread 69" [_thread_blocked, id=75267, stack(0x00007000127e6000,0x00007000128e6000)]
  0x00007ff1a74dd800 JavaThread "jar transforms Thread 68" [_thread_blocked, id=75523, stack(0x00007000126e3000,0x00007000127e3000)]
  0x00007ff1a67c9000 JavaThread "jar transforms Thread 67" [_thread_blocked, id=52995, stack(0x00007000125e0000,0x00007000126e0000)]
  0x00007ff1a67c8800 JavaThread "jar transforms Thread 66" [_thread_blocked, id=76035, stack(0x00007000124dd000,0x00007000125dd000)]
  0x00007ff1a67c7800 JavaThread "jar transforms Thread 65" [_thread_blocked, id=76547, stack(0x00007000123da000,0x00007000124da000)]
  0x00007ff1a0c7d000 JavaThread "jar transforms Thread 64" [_thread_blocked, id=52739, stack(0x00007000122d7000,0x00007000123d7000)]
  0x00007ff1a74dd000 JavaThread "jar transforms Thread 63" [_thread_blocked, id=52483, stack(0x00007000121d4000,0x00007000122d4000)]
  0x00007ff1a67c7000 JavaThread "jar transforms Thread 62" [_thread_blocked, id=51971, stack(0x00007000120d1000,0x00007000121d1000)]
  0x00007ff1a74dc000 JavaThread "jar transforms Thread 61" [_thread_blocked, id=77315, stack(0x0000700011fce000,0x00007000120ce000)]
  0x00007ff1a74db800 JavaThread "jar transforms Thread 60" [_thread_blocked, id=77827, stack(0x0000700011ecb000,0x0000700011fcb000)]
  0x00007ff1a74da800 JavaThread "jar transforms Thread 59" [_thread_blocked, id=51459, stack(0x0000700011dc8000,0x0000700011ec8000)]
  0x00007ff1a74da000 JavaThread "jar transforms Thread 58" [_thread_blocked, id=78595, stack(0x0000700011cc5000,0x0000700011dc5000)]
  0x00007ff1a74d9000 JavaThread "jar transforms Thread 57" [_thread_blocked, id=79107, stack(0x0000700011bc2000,0x0000700011cc2000)]
  0x00007ff1a5668000 JavaThread "jar transforms Thread 56" [_thread_blocked, id=50947, stack(0x0000700011abf000,0x0000700011bbf000)]
  0x00007ff1a0c79800 JavaThread "jar transforms Thread 55" [_thread_blocked, id=50691, stack(0x00007000119bc000,0x0000700011abc000)]
  0x00007ff1a0c98000 JavaThread "jar transforms Thread 54" [_thread_blocked, id=79619, stack(0x00007000118b9000,0x00007000119b9000)]
  0x00007ff1a5667000 JavaThread "jar transforms Thread 53" [_thread_blocked, id=49923, stack(0x00007000117b6000,0x00007000118b6000)]
  0x00007ff1a0c97000 JavaThread "jar transforms Thread 52" [_thread_blocked, id=49411, stack(0x00007000116b3000,0x00007000117b3000)]
  0x00007ff1a67c6000 JavaThread "jar transforms Thread 51" [_thread_blocked, id=79875, stack(0x00007000115b0000,0x00007000116b0000)]
  0x00007ff1a0c96800 JavaThread "jar transforms Thread 50" [_thread_blocked, id=48643, stack(0x00007000114ad000,0x00007000115ad000)]
  0x00007ff1a67c5800 JavaThread "jar transforms Thread 49" [_thread_blocked, id=48131, stack(0x00007000113aa000,0x00007000114aa000)]
  0x00007ff1a67c4800 JavaThread "jar transforms Thread 48" [_thread_blocked, id=47619, stack(0x00007000112a7000,0x00007000113a7000)]
  0x00007ff1a74d8800 JavaThread "jar transforms Thread 47" [_thread_blocked, id=80387, stack(0x00007000111a4000,0x00007000112a4000)]
  0x00007ff1a74d7800 JavaThread "jar transforms Thread 46" [_thread_blocked, id=47363, stack(0x00007000110a1000,0x00007000111a1000)]
  0x00007ff1a0c95800 JavaThread "jar transforms Thread 45" [_thread_blocked, id=81155, stack(0x0000700010f9e000,0x000070001109e000)]
  0x00007ff1a67c4000 JavaThread "jar transforms Thread 44" [_thread_blocked, id=81667, stack(0x0000700010e9b000,0x0000700010f9b000)]
  0x00007ff1a74d7000 JavaThread "jar transforms Thread 43" [_thread_blocked, id=47107, stack(0x0000700010d98000,0x0000700010e98000)]
  0x00007ff1a74d6000 JavaThread "jar transforms Thread 42" [_thread_blocked, id=82179, stack(0x0000700010c95000,0x0000700010d95000)]
  0x00007ff1a0c95000 JavaThread "jar transforms Thread 41" [_thread_blocked, id=82435, stack(0x0000700010b92000,0x0000700010c92000)]
  0x00007ff1a5665000 JavaThread "jar transforms Thread 40" [_thread_blocked, id=46339, stack(0x0000700010a8f000,0x0000700010b8f000)]
  0x00007ff1a74d5800 JavaThread "jar transforms Thread 39" [_thread_blocked, id=83203, stack(0x000070001098c000,0x0000700010a8c000)]
  0x00007ff1a67c3000 JavaThread "jar transforms Thread 38" [_thread_blocked, id=83459, stack(0x0000700010889000,0x0000700010989000)]
  0x00007ff1a74d4800 JavaThread "jar transforms Thread 37" [_thread_blocked, id=83971, stack(0x0000700010786000,0x0000700010886000)]
  0x00007ff1a67c2800 JavaThread "jar transforms Thread 36" [_thread_blocked, id=84483, stack(0x0000700010683000,0x0000700010783000)]
  0x00007ff1a0c93800 JavaThread "jar transforms Thread 35" [_thread_blocked, id=84739, stack(0x0000700010580000,0x0000700010680000)]
  0x00007ff1a67c1800 JavaThread "jar transforms Thread 34" [_thread_blocked, id=45315, stack(0x000070001047d000,0x000070001057d000)]
  0x00007ff1a0c93000 JavaThread "jar transforms Thread 33" [_thread_blocked, id=45059, stack(0x000070001037a000,0x000070001047a000)]
  0x00007ff1a74d4000 JavaThread "jar transforms Thread 32" [_thread_blocked, id=85507, stack(0x0000700010277000,0x0000700010377000)]
  0x00007ff1a67c1000 JavaThread "jar transforms Thread 31" [_thread_blocked, id=85763, stack(0x0000700010174000,0x0000700010274000)]
  0x00007ff1a74d3000 JavaThread "jar transforms Thread 30" [_thread_blocked, id=44547, stack(0x0000700010071000,0x0000700010171000)]
  0x00007ff1a67bf800 JavaThread "jar transforms Thread 29" [_thread_blocked, id=86531, stack(0x000070000ff6e000,0x000070001006e000)]
  0x00007ff1a67be800 JavaThread "jar transforms Thread 28" [_thread_blocked, id=86787, stack(0x000070000fe6b000,0x000070000ff6b000)]
  0x00007ff1a5663000 JavaThread "jar transforms Thread 27" [_thread_blocked, id=44035, stack(0x000070000fd68000,0x000070000fe68000)]
  0x00007ff1a74d2800 JavaThread "jar transforms Thread 26" [_thread_blocked, id=43523, stack(0x000070000fc65000,0x000070000fd65000)]
  0x00007ff1a0c92000 JavaThread "jar transforms Thread 25" [_thread_blocked, id=30979, stack(0x000070000fb62000,0x000070000fc62000)]
  0x00007ff1a67be000 JavaThread "jar transforms Thread 24" [_thread_blocked, id=30467, stack(0x000070000fa5f000,0x000070000fb5f000)]
  0x00007ff1a67bd000 JavaThread "jar transforms Thread 23" [_thread_blocked, id=30211, stack(0x000070000f95c000,0x000070000fa5c000)]
  0x00007ff1a74d1800 JavaThread "jar transforms Thread 22" [_thread_blocked, id=29699, stack(0x000070000f859000,0x000070000f959000)]
  0x00007ff1a0c91800 JavaThread "jar transforms Thread 21" [_thread_blocked, id=29187, stack(0x000070000f756000,0x000070000f856000)]
  0x00007ff1a74d1000 JavaThread "jar transforms Thread 20" [_thread_blocked, id=31747, stack(0x000070000f653000,0x000070000f753000)]
  0x00007ff1a67bc800 JavaThread "jar transforms Thread 19" [_thread_blocked, id=28675, stack(0x000070000f550000,0x000070000f650000)]
  0x00007ff1a67bb800 JavaThread "jar transforms Thread 18" [_thread_blocked, id=32515, stack(0x000070000f44d000,0x000070000f54d000)]
  0x00007ff1a74c7800 JavaThread "jar transforms Thread 17" [_thread_blocked, id=28163, stack(0x000070000f34a000,0x000070000f44a000)]
  0x00007ff1a5662800 JavaThread "jar transforms Thread 16" [_thread_blocked, id=32771, stack(0x000070000f247000,0x000070000f347000)]
  0x00007ff1a67bb000 JavaThread "jar transforms Thread 15" [_thread_blocked, id=27395, stack(0x000070000f144000,0x000070000f244000)]
  0x00007ff19f8f9000 JavaThread "jar transforms Thread 14" [_thread_blocked, id=33283, stack(0x000070000f041000,0x000070000f141000)]
  0x00007ff19f8f8000 JavaThread "jar transforms Thread 13" [_thread_blocked, id=27139, stack(0x000070000ef3e000,0x000070000f03e000)]
  0x00007ff1a0cea800 JavaThread "jar transforms Thread 12" [_thread_blocked, id=34051, stack(0x000070000ee3b000,0x000070000ef3b000)]
  0x00007ff1a74c6800 JavaThread "jar transforms Thread 11" [_thread_blocked, id=34563, stack(0x000070000ed38000,0x000070000ee38000)]
  0x00007ff1a74c6000 JavaThread "jar transforms Thread 10" [_thread_blocked, id=35075, stack(0x000070000ec35000,0x000070000ed35000)]
  0x00007ff1a0ce8800 JavaThread "jar transforms Thread 9" [_thread_blocked, id=35587, stack(0x000070000eb32000,0x000070000ec32000)]
  0x00007ff1a5661800 JavaThread "jar transforms Thread 8" [_thread_blocked, id=35843, stack(0x000070000ea2f000,0x000070000eb2f000)]
  0x00007ff1a565c800 JavaThread "jar transforms Thread 7" [_thread_blocked, id=36355, stack(0x000070000e92c000,0x000070000ea2c000)]
  0x00007ff1a565b000 JavaThread "Build operations Thread 4" [_thread_blocked, id=36611, stack(0x000070000e829000,0x000070000e929000)]
  0x00007ff1a5655800 JavaThread "Build operations Thread 3" [_thread_blocked, id=26115, stack(0x000070000e726000,0x000070000e826000)]
  0x00007ff1a5659800 JavaThread "Build operations Thread 2" [_thread_blocked, id=37123, stack(0x000070000e623000,0x000070000e723000)]
  0x00007ff1a616e000 JavaThread "Build operations" [_thread_blocked, id=19979, stack(0x000070000e520000,0x000070000e620000)]
  0x00007ff1a72a2000 JavaThread "Cache worker for file content cache (/Users/soso/.gradle/caches/6.5/fileContent)" [_thread_blocked, id=25859, stack(0x000070000e41d000,0x000070000e51d000)]
  0x00007ff1a7255000 JavaThread "Cache worker for execution history cache (/Users/soso/.gradle/caches/6.5/executionHistory)" [_thread_blocked, id=25347, stack(0x000070000e31a000,0x000070000e41a000)]
  0x00007ff1a5ba4800 JavaThread "Cache worker for cache directory md-rule (/Users/soso/.gradle/caches/6.5/md-rule)" [_thread_blocked, id=25091, stack(0x000070000e217000,0x000070000e317000)]
  0x00007ff1a47ff800 JavaThread "Cache worker for cache directory md-supplier (/Users/soso/.gradle/caches/6.5/md-supplier)" [_thread_blocked, id=38147, stack(0x000070000e114000,0x000070000e214000)]
  0x00007ff1a5a0d000 JavaThread "Cache worker for checksums cache (/Users/soso/AndroidStudioProjects/DingBring/.gradle/checksums)" [_thread_blocked, id=24579, stack(0x000070000e011000,0x000070000e111000)]
  0x00007ff19f37d000 JavaThread "jar transforms Thread 6" [_thread_blocked, id=38659, stack(0x000070000df0e000,0x000070000e00e000)]
  0x00007ff1a2af2000 JavaThread "jar transforms Thread 5" [_thread_blocked, id=24067, stack(0x000070000de0b000,0x000070000df0b000)]
  0x00007ff1a2af1800 JavaThread "jar transforms Thread 4" [_thread_blocked, id=39427, stack(0x000070000dd08000,0x000070000de08000)]
  0x00007ff19fdf4800 JavaThread "jar transforms Thread 3" [_thread_blocked, id=23811, stack(0x000070000dc05000,0x000070000dd05000)]
  0x00007ff19f1f4000 JavaThread "jar transforms Thread 2" [_thread_blocked, id=39939, stack(0x000070000db02000,0x000070000dc02000)]
  0x00007ff1a459b800 JavaThread "jar transforms" [_thread_blocked, id=23299, stack(0x000070000d9ff000,0x000070000daff000)]
  0x00007ff19f1b0800 JavaThread "Cache worker for file hash cache (/Users/soso/AndroidStudioProjects/DingBring/.gradle/6.5/fileHashes)" [_thread_blocked, id=23043, stack(0x000070000d8fc000,0x000070000d9fc000)]
  0x00007ff19ffff000 JavaThread "Cache worker for file hash cache (/Users/soso/.gradle/caches/6.5/fileHashes)" [_thread_blocked, id=22531, stack(0x000070000d7f9000,0x000070000d8f9000)]
  0x00007ff1a015a800 JavaThread "File lock request listener" [_thread_in_native, id=40963, stack(0x000070000d6f6000,0x000070000d7f6000)]
  0x00007ff19f518000 JavaThread "Cache worker for journal cache (/Users/soso/.gradle/caches/journal-1)" [_thread_blocked, id=41475, stack(0x000070000d5f3000,0x000070000d6f3000)]
  0x00007ff19f1bd800 JavaThread "Thread-9" [_thread_blocked, id=41987, stack(0x000070000d4f0000,0x000070000d5f0000)]
  0x00007ff19f1af800 JavaThread "Stdin handler" [_thread_blocked, id=42243, stack(0x000070000d3ed000,0x000070000d4ed000)]
  0x00007ff19f6f9000 JavaThread "Asynchronous log dispatcher for DefaultDaemonConnection: socket connection from /127.0.0.1:49752 to /127.0.0.1:49753" [_thread_blocked, id=42755, stack(0x000070000d2ea000,0x000070000d3ea000)]
=>0x00007ff1a0a3e000 JavaThread "Daemon worker" [_thread_in_Java, id=22019, stack(0x000070000d1e7000,0x000070000d2e7000)]
  0x00007ff1a0a3c800 JavaThread "Cancel handler" [_thread_blocked, id=21763, stack(0x000070000d0e4000,0x000070000d1e4000)]
  0x00007ff1a09fe000 JavaThread "Handler for socket connection from /127.0.0.1:49752 to /127.0.0.1:49753" [_thread_in_native, id=17155, stack(0x000070000cfe1000,0x000070000d0e1000)]
  0x00007ff1a0c70800 JavaThread "Daemon" [_thread_blocked, id=17923, stack(0x000070000cede000,0x000070000cfde000)]
  0x00007ff19f197800 JavaThread "Daemon periodic checks" [_thread_blocked, id=16899, stack(0x000070000cddb000,0x000070000cedb000)]
  0x00007ff19ffc1800 JavaThread "Incoming local TCP Connector on port 49752" [_thread_in_native, id=16387, stack(0x000070000ccd8000,0x000070000cdd8000)]
  0x00007ff19fe31800 JavaThread "Daemon health stats" [_thread_blocked, id=16131, stack(0x000070000cbd5000,0x000070000ccd5000)]
  0x00007ff19f047000 JavaThread "Service Thread" daemon [_thread_blocked, id=15363, stack(0x000070000c9cf000,0x000070000cacf000)]
  0x00007ff19f840800 JavaThread "C1 CompilerThread2" daemon [_thread_blocked, id=14851, stack(0x000070000c8cc000,0x000070000c9cc000)]
  0x00007ff19f824000 JavaThread "C2 CompilerThread1" daemon [_thread_in_native, id=14595, stack(0x000070000c7c9000,0x000070000c8c9000)]
  0x00007ff19f046800 JavaThread "C2 CompilerThread0" daemon [_thread_in_native, id=19203, stack(0x000070000c6c6000,0x000070000c7c6000)]
  0x00007ff19f04c000 JavaThread "Signal Dispatcher" daemon [_thread_blocked, id=13827, stack(0x000070000c5c3000,0x000070000c6c3000)]
  0x00007ff19f044000 JavaThread "Finalizer" daemon [_thread_blocked, id=20995, stack(0x000070000c3ba000,0x000070000c4ba000)]
  0x00007ff1a0813800 JavaThread "Reference Handler" daemon [_thread_blocked, id=11523, stack(0x000070000c2b7000,0x000070000c3b7000)]
  0x00007ff19f80a800 JavaThread "main" [_thread_blocked, id=3587, stack(0x000070000bca5000,0x000070000bda5000)]

Other Threads:
  0x00007ff19f03b800 VMThread [stack: 0x000070000c1b4000,0x000070000c2b4000] [id=21507]
  0x00007ff19f09b800 WatcherThread [stack: 0x000070000cad2000,0x000070000cbd2000] [id=15875]

VM state:not at safepoint (normal execution)

VM Mutex/Monitor currently owned by a thread: None

heap address: 0x0000000740000000, size: 2048 MB, Compressed Oops mode: Zero based, Oop shift amount: 3
Narrow klass base: 0x0000000000000000, Narrow klass shift: 3
Compressed class space size: 1073741824 Address: 0x00000007c0000000

Heap:
 PSYoungGen      total 289280K, used 164673K [0x0000000795580000, 0x00000007ab580000, 0x00000007c0000000)
  eden space 249856K, 50% used [0x0000000795580000,0x000000079cfd31e0,0x00000007a4980000)
  from space 39424K, 99% used [0x00000007a7880000,0x00000007a9efd428,0x00000007a9f00000)
  to   space 48128K, 0% used [0x00000007a4980000,0x00000007a4980000,0x00000007a7880000)
 ParOldGen       total 154624K, used 52591K [0x0000000740000000, 0x0000000749700000, 0x0000000795580000)
  object space 154624K, 34% used [0x0000000740000000,0x000000074335be40,0x0000000749700000)
 Metaspace       used 72516K, capacity 76021K, committed 76120K, reserved 1114112K
  class space    used 9817K, capacity 10577K, committed 10624K, reserved 1048576K

Card table byte_map: [0x00000001030d1000,0x00000001034d2000] byte_map_base: 0x00000000ff6d1000

Marking Bits: (ParMarkBitMap*) 0x00000001026273f8
 Begin Bits: [0x000000010377d000, 0x000000010577d000)
 End Bits:   [0x000000010577d000, 0x000000010777d000)

Polling page: 0x0000000102cb8000

CodeCache: size=245760Kb used=25829Kb max_used=25829Kb free=219930Kb
 bounds [0x000000010aa37000, 0x000000010c397000, 0x0000000119a37000]
 total_blobs=9842 nmethods=9020 adapters=736
 compilation: enabled

Compilation events (10 events):
Event: 24.562 Thread 0x00007ff19f840800 10283       2       com.google.common.collect.Iterators::addAll (41 bytes)
Event: 24.563 Thread 0x00007ff19f840800 nmethod 10283 0x000000010c389dd0 code [0x000000010c389f80, 0x000000010c38a2e8]
Event: 24.563 Thread 0x00007ff19f840800 10282       2       com.google.common.collect.Lists::newArrayList (12 bytes)
Event: 24.563 Thread 0x00007ff19f840800 nmethod 10282 0x000000010c389990 code [0x000000010c389b00, 0x000000010c389ce8]
Event: 24.563 Thread 0x00007ff19f840800 10284       2       com.google.common.collect.Maps$FilteredEntryMap$EntrySet::delegate (5 bytes)
Event: 24.564 Thread 0x00007ff19f840800 nmethod 10284 0x000000010c389610 code [0x000000010c389760, 0x000000010c3898b0]
Event: 24.564 Thread 0x00007ff19f840800 10285       2       com.google.common.collect.Maps$FilteredEntryMap$EntrySet::delegate (8 bytes)
Event: 24.564 Thread 0x00007ff19f840800 nmethod 10285 0x000000010c3892d0 code [0x000000010c389420, 0x000000010c389570]
Event: 24.564 Thread 0x00007ff19f840800 10286       2       com.google.common.collect.Collections2$FilteredCollection::toArray (12 bytes)
Event: 24.565 Thread 0x00007ff19f840800 nmethod 10286 0x000000010c38b450 code [0x000000010c38b600, 0x000000010c38ba88]

GC Heap History (10 events):
Event: 12.725 GC heap before
{Heap before GC invocations=13 (full 3):
 PSYoungGen      total 206848K, used 19943K [0x0000000795580000, 0x00000007a4000000, 0x00000007c0000000)
  eden space 186368K, 0% used [0x0000000795580000,0x0000000795580000,0x00000007a0b80000)
  from space 20480K, 97% used [0x00000007a2200000,0x00000007a3579c28,0x00000007a3600000)
  to   space 23040K, 0% used [0x00000007a0b80000,0x00000007a0b80000,0x00000007a2200000)
 ParOldGen       total 102912K, used 29838K [0x0000000740000000, 0x0000000746480000, 0x0000000795580000)
  object space 102912K, 28% used [0x0000000740000000,0x0000000741d23828,0x0000000746480000)
 Metaspace       used 56435K, capacity 58875K, committed 59028K, reserved 1099776K
  class space    used 7633K, capacity 8192K, committed 8192K, reserved 1048576K
Event: 13.041 GC heap after
Heap after GC invocations=13 (full 3):
 PSYoungGen      total 206848K, used 0K [0x0000000795580000, 0x00000007a4000000, 0x00000007c0000000)
  eden space 186368K, 0% used [0x0000000795580000,0x0000000795580000,0x00000007a0b80000)
  from space 20480K, 0% used [0x00000007a2200000,0x00000007a2200000,0x00000007a3600000)
  to   space 23040K, 0% used [0x00000007a0b80000,0x00000007a0b80000,0x00000007a2200000)
 ParOldGen       total 154624K, used 34625K [0x0000000740000000, 0x0000000749700000, 0x0000000795580000)
  object space 154624K, 22% used [0x0000000740000000,0x00000007421d0428,0x0000000749700000)
 Metaspace       used 56420K, capacity 58821K, committed 59028K, reserved 1099776K
  class space    used 7628K, capacity 8183K, committed 8192K, reserved 1048576K
}
Event: 17.324 GC heap before
{Heap before GC invocations=14 (full 3):
 PSYoungGen      total 206848K, used 186368K [0x0000000795580000, 0x00000007a4000000, 0x00000007c0000000)
  eden space 186368K, 100% used [0x0000000795580000,0x00000007a0b80000,0x00000007a0b80000)
  from space 20480K, 0% used [0x00000007a2200000,0x00000007a2200000,0x00000007a3600000)
  to   space 23040K, 0% used [0x00000007a0b80000,0x00000007a0b80000,0x00000007a2200000)
 ParOldGen       total 154624K, used 34625K [0x0000000740000000, 0x0000000749700000, 0x0000000795580000)
  object space 154624K, 22% used [0x0000000740000000,0x00000007421d0428,0x0000000749700000)
 Metaspace       used 64564K, capacity 67391K, committed 67544K, reserved 1107968K
  class space    used 8752K, capacity 9368K, committed 9472K, reserved 1048576K
Event: 17.360 GC heap after
Heap after GC invocations=14 (full 3):
 PSYoungGen      total 209408K, used 22333K [0x0000000795580000, 0x00000007a5f80000, 0x00000007c0000000)
  eden space 186368K, 0% used [0x0000000795580000,0x0000000795580000,0x00000007a0b80000)
  from space 23040K, 96% used [0x00000007a0b80000,0x00000007a214f7e8,0x00000007a2200000)
  to   space 26112K, 0% used [0x00000007a4600000,0x00000007a4600000,0x00000007a5f80000)
 ParOldGen       total 154624K, used 34633K [0x0000000740000000, 0x0000000749700000, 0x0000000795580000)
  object space 154624K, 22% used [0x0000000740000000,0x00000007421d2428,0x0000000749700000)
 Metaspace       used 64564K, capacity 67391K, committed 67544K, reserved 1107968K
  class space    used 8752K, capacity 9368K, committed 9472K, reserved 1048576K
}
Event: 19.553 GC heap before
{Heap before GC invocations=15 (full 3):
 PSYoungGen      total 209408K, used 208701K [0x0000000795580000, 0x00000007a5f80000, 0x00000007c0000000)
  eden space 186368K, 100% used [0x0000000795580000,0x00000007a0b80000,0x00000007a0b80000)
  from space 23040K, 96% used [0x00000007a0b80000,0x00000007a214f7e8,0x00000007a2200000)
  to   space 26112K, 0% used [0x00000007a4600000,0x00000007a4600000,0x00000007a5f80000)
 ParOldGen       total 154624K, used 34633K [0x0000000740000000, 0x0000000749700000, 0x0000000795580000)
  object space 154624K, 22% used [0x0000000740000000,0x00000007421d2428,0x0000000749700000)
 Metaspace       used 66603K, capacity 69909K, committed 70232K, reserved 1110016K
  class space    used 9024K, capacity 9731K, committed 9856K, reserved 1048576K
Event: 19.605 GC heap after
Heap after GC invocations=15 (full 3):
 PSYoungGen      total 239616K, used 26109K [0x0000000795580000, 0x00000007a6f80000, 0x00000007c0000000)
  eden space 213504K, 0% used [0x0000000795580000,0x0000000795580000,0x00000007a2600000)
  from space 26112K, 99% used [0x00000007a4600000,0x00000007a5f7f500,0x00000007a5f80000)
  to   space 32768K, 0% used [0x00000007a2600000,0x00000007a2600000,0x00000007a4600000)
 ParOldGen       total 154624K, used 42337K [0x0000000740000000, 0x0000000749700000, 0x0000000795580000)
  object space 154624K, 27% used [0x0000000740000000,0x0000000742958540,0x0000000749700000)
 Metaspace       used 66603K, capacity 69909K, committed 70232K, reserved 1110016K
  class space    used 9024K, capacity 9731K, committed 9856K, reserved 1048576K
}
Event: 21.530 GC heap before
{Heap before GC invocations=16 (full 3):
 PSYoungGen      total 239616K, used 239613K [0x0000000795580000, 0x00000007a6f80000, 0x00000007c0000000)
  eden space 213504K, 100% used [0x0000000795580000,0x00000007a2600000,0x00000007a2600000)
  from space 26112K, 99% used [0x00000007a4600000,0x00000007a5f7f500,0x00000007a5f80000)
  to   space 32768K, 0% used [0x00000007a2600000,0x00000007a2600000,0x00000007a4600000)
 ParOldGen       total 154624K, used 42337K [0x0000000740000000, 0x0000000749700000, 0x0000000795580000)
  object space 154624K, 27% used [0x0000000740000000,0x0000000742958540,0x0000000749700000)
 Metaspace       used 67804K, capacity 71185K, committed 71384K, reserved 1110016K
  class space    used 9188K, capacity 9907K, committed 9984K, reserved 1048576K
Event: 21.581 GC heap after
Heap after GC invocations=16 (full 3):
 PSYoungGen      total 246272K, used 32751K [0x0000000795580000, 0x00000007a9f00000, 0x00000007c0000000)
  eden space 213504K, 0% used [0x0000000795580000,0x0000000795580000,0x00000007a2600000)
  from space 32768K, 99% used [0x00000007a2600000,0x00000007a45fbe10,0x00000007a4600000)
  to   space 39424K, 0% used [0x00000007a7880000,0x00000007a7880000,0x00000007a9f00000)
 ParOldGen       total 154624K, used 46133K [0x0000000740000000, 0x0000000749700000, 0x0000000795580000)
  object space 154624K, 29% used [0x0000000740000000,0x0000000742d0d400,0x0000000749700000)
 Metaspace       used 67804K, capacity 71185K, committed 71384K, reserved 1110016K
  class space    used 9188K, capacity 9907K, committed 9984K, reserved 1048576K
}
Event: 23.712 GC heap before
{Heap before GC invocations=17 (full 3):
 PSYoungGen      total 246272K, used 246255K [0x0000000795580000, 0x00000007a9f00000, 0x00000007c0000000)
  eden space 213504K, 100% used [0x0000000795580000,0x00000007a2600000,0x00000007a2600000)
  from space 32768K, 99% used [0x00000007a2600000,0x00000007a45fbe10,0x00000007a4600000)
  to   space 39424K, 0% used [0x00000007a7880000,0x00000007a7880000,0x00000007a9f00000)
 ParOldGen       total 154624K, used 46133K [0x0000000740000000, 0x0000000749700000, 0x0000000795580000)
  object space 154624K, 29% used [0x0000000740000000,0x0000000742d0d400,0x0000000749700000)
 Metaspace       used 72460K, capacity 76009K, committed 76120K, reserved 1114112K
  class space    used 9814K, capacity 10575K, committed 10624K, reserved 1048576K
Event: 23.789 GC heap after
Heap after GC invocations=17 (full 3):
 PSYoungGen      total 289280K, used 39413K [0x0000000795580000, 0x00000007ab580000, 0x00000007c0000000)
  eden space 249856K, 0% used [0x0000000795580000,0x0000000795580000,0x00000007a4980000)
  from space 39424K, 99% used [0x00000007a7880000,0x00000007a9efd428,0x00000007a9f00000)
  to   space 48128K, 0% used [0x00000007a4980000,0x00000007a4980000,0x00000007a7880000)
 ParOldGen       total 154624K, used 52591K [0x0000000740000000, 0x0000000749700000, 0x0000000795580000)
  object space 154624K, 34% used [0x0000000740000000,0x000000074335be40,0x0000000749700000)
 Metaspace       used 72460K, capacity 76009K, committed 76120K, reserved 1114112K
  class space    used 9814K, capacity 10575K, committed 10624K, reserved 1048576K
}

Deoptimization events (10 events):
Event: 23.215 Thread 0x00007ff1a565b000 Uncommon trap: reason=unstable_if action=reinterpret pc=0x000000010c117c38 method=com.google.common.collect.MapMakerInternalMap$Segment.put(Ljava/lang/Object;ILjava/lang/Object;Z)Ljava/lang/Object; @ 92
Event: 23.215 Thread 0x00007ff1a565b000 Uncommon trap: reason=unstable_if action=reinterpret pc=0x000000010b6a39a8 method=com.google.common.cache.LongAdder.add(J)V @ 72
Event: 23.217 Thread 0x00007ff1a565b000 Uncommon trap: reason=null_check action=make_not_entrant pc=0x000000010aca0604 method=org.gradle.tooling.internal.provider.runner.SubtreeFilteringBuildOperationListener.finished(Lorg/gradle/internal/operations/BuildOperationDescriptor;Lorg/gradle/internal
Event: 23.217 Thread 0x00007ff1a5655800 Uncommon trap: reason=null_check action=make_not_entrant pc=0x000000010aca0604 method=org.gradle.tooling.internal.provider.runner.SubtreeFilteringBuildOperationListener.finished(Lorg/gradle/internal/operations/BuildOperationDescriptor;Lorg/gradle/internal
Event: 23.447 Thread 0x00007ff19f5da000 Uncommon trap: reason=unstable_if action=reinterpret pc=0x000000010ab68cdc method=java.util.LinkedHashMap.afterNodeInsertion(Z)V @ 18
Event: 23.447 Thread 0x00007ff19f5da000 Uncommon trap: reason=bimorphic action=maybe_recompile pc=0x000000010befb164 method=java.util.HashMap.removeNode(ILjava/lang/Object;Ljava/lang/Object;ZZ)Ljava/util/HashMap$Node; @ 283
Event: 23.525 Thread 0x00007ff1a44da800 Uncommon trap: reason=bimorphic action=maybe_recompile pc=0x000000010befb164 method=java.util.HashMap.removeNode(ILjava/lang/Object;Ljava/lang/Object;ZZ)Ljava/util/HashMap$Node; @ 283
Event: 23.534 Thread 0x00007ff1a44da800 Uncommon trap: reason=bimorphic action=maybe_recompile pc=0x000000010befb164 method=java.util.HashMap.removeNode(ILjava/lang/Object;Ljava/lang/Object;ZZ)Ljava/util/HashMap$Node; @ 283
Event: 23.535 Thread 0x00007ff1a44da800 Uncommon trap: reason=bimorphic action=maybe_recompile pc=0x000000010befb164 method=java.util.HashMap.removeNode(ILjava/lang/Object;Ljava/lang/Object;ZZ)Ljava/util/HashMap$Node; @ 283
Event: 24.025 Thread 0x00007ff19f5da000 Uncommon trap: reason=unstable_if action=reinterpret pc=0x000000010b863b34 method=java.util.concurrent.ConcurrentHashMap.replaceNode(Ljava/lang/Object;Ljava/lang/Object;Ljava/lang/Object;)Ljava/lang/Object; @ 99

Classes redefined (0 events):
No events

Internal exceptions (10 events):
Event: 21.887 Thread 0x00007ff19f5da000 Exception <a 'java/lang/NoSuchMethodError': <clinit>> (0x0000000797c7b9d0) thrown at [/Volumes/Android/buildbot/src/googleplex-android/openjdk/out/hotspot/src/share/vm/prims/jni.cpp, line 1615]
Event: 21.887 Thread 0x00007ff19f5da000 Exception <a 'java/lang/NoSuchMethodError': <clinit>> (0x0000000797c7ccf0) thrown at [/Volumes/Android/buildbot/src/googleplex-android/openjdk/out/hotspot/src/share/vm/prims/jni.cpp, line 1615]
Event: 23.096 Thread 0x00007ff19f5da000 Exception <a 'sun/nio/fs/UnixException'> (0x000000079d2c2448) thrown at [/Volumes/Android/buildbot/src/googleplex-android/openjdk/out/hotspot/src/share/vm/prims/jni.cpp, line 710]
Event: 23.096 Thread 0x00007ff19f5da000 Exception <a 'sun/nio/fs/UnixException'> (0x000000079d2c3828) thrown at [/Volumes/Android/buildbot/src/googleplex-android/openjdk/out/hotspot/src/share/vm/prims/jni.cpp, line 710]
Event: 23.214 Thread 0x00007ff1a616e000 Implicit null exception at 0x000000010b4b872e to 0x000000010b4b8fed
Event: 23.214 Thread 0x00007ff1a565b000 Implicit null exception at 0x000000010b4b872e to 0x000000010b4b8fed
Event: 23.215 Thread 0x00007ff1a565b000 Implicit null exception at 0x000000010b6a32bd to 0x000000010b6a3985
Event: 23.217 Thread 0x00007ff1a565b000 Implicit null exception at 0x000000010ac9fb6c to 0x000000010aca05dd
Event: 23.217 Thread 0x00007ff1a5655800 Implicit null exception at 0x000000010ac9fb6c to 0x000000010aca05dd
Event: 23.505 Thread 0x00007ff19f5da000 Exception <a 'java/lang/NoSuchMethodError': java.lang.Object.lambda$static$0(Lorg/gradle/internal/snapshot/FileSystemSnapshotVisitor;)V> (0x00000007a054a3f8) thrown at [/Volumes/Android/buildbot/src/googleplex-android/openjdk/out/hotspot/src/share/vm/inte

Events (10 events):
Event: 24.025 Thread 0x00007ff19f5da000 DEOPT PACKING pc=0x000000010b863b34 sp=0x0000700015d7f7f0
Event: 24.025 Thread 0x00007ff19f5da000 DEOPT UNPACKING pc=0x000000010aa7c47a sp=0x0000700015d7f770 mode 2
Event: 24.032 loading class org/gradle/api/specs/OrSpec
Event: 24.032 loading class org/gradle/api/specs/OrSpec done
Event: 24.097 Executing VM operation: RevokeBias
Event: 24.097 Executing VM operation: RevokeBias done
Event: 24.098 loading class org/gradle/api/specs/Spec
Event: 24.098 loading class org/gradle/api/specs/Spec done
Event: 24.175 Thread 0x00007ff19f5da000 DEOPT PACKING pc=0x000000010c021e71 sp=0x0000700015d7e460
Event: 24.175 Thread 0x00007ff19f5da000 DEOPT UNPACKING pc=0x000000010aa7e4c4 sp=0x0000700015d7e1f0 mode 0


Dynamic libraries:
0x00007fff307a0000 	/System/Library/Frameworks/Cocoa.framework/Versions/A/Cocoa
0x00007fff3df99000 	/System/Library/Frameworks/Security.framework/Versions/A/Security
0x00007fff2f705000 	/System/Library/Frameworks/ApplicationServices.framework/Versions/A/ApplicationServices
0x00007fff6aabd000 	/usr/lib/libz.1.dylib
0x00007fff68581000 	/usr/lib/libSystem.B.dylib
0x00007fff31642000 	/System/Library/Frameworks/CoreFoundation.framework/Versions/A/CoreFoundation
0x00007fff33cff000 	/System/Library/Frameworks/Foundation.framework/Versions/C/Foundation
0x00007fff6a3e1000 	/usr/lib/libobjc.A.dylib
0x00007fff2e8f5000 	/System/Library/Frameworks/AppKit.framework/Versions/C/AppKit
0x00007fff31124000 	/System/Library/Frameworks/CoreData.framework/Versions/A/CoreData
0x00007fff62596000 	/System/Library/PrivateFrameworks/UIFoundation.framework/Versions/A/UIFoundation
0x00007fff5d62a000 	/System/Library/PrivateFrameworks/RemoteViewServices.framework/Versions/A/RemoteViewServices
0x00007fff650f1000 	/System/Library/PrivateFrameworks/XCTTargetBootstrap.framework/Versions/A/XCTTargetBootstrap
0x00007fff3150f000 	/System/Library/Frameworks/CoreDisplay.framework/Versions/A/CoreDisplay
0x00007fff36bba000 	/System/Library/Frameworks/Metal.framework/Versions/A/Metal
0x00007fff4b62d000 	/System/Library/PrivateFrameworks/DesktopServicesPriv.framework/Versions/A/DesktopServicesPriv
0x00007fff696bc000 	/usr/lib/liblangid.dylib
0x00007fff4a8c2000 	/System/Library/PrivateFrameworks/CoreSVG.framework/Versions/A/CoreSVG
0x00007fff60786000 	/System/Library/PrivateFrameworks/SkyLight.framework/Versions/A/SkyLight
0x00007fff31ac3000 	/System/Library/Frameworks/CoreGraphics.framework/Versions/A/CoreGraphics
0x00007fff2d2c9000 	/System/Library/Frameworks/Accelerate.framework/Versions/A/Accelerate
0x00007fff6a9ae000 	/usr/lib/libxml2.2.dylib
0x00007fff565b5000 	/System/Library/PrivateFrameworks/IconServices.framework/Versions/A/IconServices
0x00007fff344de000 	/System/Library/Frameworks/IOSurface.framework/Versions/A/IOSurface
0x00007fff680ab000 	/usr/lib/libDiagnosticMessagesClient.dylib
0x00007fff4b487000 	/System/Library/PrivateFrameworks/DFRFoundation.framework/Versions/A/DFRFoundation
0x00007fff6944b000 	/usr/lib/libicucore.A.dylib
0x00007fff2fa37000 	/System/Library/Frameworks/AudioToolbox.framework/Versions/A/AudioToolbox
0x00007fff2fb1a000 	/System/Library/Frameworks/AudioUnit.framework/Versions/A/AudioUnit
0x00007fff68783000 	/usr/lib/libauto.dylib
0x00007fff4b529000 	/System/Library/PrivateFrameworks/DataDetectorsCore.framework/Versions/A/DataDetectorsCore
0x00007fff302c1000 	/System/Library/Frameworks/Carbon.framework/Versions/A/Frameworks/HIToolbox.framework/Versions/A/HIToolbox
0x00007fff3d193000 	/System/Library/Frameworks/QuartzCore.framework/Versions/A/QuartzCore
0x00007fff30600000 	/System/Library/Frameworks/Carbon.framework/Versions/A/Frameworks/SpeechRecognition.framework/Versions/A/SpeechRecognition
0x00007fff4af9b000 	/System/Library/PrivateFrameworks/CoreUI.framework/Versions/A/CoreUI
0x00007fff30b8f000 	/System/Library/Frameworks/CoreAudio.framework/Versions/A/CoreAudio
0x00007fff339be000 	/System/Library/Frameworks/DiskArbitration.framework/Versions/A/DiskArbitration
0x00007fff58605000 	/System/Library/PrivateFrameworks/MultitouchSupport.framework/Versions/A/MultitouchSupport
0x00007fff69312000 	/usr/lib/libenergytrace.dylib
0x00007fff34438000 	/System/Library/Frameworks/IOKit.framework/Versions/A/IOKit
0x00007fff32a2a000 	/System/Library/Frameworks/CoreServices.framework/Versions/A/CoreServices
0x00007fff5a7bd000 	/System/Library/PrivateFrameworks/PerformanceAnalysis.framework/Versions/A/PerformanceAnalysis
0x00007fff3c1c6000 	/System/Library/Frameworks/OpenGL.framework/Versions/A/OpenGL
0x00007fff307ae000 	/System/Library/Frameworks/ColorSync.framework/Versions/A/ColorSync
0x00007fff32146000 	/System/Library/Frameworks/CoreImage.framework/Versions/A/CoreImage
0x00007fff3349d000 	/System/Library/Frameworks/CoreText.framework/Versions/A/CoreText
0x00007fff3456e000 	/System/Library/Frameworks/ImageIO.framework/Versions/A/ImageIO
0x00007fff68867000 	/usr/lib/libc++.1.dylib
0x00007fff688e3000 	/usr/lib/libcompression.dylib
0x00007fff683ef000 	/usr/lib/libMobileGestalt.dylib
0x00007fff62300000 	/System/Library/PrivateFrameworks/TextureIO.framework/Versions/A/TextureIO
0x00007fff686e6000 	/usr/lib/libate.dylib
0x00007fff567be000 	/System/Library/PrivateFrameworks/InternationalSupport.framework/Versions/A/InternationalSupport
0x00007fff6b37e000 	/usr/lib/system/libcache.dylib
0x00007fff6b384000 	/usr/lib/system/libcommonCrypto.dylib
0x00007fff6b390000 	/usr/lib/system/libcompiler_rt.dylib
0x00007fff6b398000 	/usr/lib/system/libcopyfile.dylib
0x00007fff6b3a2000 	/usr/lib/system/libcorecrypto.dylib
0x00007fff6b541000 	/usr/lib/system/libdispatch.dylib
0x00007fff6b582000 	/usr/lib/system/libdyld.dylib
0x00007fff6b5b9000 	/usr/lib/system/libkeymgr.dylib
0x00007fff6b5c7000 	/usr/lib/system/liblaunch.dylib
0x00007fff6b5c8000 	/usr/lib/system/libmacho.dylib
0x00007fff6b5ce000 	/usr/lib/system/libquarantine.dylib
0x00007fff6b5d1000 	/usr/lib/system/libremovefile.dylib
0x00007fff6b5d3000 	/usr/lib/system/libsystem_asl.dylib
0x00007fff6b5eb000 	/usr/lib/system/libsystem_blocks.dylib
0x00007fff6b5ec000 	/usr/lib/system/libsystem_c.dylib
0x00007fff6b674000 	/usr/lib/system/libsystem_configuration.dylib
0x00007fff6b678000 	/usr/lib/system/libsystem_coreservices.dylib
0x00007fff6b67c000 	/usr/lib/system/libsystem_darwin.dylib
0x00007fff6b685000 	/usr/lib/system/libsystem_dnssd.dylib
0x00007fff6b68d000 	/usr/lib/system/libsystem_featureflags.dylib
0x00007fff6b68f000 	/usr/lib/system/libsystem_info.dylib
0x00007fff6b70a000 	/usr/lib/system/libsystem_m.dylib
0x00007fff6b752000 	/usr/lib/system/libsystem_malloc.dylib
0x00007fff6b77a000 	/usr/lib/system/libsystem_networkextension.dylib
0x00007fff6b788000 	/usr/lib/system/libsystem_notify.dylib
0x00007fff6b7a6000 	/usr/lib/system/libsystem_sandbox.dylib
0x00007fff6b7ab000 	/usr/lib/system/libsystem_secinit.dylib
0x00007fff6b6dd000 	/usr/lib/system/libsystem_kernel.dylib
0x00007fff6b792000 	/usr/lib/system/libsystem_platform.dylib
0x00007fff6b79b000 	/usr/lib/system/libsystem_pthread.dylib
0x00007fff6b7ae000 	/usr/lib/system/libsystem_symptoms.dylib
0x00007fff6b7b6000 	/usr/lib/system/libsystem_trace.dylib
0x00007fff6b7ce000 	/usr/lib/system/libunwind.dylib
0x00007fff6b7d4000 	/usr/lib/system/libxpc.dylib
0x00007fff688ba000 	/usr/lib/libc++abi.dylib
0x00007fff696be000 	/usr/lib/liblzma.5.dylib
0x00007fff69339000 	/usr/lib/libfakelink.dylib
0x00007fff68673000 	/usr/lib/libarchive.2.dylib
0x00007fff3f04a000 	/System/Library/Frameworks/SystemConfiguration.framework/Versions/A/SystemConfiguration
0x00007fff67fde000 	/usr/lib/libCRFSuite.dylib
0x00007fff2feb1000 	/System/Library/Frameworks/CFNetwork.framework/Versions/A/CFNetwork
0x00007fff68849000 	/usr/lib/libbsm.0.dylib
0x00007fff6b5ba000 	/usr/lib/system/libkxld.dylib
0x00007fff44e04000 	/System/Library/PrivateFrameworks/AppleFSCompression.framework/Versions/A/AppleFSCompression
0x00007fff68bd4000 	/usr/lib/libcoretls.dylib
0x00007fff68beb000 	/usr/lib/libcoretls_cfhelpers.dylib
0x00007fff6a427000 	/usr/lib/libpam.2.dylib
0x00007fff6a55c000 	/usr/lib/libsqlite3.dylib
0x00007fff6a99b000 	/usr/lib/libxar.1.dylib
0x00007fff6885a000 	/usr/lib/libbz2.1.0.dylib
0x00007fff6935a000 	/usr/lib/libiconv.2.dylib
0x00007fff688d0000 	/usr/lib/libcharset.1.dylib
0x00007fff69ec4000 	/usr/lib/libnetwork.dylib
0x00007fff6a42e000 	/usr/lib/libpcap.A.dylib
0x00007fff68628000 	/usr/lib/libapple_nghttp2.dylib
0x00007fff32de1000 	/System/Library/Frameworks/CoreServices.framework/Versions/A/Frameworks/FSEvents.framework/Versions/A/FSEvents
0x00007fff32ab1000 	/System/Library/Frameworks/CoreServices.framework/Versions/A/Frameworks/CarbonCore.framework/Versions/A/CarbonCore
0x00007fff33025000 	/System/Library/Frameworks/CoreServices.framework/Versions/A/Frameworks/Metadata.framework/Versions/A/Metadata
0x00007fff330be000 	/System/Library/Frameworks/CoreServices.framework/Versions/A/Frameworks/OSServices.framework/Versions/A/OSServices
0x00007fff330ec000 	/System/Library/Frameworks/CoreServices.framework/Versions/A/Frameworks/SearchKit.framework/Versions/A/SearchKit
0x00007fff32a2b000 	/System/Library/Frameworks/CoreServices.framework/Versions/A/Frameworks/AE.framework/Versions/A/AE
0x00007fff32dea000 	/System/Library/Frameworks/CoreServices.framework/Versions/A/Frameworks/LaunchServices.framework/Versions/A/LaunchServices
0x00007fff32d93000 	/System/Library/Frameworks/CoreServices.framework/Versions/A/Frameworks/DictionaryServices.framework/Versions/A/DictionaryServices
0x00007fff33154000 	/System/Library/Frameworks/CoreServices.framework/Versions/A/Frameworks/SharedFileList.framework/Versions/A/SharedFileList
0x00007fff37fe5000 	/System/Library/Frameworks/NetFS.framework/Versions/A/NetFS
0x00007fff58b35000 	/System/Library/PrivateFrameworks/NetAuth.framework/Versions/A/NetAuth
0x00007fff654be000 	/System/Library/PrivateFrameworks/login.framework/Versions/A/Frameworks/loginsupport.framework/Versions/A/loginsupport
0x00007fff61dcb000 	/System/Library/PrivateFrameworks/TCC.framework/Versions/A/TCC
0x00007fff49a35000 	/System/Library/PrivateFrameworks/CoreNLP.framework/Versions/A/CoreNLP
0x00007fff58032000 	/System/Library/PrivateFrameworks/MetadataUtilities.framework/Versions/A/MetadataUtilities
0x00007fff69796000 	/usr/lib/libmecabra.dylib
0x00007fff696ee000 	/usr/lib/libmecab.dylib
0x00007fff6934a000 	/usr/lib/libgermantok.dylib
0x00007fff6860f000 	/usr/lib/libThaiTokenizer.dylib
0x00007fff68015000 	/usr/lib/libChineseTokenizer.dylib
0x00007fff2d2e1000 	/System/Library/Frameworks/Accelerate.framework/Versions/A/Frameworks/vImage.framework/Versions/A/vImage
0x00007fff2e74b000 	/System/Library/Frameworks/Accelerate.framework/Versions/A/Frameworks/vecLib.framework/Versions/A/vecLib
0x00007fff2e688000 	/System/Library/Frameworks/Accelerate.framework/Versions/A/Frameworks/vecLib.framework/Versions/A/libvMisc.dylib
0x00007fff2e4b0000 	/System/Library/Frameworks/Accelerate.framework/Versions/A/Frameworks/vecLib.framework/Versions/A/libvDSP.dylib
0x00007fff2d938000 	/System/Library/Frameworks/Accelerate.framework/Versions/A/Frameworks/vecLib.framework/Versions/A/libBLAS.dylib
0x00007fff2e074000 	/System/Library/Frameworks/Accelerate.framework/Versions/A/Frameworks/vecLib.framework/Versions/A/libLAPACK.dylib
0x00007fff2e410000 	/System/Library/Frameworks/Accelerate.framework/Versions/A/Frameworks/vecLib.framework/Versions/A/libLinearAlgebra.dylib
0x00007fff2e49d000 	/System/Library/Frameworks/Accelerate.framework/Versions/A/Frameworks/vecLib.framework/Versions/A/libSparseBLAS.dylib
0x00007fff2e426000 	/System/Library/Frameworks/Accelerate.framework/Versions/A/Frameworks/vecLib.framework/Versions/A/libQuadrature.dylib
0x00007fff2dba0000 	/System/Library/Frameworks/Accelerate.framework/Versions/A/Frameworks/vecLib.framework/Versions/A/libBNNS.dylib
0x00007fff2e42c000 	/System/Library/Frameworks/Accelerate.framework/Versions/A/Frameworks/vecLib.framework/Versions/A/libSparse.dylib
0x00007fff56ba6000 	/System/Library/PrivateFrameworks/LanguageModeling.framework/Versions/A/LanguageModeling
0x00007fff493e5000 	/System/Library/PrivateFrameworks/CoreEmoji.framework/Versions/A/CoreEmoji
0x00007fff56cc4000 	/System/Library/PrivateFrameworks/LinguisticData.framework/Versions/A/LinguisticData
0x00007fff56c75000 	/System/Library/PrivateFrameworks/Lexicon.framework/Versions/A/Lexicon
0x00007fff688d1000 	/usr/lib/libcmph.dylib
0x00007fff3abd4000 	/System/Library/Frameworks/OpenDirectory.framework/Versions/A/Frameworks/CFOpenDirectory.framework/Versions/A/CFOpenDirectory
0x00007fff3abf1000 	/System/Library/Frameworks/OpenDirectory.framework/Versions/A/OpenDirectory
0x00007fff43034000 	/System/Library/PrivateFrameworks/APFS.framework/Versions/A/APFS
0x00007fff3e2e3000 	/System/Library/Frameworks/SecurityFoundation.framework/Versions/A/SecurityFoundation
0x00007fff6a997000 	/usr/lib/libutil.dylib
0x00007fff4a91a000 	/System/Library/PrivateFrameworks/CoreServicesStore.framework/Versions/A/CoreServicesStore
0x00007fff3e39a000 	/System/Library/Frameworks/ServiceManagement.framework/Versions/A/ServiceManagement
0x00007fff465d4000 	/System/Library/PrivateFrameworks/BackgroundTaskManagement.framework/Versions/A/BackgroundTaskManagement
0x00007fff6aa94000 	/usr/lib/libxslt.1.dylib
0x00007fff45477000 	/System/Library/PrivateFrameworks/AppleSystemInfo.framework/Versions/A/AppleSystemInfo
0x00007fff34789000 	/System/Library/Frameworks/ImageIO.framework/Versions/A/Resources/libJPEG.dylib
0x00007fff34a48000 	/System/Library/Frameworks/ImageIO.framework/Versions/A/Resources/libTIFF.dylib
0x00007fff34a2b000 	/System/Library/Frameworks/ImageIO.framework/Versions/A/Resources/libPng.dylib
0x00007fff346cb000 	/System/Library/Frameworks/ImageIO.framework/Versions/A/Resources/libGIF.dylib
0x00007fff346cf000 	/System/Library/Frameworks/ImageIO.framework/Versions/A/Resources/libJP2.dylib
0x00007fff34a46000 	/System/Library/Frameworks/ImageIO.framework/Versions/A/Resources/libRadiance.dylib
0x00007fff69313000 	/usr/lib/libexpat.1.dylib
0x00007fff44f5f000 	/System/Library/PrivateFrameworks/AppleJPEG.framework/Versions/A/AppleJPEG
0x00007fff4dc1a000 	/System/Library/PrivateFrameworks/FontServices.framework/libFontParser.dylib
0x00007fff644c0000 	/System/Library/PrivateFrameworks/WatchdogClient.framework/Versions/A/WatchdogClient
0x00007fff56201000 	/System/Library/PrivateFrameworks/IOAccelerator.framework/Versions/A/IOAccelerator
0x00007fff36f55000 	/System/Library/Frameworks/MetalPerformanceShaders.framework/Versions/A/MetalPerformanceShaders
0x00007fff52997000 	/System/Library/PrivateFrameworks/GPUWrangler.framework/Versions/A/GPUWrangler
0x00007fff56216000 	/System/Library/PrivateFrameworks/IOPresentment.framework/Versions/A/IOPresentment
0x00007fff4b49a000 	/System/Library/PrivateFrameworks/DSExternalDisplay.framework/Versions/A/DSExternalDisplay
0x00007fff3b565000 	/System/Library/Frameworks/OpenGL.framework/Versions/A/Libraries/libCoreFSCache.dylib
0x00007fff36ca1000 	/System/Library/Frameworks/MetalPerformanceShaders.framework/Frameworks/MPSCore.framework/Versions/A/MPSCore
0x00007fff36cdf000 	/System/Library/Frameworks/MetalPerformanceShaders.framework/Frameworks/MPSImage.framework/Versions/A/MPSImage
0x00007fff36da6000 	/System/Library/Frameworks/MetalPerformanceShaders.framework/Frameworks/MPSNeuralNetwork.framework/Versions/A/MPSNeuralNetwork
0x00007fff36d6a000 	/System/Library/Frameworks/MetalPerformanceShaders.framework/Frameworks/MPSMatrix.framework/Versions/A/MPSMatrix
0x00007fff36f05000 	/System/Library/Frameworks/MetalPerformanceShaders.framework/Frameworks/MPSRayIntersector.framework/Versions/A/MPSRayIntersector
0x00007fff36d90000 	/System/Library/Frameworks/MetalPerformanceShaders.framework/Frameworks/MPSNDArray.framework/Versions/A/MPSNDArray
0x00007fff5807f000 	/System/Library/PrivateFrameworks/MetalTools.framework/Versions/A/MetalTools
0x00007fff4420e000 	/System/Library/PrivateFrameworks/AggregateDictionary.framework/Versions/A/AggregateDictionary
0x00007fff48e2d000 	/System/Library/PrivateFrameworks/CoreAnalytics.framework/Versions/A/CoreAnalytics
0x00007fff45396000 	/System/Library/PrivateFrameworks/AppleSauce.framework/Versions/A/AppleSauce
0x00007fff682d1000 	/usr/lib/libIOReport.dylib
0x00007fff33655000 	/System/Library/Frameworks/CoreVideo.framework/Versions/A/CoreVideo
0x00007fff53e10000 	/System/Library/PrivateFrameworks/GraphVisualizer.framework/Versions/A/GraphVisualizer
0x00007fff4d160000 	/System/Library/PrivateFrameworks/FaceCore.framework/Versions/A/FaceCore
0x00007fff3ab7b000 	/System/Library/Frameworks/OpenCL.framework/Versions/A/OpenCL
0x00007fff680f3000 	/usr/lib/libFosl_dynamic.dylib
0x00007fff59555000 	/System/Library/PrivateFrameworks/OTSVG.framework/Versions/A/OTSVG
0x00007fff2f80a000 	/System/Library/Frameworks/ApplicationServices.framework/Versions/A/Frameworks/ATS.framework/Versions/A/Resources/libFontRegistry.dylib
0x00007fff4ddeb000 	/System/Library/PrivateFrameworks/FontServices.framework/libhvf.dylib
0x00007fff3b570000 	/System/Library/Frameworks/OpenGL.framework/Versions/A/Libraries/libGFXShared.dylib
0x00007fff3b74e000 	/System/Library/Frameworks/OpenGL.framework/Versions/A/Libraries/libGLU.dylib
0x00007fff3b579000 	/System/Library/Frameworks/OpenGL.framework/Versions/A/Libraries/libGL.dylib
0x00007fff3b584000 	/System/Library/Frameworks/OpenGL.framework/Versions/A/Libraries/libGLImage.dylib
0x00007fff3b562000 	/System/Library/Frameworks/OpenGL.framework/Versions/A/Libraries/libCVMSPluginSupport.dylib
0x00007fff3b56b000 	/System/Library/Frameworks/OpenGL.framework/Versions/A/Libraries/libCoreVMClient.dylib
0x00007fff69d65000 	/usr/lib/libncurses.5.4.dylib
0x00007fff2f706000 	/System/Library/Frameworks/ApplicationServices.framework/Versions/A/Frameworks/ATS.framework/Versions/A/ATS
0x00007fff2f8d3000 	/System/Library/Frameworks/ApplicationServices.framework/Versions/A/Frameworks/ColorSyncLegacy.framework/Versions/A/ColorSyncLegacy
0x00007fff2f971000 	/System/Library/Frameworks/ApplicationServices.framework/Versions/A/Frameworks/HIServices.framework/Versions/A/HIServices
0x00007fff2f9c9000 	/System/Library/Frameworks/ApplicationServices.framework/Versions/A/Frameworks/LangAnalysis.framework/Versions/A/LangAnalysis
0x00007fff2f9d8000 	/System/Library/Frameworks/ApplicationServices.framework/Versions/A/Frameworks/PrintCore.framework/Versions/A/PrintCore
0x00007fff2fa1e000 	/System/Library/Frameworks/ApplicationServices.framework/Versions/A/Frameworks/QD.framework/Versions/A/QD
0x00007fff2fa29000 	/System/Library/Frameworks/ApplicationServices.framework/Versions/A/Frameworks/SpeechSynthesis.framework/Versions/A/SpeechSynthesis
0x00007fff2f8a3000 	/System/Library/Frameworks/ApplicationServices.framework/Versions/A/Frameworks/ATSUI.framework/Versions/A/ATSUI
0x00007fff691a9000 	/usr/lib/libcups.2.dylib
0x00007fff35ff0000 	/System/Library/Frameworks/Kerberos.framework/Versions/A/Kerberos
0x00007fff34131000 	/System/Library/Frameworks/GSS.framework/Versions/A/GSS
0x00007fff6a4e8000 	/usr/lib/libresolv.9.dylib
0x00007fff53fbd000 	/System/Library/PrivateFrameworks/Heimdal.framework/Versions/A/Heimdal
0x00007fff36003000 	/System/Library/Frameworks/Kerberos.framework/Versions/A/Libraries/libHeimdalProxy.dylib
0x00007fff69350000 	/usr/lib/libheimdal-asn1.dylib
0x00007fff482c5000 	/System/Library/PrivateFrameworks/CommonAuth.framework/Versions/A/CommonAuth
0x00007fff45514000 	/System/Library/PrivateFrameworks/AssertionServices.framework/Versions/A/AssertionServices
0x00007fff460b7000 	/System/Library/PrivateFrameworks/AudioToolboxCore.framework/Versions/A/AudioToolboxCore
0x00007fff6516e000 	/System/Library/PrivateFrameworks/caulk.framework/Versions/A/caulk
0x00007fff46680000 	/System/Library/PrivateFrameworks/BaseBoard.framework/Versions/A/BaseBoard
0x00007fff5d7b8000 	/System/Library/PrivateFrameworks/RunningBoardServices.framework/Versions/A/RunningBoardServices
0x00007fff5a7c9000 	/System/Library/PrivateFrameworks/PersistentConnection.framework/Versions/A/PersistentConnection
0x00007fff5d1b1000 	/System/Library/PrivateFrameworks/ProtocolBuffer.framework/Versions/A/ProtocolBuffer
0x00007fff482e9000 	/System/Library/PrivateFrameworks/CommonUtilities.framework/Versions/A/CommonUtilities
0x00007fff4680e000 	/System/Library/PrivateFrameworks/Bom.framework/Versions/A/Bom
0x00007fff67fa4000 	/usr/lib/libAudioToolboxUtility.dylib
0x00007fff465de000 	/System/Library/PrivateFrameworks/Backup.framework/Versions/A/Backup
0x00007fff4b3bb000 	/System/Library/PrivateFrameworks/CrashReporterSupport.framework/Versions/A/CrashReporterSupport
0x00007fff5f24a000 	/System/Library/PrivateFrameworks/Sharing.framework/Versions/A/Sharing
0x00007fff44b22000 	/System/Library/PrivateFrameworks/Apple80211.framework/Versions/A/Apple80211
0x00007fff462fb000 	/System/Library/PrivateFrameworks/AuthKit.framework/Versions/A/AuthKit
0x00007fff4b0c8000 	/System/Library/PrivateFrameworks/CoreUtils.framework/Versions/A/CoreUtils
0x00007fff3369a000 	/System/Library/Frameworks/CoreWLAN.framework/Versions/A/CoreWLAN
0x00007fff342be000 	/System/Library/Frameworks/IOBluetooth.framework/Versions/A/IOBluetooth
0x00007fff58384000 	/System/Library/PrivateFrameworks/MobileKeyBag.framework/Versions/A/MobileKeyBag
0x00007fff49ecd000 	/System/Library/PrivateFrameworks/CorePhoneNumbers.framework/Versions/A/CorePhoneNumbers
0x00007fff44f12000 	/System/Library/PrivateFrameworks/AppleIDAuthSupport.framework/Versions/A/AppleIDAuthSupport
0x00007fff37ff2000 	/System/Library/Frameworks/Network.framework/Versions/A/Network
0x00007fff56a52000 	/System/Library/PrivateFrameworks/KeychainCircle.framework/Versions/A/KeychainCircle
0x00007fff310eb000 	/System/Library/Frameworks/CoreBluetooth.framework/Versions/A/CoreBluetooth
0x00007fff612c9000 	/System/Library/PrivateFrameworks/SpeechRecognitionCore.framework/Versions/A/SpeechRecognitionCore
0x0000000101e00000 	/private/var/folders/nk/77tzydc5271b4jt6909jb9m80000gn/T/AppTranslocation/3C42BCCC-F139-468D-9340-7D1B34EBFFDD/d/Android Studio.app/Contents/jre/jdk/Contents/Home/jre/lib/server/libjvm.dylib
0x00007fff6a86a000 	/usr/lib/libstdc++.6.dylib
0x00000001015a4000 	/private/var/folders/nk/77tzydc5271b4jt6909jb9m80000gn/T/AppTranslocation/3C42BCCC-F139-468D-9340-7D1B34EBFFDD/d/Android Studio.app/Contents/jre/jdk/Contents/Home/jre/lib/libverify.dylib
0x00000001015b6000 	/private/var/folders/nk/77tzydc5271b4jt6909jb9m80000gn/T/AppTranslocation/3C42BCCC-F139-468D-9340-7D1B34EBFFDD/d/Android Studio.app/Contents/jre/jdk/Contents/Home/jre/lib/libjava.dylib
0x0000000102d02000 	/private/var/folders/nk/77tzydc5271b4jt6909jb9m80000gn/T/AppTranslocation/3C42BCCC-F139-468D-9340-7D1B34EBFFDD/d/Android Studio.app/Contents/jre/jdk/Contents/Home/jre/lib/libzip.dylib
0x000000010a0ee000 	/private/var/folders/nk/77tzydc5271b4jt6909jb9m80000gn/T/AppTranslocation/3C42BCCC-F139-468D-9340-7D1B34EBFFDD/d/Android Studio.app/Contents/jre/jdk/Contents/Home/jre/lib/libnio.dylib
0x000000010a109000 	/private/var/folders/nk/77tzydc5271b4jt6909jb9m80000gn/T/AppTranslocation/3C42BCCC-F139-468D-9340-7D1B34EBFFDD/d/Android Studio.app/Contents/jre/jdk/Contents/Home/jre/lib/libnet.dylib
0x000000010a670000 	/Users/soso/.gradle/native/f6784746aeab05261644944871eae4fe03e0ef1612fff0a4a95f87b438bc6780/osx-amd64/libnative-platform.dylib
0x0000000119ab7000 	/private/var/folders/nk/77tzydc5271b4jt6909jb9m80000gn/T/AppTranslocation/3C42BCCC-F139-468D-9340-7D1B34EBFFDD/d/Android Studio.app/Contents/jre/jdk/Contents/Home/jre/lib/libmanagement.dylib

VM Arguments:
jvm_args: -Xmx2048m -Dfile.encoding=UTF-8 -Duser.country=FR -Duser.language=fr -Duser.variant 
java_command: org.gradle.launcher.daemon.bootstrap.GradleDaemon 6.5
java_class_path (initial): /Users/soso/.gradle/wrapper/dists/gradle-6.5-all/2oz4ud9k3tuxjg84bbf55q0tn/gradle-6.5/lib/gradle-launcher-6.5.jar
Launcher Type: SUN_STANDARD

Environment Variables:
PATH=/usr/local/bin:/usr/bin:/bin:/usr/sbin:/sbin
SHELL=/bin/zsh

Signal Handlers:
SIGSEGV: [libjvm.dylib+0x565c43], sa_mask[0]=11111111011111110111111111111111, sa_flags=SA_ONSTACK|SA_RESTART|SA_SIGINFO
SIGBUS: [libjvm.dylib+0x565c43], sa_mask[0]=11111111011111110111111111111111, sa_flags=SA_RESTART|SA_SIGINFO
SIGFPE: [libjvm.dylib+0x45dd9d], sa_mask[0]=11111111011111110111111111111111, sa_flags=SA_RESTART|SA_SIGINFO
SIGPIPE: [libjvm.dylib+0x45dd9d], sa_mask[0]=11111111011111110111111111111111, sa_flags=SA_RESTART|SA_SIGINFO
SIGXFSZ: [libjvm.dylib+0x45dd9d], sa_mask[0]=11111111011111110111111111111111, sa_flags=SA_RESTART|SA_SIGINFO
SIGILL: [libjvm.dylib+0x45dd9d], sa_mask[0]=11111111011111110111111111111111, sa_flags=SA_RESTART|SA_SIGINFO
SIGUSR1: SIG_DFL, sa_mask[0]=00000000000000000000000000000000, sa_flags=none
SIGUSR2: [libjvm.dylib+0x45e69c], sa_mask[0]=00100000000000000000000000000000, sa_flags=SA_RESTART|SA_SIGINFO
SIGHUP: [libjvm.dylib+0x45c8c1], sa_mask[0]=11111111011111110111111111111111, sa_flags=SA_RESTART|SA_SIGINFO
SIGINT: [libjvm.dylib+0x45c8c1], sa_mask[0]=11111111011111110111111111111111, sa_flags=SA_RESTART|SA_SIGINFO
SIGTERM: [libjvm.dylib+0x45c8c1], sa_mask[0]=11111111011111110111111111111111, sa_flags=SA_RESTART|SA_SIGINFO
SIGQUIT: [libjvm.dylib+0x45c8c1], sa_mask[0]=11111111011111110111111111111111, sa_flags=SA_RESTART|SA_SIGINFO


---------------  S Y S T E M  ---------------

OS:Bsduname:Darwin 19.6.0 Darwin Kernel Version 19.6.0: Mon Aug 31 22:12:52 PDT 2020; root:xnu-6153.141.2~1/RELEASE_X86_64 x86_64
rlimit: STACK 8192k, CORE 0k, NPROC 1392, NOFILE 10240, AS infinity
load average:4.41 4.01 3.62

CPU:total 4 (initial active 4) (2 cores per cpu, 2 threads per core) family 6 model 61 stepping 4, cmov, cx8, fxsr, mmx, sse, sse2, sse3, ssse3, sse4.1, sse4.2, popcnt, avx, avx2, aes, clmul, erms, 3dnowpref, lzcnt, ht, tsc, tscinvbit, bmi1, bmi2, adx

Memory: 4k page, physical 8388608k(172752k free)

/proc/meminfo:


vm_info: OpenJDK 64-Bit Server VM (25.242-b3-6222593) for bsd-amd64 JRE (1.8.0_242-release-1644-b3-6222593), built by "android-build" with gcc 4.2.1 Compatible Android (5484270 based on r353983c) Clang 9.0.3 (https://android.googlesource.com/toolchain/clang 745b335211bb9eadfa6aa6301f84715cee4b37c5) (https://android.googlesource.com/toolchain/llvm 60cf23e54e46c807513f7a36d0a7b777920b5881)

time: Sat Oct 17 19:43:51 2020
timezone: CEST
elapsed time: 24 seconds (0d 0h 0m 24s)

