#
# A fatal error has been detected by the Java Runtime Environment:
#
#  SIGSEGV (0xb) at pc=0x000000010f749317, pid=9012, tid=0x0000000000003803
#
# JRE version: OpenJDK Runtime Environment (8.0_242) (build 1.8.0_242-release-1644-b3-6222593)
# Java VM: OpenJDK 64-Bit Server VM (25.242-b3-6222593 mixed mode bsd-amd64 compressed oops)
# Problematic frame:
# V  [libjvm.dylib+0x13b317]  Node::set_req(unsigned int, Node*)+0x27
#
# Failed to write core dump. Core dumps have been disabled. To enable core dumping, try "ulimit -c unlimited" before starting Java again
#
# If you would like to submit a bug report, please visit:
#   http://bugreport.java.com/bugreport/crash.jsp
#

---------------  T H R E A D  ---------------

Current thread (0x00007fdc0a839800):  JavaThread "C2 CompilerThread0" daemon [_thread_in_native, id=14339, stack(0x000070000ac82000,0x000070000ad82000)]

siginfo: si_signo: 11 (SIGSEGV), si_code: 1 (SEGV_MAPERR), si_addr: 0x000000018c9e59ec

Registers:
RAX=0x00007fdc104805d8, RBX=0x0000000000000001, RCX=0x000000018c9e59f4, RDX=0x00007fdc115c9550
RSP=0x000070000ad7e930, RBP=0x000070000ad7e930, RSI=0x0000000000000001, RDI=0x000000010fd774c8
R8 =0x000000010f74a8c4, R9 =0x00007fdc10480228, R10=0x000000000fa53626, R11=0xffffffffff00d5b0
R12=0x000070000ad80368, R13=0x00007fdc115c9550, R14=0x00007fdc0f58c490, R15=0x00007fdc0a4b53d0
RIP=0x000000010f749317, EFLAGS=0x0000000000010202, ERR=0x0000000000000004
  TRAPNO=0x000000000000000e

Top of Stack: (sp=0x000070000ad7e930)
0x000070000ad7e930:   000070000ad7eb00 000000010fab6dd0
0x000070000ad7e940:   000070000ad7ec28 00007fdc09ec3520
0x000070000ad7e950:   00007fdc09ec3530 00007fdc09ec3908
0x000070000ad7e960:   00000000000003d8 0101010105555455
0x000070000ad7e970:   0101010101010101 0000000001010101
0x000070000ad7e980:   0000000000000000 0000000000000000
0x000070000ad7e990:   000070000ad80478 00000fd500000104
0x000070000ad7e9a0:   000070000ad7ec28 ffffffff0000000f
0x000070000ad7e9b0:   00007fdc10ff4e10 00007fdc0e2de1c0
0x000070000ad7e9c0:   0000000000000000 00007fdc10716420
0x000070000ad7e9d0:   0000000000000000 00007fdc104fa810
0x000070000ad7e9e0:   00007fdc0b668970 00007fdc10712810
0x000070000ad7e9f0:   0000000000000005 00007fdc0b664a10
0x000070000ad7ea00:   00007fdc0f58c450 00000fd500000000
0x000070000ad7ea10:   000070000ad7ec28 000000000000000f
0x000070000ad7ea20:   00007fdc10ff8d70 00007fdc00000000
0x000070000ad7ea30:   00007fdc0f58c490 000000000000e380
0x000070000ad7ea40:   0000000000000038 00000000000006e1
0x000070000ad7ea50:   00007fdc104b8030 000070000ad80450
0x000070000ad7ea60:   00000000ffffffff 000000000000007b
0x000070000ad7ea70:   00007fdc0a4b53d0 00007fdc00002c0c
0x000070000ad7ea80:   00007fdc0b2254c0 0000000000000004
0x000070000ad7ea90:   000000010fe30fc8 0000067c0ad80368
0x000070000ad7eaa0:   00007fdc104805d8 000070000ad80368
0x000070000ad7eab0:   0000000500000000 000000000000003e
0x000070000ad7eac0:   00007fdc115c9550 0000000000000001
0x000070000ad7ead0:   000034511f7400e4 0000000000000000
0x000070000ad7eae0:   000070000ad80450 000070000ad80368
0x000070000ad7eaf0:   000070000ad7ec98 000070000ad7ebd0
0x000070000ad7eb00:   000070000ad7ed30 000000010f752fee
0x000070000ad7eb10:   000000010fdf5520 000000000000000d
0x000070000ad7eb20:   000070000ad81128 000070000ad80368 

Instructions: (pc=0x000000010f749317)
0x000000010f7492f7:   4c 8b 4f 08 89 f6 49 8b 3c f1 48 85 ff 74 2a 4c
0x000000010f749307:   8b 47 10 4d 85 c0 74 21 44 8b 57 20 4b 8d 0c d0
0x000000010f749317:   48 39 41 f8 48 8d 49 f8 75 f6 45 8d 52 ff 44 89
0x000000010f749327:   57 20 4b 8b 3c d0 48 89 39 49 89 14 f1 48 85 d2 

Register to memory mapping:

RAX=0x00007fdc104805d8 is an unknown value
RBX=0x0000000000000001 is an unknown value
RCX=0x000000018c9e59f4 is an unknown value
RDX=0x00007fdc115c9550 is an unknown value
RSP=0x000070000ad7e930 is pointing into the stack for thread: 0x00007fdc0a839800
RBP=0x000070000ad7e930 is pointing into the stack for thread: 0x00007fdc0a839800
RSI=0x0000000000000001 is an unknown value
RDI=0x000000010fd774c8: _ZTV17MachSpillCopyNode+0x10 in /private/var/folders/nk/77tzydc5271b4jt6909jb9m80000gn/T/AppTranslocation/BDDBB0C3-77ED-43C6-AEE6-E5E15E40E2C1/d/Android Studio.app/Contents/jre/jdk/Contents/Home/jre/lib/server/libjvm.dylib at 0x000000010f60e000
R8 =0x000000010f74a8c4: _ZNK4Node6is_CFGEv+0 in /private/var/folders/nk/77tzydc5271b4jt6909jb9m80000gn/T/AppTranslocation/BDDBB0C3-77ED-43C6-AEE6-E5E15E40E2C1/d/Android Studio.app/Contents/jre/jdk/Contents/Home/jre/lib/server/libjvm.dylib at 0x000000010f60e000
R9 =0x00007fdc10480228 is an unknown value
R10=0x000000000fa53626 is an unknown value
R11=0xffffffffff00d5b0 is an unknown value
R12=0x000070000ad80368 is pointing into the stack for thread: 0x00007fdc0a839800
R13=0x00007fdc115c9550 is an unknown value
R14=0x00007fdc0f58c490 is an unknown value
R15=0x00007fdc0a4b53d0 is an unknown value


Stack: [0x000070000ac82000,0x000070000ad82000],  sp=0x000070000ad7e930,  free space=1010k
Native frames: (J=compiled Java code, j=interpreted, Vv=VM code, C=native code)
V  [libjvm.dylib+0x13b317]  Node::set_req(unsigned int, Node*)+0x27
V  [libjvm.dylib+0x4a8dd0]  PhaseChaitin::Split(unsigned int, ResourceArea*)+0x1fb2
V  [libjvm.dylib+0x144fee]  PhaseChaitin::Register_Allocate()+0x30a
V  [libjvm.dylib+0x199230]  Compile::Code_Gen()+0x14e
V  [libjvm.dylib+0x197cb7]  Compile::Compile(ciEnv*, C2Compiler*, ciMethod*, int, bool, bool, bool)+0x8f7
V  [libjvm.dylib+0x136b98]  C2Compiler::compile_method(ciEnv*, ciMethod*, int)+0x9e
V  [libjvm.dylib+0x1a3372]  CompileBroker::invoke_compiler_on_method(CompileTask*)+0x634
V  [libjvm.dylib+0x1a2882]  CompileBroker::compiler_thread_loop()+0x268
V  [libjvm.dylib+0x527e84]  JavaThread::thread_main_inner()+0x82
V  [libjvm.dylib+0x527d49]  JavaThread::run()+0x199
V  [libjvm.dylib+0x45b9eb]  java_start(Thread*)+0xfa
C  [libsystem_pthread.dylib+0x6109]  _pthread_start+0x94
C  [libsystem_pthread.dylib+0x1b8b]  thread_start+0xf
C  0x0000000000000000


Current CompileTask:
C2:   8946 2684       4       groovy.lang.MetaClassImpl$1MOPIter::methodNameAction (325 bytes)


---------------  P R O C E S S  ---------------

Java Threads: ( => current thread )
  0x00007fdc108fe000 JavaThread "Cache worker for file content cache (/Users/soso/.gradle/caches/6.5/fileContent)" [_thread_blocked, id=20235, stack(0x000070000c9d9000,0x000070000cad9000)]
  0x00007fdc0f6ac000 JavaThread "Cache worker for execution history cache (/Users/soso/.gradle/caches/6.5/executionHistory)" [_thread_blocked, id=38403, stack(0x000070000c8d6000,0x000070000c9d6000)]
  0x00007fdc1139a800 JavaThread "Cache worker for cache directory md-rule (/Users/soso/.gradle/caches/6.5/md-rule)" [_thread_blocked, id=25859, stack(0x000070000c7d3000,0x000070000c8d3000)]
  0x00007fdc113b2800 JavaThread "Cache worker for cache directory md-supplier (/Users/soso/.gradle/caches/6.5/md-supplier)" [_thread_blocked, id=39171, stack(0x000070000c6d0000,0x000070000c7d0000)]
  0x00007fdc1137f000 JavaThread "Cache worker for checksums cache (/Users/soso/AndroidStudioProjects/DingBring/.gradle/checksums)" [_thread_blocked, id=39683, stack(0x000070000c5cd000,0x000070000c6cd000)]
  0x00007fdc0b631000 JavaThread "jar transforms Thread 6" [_thread_blocked, id=39939, stack(0x000070000c4ca000,0x000070000c5ca000)]
  0x00007fdc11397800 JavaThread "jar transforms Thread 5" [_thread_blocked, id=25091, stack(0x000070000c3c7000,0x000070000c4c7000)]
  0x00007fdc0b630800 JavaThread "jar transforms Thread 4" [_thread_blocked, id=40195, stack(0x000070000c2c4000,0x000070000c3c4000)]
  0x00007fdc0a37f800 JavaThread "jar transforms Thread 3" [_thread_blocked, id=24579, stack(0x000070000c1c1000,0x000070000c2c1000)]
  0x00007fdc0b7ff000 JavaThread "jar transforms Thread 2" [_thread_blocked, id=24323, stack(0x000070000c0be000,0x000070000c1be000)]
  0x00007fdc0ac0d800 JavaThread "jar transforms" [_thread_blocked, id=24067, stack(0x000070000bfbb000,0x000070000c0bb000)]
  0x00007fdc10d17800 JavaThread "Cache worker for file hash cache (/Users/soso/AndroidStudioProjects/DingBring/.gradle/6.5/fileHashes)" [_thread_blocked, id=41475, stack(0x000070000beb8000,0x000070000bfb8000)]
  0x00007fdc0b4c2800 JavaThread "Cache worker for file hash cache (/Users/soso/.gradle/caches/6.5/fileHashes)" [_thread_blocked, id=23555, stack(0x000070000bdb5000,0x000070000beb5000)]
  0x00007fdc0a37f000 JavaThread "File lock request listener" [_thread_in_native, id=41731, stack(0x000070000bcb2000,0x000070000bdb2000)]
  0x00007fdc0a38e000 JavaThread "Cache worker for journal cache (/Users/soso/.gradle/caches/journal-1)" [_thread_blocked, id=23043, stack(0x000070000bbaf000,0x000070000bcaf000)]
  0x00007fdc0a888800 JavaThread "Thread-9" [_thread_blocked, id=22787, stack(0x000070000baac000,0x000070000bbac000)]
  0x00007fdc0a88f800 JavaThread "Stdin handler" [_thread_blocked, id=22531, stack(0x000070000b9a9000,0x000070000baa9000)]
  0x00007fdc0a88e800 JavaThread "Asynchronous log dispatcher for DefaultDaemonConnection: socket connection from /127.0.0.1:60126 to /127.0.0.1:60127" [_thread_blocked, id=43011, stack(0x000070000b8a6000,0x000070000b9a6000)]
  0x00007fdc0b91b000 JavaThread "Daemon worker" [_thread_in_vm, id=22019, stack(0x000070000b7a3000,0x000070000b8a3000)]
  0x00007fdc0a89a800 JavaThread "Cancel handler" [_thread_blocked, id=21763, stack(0x000070000b6a0000,0x000070000b7a0000)]
  0x00007fdc0b837800 JavaThread "Handler for socket connection from /127.0.0.1:60126 to /127.0.0.1:60127" [_thread_in_native, id=16387, stack(0x000070000b59d000,0x000070000b69d000)]
  0x00007fdc0b904800 JavaThread "Daemon" [_thread_blocked, id=16643, stack(0x000070000b49a000,0x000070000b59a000)]
  0x00007fdc0b11f000 JavaThread "Daemon periodic checks" [_thread_blocked, id=15619, stack(0x000070000b397000,0x000070000b497000)]
  0x00007fdc0a86d000 JavaThread "Incoming local TCP Connector on port 60126" [_thread_in_native, id=15107, stack(0x000070000b294000,0x000070000b394000)]
  0x00007fdc0bed9000 JavaThread "Daemon health stats" [_thread_blocked, id=17411, stack(0x000070000b191000,0x000070000b291000)]
  0x00007fdc0b053800 JavaThread "Service Thread" daemon [_thread_blocked, id=14851, stack(0x000070000af8b000,0x000070000b08b000)]
  0x00007fdc0a83a800 JavaThread "C1 CompilerThread2" daemon [_thread_in_vm, id=18435, stack(0x000070000ae88000,0x000070000af88000)]
  0x00007fdc0a043000 JavaThread "C2 CompilerThread1" daemon [_thread_in_native, id=18947, stack(0x000070000ad85000,0x000070000ae85000)]
=>0x00007fdc0a839800 JavaThread "C2 CompilerThread0" daemon [_thread_in_native, id=14339, stack(0x000070000ac82000,0x000070000ad82000)]
  0x00007fdc0b010000 JavaThread "Signal Dispatcher" daemon [_thread_blocked, id=13827, stack(0x000070000ab7f000,0x000070000ac7f000)]
  0x00007fdc0a033800 JavaThread "Finalizer" daemon [_thread_blocked, id=12035, stack(0x000070000a976000,0x000070000aa76000)]
  0x00007fdc0a823000 JavaThread "Reference Handler" daemon [_thread_blocked, id=11523, stack(0x000070000a873000,0x000070000a973000)]
  0x00007fdc0b80b800 JavaThread "main" [_thread_blocked, id=4355, stack(0x000070000a261000,0x000070000a361000)]

Other Threads:
  0x00007fdc0b817800 VMThread [stack: 0x000070000a770000,0x000070000a870000] [id=11011]
  0x00007fdc0a066000 WatcherThread [stack: 0x000070000b08e000,0x000070000b18e000] [id=17923]

VM state:not at safepoint (normal execution)

VM Mutex/Monitor currently owned by a thread: None

heap address: 0x0000000740000000, size: 2048 MB, Compressed Oops mode: Zero based, Oop shift amount: 3
Narrow klass base: 0x0000000000000000, Narrow klass shift: 3
Compressed class space size: 1073741824 Address: 0x00000007c0000000

Heap:
 PSYoungGen      total 141312K, used 36624K [0x0000000795580000, 0x00000007a0180000, 0x00000007c0000000)
  eden space 129536K, 28% used [0x0000000795580000,0x00000007979440a8,0x000000079d400000)
  from space 11776K, 0% used [0x000000079d400000,0x000000079d400000,0x000000079df80000)
  to   space 13312K, 0% used [0x000000079f480000,0x000000079f480000,0x00000007a0180000)
 ParOldGen       total 104448K, used 18070K [0x0000000740000000, 0x0000000746600000, 0x0000000795580000)
  object space 104448K, 17% used [0x0000000740000000,0x00000007411a5a88,0x0000000746600000)
 Metaspace       used 35736K, capacity 37066K, committed 37248K, reserved 1081344K
  class space    used 4911K, capacity 5238K, committed 5248K, reserved 1048576K

Card table byte_map: [0x000000011f4c6000,0x000000011f8c7000] byte_map_base: 0x000000011bac6000

Marking Bits: (ParMarkBitMap*) 0x000000010fe353f8
 Begin Bits: [0x000000011f8c7000, 0x00000001218c7000)
 End Bits:   [0x00000001218c7000, 0x00000001238c7000)

Polling page: 0x000000010e529000

CodeCache: size=245760Kb used=11005Kb max_used=11011Kb free=234754Kb
 bounds [0x00000001104c6000, 0x0000000110f96000, 0x000000011f4c6000]
 total_blobs=3652 nmethods=2962 adapters=604
 compilation: enabled

Compilation events (10 events):
Event: 8.893 Thread 0x00007fdc0a83a800 2939       3       org.gradle.api.internal.artifacts.ModuleComponentSelectorSerializer::readVersionConstraint (91 bytes)
Event: 8.894 Thread 0x00007fdc0a83a800 nmethod 2939 0x0000000110f79c50 code [0x0000000110f79ec0, 0x0000000110f7abd8]
Event: 8.900 Thread 0x00007fdc0a83a800 2941       3       org.gradle.api.internal.artifacts.ivyservice.modulecache.ModuleMetadataSerializer$Reader::readMavenDependencyExcludes (68 bytes)
Event: 8.901 Thread 0x00007fdc0a83a800 nmethod 2941 0x0000000110f7b310 code [0x0000000110f7b580, 0x0000000110f7c348]
Event: 8.902 Thread 0x00007fdc0a83a800 2940       3       org.gradle.api.internal.artifacts.ivyservice.modulecache.ModuleMetadataSerializer$Reader::readMavenDependency (142 bytes)
Event: 8.903 Thread 0x00007fdc0a83a800 nmethod 2940 0x0000000110f7cc50 code [0x0000000110f7cf40, 0x0000000110f7e358]
Event: 8.903 Thread 0x00007fdc0a83a800 2942       3       org.gradle.internal.component.external.model.maven.MavenDependencyType::values (10 bytes)
Event: 8.903 Thread 0x00007fdc0a83a800 nmethod 2942 0x0000000110f7ef50 code [0x0000000110f7f0c0, 0x0000000110f7f3a8]
Event: 8.903 Thread 0x00007fdc0a83a800 2943       1       org.gradle.api.internal.artifacts.DefaultModuleVersionIdentifier::getVersion (5 bytes)
Event: 8.903 Thread 0x00007fdc0a83a800 nmethod 2943 0x0000000110f7f450 code [0x0000000110f7f5a0, 0x0000000110f7f6b0]

GC Heap History (10 events):
Event: 4.094 GC heap before
{Heap before GC invocations=5 (full 0):
 PSYoungGen      total 71680K, used 59575K [0x0000000795580000, 0x000000079a080000, 0x00000007c0000000)
  eden space 66560K, 81% used [0x0000000795580000,0x0000000798ab1ec8,0x0000000799680000)
  from space 5120K, 99% used [0x0000000799b80000,0x000000079a07c010,0x000000079a080000)
  to   space 5120K, 0% used [0x0000000799680000,0x0000000799680000,0x0000000799b80000)
 ParOldGen       total 87552K, used 4482K [0x0000000740000000, 0x0000000745580000, 0x0000000795580000)
  object space 87552K, 5% used [0x0000000740000000,0x00000007404609f8,0x0000000745580000)
 Metaspace       used 20397K, capacity 21218K, committed 21248K, reserved 1067008K
  class space    used 2848K, capacity 3053K, committed 3072K, reserved 1048576K
Event: 4.109 GC heap after
Heap after GC invocations=5 (full 0):
 PSYoungGen      total 71680K, used 5088K [0x0000000795580000, 0x000000079ee80000, 0x00000007c0000000)
  eden space 66560K, 0% used [0x0000000795580000,0x0000000795580000,0x0000000799680000)
  from space 5120K, 99% used [0x0000000799680000,0x0000000799b78030,0x0000000799b80000)
  to   space 11776K, 0% used [0x000000079e300000,0x000000079e300000,0x000000079ee80000)
 ParOldGen       total 87552K, used 10092K [0x0000000740000000, 0x0000000745580000, 0x0000000795580000)
  object space 87552K, 11% used [0x0000000740000000,0x00000007409db1a8,0x0000000745580000)
 Metaspace       used 20397K, capacity 21218K, committed 21248K, reserved 1067008K
  class space    used 2848K, capacity 3053K, committed 3072K, reserved 1048576K
}
Event: 4.109 GC heap before
{Heap before GC invocations=6 (full 1):
 PSYoungGen      total 71680K, used 5088K [0x0000000795580000, 0x000000079ee80000, 0x00000007c0000000)
  eden space 66560K, 0% used [0x0000000795580000,0x0000000795580000,0x0000000799680000)
  from space 5120K, 99% used [0x0000000799680000,0x0000000799b78030,0x0000000799b80000)
  to   space 11776K, 0% used [0x000000079e300000,0x000000079e300000,0x000000079ee80000)
 ParOldGen       total 87552K, used 10092K [0x0000000740000000, 0x0000000745580000, 0x0000000795580000)
  object space 87552K, 11% used [0x0000000740000000,0x00000007409db1a8,0x0000000745580000)
 Metaspace       used 20397K, capacity 21218K, committed 21248K, reserved 1067008K
  class space    used 2848K, capacity 3053K, committed 3072K, reserved 1048576K
Event: 4.158 GC heap after
Heap after GC invocations=6 (full 1):
 PSYoungGen      total 71680K, used 0K [0x0000000795580000, 0x000000079ee80000, 0x00000007c0000000)
  eden space 66560K, 0% used [0x0000000795580000,0x0000000795580000,0x0000000799680000)
  from space 5120K, 0% used [0x0000000799680000,0x0000000799680000,0x0000000799b80000)
  to   space 11776K, 0% used [0x000000079e300000,0x000000079e300000,0x000000079ee80000)
 ParOldGen       total 65024K, used 10411K [0x0000000740000000, 0x0000000743f80000, 0x0000000795580000)
  object space 65024K, 16% used [0x0000000740000000,0x0000000740a2ae98,0x0000000743f80000)
 Metaspace       used 20397K, capacity 21218K, committed 21248K, reserved 1067008K
  class space    used 2848K, capacity 3053K, committed 3072K, reserved 1048576K
}
Event: 6.156 GC heap before
{Heap before GC invocations=7 (full 1):
 PSYoungGen      total 71680K, used 66560K [0x0000000795580000, 0x000000079ee80000, 0x00000007c0000000)
  eden space 66560K, 100% used [0x0000000795580000,0x0000000799680000,0x0000000799680000)
  from space 5120K, 0% used [0x0000000799680000,0x0000000799680000,0x0000000799b80000)
  to   space 11776K, 0% used [0x000000079e300000,0x000000079e300000,0x000000079ee80000)
 ParOldGen       total 65024K, used 10411K [0x0000000740000000, 0x0000000743f80000, 0x0000000795580000)
  object space 65024K, 16% used [0x0000000740000000,0x0000000740a2ae98,0x0000000743f80000)
 Metaspace       used 27773K, capacity 28766K, committed 29056K, reserved 1075200K
  class space    used 3837K, capacity 4113K, committed 4224K, reserved 1048576K
Event: 6.166 GC heap after
Heap after GC invocations=7 (full 1):
 PSYoungGen      total 108032K, used 7719K [0x0000000795580000, 0x000000079eb00000, 0x00000007c0000000)
  eden space 99840K, 0% used [0x0000000795580000,0x0000000795580000,0x000000079b700000)
  from space 8192K, 94% used [0x000000079e300000,0x000000079ea89ec0,0x000000079eb00000)
  to   space 11776K, 0% used [0x000000079d400000,0x000000079d400000,0x000000079df80000)
 ParOldGen       total 65024K, used 10419K [0x0000000740000000, 0x0000000743f80000, 0x0000000795580000)
  object space 65024K, 16% used [0x0000000740000000,0x0000000740a2ce98,0x0000000743f80000)
 Metaspace       used 27773K, capacity 28766K, committed 29056K, reserved 1075200K
  class space    used 3837K, capacity 4113K, committed 4224K, reserved 1048576K
}
Event: 8.021 GC heap before
{Heap before GC invocations=8 (full 1):
 PSYoungGen      total 108032K, used 101682K [0x0000000795580000, 0x000000079eb00000, 0x00000007c0000000)
  eden space 99840K, 94% used [0x0000000795580000,0x000000079b142a78,0x000000079b700000)
  from space 8192K, 94% used [0x000000079e300000,0x000000079ea89ec0,0x000000079eb00000)
  to   space 11776K, 0% used [0x000000079d400000,0x000000079d400000,0x000000079df80000)
 ParOldGen       total 65024K, used 10419K [0x0000000740000000, 0x0000000743f80000, 0x0000000795580000)
  object space 65024K, 16% used [0x0000000740000000,0x0000000740a2ce98,0x0000000743f80000)
 Metaspace       used 34003K, capacity 35312K, committed 35416K, reserved 1079296K
  class space    used 4664K, capacity 4969K, committed 4992K, reserved 1048576K
Event: 8.041 GC heap after
Heap after GC invocations=8 (full 1):
 PSYoungGen      total 141312K, used 11675K [0x0000000795580000, 0x00000007a0180000, 0x00000007c0000000)
  eden space 129536K, 0% used [0x0000000795580000,0x0000000795580000,0x000000079d400000)
  from space 11776K, 99% used [0x000000079d400000,0x000000079df66fc8,0x000000079df80000)
  to   space 13312K, 0% used [0x000000079f480000,0x000000079f480000,0x00000007a0180000)
 ParOldGen       total 65024K, used 10427K [0x0000000740000000, 0x0000000743f80000, 0x0000000795580000)
  object space 65024K, 16% used [0x0000000740000000,0x0000000740a2ee98,0x0000000743f80000)
 Metaspace       used 34003K, capacity 35312K, committed 35416K, reserved 1079296K
  class space    used 4664K, capacity 4969K, committed 4992K, reserved 1048576K
}
Event: 8.041 GC heap before
{Heap before GC invocations=9 (full 2):
 PSYoungGen      total 141312K, used 11675K [0x0000000795580000, 0x00000007a0180000, 0x00000007c0000000)
  eden space 129536K, 0% used [0x0000000795580000,0x0000000795580000,0x000000079d400000)
  from space 11776K, 99% used [0x000000079d400000,0x000000079df66fc8,0x000000079df80000)
  to   space 13312K, 0% used [0x000000079f480000,0x000000079f480000,0x00000007a0180000)
 ParOldGen       total 65024K, used 10427K [0x0000000740000000, 0x0000000743f80000, 0x0000000795580000)
  object space 65024K, 16% used [0x0000000740000000,0x0000000740a2ee98,0x0000000743f80000)
 Metaspace       used 34003K, capacity 35312K, committed 35416K, reserved 1079296K
  class space    used 4664K, capacity 4969K, committed 4992K, reserved 1048576K
Event: 8.160 GC heap after
Heap after GC invocations=9 (full 2):
 PSYoungGen      total 141312K, used 0K [0x0000000795580000, 0x00000007a0180000, 0x00000007c0000000)
  eden space 129536K, 0% used [0x0000000795580000,0x0000000795580000,0x000000079d400000)
  from space 11776K, 0% used [0x000000079d400000,0x000000079d400000,0x000000079df80000)
  to   space 13312K, 0% used [0x000000079f480000,0x000000079f480000,0x00000007a0180000)
 ParOldGen       total 104448K, used 18070K [0x0000000740000000, 0x0000000746600000, 0x0000000795580000)
  object space 104448K, 17% used [0x0000000740000000,0x00000007411a5a88,0x0000000746600000)
 Metaspace       used 34003K, capacity 35312K, committed 35416K, reserved 1079296K
  class space    used 4664K, capacity 4969K, committed 4992K, reserved 1048576K
}

Deoptimization events (10 events):
Event: 5.696 Thread 0x00007fdc0b91b000 Uncommon trap: reason=bimorphic action=maybe_recompile pc=0x0000000110aaee48 method=java.io.BufferedInputStream.read([BII)I @ 101
Event: 5.697 Thread 0x00007fdc0b91b000 Uncommon trap: reason=bimorphic action=maybe_recompile pc=0x0000000110aaee48 method=java.io.BufferedInputStream.read([BII)I @ 101
Event: 5.698 Thread 0x00007fdc0b91b000 Uncommon trap: reason=bimorphic action=maybe_recompile pc=0x0000000110aaee48 method=java.io.BufferedInputStream.read([BII)I @ 101
Event: 5.701 Thread 0x00007fdc0b91b000 Uncommon trap: reason=bimorphic action=maybe_recompile pc=0x0000000110aaee48 method=java.io.BufferedInputStream.read([BII)I @ 101
Event: 6.417 Thread 0x00007fdc0b91b000 Uncommon trap: reason=unstable_if action=reinterpret pc=0x0000000110ad1cfc method=java.lang.ClassLoader.getClassLoadingLock(Ljava/lang/String;)Ljava/lang/Object; @ 6
Event: 7.009 Thread 0x00007fdc0b91b000 Uncommon trap: reason=unstable_if action=reinterpret pc=0x0000000110aa89ac method=java.util.HashMap.getNode(ILjava/lang/Object;)Ljava/util/HashMap$Node; @ 53
Event: 7.009 Thread 0x00007fdc0b91b000 Uncommon trap: reason=unstable_if action=reinterpret pc=0x00000001109157f0 method=java.util.HashMap.hash(Ljava/lang/Object;)I @ 1
Event: 7.172 Thread 0x00007fdc0b91b000 Uncommon trap: reason=unstable_if action=reinterpret pc=0x0000000110da4b44 method=org.gradle.internal.reflect.PropertyAccessorType.isGetGetterName(Ljava/lang/String;)Z @ 14
Event: 7.215 Thread 0x00007fdc0b91b000 Uncommon trap: reason=unstable_if action=reinterpret pc=0x0000000110b8ca10 method=org.objectweb.asm.ByteVector.putShort(I)Lorg/objectweb/asm/ByteVector; @ 13
Event: 8.161 Thread 0x00007fdc0a823000 Uncommon trap: reason=unstable_if action=reinterpret pc=0x0000000110ac9280 method=java.lang.ref.Reference.tryHandlePending(Z)Z @ 104

Classes redefined (0 events):
No events

Internal exceptions (10 events):
Event: 7.639 Thread 0x00007fdc0b91b000 Exception <a 'java/lang/ClassNotFoundException': org/gradle/api/internal/artifacts/dsl/DefaultRepositoryHandler_DecoratedCustomizer> (0x000000079995f028) thrown at [/Volumes/Android/buildbot/src/googleplex-android/openjdk/out/hotspot/src/share/vm/classfil
Event: 7.870 Thread 0x00007fdc0b91b000 Exception <a 'java/lang/ClassNotFoundException': org/gradle/api/internal/artifacts/dsl/dependencies/DefaultDependencyHandler_DecoratedBeanInfo> (0x000000079a77bc80) thrown at [/Volumes/Android/buildbot/src/googleplex-android/openjdk/out/hotspot/src/share/
Event: 7.872 Thread 0x00007fdc0b91b000 Exception <a 'java/lang/ClassNotFoundException': org/gradle/api/internal/artifacts/dsl/dependencies/DefaultDependencyHandlerBeanInfo> (0x000000079a7d5030) thrown at [/Volumes/Android/buildbot/src/googleplex-android/openjdk/out/hotspot/src/share/vm/classfi
Event: 7.873 Thread 0x00007fdc0b91b000 Exception <a 'java/lang/ClassNotFoundException': org/gradle/api/internal/artifacts/dsl/dependencies/DefaultDependencyHandlerCustomizer> (0x000000079a82f350) thrown at [/Volumes/Android/buildbot/src/googleplex-android/openjdk/out/hotspot/src/share/vm/class
Event: 7.876 Thread 0x00007fdc0b91b000 Exception <a 'java/lang/ClassNotFoundException': org/gradle/api/internal/artifacts/dsl/dependencies/DefaultDependencyHandler_DecoratedCustomizer> (0x000000079a8bacf0) thrown at [/Volumes/Android/buildbot/src/googleplex-android/openjdk/out/hotspot/src/shar
Event: 8.001 Thread 0x00007fdc0b91b000 Exception <a 'java/lang/NoSuchMethodError': java.lang.Object.lambda$static$0(Lorg/gradle/api/internal/artifacts/configurations/MutationValidator$MutationType;)V> (0x000000079afa73a0) thrown at [/Volumes/Android/buildbot/src/googleplex-android/openjdk/out/
Event: 8.423 Thread 0x00007fdc0b91b000 Exception <a 'java/lang/NoSuchMethodError': java.lang.Object.lambda$static$0(Lorg/gradle/internal/component/model/DependencyMetadata;)Lorg/gradle/api/internal/artifacts/ivyservice/dependencysubstitution/DependencySubstitutionApplicator$SubstitutionResult;
Event: 8.506 Thread 0x00007fdc0b91b000 Exception <a 'java/lang/IncompatibleClassChangeError': Found class java.lang.Object, but interface was expected> (0x000000079680c5f8) thrown at [/Volumes/Android/buildbot/src/googleplex-android/openjdk/out/hotspot/src/share/vm/interpreter/linkResolver.cpp
Event: 8.508 Thread 0x00007fdc0b91b000 Exception <a 'java/lang/NoSuchMethodError': java.lang.Object.lambda$thenComparing$36697e65$1(Ljava/util/Comparator;Ljava/lang/Object;Ljava/lang/Object;)I> (0x0000000796817fa8) thrown at [/Volumes/Android/buildbot/src/googleplex-android/openjdk/out/hotspot
Event: 8.693 Thread 0x00007fdc0b91b000 Exception <a 'java/lang/NoSuchMethodError': java.lang.Object.lambda$static$0()Z> (0x00000007974080c8) thrown at [/Volumes/Android/buildbot/src/googleplex-android/openjdk/out/hotspot/src/share/vm/interpreter/linkResolver.cpp, line 620]

Events (10 events):
Event: 8.865 loading class com/google/common/primitives/Longs$AsciiDigits
Event: 8.865 loading class com/google/common/primitives/Longs$AsciiDigits done
Event: 8.866 loading class org/gradle/api/internal/artifacts/ivyservice/resolveengine/graph/selectors/SelectorStateResolverResults$Registration
Event: 8.866 loading class org/gradle/api/internal/artifacts/ivyservice/resolveengine/graph/selectors/SelectorStateResolverResults$Registration done
Event: 8.867 loading class org/gradle/api/internal/artifacts/ivyservice/resolveengine/graph/conflicts/DefaultConflictResolverDetails
Event: 8.867 loading class org/gradle/api/internal/artifacts/ivyservice/resolveengine/graph/conflicts/DefaultConflictResolverDetails done
Event: 8.868 loading class org/gradle/api/internal/artifacts/ivyservice/resolveengine/graph/conflicts/CompositeConflictResolver$CompositeDetails
Event: 8.868 loading class org/gradle/api/internal/artifacts/ivyservice/resolveengine/graph/conflicts/CompositeConflictResolver$CompositeDetails done
Event: 8.868 loading class org/gradle/api/internal/artifacts/ivyservice/resolveengine/graph/conflicts/VersionConflictResolutionDetails
Event: 8.868 loading class org/gradle/api/internal/artifacts/ivyservice/resolveengine/graph/conflicts/VersionConflictResolutionDetails done


Dynamic libraries:
0x00007fff316c3000 	/System/Library/Frameworks/Cocoa.framework/Versions/A/Cocoa
0x00007fff3eebc000 	/System/Library/Frameworks/Security.framework/Versions/A/Security
0x00007fff30628000 	/System/Library/Frameworks/ApplicationServices.framework/Versions/A/ApplicationServices
0x00007fff6b9e0000 	/usr/lib/libz.1.dylib
0x00007fff694a4000 	/usr/lib/libSystem.B.dylib
0x00007fff32565000 	/System/Library/Frameworks/CoreFoundation.framework/Versions/A/CoreFoundation
0x00007fff34c22000 	/System/Library/Frameworks/Foundation.framework/Versions/C/Foundation
0x00007fff6b304000 	/usr/lib/libobjc.A.dylib
0x00007fff2f818000 	/System/Library/Frameworks/AppKit.framework/Versions/C/AppKit
0x00007fff32047000 	/System/Library/Frameworks/CoreData.framework/Versions/A/CoreData
0x00007fff634b9000 	/System/Library/PrivateFrameworks/UIFoundation.framework/Versions/A/UIFoundation
0x00007fff5e54d000 	/System/Library/PrivateFrameworks/RemoteViewServices.framework/Versions/A/RemoteViewServices
0x00007fff66014000 	/System/Library/PrivateFrameworks/XCTTargetBootstrap.framework/Versions/A/XCTTargetBootstrap
0x00007fff32432000 	/System/Library/Frameworks/CoreDisplay.framework/Versions/A/CoreDisplay
0x00007fff37add000 	/System/Library/Frameworks/Metal.framework/Versions/A/Metal
0x00007fff4c550000 	/System/Library/PrivateFrameworks/DesktopServicesPriv.framework/Versions/A/DesktopServicesPriv
0x00007fff6a5df000 	/usr/lib/liblangid.dylib
0x00007fff4b7e5000 	/System/Library/PrivateFrameworks/CoreSVG.framework/Versions/A/CoreSVG
0x00007fff616a9000 	/System/Library/PrivateFrameworks/SkyLight.framework/Versions/A/SkyLight
0x00007fff329e6000 	/System/Library/Frameworks/CoreGraphics.framework/Versions/A/CoreGraphics
0x00007fff2e1ec000 	/System/Library/Frameworks/Accelerate.framework/Versions/A/Accelerate
0x00007fff6b8d1000 	/usr/lib/libxml2.2.dylib
0x00007fff574d8000 	/System/Library/PrivateFrameworks/IconServices.framework/Versions/A/IconServices
0x00007fff35401000 	/System/Library/Frameworks/IOSurface.framework/Versions/A/IOSurface
0x00007fff68fce000 	/usr/lib/libDiagnosticMessagesClient.dylib
0x00007fff4c3aa000 	/System/Library/PrivateFrameworks/DFRFoundation.framework/Versions/A/DFRFoundation
0x00007fff6a36e000 	/usr/lib/libicucore.A.dylib
0x00007fff3095a000 	/System/Library/Frameworks/AudioToolbox.framework/Versions/A/AudioToolbox
0x00007fff30a3d000 	/System/Library/Frameworks/AudioUnit.framework/Versions/A/AudioUnit
0x00007fff696a6000 	/usr/lib/libauto.dylib
0x00007fff4c44c000 	/System/Library/PrivateFrameworks/DataDetectorsCore.framework/Versions/A/DataDetectorsCore
0x00007fff311e4000 	/System/Library/Frameworks/Carbon.framework/Versions/A/Frameworks/HIToolbox.framework/Versions/A/HIToolbox
0x00007fff3e0b6000 	/System/Library/Frameworks/QuartzCore.framework/Versions/A/QuartzCore
0x00007fff31523000 	/System/Library/Frameworks/Carbon.framework/Versions/A/Frameworks/SpeechRecognition.framework/Versions/A/SpeechRecognition
0x00007fff4bebe000 	/System/Library/PrivateFrameworks/CoreUI.framework/Versions/A/CoreUI
0x00007fff31ab2000 	/System/Library/Frameworks/CoreAudio.framework/Versions/A/CoreAudio
0x00007fff348e1000 	/System/Library/Frameworks/DiskArbitration.framework/Versions/A/DiskArbitration
0x00007fff59528000 	/System/Library/PrivateFrameworks/MultitouchSupport.framework/Versions/A/MultitouchSupport
0x00007fff6a235000 	/usr/lib/libenergytrace.dylib
0x00007fff3535b000 	/System/Library/Frameworks/IOKit.framework/Versions/A/IOKit
0x00007fff3394d000 	/System/Library/Frameworks/CoreServices.framework/Versions/A/CoreServices
0x00007fff5b6e0000 	/System/Library/PrivateFrameworks/PerformanceAnalysis.framework/Versions/A/PerformanceAnalysis
0x00007fff3d0e9000 	/System/Library/Frameworks/OpenGL.framework/Versions/A/OpenGL
0x00007fff316d1000 	/System/Library/Frameworks/ColorSync.framework/Versions/A/ColorSync
0x00007fff33069000 	/System/Library/Frameworks/CoreImage.framework/Versions/A/CoreImage
0x00007fff343c0000 	/System/Library/Frameworks/CoreText.framework/Versions/A/CoreText
0x00007fff35491000 	/System/Library/Frameworks/ImageIO.framework/Versions/A/ImageIO
0x00007fff6978a000 	/usr/lib/libc++.1.dylib
0x00007fff69806000 	/usr/lib/libcompression.dylib
0x00007fff69312000 	/usr/lib/libMobileGestalt.dylib
0x00007fff63223000 	/System/Library/PrivateFrameworks/TextureIO.framework/Versions/A/TextureIO
0x00007fff69609000 	/usr/lib/libate.dylib
0x00007fff576e1000 	/System/Library/PrivateFrameworks/InternationalSupport.framework/Versions/A/InternationalSupport
0x00007fff6c2a1000 	/usr/lib/system/libcache.dylib
0x00007fff6c2a7000 	/usr/lib/system/libcommonCrypto.dylib
0x00007fff6c2b3000 	/usr/lib/system/libcompiler_rt.dylib
0x00007fff6c2bb000 	/usr/lib/system/libcopyfile.dylib
0x00007fff6c2c5000 	/usr/lib/system/libcorecrypto.dylib
0x00007fff6c464000 	/usr/lib/system/libdispatch.dylib
0x00007fff6c4a5000 	/usr/lib/system/libdyld.dylib
0x00007fff6c4dc000 	/usr/lib/system/libkeymgr.dylib
0x00007fff6c4ea000 	/usr/lib/system/liblaunch.dylib
0x00007fff6c4eb000 	/usr/lib/system/libmacho.dylib
0x00007fff6c4f1000 	/usr/lib/system/libquarantine.dylib
0x00007fff6c4f4000 	/usr/lib/system/libremovefile.dylib
0x00007fff6c4f6000 	/usr/lib/system/libsystem_asl.dylib
0x00007fff6c50e000 	/usr/lib/system/libsystem_blocks.dylib
0x00007fff6c50f000 	/usr/lib/system/libsystem_c.dylib
0x00007fff6c597000 	/usr/lib/system/libsystem_configuration.dylib
0x00007fff6c59b000 	/usr/lib/system/libsystem_coreservices.dylib
0x00007fff6c59f000 	/usr/lib/system/libsystem_darwin.dylib
0x00007fff6c5a8000 	/usr/lib/system/libsystem_dnssd.dylib
0x00007fff6c5b0000 	/usr/lib/system/libsystem_featureflags.dylib
0x00007fff6c5b2000 	/usr/lib/system/libsystem_info.dylib
0x00007fff6c62d000 	/usr/lib/system/libsystem_m.dylib
0x00007fff6c675000 	/usr/lib/system/libsystem_malloc.dylib
0x00007fff6c69d000 	/usr/lib/system/libsystem_networkextension.dylib
0x00007fff6c6ab000 	/usr/lib/system/libsystem_notify.dylib
0x00007fff6c6c9000 	/usr/lib/system/libsystem_sandbox.dylib
0x00007fff6c6ce000 	/usr/lib/system/libsystem_secinit.dylib
0x00007fff6c600000 	/usr/lib/system/libsystem_kernel.dylib
0x00007fff6c6b5000 	/usr/lib/system/libsystem_platform.dylib
0x00007fff6c6be000 	/usr/lib/system/libsystem_pthread.dylib
0x00007fff6c6d1000 	/usr/lib/system/libsystem_symptoms.dylib
0x00007fff6c6d9000 	/usr/lib/system/libsystem_trace.dylib
0x00007fff6c6f1000 	/usr/lib/system/libunwind.dylib
0x00007fff6c6f7000 	/usr/lib/system/libxpc.dylib
0x00007fff697dd000 	/usr/lib/libc++abi.dylib
0x00007fff6a5e1000 	/usr/lib/liblzma.5.dylib
0x00007fff6a25c000 	/usr/lib/libfakelink.dylib
0x00007fff69596000 	/usr/lib/libarchive.2.dylib
0x00007fff3ff6d000 	/System/Library/Frameworks/SystemConfiguration.framework/Versions/A/SystemConfiguration
0x00007fff68f01000 	/usr/lib/libCRFSuite.dylib
0x00007fff30dd4000 	/System/Library/Frameworks/CFNetwork.framework/Versions/A/CFNetwork
0x00007fff6976c000 	/usr/lib/libbsm.0.dylib
0x00007fff6c4dd000 	/usr/lib/system/libkxld.dylib
0x00007fff45d27000 	/System/Library/PrivateFrameworks/AppleFSCompression.framework/Versions/A/AppleFSCompression
0x00007fff69af7000 	/usr/lib/libcoretls.dylib
0x00007fff69b0e000 	/usr/lib/libcoretls_cfhelpers.dylib
0x00007fff6b34a000 	/usr/lib/libpam.2.dylib
0x00007fff6b47f000 	/usr/lib/libsqlite3.dylib
0x00007fff6b8be000 	/usr/lib/libxar.1.dylib
0x00007fff6977d000 	/usr/lib/libbz2.1.0.dylib
0x00007fff6a27d000 	/usr/lib/libiconv.2.dylib
0x00007fff697f3000 	/usr/lib/libcharset.1.dylib
0x00007fff6ade7000 	/usr/lib/libnetwork.dylib
0x00007fff6b351000 	/usr/lib/libpcap.A.dylib
0x00007fff6954b000 	/usr/lib/libapple_nghttp2.dylib
0x00007fff33d04000 	/System/Library/Frameworks/CoreServices.framework/Versions/A/Frameworks/FSEvents.framework/Versions/A/FSEvents
0x00007fff339d4000 	/System/Library/Frameworks/CoreServices.framework/Versions/A/Frameworks/CarbonCore.framework/Versions/A/CarbonCore
0x00007fff33f48000 	/System/Library/Frameworks/CoreServices.framework/Versions/A/Frameworks/Metadata.framework/Versions/A/Metadata
0x00007fff33fe1000 	/System/Library/Frameworks/CoreServices.framework/Versions/A/Frameworks/OSServices.framework/Versions/A/OSServices
0x00007fff3400f000 	/System/Library/Frameworks/CoreServices.framework/Versions/A/Frameworks/SearchKit.framework/Versions/A/SearchKit
0x00007fff3394e000 	/System/Library/Frameworks/CoreServices.framework/Versions/A/Frameworks/AE.framework/Versions/A/AE
0x00007fff33d0d000 	/System/Library/Frameworks/CoreServices.framework/Versions/A/Frameworks/LaunchServices.framework/Versions/A/LaunchServices
0x00007fff33cb6000 	/System/Library/Frameworks/CoreServices.framework/Versions/A/Frameworks/DictionaryServices.framework/Versions/A/DictionaryServices
0x00007fff34077000 	/System/Library/Frameworks/CoreServices.framework/Versions/A/Frameworks/SharedFileList.framework/Versions/A/SharedFileList
0x00007fff38f08000 	/System/Library/Frameworks/NetFS.framework/Versions/A/NetFS
0x00007fff59a58000 	/System/Library/PrivateFrameworks/NetAuth.framework/Versions/A/NetAuth
0x00007fff663e1000 	/System/Library/PrivateFrameworks/login.framework/Versions/A/Frameworks/loginsupport.framework/Versions/A/loginsupport
0x00007fff62cee000 	/System/Library/PrivateFrameworks/TCC.framework/Versions/A/TCC
0x00007fff4a958000 	/System/Library/PrivateFrameworks/CoreNLP.framework/Versions/A/CoreNLP
0x00007fff58f55000 	/System/Library/PrivateFrameworks/MetadataUtilities.framework/Versions/A/MetadataUtilities
0x00007fff6a6b9000 	/usr/lib/libmecabra.dylib
0x00007fff6a611000 	/usr/lib/libmecab.dylib
0x00007fff6a26d000 	/usr/lib/libgermantok.dylib
0x00007fff69532000 	/usr/lib/libThaiTokenizer.dylib
0x00007fff68f38000 	/usr/lib/libChineseTokenizer.dylib
0x00007fff2e204000 	/System/Library/Frameworks/Accelerate.framework/Versions/A/Frameworks/vImage.framework/Versions/A/vImage
0x00007fff2f66e000 	/System/Library/Frameworks/Accelerate.framework/Versions/A/Frameworks/vecLib.framework/Versions/A/vecLib
0x00007fff2f5ab000 	/System/Library/Frameworks/Accelerate.framework/Versions/A/Frameworks/vecLib.framework/Versions/A/libvMisc.dylib
0x00007fff2f3d3000 	/System/Library/Frameworks/Accelerate.framework/Versions/A/Frameworks/vecLib.framework/Versions/A/libvDSP.dylib
0x00007fff2e85b000 	/System/Library/Frameworks/Accelerate.framework/Versions/A/Frameworks/vecLib.framework/Versions/A/libBLAS.dylib
0x00007fff2ef97000 	/System/Library/Frameworks/Accelerate.framework/Versions/A/Frameworks/vecLib.framework/Versions/A/libLAPACK.dylib
0x00007fff2f333000 	/System/Library/Frameworks/Accelerate.framework/Versions/A/Frameworks/vecLib.framework/Versions/A/libLinearAlgebra.dylib
0x00007fff2f3c0000 	/System/Library/Frameworks/Accelerate.framework/Versions/A/Frameworks/vecLib.framework/Versions/A/libSparseBLAS.dylib
0x00007fff2f349000 	/System/Library/Frameworks/Accelerate.framework/Versions/A/Frameworks/vecLib.framework/Versions/A/libQuadrature.dylib
0x00007fff2eac3000 	/System/Library/Frameworks/Accelerate.framework/Versions/A/Frameworks/vecLib.framework/Versions/A/libBNNS.dylib
0x00007fff2f34f000 	/System/Library/Frameworks/Accelerate.framework/Versions/A/Frameworks/vecLib.framework/Versions/A/libSparse.dylib
0x00007fff57ac9000 	/System/Library/PrivateFrameworks/LanguageModeling.framework/Versions/A/LanguageModeling
0x00007fff4a308000 	/System/Library/PrivateFrameworks/CoreEmoji.framework/Versions/A/CoreEmoji
0x00007fff57be7000 	/System/Library/PrivateFrameworks/LinguisticData.framework/Versions/A/LinguisticData
0x00007fff57b98000 	/System/Library/PrivateFrameworks/Lexicon.framework/Versions/A/Lexicon
0x00007fff697f4000 	/usr/lib/libcmph.dylib
0x00007fff3baf7000 	/System/Library/Frameworks/OpenDirectory.framework/Versions/A/Frameworks/CFOpenDirectory.framework/Versions/A/CFOpenDirectory
0x00007fff3bb14000 	/System/Library/Frameworks/OpenDirectory.framework/Versions/A/OpenDirectory
0x00007fff43f57000 	/System/Library/PrivateFrameworks/APFS.framework/Versions/A/APFS
0x00007fff3f206000 	/System/Library/Frameworks/SecurityFoundation.framework/Versions/A/SecurityFoundation
0x00007fff6b8ba000 	/usr/lib/libutil.dylib
0x00007fff4b83d000 	/System/Library/PrivateFrameworks/CoreServicesStore.framework/Versions/A/CoreServicesStore
0x00007fff3f2bd000 	/System/Library/Frameworks/ServiceManagement.framework/Versions/A/ServiceManagement
0x00007fff474f7000 	/System/Library/PrivateFrameworks/BackgroundTaskManagement.framework/Versions/A/BackgroundTaskManagement
0x00007fff6b9b7000 	/usr/lib/libxslt.1.dylib
0x00007fff4639a000 	/System/Library/PrivateFrameworks/AppleSystemInfo.framework/Versions/A/AppleSystemInfo
0x00007fff356ac000 	/System/Library/Frameworks/ImageIO.framework/Versions/A/Resources/libJPEG.dylib
0x00007fff3596b000 	/System/Library/Frameworks/ImageIO.framework/Versions/A/Resources/libTIFF.dylib
0x00007fff3594e000 	/System/Library/Frameworks/ImageIO.framework/Versions/A/Resources/libPng.dylib
0x00007fff355ee000 	/System/Library/Frameworks/ImageIO.framework/Versions/A/Resources/libGIF.dylib
0x00007fff355f2000 	/System/Library/Frameworks/ImageIO.framework/Versions/A/Resources/libJP2.dylib
0x00007fff35969000 	/System/Library/Frameworks/ImageIO.framework/Versions/A/Resources/libRadiance.dylib
0x00007fff6a236000 	/usr/lib/libexpat.1.dylib
0x00007fff45e82000 	/System/Library/PrivateFrameworks/AppleJPEG.framework/Versions/A/AppleJPEG
0x00007fff4eb3d000 	/System/Library/PrivateFrameworks/FontServices.framework/libFontParser.dylib
0x00007fff653e3000 	/System/Library/PrivateFrameworks/WatchdogClient.framework/Versions/A/WatchdogClient
0x00007fff57124000 	/System/Library/PrivateFrameworks/IOAccelerator.framework/Versions/A/IOAccelerator
0x00007fff37e78000 	/System/Library/Frameworks/MetalPerformanceShaders.framework/Versions/A/MetalPerformanceShaders
0x00007fff538ba000 	/System/Library/PrivateFrameworks/GPUWrangler.framework/Versions/A/GPUWrangler
0x00007fff57139000 	/System/Library/PrivateFrameworks/IOPresentment.framework/Versions/A/IOPresentment
0x00007fff4c3bd000 	/System/Library/PrivateFrameworks/DSExternalDisplay.framework/Versions/A/DSExternalDisplay
0x00007fff3c488000 	/System/Library/Frameworks/OpenGL.framework/Versions/A/Libraries/libCoreFSCache.dylib
0x00007fff37bc4000 	/System/Library/Frameworks/MetalPerformanceShaders.framework/Frameworks/MPSCore.framework/Versions/A/MPSCore
0x00007fff37c02000 	/System/Library/Frameworks/MetalPerformanceShaders.framework/Frameworks/MPSImage.framework/Versions/A/MPSImage
0x00007fff37cc9000 	/System/Library/Frameworks/MetalPerformanceShaders.framework/Frameworks/MPSNeuralNetwork.framework/Versions/A/MPSNeuralNetwork
0x00007fff37c8d000 	/System/Library/Frameworks/MetalPerformanceShaders.framework/Frameworks/MPSMatrix.framework/Versions/A/MPSMatrix
0x00007fff37e28000 	/System/Library/Frameworks/MetalPerformanceShaders.framework/Frameworks/MPSRayIntersector.framework/Versions/A/MPSRayIntersector
0x00007fff37cb3000 	/System/Library/Frameworks/MetalPerformanceShaders.framework/Frameworks/MPSNDArray.framework/Versions/A/MPSNDArray
0x00007fff58fa2000 	/System/Library/PrivateFrameworks/MetalTools.framework/Versions/A/MetalTools
0x00007fff45131000 	/System/Library/PrivateFrameworks/AggregateDictionary.framework/Versions/A/AggregateDictionary
0x00007fff49d50000 	/System/Library/PrivateFrameworks/CoreAnalytics.framework/Versions/A/CoreAnalytics
0x00007fff462b9000 	/System/Library/PrivateFrameworks/AppleSauce.framework/Versions/A/AppleSauce
0x00007fff691f4000 	/usr/lib/libIOReport.dylib
0x00007fff34578000 	/System/Library/Frameworks/CoreVideo.framework/Versions/A/CoreVideo
0x00007fff54d33000 	/System/Library/PrivateFrameworks/GraphVisualizer.framework/Versions/A/GraphVisualizer
0x00007fff4e083000 	/System/Library/PrivateFrameworks/FaceCore.framework/Versions/A/FaceCore
0x00007fff3ba9e000 	/System/Library/Frameworks/OpenCL.framework/Versions/A/OpenCL
0x00007fff69016000 	/usr/lib/libFosl_dynamic.dylib
0x00007fff5a478000 	/System/Library/PrivateFrameworks/OTSVG.framework/Versions/A/OTSVG
0x00007fff3072d000 	/System/Library/Frameworks/ApplicationServices.framework/Versions/A/Frameworks/ATS.framework/Versions/A/Resources/libFontRegistry.dylib
0x00007fff4ed0e000 	/System/Library/PrivateFrameworks/FontServices.framework/libhvf.dylib
0x00007fff3c493000 	/System/Library/Frameworks/OpenGL.framework/Versions/A/Libraries/libGFXShared.dylib
0x00007fff3c671000 	/System/Library/Frameworks/OpenGL.framework/Versions/A/Libraries/libGLU.dylib
0x00007fff3c49c000 	/System/Library/Frameworks/OpenGL.framework/Versions/A/Libraries/libGL.dylib
0x00007fff3c4a7000 	/System/Library/Frameworks/OpenGL.framework/Versions/A/Libraries/libGLImage.dylib
0x00007fff3c485000 	/System/Library/Frameworks/OpenGL.framework/Versions/A/Libraries/libCVMSPluginSupport.dylib
0x00007fff3c48e000 	/System/Library/Frameworks/OpenGL.framework/Versions/A/Libraries/libCoreVMClient.dylib
0x00007fff6ac88000 	/usr/lib/libncurses.5.4.dylib
0x00007fff30629000 	/System/Library/Frameworks/ApplicationServices.framework/Versions/A/Frameworks/ATS.framework/Versions/A/ATS
0x00007fff307f6000 	/System/Library/Frameworks/ApplicationServices.framework/Versions/A/Frameworks/ColorSyncLegacy.framework/Versions/A/ColorSyncLegacy
0x00007fff30894000 	/System/Library/Frameworks/ApplicationServices.framework/Versions/A/Frameworks/HIServices.framework/Versions/A/HIServices
0x00007fff308ec000 	/System/Library/Frameworks/ApplicationServices.framework/Versions/A/Frameworks/LangAnalysis.framework/Versions/A/LangAnalysis
0x00007fff308fb000 	/System/Library/Frameworks/ApplicationServices.framework/Versions/A/Frameworks/PrintCore.framework/Versions/A/PrintCore
0x00007fff30941000 	/System/Library/Frameworks/ApplicationServices.framework/Versions/A/Frameworks/QD.framework/Versions/A/QD
0x00007fff3094c000 	/System/Library/Frameworks/ApplicationServices.framework/Versions/A/Frameworks/SpeechSynthesis.framework/Versions/A/SpeechSynthesis
0x00007fff307c6000 	/System/Library/Frameworks/ApplicationServices.framework/Versions/A/Frameworks/ATSUI.framework/Versions/A/ATSUI
0x00007fff6a0cc000 	/usr/lib/libcups.2.dylib
0x00007fff36f13000 	/System/Library/Frameworks/Kerberos.framework/Versions/A/Kerberos
0x00007fff35054000 	/System/Library/Frameworks/GSS.framework/Versions/A/GSS
0x00007fff6b40b000 	/usr/lib/libresolv.9.dylib
0x00007fff54ee0000 	/System/Library/PrivateFrameworks/Heimdal.framework/Versions/A/Heimdal
0x00007fff36f26000 	/System/Library/Frameworks/Kerberos.framework/Versions/A/Libraries/libHeimdalProxy.dylib
0x00007fff6a273000 	/usr/lib/libheimdal-asn1.dylib
0x00007fff491e8000 	/System/Library/PrivateFrameworks/CommonAuth.framework/Versions/A/CommonAuth
0x00007fff46437000 	/System/Library/PrivateFrameworks/AssertionServices.framework/Versions/A/AssertionServices
0x00007fff46fda000 	/System/Library/PrivateFrameworks/AudioToolboxCore.framework/Versions/A/AudioToolboxCore
0x00007fff66091000 	/System/Library/PrivateFrameworks/caulk.framework/Versions/A/caulk
0x00007fff475a3000 	/System/Library/PrivateFrameworks/BaseBoard.framework/Versions/A/BaseBoard
0x00007fff5e6db000 	/System/Library/PrivateFrameworks/RunningBoardServices.framework/Versions/A/RunningBoardServices
0x00007fff5b6ec000 	/System/Library/PrivateFrameworks/PersistentConnection.framework/Versions/A/PersistentConnection
0x00007fff5e0d4000 	/System/Library/PrivateFrameworks/ProtocolBuffer.framework/Versions/A/ProtocolBuffer
0x00007fff4920c000 	/System/Library/PrivateFrameworks/CommonUtilities.framework/Versions/A/CommonUtilities
0x00007fff47731000 	/System/Library/PrivateFrameworks/Bom.framework/Versions/A/Bom
0x00007fff68ec7000 	/usr/lib/libAudioToolboxUtility.dylib
0x00007fff47501000 	/System/Library/PrivateFrameworks/Backup.framework/Versions/A/Backup
0x00007fff4c2de000 	/System/Library/PrivateFrameworks/CrashReporterSupport.framework/Versions/A/CrashReporterSupport
0x00007fff6016d000 	/System/Library/PrivateFrameworks/Sharing.framework/Versions/A/Sharing
0x00007fff45a45000 	/System/Library/PrivateFrameworks/Apple80211.framework/Versions/A/Apple80211
0x00007fff4721e000 	/System/Library/PrivateFrameworks/AuthKit.framework/Versions/A/AuthKit
0x00007fff4bfeb000 	/System/Library/PrivateFrameworks/CoreUtils.framework/Versions/A/CoreUtils
0x00007fff345bd000 	/System/Library/Frameworks/CoreWLAN.framework/Versions/A/CoreWLAN
0x00007fff351e1000 	/System/Library/Frameworks/IOBluetooth.framework/Versions/A/IOBluetooth
0x00007fff592a7000 	/System/Library/PrivateFrameworks/MobileKeyBag.framework/Versions/A/MobileKeyBag
0x00007fff4adf0000 	/System/Library/PrivateFrameworks/CorePhoneNumbers.framework/Versions/A/CorePhoneNumbers
0x00007fff45e35000 	/System/Library/PrivateFrameworks/AppleIDAuthSupport.framework/Versions/A/AppleIDAuthSupport
0x00007fff38f15000 	/System/Library/Frameworks/Network.framework/Versions/A/Network
0x00007fff57975000 	/System/Library/PrivateFrameworks/KeychainCircle.framework/Versions/A/KeychainCircle
0x00007fff3200e000 	/System/Library/Frameworks/CoreBluetooth.framework/Versions/A/CoreBluetooth
0x00007fff621ec000 	/System/Library/PrivateFrameworks/SpeechRecognitionCore.framework/Versions/A/SpeechRecognitionCore
0x000000010f60e000 	/private/var/folders/nk/77tzydc5271b4jt6909jb9m80000gn/T/AppTranslocation/BDDBB0C3-77ED-43C6-AEE6-E5E15E40E2C1/d/Android Studio.app/Contents/jre/jdk/Contents/Home/jre/lib/server/libjvm.dylib
0x00007fff6b78d000 	/usr/lib/libstdc++.6.dylib
0x000000010e4cd000 	/private/var/folders/nk/77tzydc5271b4jt6909jb9m80000gn/T/AppTranslocation/BDDBB0C3-77ED-43C6-AEE6-E5E15E40E2C1/d/Android Studio.app/Contents/jre/jdk/Contents/Home/jre/lib/libverify.dylib
0x000000010e4df000 	/private/var/folders/nk/77tzydc5271b4jt6909jb9m80000gn/T/AppTranslocation/BDDBB0C3-77ED-43C6-AEE6-E5E15E40E2C1/d/Android Studio.app/Contents/jre/jdk/Contents/Home/jre/lib/libjava.dylib
0x000000010e573000 	/private/var/folders/nk/77tzydc5271b4jt6909jb9m80000gn/T/AppTranslocation/BDDBB0C3-77ED-43C6-AEE6-E5E15E40E2C1/d/Android Studio.app/Contents/jre/jdk/Contents/Home/jre/lib/libzip.dylib
0x000000010e5c8000 	/private/var/folders/nk/77tzydc5271b4jt6909jb9m80000gn/T/AppTranslocation/BDDBB0C3-77ED-43C6-AEE6-E5E15E40E2C1/d/Android Studio.app/Contents/jre/jdk/Contents/Home/jre/lib/libnio.dylib
0x000000010f46b000 	/private/var/folders/nk/77tzydc5271b4jt6909jb9m80000gn/T/AppTranslocation/BDDBB0C3-77ED-43C6-AEE6-E5E15E40E2C1/d/Android Studio.app/Contents/jre/jdk/Contents/Home/jre/lib/libnet.dylib
0x000000012669e000 	/Users/soso/.gradle/native/f6784746aeab05261644944871eae4fe03e0ef1612fff0a4a95f87b438bc6780/osx-amd64/libnative-platform.dylib
0x00000001269e0000 	/private/var/folders/nk/77tzydc5271b4jt6909jb9m80000gn/T/AppTranslocation/BDDBB0C3-77ED-43C6-AEE6-E5E15E40E2C1/d/Android Studio.app/Contents/jre/jdk/Contents/Home/jre/lib/libmanagement.dylib

VM Arguments:
jvm_args: -Xmx2048m -Dfile.encoding=UTF-8 -Duser.country=FR -Duser.language=fr -Duser.variant 
java_command: org.gradle.launcher.daemon.bootstrap.GradleDaemon 6.5
java_class_path (initial): /Users/soso/.gradle/wrapper/dists/gradle-6.5-all/2oz4ud9k3tuxjg84bbf55q0tn/gradle-6.5/lib/gradle-launcher-6.5.jar
Launcher Type: SUN_STANDARD

Environment Variables:
PATH=/usr/local/bin:/usr/bin:/bin:/usr/sbin:/sbin
SHELL=/bin/zsh

Signal Handlers:
SIGSEGV: [libjvm.dylib+0x565c43], sa_mask[0]=11111111011111110111111111111111, sa_flags=SA_ONSTACK|SA_RESTART|SA_SIGINFO
SIGBUS: [libjvm.dylib+0x565c43], sa_mask[0]=11111111011111110111111111111111, sa_flags=SA_RESTART|SA_SIGINFO
SIGFPE: [libjvm.dylib+0x45dd9d], sa_mask[0]=11111111011111110111111111111111, sa_flags=SA_RESTART|SA_SIGINFO
SIGPIPE: [libjvm.dylib+0x45dd9d], sa_mask[0]=11111111011111110111111111111111, sa_flags=SA_RESTART|SA_SIGINFO
SIGXFSZ: [libjvm.dylib+0x45dd9d], sa_mask[0]=11111111011111110111111111111111, sa_flags=SA_RESTART|SA_SIGINFO
SIGILL: [libjvm.dylib+0x45dd9d], sa_mask[0]=11111111011111110111111111111111, sa_flags=SA_RESTART|SA_SIGINFO
SIGUSR1: SIG_DFL, sa_mask[0]=00000000000000000000000000000000, sa_flags=none
SIGUSR2: [libjvm.dylib+0x45e69c], sa_mask[0]=00100000000000000000000000000000, sa_flags=SA_RESTART|SA_SIGINFO
SIGHUP: [libjvm.dylib+0x45c8c1], sa_mask[0]=11111111011111110111111111111111, sa_flags=SA_RESTART|SA_SIGINFO
SIGINT: [libjvm.dylib+0x45c8c1], sa_mask[0]=11111111011111110111111111111111, sa_flags=SA_RESTART|SA_SIGINFO
SIGTERM: [libjvm.dylib+0x45c8c1], sa_mask[0]=11111111011111110111111111111111, sa_flags=SA_RESTART|SA_SIGINFO
SIGQUIT: [libjvm.dylib+0x45c8c1], sa_mask[0]=11111111011111110111111111111111, sa_flags=SA_RESTART|SA_SIGINFO


---------------  S Y S T E M  ---------------

OS:Bsduname:Darwin 19.6.0 Darwin Kernel Version 19.6.0: Mon Aug 31 22:12:52 PDT 2020; root:xnu-6153.141.2~1/RELEASE_X86_64 x86_64
rlimit: STACK 8192k, CORE 0k, NPROC 1392, NOFILE 10240, AS infinity
load average:3.58 3.76 3.70

CPU:total 4 (initial active 4) (2 cores per cpu, 2 threads per core) family 6 model 61 stepping 4, cmov, cx8, fxsr, mmx, sse, sse2, sse3, ssse3, sse4.1, sse4.2, popcnt, avx, avx2, aes, clmul, erms, 3dnowpref, lzcnt, ht, tsc, tscinvbit, bmi1, bmi2, adx

Memory: 4k page, physical 8388608k(647856k free)

/proc/meminfo:


vm_info: OpenJDK 64-Bit Server VM (25.242-b3-6222593) for bsd-amd64 JRE (1.8.0_242-release-1644-b3-6222593), built by "android-build" with gcc 4.2.1 Compatible Android (5484270 based on r353983c) Clang 9.0.3 (https://android.googlesource.com/toolchain/clang 745b335211bb9eadfa6aa6301f84715cee4b37c5) (https://android.googlesource.com/toolchain/llvm 60cf23e54e46c807513f7a36d0a7b777920b5881)

time: Wed Oct 21 01:16:33 2020
timezone: CEST
elapsed time: 8 seconds (0d 0h 0m 8s)

