#
# A fatal error has been detected by the Java Runtime Environment:
#
#  SIGSEGV (0xb) at pc=0x000000010249c69a, pid=5651, tid=0x0000000000002007
#
# JRE version: OpenJDK Runtime Environment (8.0_242) (build 1.8.0_242-release-1644-b3-6222593)
# Java VM: OpenJDK 64-Bit Server VM (25.242-b3-6222593 mixed mode bsd-amd64 compressed oops)
# Problematic frame:
# V  [libjvm.dylib+0x49c69a]  oopDesc* PSPromotionManager::copy_to_survivor_space<false>(oopDesc*)+0x9a
#
# Failed to write core dump. Core dumps have been disabled. To enable core dumping, try "ulimit -c unlimited" before starting Java again
#
# If you would like to submit a bug report, please visit:
#   http://bugreport.java.com/bugreport/crash.jsp
#

---------------  T H R E A D  ---------------

Current thread (0x00007fe91080e000):  GCTaskThread [stack: 0x000070000d8be000,0x000070000d9be000] [id=8199]

siginfo: si_signo: 11 (SIGSEGV), si_code: 1 (SEGV_MAPERR), si_addr: 0x00000000000000e8

Registers:
RAX=0x0000000000000000, RBX=0x00000007b787bc6d, RCX=0x0000000000000003, RDX=0x00000001028112d8
RSP=0x000070000d9bdca0, RBP=0x000070000d9bdd10, RSI=0x00000007a2a595d8, RDI=0x00000007c02e5910
R8 =0x0000000000000000, R9 =0x0000000000000003, R10=0x00007fe9104087d8, R11=0x0000000014e239f0
R12=0x0000000000000000, R13=0x0000000000000005, R14=0x00007fe912033600, R15=0x00000007a2a595d8
RIP=0x000000010249c69a, EFLAGS=0x0000000000010246, ERR=0x0000000000000004
  TRAPNO=0x000000000000000e

Top of Stack: (sp=0x000070000d9bdca0)
0x000070000d9bdca0:   000070000d9bdd28 00000007b7874e08
0x000070000d9bdcb0:   0000000000001000 0000000000000016
0x000070000d9bdcc0:   0000000000021501 00000007a2a57d42
0x000070000d9bdcd0:   000070000d9bdd60 000000000000000d
0x000070000d9bdce0:   0000000000000003 00000007b787bc6d
0x000070000d9bdcf0:   0000000102821ffb 00007fe912033600
0x000070000d9bdd00:   00000007b787bc6c 00000001028112c8
0x000070000d9bdd10:   000070000d9bdd40 0000000102499f8a
0x000070000d9bdd20:   00000007b787bc6d 00000001028268a0
0x000070000d9bdd30:   00007fe912033660 00007fe912033698
0x000070000d9bdd40:   000070000d9bdda0 0000000102499e19
0x000070000d9bdd50:   000070000d9bdda0 000000010244f99d
0x000070000d9bdd60:   00000007c001e388 00000007b787bc6d
0x000070000d9bdd70:   00000007443abd3c 0000000000000240
0x000070000d9bdd80:   00000007443abe00 0000000112504d81
0x000070000d9bdd90:   00000007443abe00 0000000112504d5f
0x000070000d9bdda0:   000070000d9bde50 000000010213d1bd
0x000070000d9bddb0:   0000000000000000 0000000112504d80
0x000070000d9bddc0:   0000000112504d01 0000000112504d80
0x000070000d9bddd0:   0000000112504c00 0000000000000200
0x000070000d9bdde0:   000000011251d61d 00000007474c3a88
0x000070000d9bddf0:   0000000000000100 00007fe912033600
0x000070000d9bde00:   00000007443a0030 00000007443b0118
0x000070000d9bde10:   000000011251d61e 00007fe9104083c0
0x000070000d9bde20:   00007fe910408640 00007fe91050c1f0
0x000070000d9bde30:   00007fe91050c1f0 00000001025cf89a
0x000070000d9bde40:   00007fe912033600 0000000000000001
0x000070000d9bde50:   000070000d9bde80 000000010249d56d
0x000070000d9bde60:   00007fe900000004 00007fe911b2c240
0x000070000d9bde70:   00007fe91080e000 0000000000000000
0x000070000d9bde80:   000070000d9bdf60 000000010225a011
0x000070000d9bde90:   0000000102822100 00007fe91080e000 

Instructions: (pc=0x000000010249c69a)
0x000000010249c67a:   44 8b 67 08 45 85 e4 7e 0c 41 f6 c4 01 75 0b 41
0x000000010249c68a:   c1 ec 03 eb 4c 45 85 e4 78 11 48 8b 07 4c 89 fe
0x000000010249c69a:   ff 90 e8 00 00 00 41 89 c4 eb 36 31 c9 84 c0 0f
0x000000010249c6aa:   94 c1 49 63 44 8f 0c 44 89 e1 48 d3 e0 41 c1 ec 

Register to memory mapping:

RAX=0x0000000000000000 is an unknown value
RBX=0x00000007b787bc6d is an unknown value
RCX=0x0000000000000003 is an unknown value
RDX=0x00000001028112d8: _ZN8Universe13_narrow_klassE+0 in /private/var/folders/nk/77tzydc5271b4jt6909jb9m80000gn/T/AppTranslocation/83DACF81-3FAF-48C6-A9E9-D6E58756B2D7/d/Android Studio.app/Contents/jre/jdk/Contents/Home/jre/lib/server/libjvm.dylib at 0x0000000102000000
RSP=0x000070000d9bdca0 is an unknown value
RBP=0x000070000d9bdd10 is an unknown value
RSI=0x00000007a2a595d8 is an oop

[error occurred during error reporting (printing register info), id 0xb]

Stack: [0x000070000d8be000,0x000070000d9be000],  sp=0x000070000d9bdca0,  free space=1023k
Native frames: (J=compiled Java code, j=interpreted, Vv=VM code, C=native code)
V  [libjvm.dylib+0x49c69a]  oopDesc* PSPromotionManager::copy_to_survivor_space<false>(oopDesc*)+0x9a
V  [libjvm.dylib+0x499f8a]  PSPromotionManager::process_popped_location_depth(StarTask)+0x106
V  [libjvm.dylib+0x499e19]  PSPromotionManager::drain_stacks_depth(bool)+0x1fb
V  [libjvm.dylib+0x13d1bd]  CardTableExtension::scavenge_contents_parallel(ObjectStartArray*, MutableSpace*, HeapWord*, PSPromotionManager*, unsigned int, unsigned int)+0x647
V  [libjvm.dylib+0x49d56d]  OldToYoungRootsTask::do_it(GCTaskManager*, unsigned int)+0x4b
V  [libjvm.dylib+0x25a011]  GCTaskThread::run()+0x12d
V  [libjvm.dylib+0x45b9eb]  java_start(Thread*)+0xfa
C  [libsystem_pthread.dylib+0x6109]  _pthread_start+0x94
C  [libsystem_pthread.dylib+0x1b8b]  thread_start+0xf


---------------  P R O C E S S  ---------------

Java Threads: ( => current thread )
  0x00007fe916c6c800 JavaThread "jar transforms Thread 4952" [_thread_blocked, id=75827, stack(0x000070001239f000,0x000070001249f000)]
  0x00007fe916c6b800 JavaThread "jar transforms Thread 4951" [_thread_blocked, id=34475, stack(0x000070001229c000,0x000070001239c000)]
  0x00007fe912387000 JavaThread "jar transforms Thread 4950" [_thread_blocked, id=52783, stack(0x0000700012199000,0x0000700012299000)]
  0x00007fe918281800 JavaThread "jar transforms Thread 4949" [_thread_blocked, id=32559, stack(0x0000700012096000,0x0000700012196000)]
  0x00007fe916ce0000 JavaThread "jar transforms Thread 4948" [_thread_blocked, id=125371, stack(0x0000700011f93000,0x0000700012093000)]
  0x00007fe916cdf000 JavaThread "jar transforms Thread 4947" [_thread_blocked, id=125615, stack(0x0000700011e90000,0x0000700011f90000)]
  0x00007fe91dbac800 JavaThread "jar transforms Thread 4946" [_thread_blocked, id=122163, stack(0x0000700011d8d000,0x0000700011e8d000)]
  0x00007fe916d8d000 JavaThread "jar transforms Thread 4945" [_thread_blocked, id=16299, stack(0x0000700011c8a000,0x0000700011d8a000)]
  0x00007fe9182be800 JavaThread "jar transforms Thread 4944" [_thread_blocked, id=59567, stack(0x0000700011b87000,0x0000700011c87000)]
  0x00007fe916d90000 JavaThread "jar transforms Thread 4943" [_thread_blocked, id=48011, stack(0x0000700011a84000,0x0000700011b84000)]
  0x00007fe91d977000 JavaThread "jar transforms Thread 4942" [_thread_blocked, id=55343, stack(0x0000700011981000,0x0000700011a81000)]
  0x00007fe916ac5800 JavaThread "jar transforms Thread 4941" [_thread_blocked, id=48555, stack(0x000070001187e000,0x000070001197e000)]
  0x00007fe916ce4000 JavaThread "jar transforms Thread 4940" [_thread_blocked, id=60079, stack(0x000070001177b000,0x000070001187b000)]
  0x00007fe91db83000 JavaThread "jar transforms Thread 4939" [_thread_blocked, id=94783, stack(0x0000700011678000,0x0000700011778000)]
  0x00007fe91db9c000 JavaThread "jar transforms Thread 4938" [_thread_blocked, id=43963, stack(0x0000700011575000,0x0000700011675000)]
  0x00007fe91de5a800 JavaThread "jar transforms Thread 4937" [_thread_blocked, id=33711, stack(0x0000700011472000,0x0000700011572000)]
  0x00007fe916b34000 JavaThread "jar transforms Thread 4936" [_thread_blocked, id=16391, stack(0x000070001136f000,0x000070001146f000)]
  0x00007fe916ab1000 JavaThread "jar transforms Thread 4935" [_thread_blocked, id=60275, stack(0x000070001126c000,0x000070001136c000)]
  0x00007fe9120d6800 JavaThread "jar transforms Thread 4934" [_thread_blocked, id=49923, stack(0x0000700011169000,0x0000700011269000)]
  0x00007fe916f11000 JavaThread "jar transforms Thread 4933" [_thread_blocked, id=88439, stack(0x0000700011066000,0x0000700011166000)]
  0x00007fe911247800 JavaThread "jar transforms Thread 4932" [_thread_blocked, id=68791, stack(0x0000700010f63000,0x0000700011063000)]
  0x00007fe91da84800 JavaThread "jar transforms Thread 4931" [_thread_blocked, id=73131, stack(0x0000700010e60000,0x0000700010f60000)]
  0x00007fe9112a9800 JavaThread "jar transforms Thread 4930" [_thread_blocked, id=80907, stack(0x0000700010d5d000,0x0000700010e5d000)]
  0x00007fe9112a8800 JavaThread "jar transforms Thread 4929" [_thread_blocked, id=43535, stack(0x0000700010c5a000,0x0000700010d5a000)]
  0x00007fe91df0c000 JavaThread "jar transforms Thread 4928" [_thread_blocked, id=69175, stack(0x0000700010b57000,0x0000700010c57000)]
  0x00007fe91dbd4000 JavaThread "jar transforms Thread 4927" [_thread_blocked, id=127159, stack(0x0000700010a54000,0x0000700010b54000)]
  0x00007fe916fbb800 JavaThread "jar transforms Thread 4926" [_thread_blocked, id=126527, stack(0x0000700010951000,0x0000700010a51000)]
  0x00007fe916855000 JavaThread "jar transforms Thread 4925" [_thread_blocked, id=84907, stack(0x000070001084e000,0x000070001094e000)]
  0x00007fe916b80000 JavaThread "jar transforms Thread 4924" [_thread_blocked, id=129667, stack(0x000070001074b000,0x000070001084b000)]
  0x00007fe914265000 JavaThread "jar transforms Thread 4923" [_thread_blocked, id=60475, stack(0x0000700010648000,0x0000700010748000)]
  0x00007fe914264000 JavaThread "jar transforms Thread 4922" [_thread_blocked, id=82843, stack(0x0000700010545000,0x0000700010645000)]
  0x00007fe91462d000 JavaThread "jar transforms Thread 4921" [_thread_blocked, id=25907, stack(0x0000700010442000,0x0000700010542000)]
  0x00007fe9111b8000 JavaThread "jar transforms Thread 4920" [_thread_blocked, id=126383, stack(0x000070001033f000,0x000070001043f000)]
  0x00007fe91124c000 JavaThread "jar transforms Thread 4919" [_thread_blocked, id=56343, stack(0x000070001023c000,0x000070001033c000)]
  0x00007fe911503800 JavaThread "jar transforms Thread 4918" [_thread_blocked, id=58935, stack(0x0000700010139000,0x0000700010239000)]
  0x00007fe911514000 JavaThread "jar transforms Thread 4917" [_thread_blocked, id=89715, stack(0x0000700010036000,0x0000700010136000)]
  0x00007fe91684b800 JavaThread "jar transforms Thread 4916" [_thread_blocked, id=85367, stack(0x000070000fd2d000,0x000070000fe2d000)]
  0x00007fe9115ec000 JavaThread "jar transforms Thread 4915" [_thread_blocked, id=88119, stack(0x000070000fc2a000,0x000070000fd2a000)]
  0x00007fe916986800 JavaThread "Build operations Thread 4" [_thread_blocked, id=79135, stack(0x000070000fb27000,0x000070000fc27000)]
  0x00007fe916b81800 JavaThread "Build operations Thread 3" [_thread_blocked, id=15671, stack(0x000070000fa24000,0x000070000fb24000)]
  0x00007fe91d347000 JavaThread "Build operations Thread 2" [_thread_blocked, id=27955, stack(0x000070000f921000,0x000070000fa21000)]
  0x00007fe9122e1800 JavaThread "Build operations" [_thread_blocked, id=64699, stack(0x000070000f81e000,0x000070000f91e000)]
  0x00007fe911a78000 JavaThread "Cache worker for cache directory md-rule (/Users/soso/.gradle/caches/6.5/md-rule)" [_thread_blocked, id=80071, stack(0x000070000f71b000,0x000070000f81b000)]
  0x00007fe918034800 JavaThread "Cache worker for cache directory md-supplier (/Users/soso/.gradle/caches/6.5/md-supplier)" [_thread_blocked, id=51115, stack(0x000070000f618000,0x000070000f718000)]
  0x00007fe9181e4800 JavaThread "Cache worker for checksums cache (/Users/soso/AndroidStudioProjects/DingBring/.gradle/checksums)" [_thread_blocked, id=68427, stack(0x000070000f515000,0x000070000f615000)]
  0x00007fe912138000 JavaThread "Cache worker for file hash cache (/Users/soso/AndroidStudioProjects/DingBring/.gradle/6.5/fileHashes)" [_thread_blocked, id=54839, stack(0x000070000f412000,0x000070000f512000)]
  0x00007fe910a69000 JavaThread "Thread-6234" [_thread_blocked, id=86575, stack(0x000070000f006000,0x000070000f106000)]
  0x00007fe911e8b800 JavaThread "Stdin handler" [_thread_blocked, id=90183, stack(0x000070000ef03000,0x000070000f003000)]
  0x00007fe9117b3800 JavaThread "Asynchronous log dispatcher for DefaultDaemonConnection: socket connection from /127.0.0.1:61945 to /127.0.0.1:53320" [_thread_blocked, id=93103, stack(0x000070000ee00000,0x000070000ef00000)]
  0x00007fe9118b9800 JavaThread "Daemon worker Thread 41" [_thread_blocked, id=86447, stack(0x000070000ecfd000,0x000070000edfd000)]
  0x00007fe916ca2000 JavaThread "Cancel handler" [_thread_blocked, id=60687, stack(0x000070000ebfa000,0x000070000ecfa000)]
  0x00007fe914354800 JavaThread "Handler for socket connection from /127.0.0.1:61945 to /127.0.0.1:53320" [_thread_in_native, id=37811, stack(0x000070000eaf7000,0x000070000ebf7000)]
  0x00007fe914734000 JavaThread "Daemon Thread 40" [_thread_blocked, id=76219, stack(0x000070000e9f4000,0x000070000eaf4000)]
  0x00007fe916896000 JavaThread "RMI TCP Connection(idle)" daemon [_thread_blocked, id=67643, stack(0x00007000181b6000,0x00007000182b6000)]
  0x00007fe916b82800 JavaThread "RMI RenewClean-[127.0.0.1:17683,org.jetbrains.kotlin.daemon.common.LoopbackNetworkInterface$ClientLoopbackSocketFactory@1b556d42]" daemon [_thread_blocked, id=74287, stack(0x0000700017fb0000,0x00007000180b0000)]
  0x00007fe918501800 JavaThread "RMI RenewClean-[127.0.0.1:17683,org.jetbrains.kotlin.daemon.common.LoopbackNetworkInterface$ClientLoopbackSocketFactory@333836f8]" daemon [_thread_blocked, id=47159, stack(0x0000700017daa000,0x0000700017eaa000)]
  0x00007fe91242c800 JavaThread "Cache worker for Java compile cache (/Users/soso/.gradle/caches/6.5/javaCompile)" [_thread_blocked, id=123139, stack(0x00007000186c5000,0x00007000187c5000)]
  0x00007fe917775800 JavaThread "RMI Reaper" [_thread_blocked, id=91907, stack(0x00007000184bf000,0x00007000185bf000)]
  0x00007fe911ab8000 JavaThread "RMI TCP Accept-0" daemon [_thread_in_native, id=123907, stack(0x00007000183bc000,0x00007000184bc000)]
  0x00007fe917a32000 JavaThread "GC Daemon" daemon [_thread_blocked, id=91651, stack(0x00007000182b9000,0x00007000183b9000)]
  0x00007fe911a22800 JavaThread "RMI Scheduler(0)" daemon [_thread_blocked, id=124675, stack(0x00007000180b3000,0x00007000181b3000)]
  0x00007fe917136000 JavaThread "Memory manager" [_thread_blocked, id=88579, stack(0x0000700017592000,0x0000700017692000)]
  0x00007fe916fff800 JavaThread "Cache worker for file content cache (/Users/soso/.gradle/caches/6.5/fileContent)" [_thread_blocked, id=20487, stack(0x000070000ff33000,0x0000700010033000)]
  0x00007fe910bd2800 JavaThread "Cache worker for execution history cache (/Users/soso/.gradle/caches/6.5/executionHistory)" [_thread_blocked, id=26883, stack(0x000070000fe30000,0x000070000ff30000)]
  0x00007fe911a94800 JavaThread "Cache worker for file hash cache (/Users/soso/.gradle/caches/6.5/fileHashes)" [_thread_blocked, id=41475, stack(0x000070000f30f000,0x000070000f40f000)]
  0x00007fe911a66000 JavaThread "File lock request listener" [_thread_in_native, id=41987, stack(0x000070000f20c000,0x000070000f30c000)]
  0x00007fe911126800 JavaThread "Cache worker for journal cache (/Users/soso/.gradle/caches/journal-1)" [_thread_blocked, id=23043, stack(0x000070000f109000,0x000070000f209000)]
  0x00007fe912243000 JavaThread "Daemon periodic checks" [_thread_blocked, id=15107, stack(0x000070000e8f1000,0x000070000e9f1000)]
  0x00007fe910e4a800 JavaThread "Incoming local TCP Connector on port 61945" [_thread_in_native, id=14851, stack(0x000070000e7ee000,0x000070000e8ee000)]
  0x00007fe910e5a000 JavaThread "Daemon health stats" [_thread_blocked, id=17155, stack(0x000070000e6eb000,0x000070000e7eb000)]
  0x00007fe91084c800 JavaThread "Service Thread" daemon [_thread_blocked, id=17923, stack(0x000070000e4e5000,0x000070000e5e5000)]
  0x00007fe911010000 JavaThread "C1 CompilerThread2" daemon [_thread_blocked, id=18435, stack(0x000070000e3e2000,0x000070000e4e2000)]
  0x00007fe91180f000 JavaThread "C2 CompilerThread1" daemon [_thread_blocked, id=14083, stack(0x000070000e2df000,0x000070000e3df000)]
  0x00007fe91100f800 JavaThread "C2 CompilerThread0" daemon [_thread_blocked, id=18947, stack(0x000070000e1dc000,0x000070000e2dc000)]
  0x00007fe91085a000 JavaThread "Signal Dispatcher" daemon [_thread_blocked, id=19459, stack(0x000070000e0d9000,0x000070000e1d9000)]
  0x00007fe91082d800 JavaThread "Finalizer" daemon [_thread_blocked, id=21251, stack(0x000070000ded0000,0x000070000dfd0000)]
  0x00007fe912039000 JavaThread "Reference Handler" daemon [_thread_blocked, id=11523, stack(0x000070000ddcd000,0x000070000decd000)]
  0x00007fe912009000 JavaThread "main" [_thread_blocked, id=4611, stack(0x000070000d7bb000,0x000070000d8bb000)]

Other Threads:
  0x00007fe912034000 VMThread [stack: 0x000070000dcca000,0x000070000ddca000] [id=11011]
  0x00007fe91080a000 WatcherThread [stack: 0x000070000e5e8000,0x000070000e6e8000] [id=17667]

=>0x00007fe91080e000 (exited) GCTaskThread [stack: 0x000070000d8be000,0x000070000d9be000] [id=8199]

VM state:at safepoint (normal execution)

VM Mutex/Monitor currently owned by a thread:  ([mutex/lock_event])
[0x00007fe910705c90] Threads_lock - owner thread: 0x00007fe912034000
[0x00007fe910405c60] Heap_lock - owner thread: 0x00007fe916c6c800

heap address: 0x0000000740000000, size: 2048 MB, Compressed Oops mode: Zero based, Oop shift amount: 3
Narrow klass base: 0x0000000000000000, Narrow klass shift: 3
Compressed class space size: 1073741824 Address: 0x00000007c0000000

Heap:
 PSYoungGen      total 546304K, used 428440K [0x0000000795580000, 0x00000007c0000000, 0x00000007c0000000)
  eden space 394752K, 100% used [0x0000000795580000,0x00000007ad700000,0x00000007ad700000)
  from space 151552K, 22% used [0x00000007ad700000,0x00000007af7e63a8,0x00000007b6b00000)
  to   space 146432K, 10% used [0x00000007b7100000,0x00000007b7fa8b08,0x00000007c0000000)
 ParOldGen       total 322560K, used 119566K [0x0000000740000000, 0x0000000753b00000, 0x0000000795580000)
  object space 322560K, 37% used [0x0000000740000000,0x00000007474c3a88,0x0000000753b00000)
 Metaspace       used 212582K, capacity 224368K, committed 226008K, reserved 1247232K
  class space    used 25479K, capacity 27550K, committed 27904K, reserved 1048576K

Card table byte_map: [0x00000001124e3000,0x00000001128e4000] byte_map_base: 0x000000010eae3000

Marking Bits: (ParMarkBitMap*) 0x00000001028273f8
 Begin Bits: [0x0000000112b8f000, 0x0000000114b8f000)
 End Bits:   [0x0000000114b8f000, 0x0000000116b8f000)

Polling page: 0x00000001017b6000

CodeCache: size=245760Kb used=115578Kb max_used=115601Kb free=130181Kb
 bounds [0x0000000103123000, 0x000000010a2f3000, 0x0000000112123000]
 total_blobs=32648 nmethods=31691 adapters=868
 compilation: enabled

Compilation events (10 events):
Event: 11812.485 Thread 0x00007fe911010000 47028       3       com.google.common.collect.ImmutableList::toImmutableList (4 bytes)
Event: 11812.487 Thread 0x00007fe911010000 nmethod 47028 0x00000001032cc350 code [0x00000001032cc4c0, 0x00000001032cc650]
Event: 11812.490 Thread 0x00007fe911010000 47029       3       com.google.common.collect.CollectCollectors::toImmutableList (4 bytes)
Event: 11812.491 Thread 0x00007fe911010000 nmethod 47029 0x0000000105bd3d10 code [0x0000000105bd3e60, 0x0000000105bd3f90]
Event: 11813.440 Thread 0x00007fe91180f000 nmethod 46969 0x000000010a2e4dd0 code [0x000000010a2e52e0, 0x000000010a2e8500]
Event: 11938.170 Thread 0x00007fe911010000 47030       3       org.gradle.internal.serialize.BaseSerializerFactory$StringMapSerializer::read (48 bytes)
Event: 11938.173 Thread 0x00007fe911010000 nmethod 47030 0x0000000103e640d0 code [0x0000000103e642c0, 0x0000000103e64c38]
Event: 11938.190 Thread 0x00007fe911010000 47031       3       java.lang.invoke.Invokers::cachedInvoker (7 bytes)
Event: 11938.190 Thread 0x00007fe911010000 nmethod 47031 0x0000000103e63d10 code [0x0000000103e63e80, 0x0000000103e63ff0]
Event: 11938.728 Thread 0x00007fe91180f000 47032       4       org.gradle.kotlin.dsl.provider.ScriptCacheRepository::getAdditiveCacheRoots (26 bytes)

GC Heap History (10 events):
Event: 11272.069 GC heap after
Heap after GC invocations=118 (full 7):
 PSYoungGen      total 526336K, used 27798K [0x0000000795580000, 0x00000007bfc80000, 0x00000007c0000000)
  eden space 365568K, 0% used [0x0000000795580000,0x0000000795580000,0x00000007aba80000)
  from space 160768K, 17% used [0x00000007aba80000,0x00000007ad5a5bb0,0x00000007b5780000)
  to   space 155648K, 0% used [0x00000007b6480000,0x00000007b6480000,0x00000007bfc80000)
 ParOldGen       total 322560K, used 116640K [0x0000000740000000, 0x0000000753b00000, 0x0000000795580000)
  object space 322560K, 36% used [0x0000000740000000,0x00000007471e8108,0x0000000753b00000)
 Metaspace       used 205704K, capacity 217328K, committed 219096K, reserved 1241088K
  class space    used 24703K, capacity 26748K, committed 27136K, reserved 1048576K
}
Event: 11278.193 GC heap before
{Heap before GC invocations=119 (full 7):
 PSYoungGen      total 526336K, used 393366K [0x0000000795580000, 0x00000007bfc80000, 0x00000007c0000000)
  eden space 365568K, 100% used [0x0000000795580000,0x00000007aba80000,0x00000007aba80000)
  from space 160768K, 17% used [0x00000007aba80000,0x00000007ad5a5bb0,0x00000007b5780000)
  to   space 155648K, 0% used [0x00000007b6480000,0x00000007b6480000,0x00000007bfc80000)
 ParOldGen       total 322560K, used 116640K [0x0000000740000000, 0x0000000753b00000, 0x0000000795580000)
  object space 322560K, 36% used [0x0000000740000000,0x00000007471e8108,0x0000000753b00000)
 Metaspace       used 205721K, capacity 217346K, committed 219096K, reserved 1241088K
  class space    used 24704K, capacity 26751K, committed 27136K, reserved 1048576K
Event: 11278.292 GC heap after
Heap after GC invocations=119 (full 7):
 PSYoungGen      total 519168K, used 43356K [0x0000000795580000, 0x00000007bea00000, 0x00000007c0000000)
  eden space 382464K, 0% used [0x0000000795580000,0x0000000795580000,0x00000007acb00000)
  from space 136704K, 31% used [0x00000007b6480000,0x00000007b8ed7328,0x00000007bea00000)
  to   space 146944K, 0% used [0x00000007acb00000,0x00000007acb00000,0x00000007b5a80000)
 ParOldGen       total 322560K, used 116648K [0x0000000740000000, 0x0000000753b00000, 0x0000000795580000)
  object space 322560K, 36% used [0x0000000740000000,0x00000007471ea108,0x0000000753b00000)
 Metaspace       used 205721K, capacity 217346K, committed 219096K, reserved 1241088K
  class space    used 24704K, capacity 26751K, committed 27136K, reserved 1048576K
}
Event: 11472.398 GC heap before
{Heap before GC invocations=120 (full 7):
 PSYoungGen      total 519168K, used 425820K [0x0000000795580000, 0x00000007bea00000, 0x00000007c0000000)
  eden space 382464K, 100% used [0x0000000795580000,0x00000007acb00000,0x00000007acb00000)
  from space 136704K, 31% used [0x00000007b6480000,0x00000007b8ed7328,0x00000007bea00000)
  to   space 146944K, 0% used [0x00000007acb00000,0x00000007acb00000,0x00000007b5a80000)
 ParOldGen       total 322560K, used 116648K [0x0000000740000000, 0x0000000753b00000, 0x0000000795580000)
  object space 322560K, 36% used [0x0000000740000000,0x00000007471ea108,0x0000000753b00000)
 Metaspace       used 205749K, capacity 217474K, committed 219352K, reserved 1241088K
  class space    used 24705K, capacity 26751K, committed 27136K, reserved 1048576K
Event: 11472.633 GC heap after
Heap after GC invocations=120 (full 7):
 PSYoungGen      total 529408K, used 45329K [0x0000000795580000, 0x00000007bf280000, 0x00000007c0000000)
  eden space 382464K, 0% used [0x0000000795580000,0x0000000795580000,0x00000007acb00000)
  from space 146944K, 30% used [0x00000007acb00000,0x00000007af744598,0x00000007b5a80000)
  to   space 138752K, 0% used [0x00000007b6b00000,0x00000007b6b00000,0x00000007bf280000)
 ParOldGen       total 322560K, used 116656K [0x0000000740000000, 0x0000000753b00000, 0x0000000795580000)
  object space 322560K, 36% used [0x0000000740000000,0x00000007471ec108,0x0000000753b00000)
 Metaspace       used 205749K, capacity 217474K, committed 219352K, reserved 1241088K
  class space    used 24705K, capacity 26751K, committed 27136K, reserved 1048576K
}
Event: 11476.745 GC heap before
{Heap before GC invocations=121 (full 7):
 PSYoungGen      total 529408K, used 427793K [0x0000000795580000, 0x00000007bf280000, 0x00000007c0000000)
  eden space 382464K, 100% used [0x0000000795580000,0x00000007acb00000,0x00000007acb00000)
  from space 146944K, 30% used [0x00000007acb00000,0x00000007af744598,0x00000007b5a80000)
  to   space 138752K, 0% used [0x00000007b6b00000,0x00000007b6b00000,0x00000007bf280000)
 ParOldGen       total 322560K, used 116656K [0x0000000740000000, 0x0000000753b00000, 0x0000000795580000)
  object space 322560K, 36% used [0x0000000740000000,0x00000007471ec108,0x0000000753b00000)
 Metaspace       used 212525K, capacity 224368K, committed 226008K, reserved 1247232K
  class space    used 25479K, capacity 27550K, committed 27904K, reserved 1048576K
Event: 11477.047 GC heap after
Heap after GC invocations=121 (full 7):
 PSYoungGen      total 533504K, used 109167K [0x0000000795580000, 0x00000007c0000000, 0x00000007c0000000)
  eden space 394752K, 0% used [0x0000000795580000,0x0000000795580000,0x00000007ad700000)
  from space 138752K, 78% used [0x00000007b6b00000,0x00000007bd59bd80,0x00000007bf280000)
  to   space 151552K, 0% used [0x00000007ad700000,0x00000007ad700000,0x00000007b6b00000)
 ParOldGen       total 322560K, used 118025K [0x0000000740000000, 0x0000000753b00000, 0x0000000795580000)
  object space 322560K, 36% used [0x0000000740000000,0x0000000747342788,0x0000000753b00000)
 Metaspace       used 212525K, capacity 224368K, committed 226008K, reserved 1247232K
  class space    used 25479K, capacity 27550K, committed 27904K, reserved 1048576K
}
Event: 11802.048 GC heap before
{Heap before GC invocations=122 (full 7):
 PSYoungGen      total 533504K, used 503919K [0x0000000795580000, 0x00000007c0000000, 0x00000007c0000000)
  eden space 394752K, 100% used [0x0000000795580000,0x00000007ad700000,0x00000007ad700000)
  from space 138752K, 78% used [0x00000007b6b00000,0x00000007bd59bd80,0x00000007bf280000)
  to   space 151552K, 0% used [0x00000007ad700000,0x00000007ad700000,0x00000007b6b00000)
 ParOldGen       total 322560K, used 118025K [0x0000000740000000, 0x0000000753b00000, 0x0000000795580000)
  object space 322560K, 36% used [0x0000000740000000,0x0000000747342788,0x0000000753b00000)
 Metaspace       used 212560K, capacity 224368K, committed 226008K, reserved 1247232K
  class space    used 25479K, capacity 27550K, committed 27904K, reserved 1048576K
Event: 11802.267 GC heap after
Heap after GC invocations=122 (full 7):
 PSYoungGen      total 546304K, used 33688K [0x0000000795580000, 0x00000007c0000000, 0x00000007c0000000)
  eden space 394752K, 0% used [0x0000000795580000,0x0000000795580000,0x00000007ad700000)
  from space 151552K, 22% used [0x00000007ad700000,0x00000007af7e63a8,0x00000007b6b00000)
  to   space 146432K, 0% used [0x00000007b7100000,0x00000007b7100000,0x00000007c0000000)
 ParOldGen       total 322560K, used 119566K [0x0000000740000000, 0x0000000753b00000, 0x0000000795580000)
  object space 322560K, 37% used [0x0000000740000000,0x00000007474c3a88,0x0000000753b00000)
 Metaspace       used 212560K, capacity 224368K, committed 226008K, reserved 1247232K
  class space    used 25479K, capacity 27550K, committed 27904K, reserved 1048576K
}
Event: 11938.729 GC heap before
{Heap before GC invocations=123 (full 7):
 PSYoungGen      total 546304K, used 428440K [0x0000000795580000, 0x00000007c0000000, 0x00000007c0000000)
  eden space 394752K, 100% used [0x0000000795580000,0x00000007ad700000,0x00000007ad700000)
  from space 151552K, 22% used [0x00000007ad700000,0x00000007af7e63a8,0x00000007b6b00000)
  to   space 146432K, 0% used [0x00000007b7100000,0x00000007b7100000,0x00000007c0000000)
 ParOldGen       total 322560K, used 119566K [0x0000000740000000, 0x0000000753b00000, 0x0000000795580000)
  object space 322560K, 37% used [0x0000000740000000,0x00000007474c3a88,0x0000000753b00000)
 Metaspace       used 212582K, capacity 224368K, committed 226008K, reserved 1247232K
  class space    used 25479K, capacity 27550K, committed 27904K, reserved 1048576K

Deoptimization events (10 events):
Event: 10780.625 Thread 0x00007fe911d8f800 Uncommon trap: reason=array_check action=maybe_recompile pc=0x0000000108c6aaf4 method=java.util.TimSort.mergeHi(IIII)V @ 657
Event: 10782.359 Thread 0x00007fe910d09000 Uncommon trap: reason=bimorphic action=maybe_recompile pc=0x0000000104ce3cb0 method=com.google.common.collect.RegularImmutableMap.fromEntryArray(I[Ljava/util/Map$Entry;)Lcom/google/common/collect/ImmutableMap; @ 70
Event: 11069.329 Thread 0x00007fe911893800 Uncommon trap: reason=unstable_if action=reinterpret pc=0x0000000103bb8d40 method=com.android.tools.r8.graph.B0.a(Ljava/lang/Object;)V @ 89
Event: 11222.850 Thread 0x00007fe9115ec000 Uncommon trap: reason=class_check action=maybe_recompile pc=0x000000010378fb24 method=java.util.WeakHashMap.eq(Ljava/lang/Object;Ljava/lang/Object;)Z @ 7
Event: 11270.402 Thread 0x00007fe91182c000 Uncommon trap: reason=class_check action=maybe_recompile pc=0x000000010540e26c method=com.google.common.cache.LocalCache$Segment.drainValueReferenceQueue()V @ 15
Event: 11270.402 Thread 0x00007fe91182c000 Uncommon trap: reason=bimorphic action=maybe_recompile pc=0x0000000104d3bd3c method=com.google.common.cache.LocalCache$Segment.removeValueFromChain(Lcom/google/common/cache/ReferenceEntry;Lcom/google/common/cache/ReferenceEntry;Ljava/lang/Object;ILjava/la
Event: 11270.405 Thread 0x00007fe91182c000 Uncommon trap: reason=bimorphic action=maybe_recompile pc=0x0000000104d3bd3c method=com.google.common.cache.LocalCache$Segment.removeValueFromChain(Lcom/google/common/cache/ReferenceEntry;Lcom/google/common/cache/ReferenceEntry;Ljava/lang/Object;ILjava/la
Event: 11474.877 Thread 0x00007fe9184d8000 Uncommon trap: reason=unstable_if action=reinterpret pc=0x000000010a140074 method=com.google.gson.stream.JsonReader.nextNonWhitespace(Z)I @ 61
Event: 11476.645 Thread 0x00007fe9184d8000 Uncommon trap: reason=unstable_if action=reinterpret pc=0x000000010a1ccf08 method=android.databinding.tool.reflection.SdkUtil$ApiChecker.buildFullLookup()V @ 49
Event: 11478.888 Thread 0x00007fe91539f800 Uncommon trap: reason=unstable_if action=reinterpret pc=0x00000001084b7f68 method=java.util.zip.DeflaterOutputStream.deflate()V @ 19

Classes redefined (0 events):
No events

Internal exceptions (10 events):
Event: 11811.411 Thread 0x00007fe918044800 Exception <a 'sun/nio/fs/UnixException'> (0x00000007a6fd9668) thrown at [/Volumes/Android/buildbot/src/googleplex-android/openjdk/out/hotspot/src/share/vm/prims/jni.cpp, line 710]
Event: 11811.412 Thread 0x00007fe918044800 Exception <a 'sun/nio/fs/UnixException'> (0x00000007a6fe0310) thrown at [/Volumes/Android/buildbot/src/googleplex-android/openjdk/out/hotspot/src/share/vm/prims/jni.cpp, line 710]
Event: 11811.414 Thread 0x00007fe918044800 Exception <a 'sun/nio/fs/UnixException'> (0x00000007a7068ba0) thrown at [/Volumes/Android/buildbot/src/googleplex-android/openjdk/out/hotspot/src/share/vm/prims/jni.cpp, line 710]
Event: 11811.427 Thread 0x00007fe918044800 Exception <a 'sun/nio/fs/UnixException'> (0x00000007a70740c0) thrown at [/Volumes/Android/buildbot/src/googleplex-android/openjdk/out/hotspot/src/share/vm/prims/jni.cpp, line 710]
Event: 11811.429 Thread 0x00007fe918044800 Exception <a 'sun/nio/fs/UnixException'> (0x00000007a70ff638) thrown at [/Volumes/Android/buildbot/src/googleplex-android/openjdk/out/hotspot/src/share/vm/prims/jni.cpp, line 710]
Event: 11811.430 Thread 0x00007fe918044800 Exception <a 'sun/nio/fs/UnixException'> (0x00000007a7108118) thrown at [/Volumes/Android/buildbot/src/googleplex-android/openjdk/out/hotspot/src/share/vm/prims/jni.cpp, line 710]
Event: 11811.432 Thread 0x00007fe918044800 Exception <a 'sun/nio/fs/UnixException'> (0x00000007a7190a50) thrown at [/Volumes/Android/buildbot/src/googleplex-android/openjdk/out/hotspot/src/share/vm/prims/jni.cpp, line 710]
Event: 11811.433 Thread 0x00007fe918044800 Exception <a 'sun/nio/fs/UnixException'> (0x00000007a719a4b0) thrown at [/Volumes/Android/buildbot/src/googleplex-android/openjdk/out/hotspot/src/share/vm/prims/jni.cpp, line 710]
Event: 11811.434 Thread 0x00007fe918044800 Exception <a 'sun/nio/fs/UnixException'> (0x00000007a7223df8) thrown at [/Volumes/Android/buildbot/src/googleplex-android/openjdk/out/hotspot/src/share/vm/prims/jni.cpp, line 710]
Event: 11811.974 Thread 0x00007fe911b95000 Exception <a 'sun/nio/fs/UnixException'> (0x00000007abdb71c0) thrown at [/Volumes/Android/buildbot/src/googleplex-android/openjdk/out/hotspot/src/share/vm/prims/jni.cpp, line 710]

Events (10 events):
Event: 11938.727 Thread 0x00007fe9182be800 Thread added: 0x00007fe9182be800
Event: 11938.727 Thread 0x00007fe916d8d000 Thread added: 0x00007fe916d8d000
Event: 11938.727 Thread 0x00007fe91dbac800 Thread added: 0x00007fe91dbac800
Event: 11938.727 Thread 0x00007fe916cdf000 Thread added: 0x00007fe916cdf000
Event: 11938.727 Thread 0x00007fe916ce0000 Thread added: 0x00007fe916ce0000
Event: 11938.728 Thread 0x00007fe918281800 Thread added: 0x00007fe918281800
Event: 11938.728 Thread 0x00007fe912387000 Thread added: 0x00007fe912387000
Event: 11938.728 Thread 0x00007fe916c6b800 Thread added: 0x00007fe916c6b800
Event: 11938.728 Thread 0x00007fe916c6c800 Thread added: 0x00007fe916c6c800
Event: 11938.729 Executing VM operation: ParallelGCFailedAllocation


Dynamic libraries:
0x00007fff35e15000 	/System/Library/Frameworks/Cocoa.framework/Versions/A/Cocoa
0x00007fff4360e000 	/System/Library/Frameworks/Security.framework/Versions/A/Security
0x00007fff34d7a000 	/System/Library/Frameworks/ApplicationServices.framework/Versions/A/ApplicationServices
0x00007fff70132000 	/usr/lib/libz.1.dylib
0x00007fff6dbf6000 	/usr/lib/libSystem.B.dylib
0x00007fff36cb7000 	/System/Library/Frameworks/CoreFoundation.framework/Versions/A/CoreFoundation
0x00007fff39374000 	/System/Library/Frameworks/Foundation.framework/Versions/C/Foundation
0x00007fff6fa56000 	/usr/lib/libobjc.A.dylib
0x00007fff33f6a000 	/System/Library/Frameworks/AppKit.framework/Versions/C/AppKit
0x00007fff36799000 	/System/Library/Frameworks/CoreData.framework/Versions/A/CoreData
0x00007fff67c0b000 	/System/Library/PrivateFrameworks/UIFoundation.framework/Versions/A/UIFoundation
0x00007fff62c9f000 	/System/Library/PrivateFrameworks/RemoteViewServices.framework/Versions/A/RemoteViewServices
0x00007fff6a766000 	/System/Library/PrivateFrameworks/XCTTargetBootstrap.framework/Versions/A/XCTTargetBootstrap
0x00007fff36b84000 	/System/Library/Frameworks/CoreDisplay.framework/Versions/A/CoreDisplay
0x00007fff3c22f000 	/System/Library/Frameworks/Metal.framework/Versions/A/Metal
0x00007fff50ca2000 	/System/Library/PrivateFrameworks/DesktopServicesPriv.framework/Versions/A/DesktopServicesPriv
0x00007fff6ed31000 	/usr/lib/liblangid.dylib
0x00007fff4ff37000 	/System/Library/PrivateFrameworks/CoreSVG.framework/Versions/A/CoreSVG
0x00007fff65dfb000 	/System/Library/PrivateFrameworks/SkyLight.framework/Versions/A/SkyLight
0x00007fff37138000 	/System/Library/Frameworks/CoreGraphics.framework/Versions/A/CoreGraphics
0x00007fff3293e000 	/System/Library/Frameworks/Accelerate.framework/Versions/A/Accelerate
0x00007fff70023000 	/usr/lib/libxml2.2.dylib
0x00007fff5bc2a000 	/System/Library/PrivateFrameworks/IconServices.framework/Versions/A/IconServices
0x00007fff39b53000 	/System/Library/Frameworks/IOSurface.framework/Versions/A/IOSurface
0x00007fff6d720000 	/usr/lib/libDiagnosticMessagesClient.dylib
0x00007fff50afc000 	/System/Library/PrivateFrameworks/DFRFoundation.framework/Versions/A/DFRFoundation
0x00007fff6eac0000 	/usr/lib/libicucore.A.dylib
0x00007fff350ac000 	/System/Library/Frameworks/AudioToolbox.framework/Versions/A/AudioToolbox
0x00007fff3518f000 	/System/Library/Frameworks/AudioUnit.framework/Versions/A/AudioUnit
0x00007fff6ddf8000 	/usr/lib/libauto.dylib
0x00007fff50b9e000 	/System/Library/PrivateFrameworks/DataDetectorsCore.framework/Versions/A/DataDetectorsCore
0x00007fff35936000 	/System/Library/Frameworks/Carbon.framework/Versions/A/Frameworks/HIToolbox.framework/Versions/A/HIToolbox
0x00007fff42808000 	/System/Library/Frameworks/QuartzCore.framework/Versions/A/QuartzCore
0x00007fff35c75000 	/System/Library/Frameworks/Carbon.framework/Versions/A/Frameworks/SpeechRecognition.framework/Versions/A/SpeechRecognition
0x00007fff50610000 	/System/Library/PrivateFrameworks/CoreUI.framework/Versions/A/CoreUI
0x00007fff36204000 	/System/Library/Frameworks/CoreAudio.framework/Versions/A/CoreAudio
0x00007fff39033000 	/System/Library/Frameworks/DiskArbitration.framework/Versions/A/DiskArbitration
0x00007fff5dc7a000 	/System/Library/PrivateFrameworks/MultitouchSupport.framework/Versions/A/MultitouchSupport
0x00007fff6e987000 	/usr/lib/libenergytrace.dylib
0x00007fff39aad000 	/System/Library/Frameworks/IOKit.framework/Versions/A/IOKit
0x00007fff3809f000 	/System/Library/Frameworks/CoreServices.framework/Versions/A/CoreServices
0x00007fff5fe32000 	/System/Library/PrivateFrameworks/PerformanceAnalysis.framework/Versions/A/PerformanceAnalysis
0x00007fff4183b000 	/System/Library/Frameworks/OpenGL.framework/Versions/A/OpenGL
0x00007fff35e23000 	/System/Library/Frameworks/ColorSync.framework/Versions/A/ColorSync
0x00007fff377bb000 	/System/Library/Frameworks/CoreImage.framework/Versions/A/CoreImage
0x00007fff38b12000 	/System/Library/Frameworks/CoreText.framework/Versions/A/CoreText
0x00007fff39be3000 	/System/Library/Frameworks/ImageIO.framework/Versions/A/ImageIO
0x00007fff6dedc000 	/usr/lib/libc++.1.dylib
0x00007fff6df58000 	/usr/lib/libcompression.dylib
0x00007fff6da64000 	/usr/lib/libMobileGestalt.dylib
0x00007fff67975000 	/System/Library/PrivateFrameworks/TextureIO.framework/Versions/A/TextureIO
0x00007fff6dd5b000 	/usr/lib/libate.dylib
0x00007fff5be33000 	/System/Library/PrivateFrameworks/InternationalSupport.framework/Versions/A/InternationalSupport
0x00007fff709f3000 	/usr/lib/system/libcache.dylib
0x00007fff709f9000 	/usr/lib/system/libcommonCrypto.dylib
0x00007fff70a05000 	/usr/lib/system/libcompiler_rt.dylib
0x00007fff70a0d000 	/usr/lib/system/libcopyfile.dylib
0x00007fff70a17000 	/usr/lib/system/libcorecrypto.dylib
0x00007fff70bb6000 	/usr/lib/system/libdispatch.dylib
0x00007fff70bf7000 	/usr/lib/system/libdyld.dylib
0x00007fff70c2e000 	/usr/lib/system/libkeymgr.dylib
0x00007fff70c3c000 	/usr/lib/system/liblaunch.dylib
0x00007fff70c3d000 	/usr/lib/system/libmacho.dylib
0x00007fff70c43000 	/usr/lib/system/libquarantine.dylib
0x00007fff70c46000 	/usr/lib/system/libremovefile.dylib
0x00007fff70c48000 	/usr/lib/system/libsystem_asl.dylib
0x00007fff70c60000 	/usr/lib/system/libsystem_blocks.dylib
0x00007fff70c61000 	/usr/lib/system/libsystem_c.dylib
0x00007fff70ce9000 	/usr/lib/system/libsystem_configuration.dylib
0x00007fff70ced000 	/usr/lib/system/libsystem_coreservices.dylib
0x00007fff70cf1000 	/usr/lib/system/libsystem_darwin.dylib
0x00007fff70cfa000 	/usr/lib/system/libsystem_dnssd.dylib
0x00007fff70d02000 	/usr/lib/system/libsystem_featureflags.dylib
0x00007fff70d04000 	/usr/lib/system/libsystem_info.dylib
0x00007fff70d7f000 	/usr/lib/system/libsystem_m.dylib
0x00007fff70dc7000 	/usr/lib/system/libsystem_malloc.dylib
0x00007fff70def000 	/usr/lib/system/libsystem_networkextension.dylib
0x00007fff70dfd000 	/usr/lib/system/libsystem_notify.dylib
0x00007fff70e1b000 	/usr/lib/system/libsystem_sandbox.dylib
0x00007fff70e20000 	/usr/lib/system/libsystem_secinit.dylib
0x00007fff70d52000 	/usr/lib/system/libsystem_kernel.dylib
0x00007fff70e07000 	/usr/lib/system/libsystem_platform.dylib
0x00007fff70e10000 	/usr/lib/system/libsystem_pthread.dylib
0x00007fff70e23000 	/usr/lib/system/libsystem_symptoms.dylib
0x00007fff70e2b000 	/usr/lib/system/libsystem_trace.dylib
0x00007fff70e43000 	/usr/lib/system/libunwind.dylib
0x00007fff70e49000 	/usr/lib/system/libxpc.dylib
0x00007fff6df2f000 	/usr/lib/libc++abi.dylib
0x00007fff6ed33000 	/usr/lib/liblzma.5.dylib
0x00007fff6e9ae000 	/usr/lib/libfakelink.dylib
0x00007fff6dce8000 	/usr/lib/libarchive.2.dylib
0x00007fff446bf000 	/System/Library/Frameworks/SystemConfiguration.framework/Versions/A/SystemConfiguration
0x00007fff6d653000 	/usr/lib/libCRFSuite.dylib
0x00007fff35526000 	/System/Library/Frameworks/CFNetwork.framework/Versions/A/CFNetwork
0x00007fff6debe000 	/usr/lib/libbsm.0.dylib
0x00007fff70c2f000 	/usr/lib/system/libkxld.dylib
0x00007fff4a479000 	/System/Library/PrivateFrameworks/AppleFSCompression.framework/Versions/A/AppleFSCompression
0x00007fff6e249000 	/usr/lib/libcoretls.dylib
0x00007fff6e260000 	/usr/lib/libcoretls_cfhelpers.dylib
0x00007fff6fa9c000 	/usr/lib/libpam.2.dylib
0x00007fff6fbd1000 	/usr/lib/libsqlite3.dylib
0x00007fff70010000 	/usr/lib/libxar.1.dylib
0x00007fff6decf000 	/usr/lib/libbz2.1.0.dylib
0x00007fff6e9cf000 	/usr/lib/libiconv.2.dylib
0x00007fff6df45000 	/usr/lib/libcharset.1.dylib
0x00007fff6f539000 	/usr/lib/libnetwork.dylib
0x00007fff6faa3000 	/usr/lib/libpcap.A.dylib
0x00007fff6dc9d000 	/usr/lib/libapple_nghttp2.dylib
0x00007fff38456000 	/System/Library/Frameworks/CoreServices.framework/Versions/A/Frameworks/FSEvents.framework/Versions/A/FSEvents
0x00007fff38126000 	/System/Library/Frameworks/CoreServices.framework/Versions/A/Frameworks/CarbonCore.framework/Versions/A/CarbonCore
0x00007fff3869a000 	/System/Library/Frameworks/CoreServices.framework/Versions/A/Frameworks/Metadata.framework/Versions/A/Metadata
0x00007fff38733000 	/System/Library/Frameworks/CoreServices.framework/Versions/A/Frameworks/OSServices.framework/Versions/A/OSServices
0x00007fff38761000 	/System/Library/Frameworks/CoreServices.framework/Versions/A/Frameworks/SearchKit.framework/Versions/A/SearchKit
0x00007fff380a0000 	/System/Library/Frameworks/CoreServices.framework/Versions/A/Frameworks/AE.framework/Versions/A/AE
0x00007fff3845f000 	/System/Library/Frameworks/CoreServices.framework/Versions/A/Frameworks/LaunchServices.framework/Versions/A/LaunchServices
0x00007fff38408000 	/System/Library/Frameworks/CoreServices.framework/Versions/A/Frameworks/DictionaryServices.framework/Versions/A/DictionaryServices
0x00007fff387c9000 	/System/Library/Frameworks/CoreServices.framework/Versions/A/Frameworks/SharedFileList.framework/Versions/A/SharedFileList
0x00007fff3d65a000 	/System/Library/Frameworks/NetFS.framework/Versions/A/NetFS
0x00007fff5e1aa000 	/System/Library/PrivateFrameworks/NetAuth.framework/Versions/A/NetAuth
0x00007fff6ab33000 	/System/Library/PrivateFrameworks/login.framework/Versions/A/Frameworks/loginsupport.framework/Versions/A/loginsupport
0x00007fff67440000 	/System/Library/PrivateFrameworks/TCC.framework/Versions/A/TCC
0x00007fff4f0aa000 	/System/Library/PrivateFrameworks/CoreNLP.framework/Versions/A/CoreNLP
0x00007fff5d6a7000 	/System/Library/PrivateFrameworks/MetadataUtilities.framework/Versions/A/MetadataUtilities
0x00007fff6ee0b000 	/usr/lib/libmecabra.dylib
0x00007fff6ed63000 	/usr/lib/libmecab.dylib
0x00007fff6e9bf000 	/usr/lib/libgermantok.dylib
0x00007fff6dc84000 	/usr/lib/libThaiTokenizer.dylib
0x00007fff6d68a000 	/usr/lib/libChineseTokenizer.dylib
0x00007fff32956000 	/System/Library/Frameworks/Accelerate.framework/Versions/A/Frameworks/vImage.framework/Versions/A/vImage
0x00007fff33dc0000 	/System/Library/Frameworks/Accelerate.framework/Versions/A/Frameworks/vecLib.framework/Versions/A/vecLib
0x00007fff33cfd000 	/System/Library/Frameworks/Accelerate.framework/Versions/A/Frameworks/vecLib.framework/Versions/A/libvMisc.dylib
0x00007fff33b25000 	/System/Library/Frameworks/Accelerate.framework/Versions/A/Frameworks/vecLib.framework/Versions/A/libvDSP.dylib
0x00007fff32fad000 	/System/Library/Frameworks/Accelerate.framework/Versions/A/Frameworks/vecLib.framework/Versions/A/libBLAS.dylib
0x00007fff336e9000 	/System/Library/Frameworks/Accelerate.framework/Versions/A/Frameworks/vecLib.framework/Versions/A/libLAPACK.dylib
0x00007fff33a85000 	/System/Library/Frameworks/Accelerate.framework/Versions/A/Frameworks/vecLib.framework/Versions/A/libLinearAlgebra.dylib
0x00007fff33b12000 	/System/Library/Frameworks/Accelerate.framework/Versions/A/Frameworks/vecLib.framework/Versions/A/libSparseBLAS.dylib
0x00007fff33a9b000 	/System/Library/Frameworks/Accelerate.framework/Versions/A/Frameworks/vecLib.framework/Versions/A/libQuadrature.dylib
0x00007fff33215000 	/System/Library/Frameworks/Accelerate.framework/Versions/A/Frameworks/vecLib.framework/Versions/A/libBNNS.dylib
0x00007fff33aa1000 	/System/Library/Frameworks/Accelerate.framework/Versions/A/Frameworks/vecLib.framework/Versions/A/libSparse.dylib
0x00007fff5c21b000 	/System/Library/PrivateFrameworks/LanguageModeling.framework/Versions/A/LanguageModeling
0x00007fff4ea5a000 	/System/Library/PrivateFrameworks/CoreEmoji.framework/Versions/A/CoreEmoji
0x00007fff5c339000 	/System/Library/PrivateFrameworks/LinguisticData.framework/Versions/A/LinguisticData
0x00007fff5c2ea000 	/System/Library/PrivateFrameworks/Lexicon.framework/Versions/A/Lexicon
0x00007fff6df46000 	/usr/lib/libcmph.dylib
0x00007fff40249000 	/System/Library/Frameworks/OpenDirectory.framework/Versions/A/Frameworks/CFOpenDirectory.framework/Versions/A/CFOpenDirectory
0x00007fff40266000 	/System/Library/Frameworks/OpenDirectory.framework/Versions/A/OpenDirectory
0x00007fff486a9000 	/System/Library/PrivateFrameworks/APFS.framework/Versions/A/APFS
0x00007fff43958000 	/System/Library/Frameworks/SecurityFoundation.framework/Versions/A/SecurityFoundation
0x00007fff7000c000 	/usr/lib/libutil.dylib
0x00007fff4ff8f000 	/System/Library/PrivateFrameworks/CoreServicesStore.framework/Versions/A/CoreServicesStore
0x00007fff43a0f000 	/System/Library/Frameworks/ServiceManagement.framework/Versions/A/ServiceManagement
0x00007fff4bc49000 	/System/Library/PrivateFrameworks/BackgroundTaskManagement.framework/Versions/A/BackgroundTaskManagement
0x00007fff70109000 	/usr/lib/libxslt.1.dylib
0x00007fff4aaec000 	/System/Library/PrivateFrameworks/AppleSystemInfo.framework/Versions/A/AppleSystemInfo
0x00007fff39dfe000 	/System/Library/Frameworks/ImageIO.framework/Versions/A/Resources/libJPEG.dylib
0x00007fff3a0bd000 	/System/Library/Frameworks/ImageIO.framework/Versions/A/Resources/libTIFF.dylib
0x00007fff3a0a0000 	/System/Library/Frameworks/ImageIO.framework/Versions/A/Resources/libPng.dylib
0x00007fff39d40000 	/System/Library/Frameworks/ImageIO.framework/Versions/A/Resources/libGIF.dylib
0x00007fff39d44000 	/System/Library/Frameworks/ImageIO.framework/Versions/A/Resources/libJP2.dylib
0x00007fff3a0bb000 	/System/Library/Frameworks/ImageIO.framework/Versions/A/Resources/libRadiance.dylib
0x00007fff6e988000 	/usr/lib/libexpat.1.dylib
0x00007fff4a5d4000 	/System/Library/PrivateFrameworks/AppleJPEG.framework/Versions/A/AppleJPEG
0x00007fff5328f000 	/System/Library/PrivateFrameworks/FontServices.framework/libFontParser.dylib
0x00007fff69b35000 	/System/Library/PrivateFrameworks/WatchdogClient.framework/Versions/A/WatchdogClient
0x00007fff5b876000 	/System/Library/PrivateFrameworks/IOAccelerator.framework/Versions/A/IOAccelerator
0x00007fff3c5ca000 	/System/Library/Frameworks/MetalPerformanceShaders.framework/Versions/A/MetalPerformanceShaders
0x00007fff5800c000 	/System/Library/PrivateFrameworks/GPUWrangler.framework/Versions/A/GPUWrangler
0x00007fff5b88b000 	/System/Library/PrivateFrameworks/IOPresentment.framework/Versions/A/IOPresentment
0x00007fff50b0f000 	/System/Library/PrivateFrameworks/DSExternalDisplay.framework/Versions/A/DSExternalDisplay
0x00007fff40bda000 	/System/Library/Frameworks/OpenGL.framework/Versions/A/Libraries/libCoreFSCache.dylib
0x00007fff3c316000 	/System/Library/Frameworks/MetalPerformanceShaders.framework/Frameworks/MPSCore.framework/Versions/A/MPSCore
0x00007fff3c354000 	/System/Library/Frameworks/MetalPerformanceShaders.framework/Frameworks/MPSImage.framework/Versions/A/MPSImage
0x00007fff3c41b000 	/System/Library/Frameworks/MetalPerformanceShaders.framework/Frameworks/MPSNeuralNetwork.framework/Versions/A/MPSNeuralNetwork
0x00007fff3c3df000 	/System/Library/Frameworks/MetalPerformanceShaders.framework/Frameworks/MPSMatrix.framework/Versions/A/MPSMatrix
0x00007fff3c57a000 	/System/Library/Frameworks/MetalPerformanceShaders.framework/Frameworks/MPSRayIntersector.framework/Versions/A/MPSRayIntersector
0x00007fff3c405000 	/System/Library/Frameworks/MetalPerformanceShaders.framework/Frameworks/MPSNDArray.framework/Versions/A/MPSNDArray
0x00007fff5d6f4000 	/System/Library/PrivateFrameworks/MetalTools.framework/Versions/A/MetalTools
0x00007fff49883000 	/System/Library/PrivateFrameworks/AggregateDictionary.framework/Versions/A/AggregateDictionary
0x00007fff4e4a2000 	/System/Library/PrivateFrameworks/CoreAnalytics.framework/Versions/A/CoreAnalytics
0x00007fff4aa0b000 	/System/Library/PrivateFrameworks/AppleSauce.framework/Versions/A/AppleSauce
0x00007fff6d946000 	/usr/lib/libIOReport.dylib
0x00007fff38cca000 	/System/Library/Frameworks/CoreVideo.framework/Versions/A/CoreVideo
0x00007fff59485000 	/System/Library/PrivateFrameworks/GraphVisualizer.framework/Versions/A/GraphVisualizer
0x00007fff527d5000 	/System/Library/PrivateFrameworks/FaceCore.framework/Versions/A/FaceCore
0x00007fff401f0000 	/System/Library/Frameworks/OpenCL.framework/Versions/A/OpenCL
0x00007fff6d768000 	/usr/lib/libFosl_dynamic.dylib
0x00007fff5ebca000 	/System/Library/PrivateFrameworks/OTSVG.framework/Versions/A/OTSVG
0x00007fff34e7f000 	/System/Library/Frameworks/ApplicationServices.framework/Versions/A/Frameworks/ATS.framework/Versions/A/Resources/libFontRegistry.dylib
0x00007fff53460000 	/System/Library/PrivateFrameworks/FontServices.framework/libhvf.dylib
0x00007fff40be5000 	/System/Library/Frameworks/OpenGL.framework/Versions/A/Libraries/libGFXShared.dylib
0x00007fff40dc3000 	/System/Library/Frameworks/OpenGL.framework/Versions/A/Libraries/libGLU.dylib
0x00007fff40bee000 	/System/Library/Frameworks/OpenGL.framework/Versions/A/Libraries/libGL.dylib
0x00007fff40bf9000 	/System/Library/Frameworks/OpenGL.framework/Versions/A/Libraries/libGLImage.dylib
0x00007fff40bd7000 	/System/Library/Frameworks/OpenGL.framework/Versions/A/Libraries/libCVMSPluginSupport.dylib
0x00007fff40be0000 	/System/Library/Frameworks/OpenGL.framework/Versions/A/Libraries/libCoreVMClient.dylib
0x00007fff6f3da000 	/usr/lib/libncurses.5.4.dylib
0x00007fff34d7b000 	/System/Library/Frameworks/ApplicationServices.framework/Versions/A/Frameworks/ATS.framework/Versions/A/ATS
0x00007fff34f48000 	/System/Library/Frameworks/ApplicationServices.framework/Versions/A/Frameworks/ColorSyncLegacy.framework/Versions/A/ColorSyncLegacy
0x00007fff34fe6000 	/System/Library/Frameworks/ApplicationServices.framework/Versions/A/Frameworks/HIServices.framework/Versions/A/HIServices
0x00007fff3503e000 	/System/Library/Frameworks/ApplicationServices.framework/Versions/A/Frameworks/LangAnalysis.framework/Versions/A/LangAnalysis
0x00007fff3504d000 	/System/Library/Frameworks/ApplicationServices.framework/Versions/A/Frameworks/PrintCore.framework/Versions/A/PrintCore
0x00007fff35093000 	/System/Library/Frameworks/ApplicationServices.framework/Versions/A/Frameworks/QD.framework/Versions/A/QD
0x00007fff3509e000 	/System/Library/Frameworks/ApplicationServices.framework/Versions/A/Frameworks/SpeechSynthesis.framework/Versions/A/SpeechSynthesis
0x00007fff34f18000 	/System/Library/Frameworks/ApplicationServices.framework/Versions/A/Frameworks/ATSUI.framework/Versions/A/ATSUI
0x00007fff6e81e000 	/usr/lib/libcups.2.dylib
0x00007fff3b665000 	/System/Library/Frameworks/Kerberos.framework/Versions/A/Kerberos
0x00007fff397a6000 	/System/Library/Frameworks/GSS.framework/Versions/A/GSS
0x00007fff6fb5d000 	/usr/lib/libresolv.9.dylib
0x00007fff59632000 	/System/Library/PrivateFrameworks/Heimdal.framework/Versions/A/Heimdal
0x00007fff3b678000 	/System/Library/Frameworks/Kerberos.framework/Versions/A/Libraries/libHeimdalProxy.dylib
0x00007fff6e9c5000 	/usr/lib/libheimdal-asn1.dylib
0x00007fff4d93a000 	/System/Library/PrivateFrameworks/CommonAuth.framework/Versions/A/CommonAuth
0x00007fff4ab89000 	/System/Library/PrivateFrameworks/AssertionServices.framework/Versions/A/AssertionServices
0x00007fff4b72c000 	/System/Library/PrivateFrameworks/AudioToolboxCore.framework/Versions/A/AudioToolboxCore
0x00007fff6a7e3000 	/System/Library/PrivateFrameworks/caulk.framework/Versions/A/caulk
0x00007fff4bcf5000 	/System/Library/PrivateFrameworks/BaseBoard.framework/Versions/A/BaseBoard
0x00007fff62e2d000 	/System/Library/PrivateFrameworks/RunningBoardServices.framework/Versions/A/RunningBoardServices
0x00007fff5fe3e000 	/System/Library/PrivateFrameworks/PersistentConnection.framework/Versions/A/PersistentConnection
0x00007fff62826000 	/System/Library/PrivateFrameworks/ProtocolBuffer.framework/Versions/A/ProtocolBuffer
0x00007fff4d95e000 	/System/Library/PrivateFrameworks/CommonUtilities.framework/Versions/A/CommonUtilities
0x00007fff4be83000 	/System/Library/PrivateFrameworks/Bom.framework/Versions/A/Bom
0x00007fff6d619000 	/usr/lib/libAudioToolboxUtility.dylib
0x00007fff4bc53000 	/System/Library/PrivateFrameworks/Backup.framework/Versions/A/Backup
0x00007fff50a30000 	/System/Library/PrivateFrameworks/CrashReporterSupport.framework/Versions/A/CrashReporterSupport
0x00007fff648bf000 	/System/Library/PrivateFrameworks/Sharing.framework/Versions/A/Sharing
0x00007fff4a197000 	/System/Library/PrivateFrameworks/Apple80211.framework/Versions/A/Apple80211
0x00007fff4b970000 	/System/Library/PrivateFrameworks/AuthKit.framework/Versions/A/AuthKit
0x00007fff5073d000 	/System/Library/PrivateFrameworks/CoreUtils.framework/Versions/A/CoreUtils
0x00007fff38d0f000 	/System/Library/Frameworks/CoreWLAN.framework/Versions/A/CoreWLAN
0x00007fff39933000 	/System/Library/Frameworks/IOBluetooth.framework/Versions/A/IOBluetooth
0x00007fff5d9f9000 	/System/Library/PrivateFrameworks/MobileKeyBag.framework/Versions/A/MobileKeyBag
0x00007fff4f542000 	/System/Library/PrivateFrameworks/CorePhoneNumbers.framework/Versions/A/CorePhoneNumbers
0x00007fff4a587000 	/System/Library/PrivateFrameworks/AppleIDAuthSupport.framework/Versions/A/AppleIDAuthSupport
0x00007fff3d667000 	/System/Library/Frameworks/Network.framework/Versions/A/Network
0x00007fff5c0c7000 	/System/Library/PrivateFrameworks/KeychainCircle.framework/Versions/A/KeychainCircle
0x00007fff36760000 	/System/Library/Frameworks/CoreBluetooth.framework/Versions/A/CoreBluetooth
0x00007fff6693e000 	/System/Library/PrivateFrameworks/SpeechRecognitionCore.framework/Versions/A/SpeechRecognitionCore
0x0000000102000000 	/private/var/folders/nk/77tzydc5271b4jt6909jb9m80000gn/T/AppTranslocation/83DACF81-3FAF-48C6-A9E9-D6E58756B2D7/d/Android Studio.app/Contents/jre/jdk/Contents/Home/jre/lib/server/libjvm.dylib
0x00007fff6fedf000 	/usr/lib/libstdc++.6.dylib
0x000000010175a000 	/private/var/folders/nk/77tzydc5271b4jt6909jb9m80000gn/T/AppTranslocation/83DACF81-3FAF-48C6-A9E9-D6E58756B2D7/d/Android Studio.app/Contents/jre/jdk/Contents/Home/jre/lib/libverify.dylib
0x000000010176c000 	/private/var/folders/nk/77tzydc5271b4jt6909jb9m80000gn/T/AppTranslocation/83DACF81-3FAF-48C6-A9E9-D6E58756B2D7/d/Android Studio.app/Contents/jre/jdk/Contents/Home/jre/lib/libjava.dylib
0x0000000102eb8000 	/private/var/folders/nk/77tzydc5271b4jt6909jb9m80000gn/T/AppTranslocation/83DACF81-3FAF-48C6-A9E9-D6E58756B2D7/d/Android Studio.app/Contents/jre/jdk/Contents/Home/jre/lib/libzip.dylib
0x0000000102f0d000 	/private/var/folders/nk/77tzydc5271b4jt6909jb9m80000gn/T/AppTranslocation/83DACF81-3FAF-48C6-A9E9-D6E58756B2D7/d/Android Studio.app/Contents/jre/jdk/Contents/Home/jre/lib/libnio.dylib
0x0000000102f28000 	/private/var/folders/nk/77tzydc5271b4jt6909jb9m80000gn/T/AppTranslocation/83DACF81-3FAF-48C6-A9E9-D6E58756B2D7/d/Android Studio.app/Contents/jre/jdk/Contents/Home/jre/lib/libnet.dylib
0x000000011992b000 	/Users/soso/.gradle/native/f6784746aeab05261644944871eae4fe03e0ef1612fff0a4a95f87b438bc6780/osx-amd64/libnative-platform.dylib
0x0000000119c6d000 	/private/var/folders/nk/77tzydc5271b4jt6909jb9m80000gn/T/AppTranslocation/83DACF81-3FAF-48C6-A9E9-D6E58756B2D7/d/Android Studio.app/Contents/jre/jdk/Contents/Home/jre/lib/libmanagement.dylib

VM Arguments:
jvm_args: -Xmx2048m -Dfile.encoding=UTF-8 -Duser.country=FR -Duser.language=fr -Duser.variant 
java_command: org.gradle.launcher.daemon.bootstrap.GradleDaemon 6.5
java_class_path (initial): /Users/soso/.gradle/wrapper/dists/gradle-6.5-all/2oz4ud9k3tuxjg84bbf55q0tn/gradle-6.5/lib/gradle-launcher-6.5.jar
Launcher Type: SUN_STANDARD

Environment Variables:
PATH=/usr/local/bin:/usr/bin:/bin:/usr/sbin:/sbin
SHELL=/bin/zsh

Signal Handlers:
SIGSEGV: [libjvm.dylib+0x565c43], sa_mask[0]=11111111011111110111111111111111, sa_flags=SA_ONSTACK|SA_RESTART|SA_SIGINFO
SIGBUS: [libjvm.dylib+0x565c43], sa_mask[0]=11111111011111110111111111111111, sa_flags=SA_RESTART|SA_SIGINFO
SIGFPE: [libjvm.dylib+0x45dd9d], sa_mask[0]=11111111011111110111111111111111, sa_flags=SA_RESTART|SA_SIGINFO
SIGPIPE: [libjvm.dylib+0x45dd9d], sa_mask[0]=11111111011111110111111111111111, sa_flags=SA_RESTART|SA_SIGINFO
SIGXFSZ: [libjvm.dylib+0x45dd9d], sa_mask[0]=11111111011111110111111111111111, sa_flags=SA_RESTART|SA_SIGINFO
SIGILL: [libjvm.dylib+0x45dd9d], sa_mask[0]=11111111011111110111111111111111, sa_flags=SA_RESTART|SA_SIGINFO
SIGUSR1: SIG_DFL, sa_mask[0]=00000000000000000000000000000000, sa_flags=none
SIGUSR2: [libjvm.dylib+0x45e69c], sa_mask[0]=00100000000000000000000000000000, sa_flags=SA_RESTART|SA_SIGINFO
SIGHUP: [libjvm.dylib+0x45c8c1], sa_mask[0]=11111111011111110111111111111111, sa_flags=SA_RESTART|SA_SIGINFO
SIGINT: [libjvm.dylib+0x45c8c1], sa_mask[0]=11111111011111110111111111111111, sa_flags=SA_RESTART|SA_SIGINFO
SIGTERM: [libjvm.dylib+0x45c8c1], sa_mask[0]=11111111011111110111111111111111, sa_flags=SA_RESTART|SA_SIGINFO
SIGQUIT: [libjvm.dylib+0x45c8c1], sa_mask[0]=11111111011111110111111111111111, sa_flags=SA_RESTART|SA_SIGINFO


---------------  S Y S T E M  ---------------

OS:Bsduname:Darwin 19.6.0 Darwin Kernel Version 19.6.0: Mon Aug 31 22:12:52 PDT 2020; root:xnu-6153.141.2~1/RELEASE_X86_64 x86_64
rlimit: STACK 8192k, CORE 0k, NPROC 1392, NOFILE 10240, AS infinity
load average:4.52 3.87 3.92

CPU:total 4 (initial active 4) (2 cores per cpu, 2 threads per core) family 6 model 61 stepping 4, cmov, cx8, fxsr, mmx, sse, sse2, sse3, ssse3, sse4.1, sse4.2, popcnt, avx, avx2, aes, clmul, erms, 3dnowpref, lzcnt, ht, tsc, tscinvbit, bmi1, bmi2, adx

Memory: 4k page, physical 8388608k(19308k free)

/proc/meminfo:


vm_info: OpenJDK 64-Bit Server VM (25.242-b3-6222593) for bsd-amd64 JRE (1.8.0_242-release-1644-b3-6222593), built by "android-build" with gcc 4.2.1 Compatible Android (5484270 based on r353983c) Clang 9.0.3 (https://android.googlesource.com/toolchain/clang 745b335211bb9eadfa6aa6301f84715cee4b37c5) (https://android.googlesource.com/toolchain/llvm 60cf23e54e46c807513f7a36d0a7b777920b5881)

time: Fri Oct  9 00:35:02 2020
timezone: CEST
elapsed time: 11938 seconds (0d 3h 18m 58s)

