#
# A fatal error has been detected by the Java Runtime Environment:
#
#  SIGSEGV (0xb) at pc=0x000000010b29c67a, pid=3585, tid=0x0000000000002203
#
# JRE version: OpenJDK Runtime Environment (8.0_242) (build 1.8.0_242-release-1644-b3-6222593)
# Java VM: OpenJDK 64-Bit Server VM (25.242-b3-6222593 mixed mode bsd-amd64 compressed oops)
# Problematic frame:
# V  [libjvm.dylib+0x49c67a]
#
# Failed to write core dump. Core dumps have been disabled. To enable core dumping, try "ulimit -c unlimited" before starting Java again
#
# If you would like to submit a bug report, please visit:
#   http://bugreport.java.com/bugreport/crash.jsp
#

---------------  T H R E A D  ---------------

Current thread (0x00007fd6da00d800):  GCTaskThread [stack: 0x0000700003a02000,0x0000700003b02000] [id=8707]

siginfo: si_signo: 11 (SIGSEGV), si_code: 1 (SEGV_MAPERR), si_addr: 0x0000000590ca1aa0

Registers:
RAX=0x000000010b621f01, RBX=0x00000007b219520d, RCX=0x0000000000000003, RDX=0x000000010b6112d8
RSP=0x0000700003b01d30, RBP=0x0000700003b01da0, RSI=0x000000079ae0b460, RDI=0x0000000590ca1a98
R8 =0x0000000000000000, R9 =0x000000010b601062, R10=0x0007a6480000017e, R11=0x000000001738b128
R12=0x000000010b621ffb, R13=0xf35c1660f4812b40, R14=0x00007fd6d88145c0, R15=0x000000079ae0b460
RIP=0x000000010b29c67a, EFLAGS=0x0000000000010202, ERR=0x0000000000000004
  TRAPNO=0x000000000000000e

Top of Stack: (sp=0x0000700003b01d30)
0x0000700003b01d30:   00007fd6d88145c0 00000007b2190020
0x0000700003b01d40:   00000007c057a750 00000007b2192e50
0x0000700003b01d50:   00000007b2192e4c 000000079ae09ea2
0x0000700003b01d60:   0000000000000000 0000000000000009
0x0000700003b01d70:   0000000000000082 00000007b219520d
0x0000700003b01d80:   000000010b621ffb 00007fd6d88145c0
0x0000700003b01d90:   00000007b219520c 000000010b6112c8
0x0000700003b01da0:   0000700003b01dd0 000000010b299f8a
0x0000700003b01db0:   00000007b219520d 000000010b6268a0
0x0000700003b01dc0:   00007fd6d8814620 00007fd6d8814658
0x0000700003b01dd0:   0000700003b01e30 000000010b299d43
0x0000700003b01de0:   0000700003b01e44 0000700003b01e44
0x0000700003b01df0:   0007a6470000017e 00000007b219520d
0x0000700003b01e00:   0100700003b01e30 00007fd6d88145c0
0x0000700003b01e10:   0000700003b01e44 0000700003b01e50
0x0000700003b01e20:   0000000000000001 000000010b6275b0
0x0000700003b01e30:   0000700003b01e80 000000010b29d4b6
0x0000700003b01e40:   0d3a8cb40b622249 00007fd6dd780b50
0x0000700003b01e50:   00000007486306a9 00007fd6da00d800
0x0000700003b01e60:   00007fd6dd780b50 000000010b3cf8b2
0x0000700003b01e70:   0000000000000000 0000000000000001
0x0000700003b01e80:   0000700003b01f60 000000010b05a011
0x0000700003b01e90:   000000010b622100 00007fd6da00d800
0x0000700003b01ea0:   00007fd6d850bb10 00007fd6d850bb50
0x0000700003b01eb0:   00007fd6d850bb60 00007fd6d850bc38
0x0000700003b01ec0:   00000000000000d8 00007fd6d850bd50
0x0000700003b01ed0:   00007fd6da00d800 00007fd6d850bb10
0x0000700003b01ee0:   00007fd6d850bb50 00007fd6d850bb60
0x0000700003b01ef0:   00007fd6d850bc38 00000000000000d8
0x0000700003b01f00:   0000700003b01e98 00007fd6d850b6f0
0x0000700003b01f10:   00007fd6d850b720 00007fd6d850b730
0x0000700003b01f20:   00007fd6d850bb08 00000000000003d8 

Instructions: (pc=0x000000010b29c67a)
0x000000010b29c65a:   8a 00 84 c0 74 16 41 8b 7f 08 48 8d 15 6d 4c 37
0x000000010b29c66a:   00 8a 4a 08 48 d3 e7 48 03 3a eb 04 49 8b 7f 08
0x000000010b29c67a:   44 8b 67 08 45 85 e4 7e 0c 41 f6 c4 01 75 0b 41
0x000000010b29c68a:   c1 ec 03 eb 4c 45 85 e4 78 11 48 8b 07 4c 89 fe 

Register to memory mapping:

RAX=0x000000010b621f01: G1RSetRegionEntries+0x1 in /private/var/folders/nk/77tzydc5271b4jt6909jb9m80000gn/T/AppTranslocation/3C42BCCC-F139-468D-9340-7D1B34EBFFDD/d/Android Studio.app/Contents/jre/jdk/Contents/Home/jre/lib/server/libjvm.dylib at 0x000000010ae00000
RBX=0x00000007b219520d is an unknown value
RCX=0x0000000000000003 is an unknown value
RDX=0x000000010b6112d8: _ZN8Universe13_narrow_klassE+0 in /private/var/folders/nk/77tzydc5271b4jt6909jb9m80000gn/T/AppTranslocation/3C42BCCC-F139-468D-9340-7D1B34EBFFDD/d/Android Studio.app/Contents/jre/jdk/Contents/Home/jre/lib/server/libjvm.dylib at 0x000000010ae00000
RSP=0x0000700003b01d30 is an unknown value
RBP=0x0000700003b01da0 is an unknown value
RSI=0x000000079ae0b460 is an oop

[error occurred during error reporting (printing register info), id 0xb]

Stack: [0x0000700003a02000,0x0000700003b02000],  sp=0x0000700003b01d30,  free space=1023k
Native frames: (J=compiled Java code, j=interpreted, Vv=VM code, C=native code)
V  [libjvm.dylib+0x49c67a]
V  [libjvm.dylib+0x499f8a]
V  [libjvm.dylib+0x499d43]
V  [libjvm.dylib+0x49d4b6]
V  [libjvm.dylib+0x25a011]
V  [libjvm.dylib+0x45b9eb]
C  [libsystem_pthread.dylib+0x6109]  _pthread_start+0x94
C  [libsystem_pthread.dylib+0x1b8b]  thread_start+0xf


---------------  P R O C E S S  ---------------

Java Threads: ( => current thread )
  0x00007fd6d92e9000 JavaThread "Cache worker for Build Output Cleanup Cache (/Users/soso/AndroidStudioProjects/DingBring/.gradle/buildOutputCleanup)" [_thread_blocked, id=126375, stack(0x000070000d6d6000,0x000070000d7d6000)]
  0x00007fd6dd4bb800 JavaThread "jar transforms Thread 11817" [_thread_blocked, id=55403, stack(0x000070000d4d0000,0x000070000d5d0000)]
  0x00007fd6dd4bb000 JavaThread "jar transforms Thread 11816" [_thread_blocked, id=60983, stack(0x000070000d3cd000,0x000070000d4cd000)]
  0x00007fd6dd4ba000 JavaThread "jar transforms Thread 11815" [_thread_blocked, id=88159, stack(0x000070000d2ca000,0x000070000d3ca000)]
  0x00007fd6d92e8000 JavaThread "jar transforms Thread 11814" [_thread_blocked, id=128023, stack(0x000070000d1c7000,0x000070000d2c7000)]
  0x00007fd6d92e7800 JavaThread "jar transforms Thread 11813" [_thread_blocked, id=58275, stack(0x000070000d0c4000,0x000070000d1c4000)]
  0x00007fd6d92e6800 JavaThread "jar transforms Thread 11812" [_thread_blocked, id=93967, stack(0x000070000cfc1000,0x000070000d0c1000)]
  0x00007fd6d90c3000 JavaThread "jar transforms Thread 11811" [_thread_blocked, id=121919, stack(0x000070000cebe000,0x000070000cfbe000)]
  0x00007fd6d90c2000 JavaThread "jar transforms Thread 11810" [_thread_blocked, id=35875, stack(0x000070000cdbb000,0x000070000cebb000)]
  0x00007fd6d90c1800 JavaThread "jar transforms Thread 11809" [_thread_blocked, id=21803, stack(0x000070000ccb8000,0x000070000cdb8000)]
  0x00007fd6d9360000 JavaThread "jar transforms Thread 11808" [_thread_blocked, id=99403, stack(0x000070000cbb5000,0x000070000ccb5000)]
  0x00007fd6d95a2800 JavaThread "jar transforms Thread 11807" [_thread_blocked, id=80807, stack(0x000070000cab2000,0x000070000cbb2000)]
  0x00007fd6d9295800 JavaThread "jar transforms Thread 11806" [_thread_blocked, id=47927, stack(0x000070000c9af000,0x000070000caaf000)]
  0x00007fd6d9349000 JavaThread "jar transforms Thread 11805" [_thread_blocked, id=93563, stack(0x000070000c8ac000,0x000070000c9ac000)]
  0x00007fd6dd4b9800 JavaThread "jar transforms Thread 11804" [_thread_blocked, id=83039, stack(0x000070000c7a9000,0x000070000c8a9000)]
  0x00007fd6e4471800 JavaThread "jar transforms Thread 11803" [_thread_blocked, id=88355, stack(0x000070000c6a6000,0x000070000c7a6000)]
  0x00007fd6e6236800 JavaThread "jar transforms Thread 11802" [_thread_blocked, id=123863, stack(0x000070000c5a3000,0x000070000c6a3000)]
  0x00007fd6cd860000 JavaThread "jar transforms Thread 11801" [_thread_blocked, id=16559, stack(0x000070000c4a0000,0x000070000c5a0000)]
  0x00007fd6d97aa000 JavaThread "jar transforms Thread 11800" [_thread_blocked, id=120815, stack(0x000070000c39d000,0x000070000c49d000)]
  0x00007fd6e6235800 JavaThread "jar transforms Thread 11799" [_thread_blocked, id=70907, stack(0x000070000c29a000,0x000070000c39a000)]
  0x00007fd6e6235000 JavaThread "jar transforms Thread 11798" [_thread_blocked, id=48519, stack(0x000070000c197000,0x000070000c297000)]
  0x00007fd6d8f9f800 JavaThread "jar transforms Thread 11797" [_thread_blocked, id=60463, stack(0x000070000c094000,0x000070000c194000)]
  0x00007fd6e5d1c000 JavaThread "jar transforms Thread 11796" [_thread_blocked, id=64547, stack(0x000070000bf91000,0x000070000c091000)]
  0x00007fd6e5d1b000 JavaThread "jar transforms Thread 11795" [_thread_blocked, id=30359, stack(0x000070000be8e000,0x000070000bf8e000)]
  0x00007fd6e5b73000 JavaThread "jar transforms Thread 11794" [_thread_blocked, id=19591, stack(0x000070000bd8b000,0x000070000be8b000)]
  0x00007fd6d94b6800 JavaThread "jar transforms Thread 11793" [_thread_blocked, id=60223, stack(0x000070000bc88000,0x000070000bd88000)]
  0x00007fd6d96d9000 JavaThread "jar transforms Thread 11792" [_thread_blocked, id=44403, stack(0x000070000bb85000,0x000070000bc85000)]
  0x00007fd6e5b72800 JavaThread "jar transforms Thread 11791" [_thread_blocked, id=77923, stack(0x000070000ba82000,0x000070000bb82000)]
  0x00007fd6e6234000 JavaThread "jar transforms Thread 11790" [_thread_blocked, id=36203, stack(0x000070000b97f000,0x000070000ba7f000)]
  0x00007fd6e6233800 JavaThread "jar transforms Thread 11789" [_thread_blocked, id=64383, stack(0x000070000b87c000,0x000070000b97c000)]
  0x00007fd6d8fe1000 JavaThread "jar transforms Thread 11788" [_thread_blocked, id=130663, stack(0x000070000b779000,0x000070000b879000)]
  0x00007fd6d8fe0800 JavaThread "jar transforms Thread 11787" [_thread_blocked, id=76035, stack(0x000070000b676000,0x000070000b776000)]
  0x00007fd6da298000 JavaThread "jar transforms Thread 11786" [_thread_blocked, id=122731, stack(0x000070000b573000,0x000070000b673000)]
  0x00007fd6d947b000 JavaThread "jar transforms Thread 11785" [_thread_blocked, id=38943, stack(0x000070000b470000,0x000070000b570000)]
  0x00007fd6e624b000 JavaThread "jar transforms Thread 11784" [_thread_blocked, id=33747, stack(0x000070000b36d000,0x000070000b46d000)]
  0x00007fd6e624a000 JavaThread "jar transforms Thread 11783" [_thread_blocked, id=68451, stack(0x000070000b26a000,0x000070000b36a000)]
  0x00007fd6d9f66800 JavaThread "jar transforms Thread 11782" [_thread_blocked, id=12067, stack(0x000070000b167000,0x000070000b267000)]
  0x00007fd6d90cc000 JavaThread "jar transforms Thread 11781" [_thread_blocked, id=75323, stack(0x000070000b064000,0x000070000b164000)]
  0x00007fd6d9629800 JavaThread "jar transforms Thread 11780" [_thread_blocked, id=72219, stack(0x000070000af61000,0x000070000b061000)]
  0x00007fd6d91d6000 JavaThread "jar transforms Thread 11779" [_thread_blocked, id=59759, stack(0x000070000ae5e000,0x000070000af5e000)]
  0x00007fd6d90ea000 JavaThread "jar transforms Thread 11778" [_thread_blocked, id=77603, stack(0x000070000ad5b000,0x000070000ae5b000)]
  0x00007fd6d954a000 JavaThread "jar transforms Thread 11777" [_thread_blocked, id=13239, stack(0x000070000ac58000,0x000070000ad58000)]
  0x00007fd6d9205800 JavaThread "jar transforms Thread 11776" [_thread_blocked, id=58887, stack(0x000070000ab55000,0x000070000ac55000)]
  0x00007fd6d919d800 JavaThread "jar transforms Thread 11775" [_thread_blocked, id=26951, stack(0x000070000aa52000,0x000070000ab52000)]
  0x00007fd6d95d4000 JavaThread "jar transforms Thread 11774" [_thread_blocked, id=77339, stack(0x000070000a94f000,0x000070000aa4f000)]
  0x00007fd6cda15000 JavaThread "jar transforms Thread 11773" [_thread_blocked, id=90999, stack(0x000070000a84c000,0x000070000a94c000)]
  0x00007fd6d90b1800 JavaThread "jar transforms Thread 11772" [_thread_blocked, id=96583, stack(0x000070000a749000,0x000070000a849000)]
  0x00007fd6d9160800 JavaThread "jar transforms Thread 11771" [_thread_blocked, id=60787, stack(0x000070000a646000,0x000070000a746000)]
  0x00007fd6d925f000 JavaThread "jar transforms Thread 11770" [_thread_blocked, id=79955, stack(0x000070000a543000,0x000070000a643000)]
  0x00007fd6d9523800 JavaThread "jar transforms Thread 11769" [_thread_blocked, id=58391, stack(0x000070000a440000,0x000070000a540000)]
  0x00007fd6d958b000 JavaThread "jar transforms Thread 11768" [_thread_blocked, id=89935, stack(0x000070000a33d000,0x000070000a43d000)]
  0x00007fd6e4376800 JavaThread "jar transforms Thread 11767" [_thread_blocked, id=99291, stack(0x000070000a23a000,0x000070000a33a000)]
  0x00007fd6e5da4000 JavaThread "jar transforms Thread 11766" [_thread_blocked, id=24303, stack(0x000070000a137000,0x000070000a237000)]
  0x00007fd6d9b41000 JavaThread "jar transforms Thread 11765" [_thread_blocked, id=35183, stack(0x000070000a034000,0x000070000a134000)]
  0x00007fd6d97b0800 JavaThread "jar transforms Thread 11764" [_thread_blocked, id=125999, stack(0x0000700009f31000,0x000070000a031000)]
  0x00007fd6d9532000 JavaThread "jar transforms Thread 11763" [_thread_blocked, id=83363, stack(0x0000700009e2e000,0x0000700009f2e000)]
  0x00007fd6da0e5000 JavaThread "jar transforms Thread 11762" [_thread_blocked, id=23947, stack(0x0000700009d2b000,0x0000700009e2b000)]
  0x00007fd6d9ed2800 JavaThread "jar transforms Thread 11761" [_thread_blocked, id=49675, stack(0x0000700009c28000,0x0000700009d28000)]
  0x00007fd6e5ef6000 JavaThread "jar transforms Thread 11760" [_thread_blocked, id=29559, stack(0x0000700009b25000,0x0000700009c25000)]
  0x00007fd6e6249800 JavaThread "jar transforms Thread 11759" [_thread_blocked, id=98935, stack(0x0000700009a22000,0x0000700009b22000)]
  0x00007fd6d901d800 JavaThread "jar transforms Thread 11758" [_thread_blocked, id=87023, stack(0x000070000991f000,0x0000700009a1f000)]
  0x00007fd6dd6db800 JavaThread "jar transforms Thread 11757" [_thread_blocked, id=48687, stack(0x000070000981c000,0x000070000991c000)]
  0x00007fd6e5e7a800 JavaThread "jar transforms Thread 11756" [_thread_blocked, id=88051, stack(0x0000700009719000,0x0000700009819000)]
  0x00007fd6df375000 JavaThread "jar transforms Thread 11755" [_thread_blocked, id=74523, stack(0x0000700009616000,0x0000700009716000)]
  0x00007fd6df73b000 JavaThread "jar transforms Thread 11754" [_thread_blocked, id=17167, stack(0x0000700009513000,0x0000700009613000)]
  0x00007fd6e5af0800 JavaThread "jar transforms Thread 11753" [_thread_blocked, id=71715, stack(0x0000700009410000,0x0000700009510000)]
  0x00007fd6e58a7800 JavaThread "jar transforms Thread 11752" [_thread_blocked, id=96419, stack(0x000070000930d000,0x000070000940d000)]
  0x00007fd6e5cb4000 JavaThread "jar transforms Thread 11751" [_thread_blocked, id=77203, stack(0x000070000920a000,0x000070000930a000)]
  0x00007fd6e5caf000 JavaThread "jar transforms Thread 11750" [_thread_blocked, id=30823, stack(0x0000700009107000,0x0000700009207000)]
  0x00007fd6d8999800 JavaThread "jar transforms Thread 11749" [_thread_blocked, id=48135, stack(0x0000700009004000,0x0000700009104000)]
  0x00007fd6e58ad000 JavaThread "jar transforms Thread 11748" [_thread_blocked, id=32771, stack(0x0000700008f01000,0x0000700009001000)]
  0x00007fd6d8f87000 JavaThread "jar transforms Thread 11747" [_thread_blocked, id=76579, stack(0x0000700008dfe000,0x0000700008efe000)]
  0x00007fd6dd4c6800 JavaThread "jar transforms Thread 11746" [_thread_blocked, id=38599, stack(0x0000700008cfb000,0x0000700008dfb000)]
  0x00007fd6e5f48000 JavaThread "jar transforms Thread 11745" [_thread_blocked, id=90527, stack(0x0000700008bf8000,0x0000700008cf8000)]
  0x00007fd6d8c00800 JavaThread "jar transforms Thread 11744" [_thread_blocked, id=51675, stack(0x0000700008af5000,0x0000700008bf5000)]
  0x00007fd6e4500000 JavaThread "jar transforms Thread 11743" [_thread_blocked, id=81623, stack(0x00007000089f2000,0x0000700008af2000)]
  0x00007fd6d9fd7800 JavaThread "jar transforms Thread 11742" [_thread_blocked, id=68659, stack(0x00007000088ef000,0x00007000089ef000)]
  0x00007fd6d9c9c800 JavaThread "jar transforms Thread 11741" [_thread_blocked, id=84895, stack(0x00007000087ec000,0x00007000088ec000)]
  0x00007fd6e5cf9000 JavaThread "jar transforms Thread 11740" [_thread_blocked, id=69975, stack(0x00007000086e9000,0x00007000087e9000)]
  0x00007fd6e4054000 JavaThread "jar transforms Thread 11739" [_thread_blocked, id=75543, stack(0x00007000085e6000,0x00007000086e6000)]
  0x00007fd6e4473000 JavaThread "jar transforms Thread 11738" [_thread_blocked, id=121603, stack(0x00007000084e3000,0x00007000085e3000)]
  0x00007fd6e4485000 JavaThread "jar transforms Thread 11737" [_thread_blocked, id=129439, stack(0x00007000083e0000,0x00007000084e0000)]
  0x00007fd6da33c000 JavaThread "jar transforms Thread 11736" [_thread_blocked, id=26163, stack(0x00007000082dd000,0x00007000083dd000)]
  0x00007fd6d959a000 JavaThread "jar transforms Thread 11735" [_thread_blocked, id=32655, stack(0x00007000081da000,0x00007000082da000)]
  0x00007fd6dd419800 JavaThread "jar transforms Thread 11734" [_thread_blocked, id=28439, stack(0x00007000080d7000,0x00007000081d7000)]
  0x00007fd6e5c65000 JavaThread "jar transforms Thread 11733" [_thread_blocked, id=124747, stack(0x0000700007fd4000,0x00007000080d4000)]
  0x00007fd6dd33e800 JavaThread "jar transforms Thread 11732" [_thread_blocked, id=82859, stack(0x0000700007ed1000,0x0000700007fd1000)]
  0x00007fd6e603c000 JavaThread "jar transforms Thread 11731" [_thread_blocked, id=50711, stack(0x0000700007dce000,0x0000700007ece000)]
  0x00007fd6e67db800 JavaThread "jar transforms Thread 11730" [_thread_blocked, id=45743, stack(0x0000700007ccb000,0x0000700007dcb000)]
  0x00007fd6dd2d0000 JavaThread "jar transforms Thread 11729" [_thread_blocked, id=56247, stack(0x0000700007bc8000,0x0000700007cc8000)]
  0x00007fd6e5f0a800 JavaThread "jar transforms Thread 11728" [_thread_blocked, id=78599, stack(0x0000700007ac5000,0x0000700007bc5000)]
  0x00007fd6e62c3800 JavaThread "jar transforms Thread 11727" [_thread_blocked, id=69091, stack(0x00007000079c2000,0x0000700007ac2000)]
  0x00007fd6e6205800 JavaThread "jar transforms Thread 11726" [_thread_blocked, id=63895, stack(0x00007000078bf000,0x00007000079bf000)]
  0x00007fd6d9682800 JavaThread "jar transforms Thread 11725" [_thread_blocked, id=23575, stack(0x00007000077bc000,0x00007000078bc000)]
  0x00007fd6dd7bc000 JavaThread "jar transforms Thread 11724" [_thread_blocked, id=36379, stack(0x00007000076b9000,0x00007000077b9000)]
  0x00007fd6d9e69000 JavaThread "jar transforms Thread 11723" [_thread_blocked, id=53427, stack(0x00007000075b6000,0x00007000076b6000)]
  0x00007fd6e5ff4000 JavaThread "jar transforms Thread 11722" [_thread_blocked, id=122143, stack(0x00007000074b3000,0x00007000075b3000)]
  0x00007fd6d8edd000 JavaThread "jar transforms Thread 11721" [_thread_blocked, id=34923, stack(0x00007000073b0000,0x00007000074b0000)]
  0x00007fd6d9cf0800 JavaThread "jar transforms Thread 11720" [_thread_blocked, id=89575, stack(0x00007000072ad000,0x00007000073ad000)]
  0x00007fd6da347000 JavaThread "jar transforms Thread 11719" [_thread_blocked, id=25735, stack(0x00007000071aa000,0x00007000072aa000)]
  0x00007fd6d961d000 JavaThread "jar transforms Thread 11718" [_thread_blocked, id=42903, stack(0x00007000070a7000,0x00007000071a7000)]
  0x00007fd6e4753800 JavaThread "jar transforms Thread 11717" [_thread_blocked, id=29971, stack(0x0000700006fa4000,0x00007000070a4000)]
  0x00007fd6d955a800 JavaThread "jar transforms Thread 11716" [_thread_blocked, id=22883, stack(0x0000700006ea1000,0x0000700006fa1000)]
  0x00007fd6d8f9e800 JavaThread "jar transforms Thread 11715" [_thread_blocked, id=85551, stack(0x0000700006d9e000,0x0000700006e9e000)]
  0x00007fd6e595f000 JavaThread "jar transforms Thread 11714" [_thread_blocked, id=127819, stack(0x0000700006c9b000,0x0000700006d9b000)]
  0x00007fd6e652e000 JavaThread "jar transforms Thread 11713" [_thread_blocked, id=87579, stack(0x0000700006b98000,0x0000700006c98000)]
  0x00007fd6d90d3000 JavaThread "jar transforms Thread 11712" [_thread_blocked, id=24607, stack(0x0000700006a95000,0x0000700006b95000)]
  0x00007fd6da317800 JavaThread "jar transforms Thread 11711" [_thread_blocked, id=45423, stack(0x0000700006992000,0x0000700006a92000)]
  0x00007fd6d94da800 JavaThread "jar transforms Thread 11710" [_thread_blocked, id=22191, stack(0x000070000688f000,0x000070000698f000)]
  0x00007fd6da44c800 JavaThread "jar transforms Thread 11709" [_thread_blocked, id=92711, stack(0x000070000678c000,0x000070000688c000)]
  0x00007fd6d95b1800 JavaThread "jar transforms Thread 11708" [_thread_blocked, id=52823, stack(0x0000700006689000,0x0000700006789000)]
  0x00007fd6e4585000 JavaThread "jar transforms Thread 11707" [_thread_blocked, id=69791, stack(0x0000700006586000,0x0000700006686000)]
  0x00007fd6d95ec000 JavaThread "jar transforms Thread 11706" [_thread_blocked, id=75043, stack(0x0000700006483000,0x0000700006583000)]
  0x00007fd6dd236000 JavaThread "jar transforms Thread 11705" [_thread_blocked, id=49519, stack(0x0000700006380000,0x0000700006480000)]
  0x00007fd6e65c0800 JavaThread "jar transforms Thread 11704" [_thread_blocked, id=31035, stack(0x000070000627d000,0x000070000637d000)]
  0x00007fd6e6330000 JavaThread "jar transforms Thread 11703" [_thread_blocked, id=33947, stack(0x000070000617a000,0x000070000627a000)]
  0x00007fd6dd4e0800 JavaThread "jar transforms Thread 11702" [_thread_blocked, id=74871, stack(0x0000700006077000,0x0000700006177000)]
  0x00007fd6d95d2000 JavaThread "jar transforms Thread 11701" [_thread_blocked, id=130131, stack(0x0000700005d6e000,0x0000700005e6e000)]
  0x00007fd6d9d2d000 JavaThread "Build operations Thread 4" [_thread_blocked, id=67159, stack(0x0000700005c6b000,0x0000700005d6b000)]
  0x00007fd6e6527000 JavaThread "Build operations Thread 3" [_thread_blocked, id=26403, stack(0x0000700005b68000,0x0000700005c68000)]
  0x00007fd6e6722800 JavaThread "Build operations Thread 2" [_thread_blocked, id=27487, stack(0x0000700005a65000,0x0000700005b65000)]
  0x00007fd6d9ad3800 JavaThread "Build operations" [_thread_blocked, id=51127, stack(0x0000700005962000,0x0000700005a62000)]
  0x00007fd6d9242800 JavaThread "Cache worker for cache directory md-rule (/Users/soso/.gradle/caches/6.5/md-rule)" [_thread_blocked, id=100167, stack(0x000070000585f000,0x000070000595f000)]
  0x00007fd6d92b9000 JavaThread "Cache worker for cache directory md-supplier (/Users/soso/.gradle/caches/6.5/md-supplier)" [_thread_blocked, id=95519, stack(0x000070000575c000,0x000070000585c000)]
  0x00007fd6dd58d000 JavaThread "Cache worker for checksums cache (/Users/soso/AndroidStudioProjects/DingBring/.gradle/checksums)" [_thread_blocked, id=99643, stack(0x0000700005659000,0x0000700005759000)]
  0x00007fd6e44e5800 JavaThread "Cache worker for file hash cache (/Users/soso/AndroidStudioProjects/DingBring/.gradle/6.5/fileHashes)" [_thread_blocked, id=82239, stack(0x0000700005453000,0x0000700005553000)]
  0x00007fd6d8e45000 JavaThread "Thread-14401" [_thread_blocked, id=54391, stack(0x0000700004fc7000,0x00007000050c7000)]
  0x00007fd6cda38800 JavaThread "Stdin handler" [_thread_blocked, id=90719, stack(0x0000700004ec4000,0x0000700004fc4000)]
  0x00007fd6d9fd6800 JavaThread "Asynchronous log dispatcher for DefaultDaemonConnection: socket connection from /127.0.0.1:54062 to /127.0.0.1:60725" [_thread_blocked, id=33059, stack(0x0000700004dc1000,0x0000700004ec1000)]
  0x00007fd6d9340000 JavaThread "Daemon worker Thread 96" [_thread_blocked, id=94583, stack(0x0000700004cbe000,0x0000700004dbe000)]
  0x00007fd6d9688000 JavaThread "Cancel handler" [_thread_blocked, id=47003, stack(0x0000700004bbb000,0x0000700004cbb000)]
  0x00007fd6dd484000 JavaThread "Handler for socket connection from /127.0.0.1:54062 to /127.0.0.1:60725" [_thread_in_native, id=40503, stack(0x0000700004a35000,0x0000700004b35000)]
  0x00007fd6e64ff000 JavaThread "Daemon Thread 96" [_thread_blocked, id=39795, stack(0x0000700004014000,0x0000700004114000)]
  0x00007fd6da6b7000 JavaThread "RMI Reaper" [_thread_blocked, id=66347, stack(0x000070000e3fd000,0x000070000e4fd000)]
  0x00007fd6e48be000 JavaThread "GC Daemon" daemon [_thread_blocked, id=69155, stack(0x000070000e2fa000,0x000070000e3fa000)]
  0x00007fd6d8e43800 JavaThread "Cache worker for Java compile cache (/Users/soso/.gradle/caches/6.5/javaCompile)" [_thread_blocked, id=86031, stack(0x0000700005556000,0x0000700005656000)]
  0x00007fd6e15ad000 JavaThread "RMI TCP Accept-0" daemon [_thread_in_native, id=91911, stack(0x000070000ec40000,0x000070000ed40000)]
  0x00007fd6e091b000 JavaThread "RMI Scheduler(0)" daemon [_thread_blocked, id=92427, stack(0x000070000dc10000,0x000070000dd10000)]
  0x00007fd6d9384000 JavaThread "process reaper" daemon [_thread_in_native, id=96775, stack(0x000070000dbe5000,0x000070000dc0d000)]
  0x00007fd6df349000 JavaThread "MarlinRenderer Disposer" daemon [_thread_blocked, id=127239, stack(0x000070000e0f4000,0x000070000e1f4000)]
  0x00007fd6da25b000 JavaThread "Java2D Disposer" daemon [_thread_blocked, id=126983, stack(0x000070000dff1000,0x000070000e0f1000)]
  0x00007fd6dc7ed000 JavaThread "AWT-AppKit" daemon [_thread_in_native, id=775, stack(0x00007ffee501f000,0x00007ffee581f000)]
  0x00007fd6ddd86000 JavaThread "Memory manager" [_thread_blocked, id=129795, stack(0x000070000d5d3000,0x000070000d6d3000)]
  0x00007fd6df293800 JavaThread "Cache worker for file content cache (/Users/soso/.gradle/caches/6.5/fileContent)" [_thread_blocked, id=37635, stack(0x0000700005f74000,0x0000700006074000)]
  0x00007fd6da264800 JavaThread "Cache worker for execution history cache (/Users/soso/.gradle/caches/6.5/executionHistory)" [_thread_blocked, id=25347, stack(0x0000700005e71000,0x0000700005f71000)]
  0x00007fd6da561800 JavaThread "Cache worker for file hash cache (/Users/soso/.gradle/caches/6.5/fileHashes)" [_thread_blocked, id=41475, stack(0x0000700005350000,0x0000700005450000)]
  0x00007fd6d8c9f000 JavaThread "File lock request listener" [_thread_in_native, id=41731, stack(0x000070000524d000,0x000070000534d000)]
  0x00007fd6d8d95000 JavaThread "Cache worker for journal cache (/Users/soso/.gradle/caches/journal-1)" [_thread_blocked, id=42243, stack(0x000070000514a000,0x000070000524a000)]
  0x00007fd6d8867800 JavaThread "Daemon periodic checks" [_thread_blocked, id=17411, stack(0x0000700004932000,0x0000700004a32000)]
  0x00007fd6d90d2000 JavaThread "Incoming local TCP Connector on port 54062" [_thread_in_native, id=15619, stack(0x000070000482f000,0x000070000492f000)]
  0x00007fd6da0c2800 JavaThread "Daemon health stats" [_thread_blocked, id=17667, stack(0x000070000472c000,0x000070000482c000)]
  0x00007fd6d9008800 JavaThread "Service Thread" daemon [_thread_blocked, id=18179, stack(0x0000700004526000,0x0000700004626000)]
  0x00007fd6da080800 JavaThread "C1 CompilerThread2" daemon [_thread_blocked, id=14339, stack(0x0000700004423000,0x0000700004523000)]
  0x00007fd6da048000 JavaThread "C2 CompilerThread1" daemon [_thread_blocked, id=18691, stack(0x0000700004320000,0x0000700004420000)]
  0x00007fd6d981b000 JavaThread "C2 CompilerThread0" daemon [_thread_blocked, id=13827, stack(0x000070000421d000,0x000070000431d000)]
  0x00007fd6da07e800 JavaThread "Signal Dispatcher" daemon [_thread_blocked, id=13571, stack(0x000070000411a000,0x000070000421a000)]
  0x00007fd6da046000 JavaThread "Finalizer" daemon [_thread_blocked, id=11523, stack(0x0000700003f11000,0x0000700004011000)]
  0x00007fd6da043000 JavaThread "Reference Handler" daemon [_thread_blocked, id=20995, stack(0x0000700003e0e000,0x0000700003f0e000)]
  0x00007fd6d980a000 JavaThread "main" [_thread_blocked, id=3331, stack(0x00007000037fc000,0x00007000038fc000)]

Other Threads:
  0x00007fd6d8815000 VMThread [stack: 0x0000700003d0b000,0x0000700003e0b000] [id=21251]
  0x00007fd6da09b800 WatcherThread [stack: 0x0000700004629000,0x0000700004729000] [id=14851]

=>0x00007fd6da00d800 (exited) GCTaskThread [stack: 0x0000700003a02000,0x0000700003b02000] [id=8707]

VM state:at safepoint (normal execution)

VM Mutex/Monitor currently owned by a thread:  ([mutex/lock_event])
[0x00007fd6d84075b0] Threads_lock - owner thread: 0x00007fd6d8815000
[0x00007fd6d8407ab0] Heap_lock - owner thread: 0x00007fd6d9340000

heap address: 0x0000000740000000, size: 2048 MB, Compressed Oops mode: Zero based, Oop shift amount: 3
Narrow klass base: 0x0000000000000000, Narrow klass shift: 3
Compressed class space size: 1073741824 Address: 0x00000007c0000000

Heap:
 PSYoungGen      total 465920K, used 258903K [0x0000000795580000, 0x00000007c0000000, 0x00000007c0000000)
  eden space 232960K, 100% used [0x0000000795580000,0x00000007a3900000,0x00000007a3900000)
  from space 232960K, 11% used [0x00000007a3900000,0x00000007a5255fe0,0x00000007b1c80000)
  to   space 232960K, 2% used [0x00000007b1c80000,0x00000007b22a0020,0x00000007c0000000)
 ParOldGen       total 538112K, used 154884K [0x0000000740000000, 0x0000000760d80000, 0x0000000795580000)
  object space 538112K, 28% used [0x0000000740000000,0x0000000749741208,0x0000000760d80000)
 Metaspace       used 164990K, capacity 176246K, committed 214144K, reserved 1236992K
  class space    used 19750K, capacity 21663K, committed 27264K, reserved 1048576K

Card table byte_map: [0x000000010c078000,0x000000010c479000] byte_map_base: 0x0000000108678000

Marking Bits: (ParMarkBitMap*) 0x000000010b6273f8
 Begin Bits: [0x000000010c724000, 0x000000010e724000)
 End Bits:   [0x000000010e724000, 0x0000000110724000)

Polling page: 0x000000010a471000

CodeCache: size=245760Kb used=139893Kb max_used=140004Kb free=105866Kb
 bounds [0x0000000114482000, 0x000000011ce72000, 0x0000000123482000]
 total_blobs=37480 nmethods=36379 adapters=1013
 compilation: enabled

Compilation events (10 events):
Event: 40572.480 Thread 0x00007fd6da080800 nmethod 65550 0x00000001182b8cd0 code [0x00000001182b8e60, 0x00000001182b9388]
Event: 40572.480 Thread 0x00007fd6da080800 65551       1       org.gradle.tooling.internal.adapter.MethodInvocation::found (5 bytes)
Event: 40572.481 Thread 0x00007fd6da080800 nmethod 65551 0x000000011759c5d0 code [0x000000011759c720, 0x000000011759c830]
Event: 40572.524 Thread 0x00007fd6da080800 65552       1       java.util.concurrent.atomic.AtomicInteger::getAndIncrement (12 bytes)
Event: 40572.525 Thread 0x00007fd6da080800 nmethod 65552 0x00000001179748d0 code [0x0000000117974a20, 0x0000000117974b30]
Event: 40712.286 Thread 0x00007fd6da048000 65553       4       org.gradle.internal.service.DefaultServiceRegistry$CollectingVisitor::visit (12 bytes)
Event: 40712.317 Thread 0x00007fd6da080800 65554       1       java.time.Instant::getNano (5 bytes)
Event: 40712.326 Thread 0x00007fd6da080800 nmethod 65554 0x000000011610c450 code [0x000000011610c5a0, 0x000000011610c6b0]
Event: 40712.327 Thread 0x00007fd6da048000 nmethod 65553 0x0000000116209e10 code [0x0000000116209f80, 0x000000011620a2f8]
Event: 40712.381 Thread 0x00007fd6d981b000 65555   !   4       org.gradle.api.internal.artifacts.transform.DefaultVariantTransformRegistry::registerTransform (161 bytes)

GC Heap History (10 events):
Event: 40559.312 GC heap after
Heap after GC invocations=408 (full 24):
 PSYoungGen      total 465920K, used 149522K [0x0000000795580000, 0x00000007c0000000, 0x00000007c0000000)
  eden space 232960K, 0% used [0x0000000795580000,0x0000000795580000,0x00000007a3900000)
  from space 232960K, 64% used [0x00000007b1c80000,0x00000007bae848f8,0x00000007c0000000)
  to   space 232960K, 0% used [0x00000007a3900000,0x00000007a3900000,0x00000007b1c80000)
 ParOldGen       total 841728K, used 705968K [0x0000000740000000, 0x0000000773600000, 0x0000000795580000)
  object space 841728K, 83% used [0x0000000740000000,0x000000076b16c2c8,0x0000000773600000)
 Metaspace       used 173005K, capacity 184652K, committed 214144K, reserved 1236992K
  class space    used 20689K, capacity 22680K, committed 27264K, reserved 1048576K
}
Event: 40562.065 GC heap before
{Heap before GC invocations=409 (full 24):
 PSYoungGen      total 465920K, used 382482K [0x0000000795580000, 0x00000007c0000000, 0x00000007c0000000)
  eden space 232960K, 100% used [0x0000000795580000,0x00000007a3900000,0x00000007a3900000)
  from space 232960K, 64% used [0x00000007b1c80000,0x00000007bae848f8,0x00000007c0000000)
  to   space 232960K, 0% used [0x00000007a3900000,0x00000007a3900000,0x00000007b1c80000)
 ParOldGen       total 841728K, used 705968K [0x0000000740000000, 0x0000000773600000, 0x0000000795580000)
  object space 841728K, 83% used [0x0000000740000000,0x000000076b16c2c8,0x0000000773600000)
 Metaspace       used 173029K, capacity 184742K, committed 214144K, reserved 1236992K
  class space    used 20693K, capacity 22685K, committed 27264K, reserved 1048576K
Event: 40562.932 GC heap after
Heap after GC invocations=409 (full 24):
 PSYoungGen      total 465920K, used 64021K [0x0000000795580000, 0x00000007c0000000, 0x00000007c0000000)
  eden space 232960K, 0% used [0x0000000795580000,0x0000000795580000,0x00000007a3900000)
  from space 232960K, 27% used [0x00000007a3900000,0x00000007a7785410,0x00000007b1c80000)
  to   space 232960K, 0% used [0x00000007b1c80000,0x00000007b1c80000,0x00000007c0000000)
 ParOldGen       total 841728K, used 807316K [0x0000000740000000, 0x0000000773600000, 0x0000000795580000)
  object space 841728K, 95% used [0x0000000740000000,0x00000007714651d0,0x0000000773600000)
 Metaspace       used 173029K, capacity 184742K, committed 214144K, reserved 1236992K
  class space    used 20693K, capacity 22685K, committed 27264K, reserved 1048576K
}
Event: 40562.932 GC heap before
{Heap before GC invocations=410 (full 25):
 PSYoungGen      total 465920K, used 64021K [0x0000000795580000, 0x00000007c0000000, 0x00000007c0000000)
  eden space 232960K, 0% used [0x0000000795580000,0x0000000795580000,0x00000007a3900000)
  from space 232960K, 27% used [0x00000007a3900000,0x00000007a7785410,0x00000007b1c80000)
  to   space 232960K, 0% used [0x00000007b1c80000,0x00000007b1c80000,0x00000007c0000000)
 ParOldGen       total 841728K, used 807316K [0x0000000740000000, 0x0000000773600000, 0x0000000795580000)
  object space 841728K, 95% used [0x0000000740000000,0x00000007714651d0,0x0000000773600000)
 Metaspace       used 173029K, capacity 184742K, committed 214144K, reserved 1236992K
  class space    used 20693K, capacity 22685K, committed 27264K, reserved 1048576K
Event: 40565.691 GC heap after
Heap after GC invocations=410 (full 25):
 PSYoungGen      total 465920K, used 0K [0x0000000795580000, 0x00000007c0000000, 0x00000007c0000000)
  eden space 232960K, 0% used [0x0000000795580000,0x0000000795580000,0x00000007a3900000)
  from space 232960K, 0% used [0x00000007a3900000,0x00000007a3900000,0x00000007b1c80000)
  to   space 232960K, 0% used [0x00000007b1c80000,0x00000007b1c80000,0x00000007c0000000)
 ParOldGen       total 538112K, used 150587K [0x0000000740000000, 0x0000000760d80000, 0x0000000795580000)
  object space 538112K, 27% used [0x0000000740000000,0x000000074930eda0,0x0000000760d80000)
 Metaspace       used 164980K, capacity 176246K, committed 214144K, reserved 1236992K
  class space    used 19750K, capacity 21663K, committed 27264K, reserved 1048576K
}
Event: 40568.361 GC heap before
{Heap before GC invocations=411 (full 25):
 PSYoungGen      total 465920K, used 232960K [0x0000000795580000, 0x00000007c0000000, 0x00000007c0000000)
  eden space 232960K, 100% used [0x0000000795580000,0x00000007a3900000,0x00000007a3900000)
  from space 232960K, 0% used [0x00000007a3900000,0x00000007a3900000,0x00000007b1c80000)
  to   space 232960K, 0% used [0x00000007b1c80000,0x00000007b1c80000,0x00000007c0000000)
 ParOldGen       total 538112K, used 150587K [0x0000000740000000, 0x0000000760d80000, 0x0000000795580000)
  object space 538112K, 27% used [0x0000000740000000,0x000000074930eda0,0x0000000760d80000)
 Metaspace       used 164981K, capacity 176246K, committed 214144K, reserved 1236992K
  class space    used 19750K, capacity 21663K, committed 27264K, reserved 1048576K
Event: 40568.392 GC heap after
Heap after GC invocations=411 (full 25):
 PSYoungGen      total 465920K, used 15158K [0x0000000795580000, 0x00000007c0000000, 0x00000007c0000000)
  eden space 232960K, 0% used [0x0000000795580000,0x0000000795580000,0x00000007a3900000)
  from space 232960K, 6% used [0x00000007b1c80000,0x00000007b2b4d8f0,0x00000007c0000000)
  to   space 232960K, 0% used [0x00000007a3900000,0x00000007a3900000,0x00000007b1c80000)
 ParOldGen       total 538112K, used 150587K [0x0000000740000000, 0x0000000760d80000, 0x0000000795580000)
  object space 538112K, 27% used [0x0000000740000000,0x000000074930eda0,0x0000000760d80000)
 Metaspace       used 164981K, capacity 176246K, committed 214144K, reserved 1236992K
  class space    used 19750K, capacity 21663K, committed 27264K, reserved 1048576K
}
Event: 40569.920 GC heap before
{Heap before GC invocations=412 (full 25):
 PSYoungGen      total 465920K, used 248118K [0x0000000795580000, 0x00000007c0000000, 0x00000007c0000000)
  eden space 232960K, 100% used [0x0000000795580000,0x00000007a3900000,0x00000007a3900000)
  from space 232960K, 6% used [0x00000007b1c80000,0x00000007b2b4d8f0,0x00000007c0000000)
  to   space 232960K, 0% used [0x00000007a3900000,0x00000007a3900000,0x00000007b1c80000)
 ParOldGen       total 538112K, used 150587K [0x0000000740000000, 0x0000000760d80000, 0x0000000795580000)
  object space 538112K, 27% used [0x0000000740000000,0x000000074930eda0,0x0000000760d80000)
 Metaspace       used 164981K, capacity 176246K, committed 214144K, reserved 1236992K
  class space    used 19750K, capacity 21663K, committed 27264K, reserved 1048576K
Event: 40569.958 GC heap after
Heap after GC invocations=412 (full 25):
 PSYoungGen      total 465920K, used 25943K [0x0000000795580000, 0x00000007c0000000, 0x00000007c0000000)
  eden space 232960K, 0% used [0x0000000795580000,0x0000000795580000,0x00000007a3900000)
  from space 232960K, 11% used [0x00000007a3900000,0x00000007a5255fe0,0x00000007b1c80000)
  to   space 232960K, 0% used [0x00000007b1c80000,0x00000007b1c80000,0x00000007c0000000)
 ParOldGen       total 538112K, used 150587K [0x0000000740000000, 0x0000000760d80000, 0x0000000795580000)
  object space 538112K, 27% used [0x0000000740000000,0x000000074930eda0,0x0000000760d80000)
 Metaspace       used 164981K, capacity 176246K, committed 214144K, reserved 1236992K
  class space    used 19750K, capacity 21663K, committed 27264K, reserved 1048576K
}
Event: 40712.394 GC heap before
{Heap before GC invocations=413 (full 25):
 PSYoungGen      total 465920K, used 258903K [0x0000000795580000, 0x00000007c0000000, 0x00000007c0000000)
  eden space 232960K, 100% used [0x0000000795580000,0x00000007a3900000,0x00000007a3900000)
  from space 232960K, 11% used [0x00000007a3900000,0x00000007a5255fe0,0x00000007b1c80000)
  to   space 232960K, 0% used [0x00000007b1c80000,0x00000007b1c80000,0x00000007c0000000)
 ParOldGen       total 538112K, used 150587K [0x0000000740000000, 0x0000000760d80000, 0x0000000795580000)
  object space 538112K, 27% used [0x0000000740000000,0x000000074930eda0,0x0000000760d80000)
 Metaspace       used 164990K, capacity 176246K, committed 214144K, reserved 1236992K
  class space    used 19750K, capacity 21663K, committed 27264K, reserved 1048576K

Deoptimization events (10 events):
Event: 39260.758 Thread 0x00007fd6d955a800 Uncommon trap: reason=class_check action=maybe_recompile pc=0x00000001172fa9a8 method=com.google.common.cache.LocalCache$Segment.drainValueReferenceQueue()V @ 15
Event: 39401.292 Thread 0x00007fd6e4585000 Uncommon trap: reason=speculate_class_check action=maybe_recompile pc=0x000000011ae99438 method=com.android.ide.common.resources.DataSet.createFileElement(Lorg/w3c/dom/Document;Lorg/w3c/dom/Node;Lcom/android/ide/common/resources/DataFile;Z)Lorg/w3c/dom/No
Event: 39405.034 Thread 0x00007fd6d95b1800 Uncommon trap: reason=unstable_if action=reinterpret pc=0x00000001158171f4 method=com.google.gson.stream.JsonReader.nextNonWhitespace(Z)I @ 61
Event: 39408.093 Thread 0x00007fd6d95b1800 Uncommon trap: reason=unstable_if action=reinterpret pc=0x00000001150cce68 method=kotlin.jvm.internal.Intrinsics.areEqual(Ljava/lang/Object;Ljava/lang/Object;)Z @ 5
Event: 39413.625 Thread 0x00007fd6d95b1800 Uncommon trap: reason=unstable_if action=reinterpret pc=0x000000011c066f3c method=android.databinding.tool.reflection.SdkUtil$ApiChecker.buildFullLookup()V @ 49
Event: 39422.883 Thread 0x00007fd6e67db800 Uncommon trap: reason=class_check action=maybe_recompile pc=0x000000011950e904 method=com.android.tools.r8.u.b.p.e()V @ 13
Event: 40529.619 Thread 0x00007fd6dd7bc000 Uncommon trap: reason=speculate_class_check action=maybe_recompile pc=0x000000011ae99438 method=com.android.ide.common.resources.DataSet.createFileElement(Lorg/w3c/dom/Document;Lorg/w3c/dom/Node;Lcom/android/ide/common/resources/DataFile;Z)Lorg/w3c/dom/No
Event: 40539.186 Thread 0x00007fd6e5da4000 Uncommon trap: reason=unstable_if action=reinterpret pc=0x0000000119f4c22c method=com.google.gson.stream.JsonReader.nextNonWhitespace(Z)I @ 277
Event: 40540.374 Thread 0x00007fd6e5da4000 Uncommon trap: reason=unstable_if action=reinterpret pc=0x0000000118d60a7c method=android.databinding.tool.reflection.SdkUtil$ApiChecker.buildFullLookup()V @ 49
Event: 40565.810 Thread 0x00007fd6e5da4000 Uncommon trap: reason=class_check action=maybe_recompile pc=0x000000011950e904 method=com.android.tools.r8.u.b.p.e()V @ 13

Classes redefined (0 events):
No events

Internal exceptions (10 events):
Event: 40566.305 Thread 0x00007fd6e5da4000 Exception <a 'sun/nio/fs/UnixException'> (0x000000079cad37f8) thrown at [/Volumes/Android/buildbot/src/googleplex-android/openjdk/out/hotspot/src/share/vm/prims/jni.cpp, line 710]
Event: 40566.307 Thread 0x00007fd6e5da4000 Exception <a 'sun/nio/fs/UnixException'> (0x000000079cae2b38) thrown at [/Volumes/Android/buildbot/src/googleplex-android/openjdk/out/hotspot/src/share/vm/prims/jni.cpp, line 710]
Event: 40566.310 Thread 0x00007fd6e5da4000 Exception <a 'sun/nio/fs/UnixException'> (0x000000079cda25c0) thrown at [/Volumes/Android/buildbot/src/googleplex-android/openjdk/out/hotspot/src/share/vm/prims/jni.cpp, line 710]
Event: 40566.312 Thread 0x00007fd6e5da4000 Exception <a 'sun/nio/fs/UnixException'> (0x000000079cdebd38) thrown at [/Volumes/Android/buildbot/src/googleplex-android/openjdk/out/hotspot/src/share/vm/prims/jni.cpp, line 710]
Event: 40566.313 Thread 0x00007fd6e5da4000 Exception <a 'sun/nio/fs/UnixException'> (0x000000079ce31638) thrown at [/Volumes/Android/buildbot/src/googleplex-android/openjdk/out/hotspot/src/share/vm/prims/jni.cpp, line 710]
Event: 40566.314 Thread 0x00007fd6e5da4000 Exception <a 'sun/nio/fs/UnixException'> (0x000000079ce7a370) thrown at [/Volumes/Android/buildbot/src/googleplex-android/openjdk/out/hotspot/src/share/vm/prims/jni.cpp, line 710]
Event: 40566.315 Thread 0x00007fd6e5da4000 Exception <a 'sun/nio/fs/UnixException'> (0x000000079cee99f8) thrown at [/Volumes/Android/buildbot/src/googleplex-android/openjdk/out/hotspot/src/share/vm/prims/jni.cpp, line 710]
Event: 40566.317 Thread 0x00007fd6e5da4000 Exception <a 'sun/nio/fs/UnixException'> (0x000000079cf32048) thrown at [/Volumes/Android/buildbot/src/googleplex-android/openjdk/out/hotspot/src/share/vm/prims/jni.cpp, line 710]
Event: 40569.192 Thread 0x00007fd6e5b4f000 Exception <a 'sun/nio/fs/UnixException'> (0x000000079af64e50) thrown at [/Volumes/Android/buildbot/src/googleplex-android/openjdk/out/hotspot/src/share/vm/prims/jni.cpp, line 710]
Event: 40571.419 Thread 0x00007fd6df715800 Exception <a 'sun/nio/fs/UnixException'> (0x000000079c4ccac0) thrown at [/Volumes/Android/buildbot/src/googleplex-android/openjdk/out/hotspot/src/share/vm/prims/jni.cpp, line 710]

Events (10 events):
Event: 40712.269 Thread 0x00007fd6d90c2000 Thread added: 0x00007fd6d90c2000
Event: 40712.269 Thread 0x00007fd6d90c3000 Thread added: 0x00007fd6d90c3000
Event: 40712.270 Thread 0x00007fd6d92e6800 Thread added: 0x00007fd6d92e6800
Event: 40712.270 Thread 0x00007fd6d92e7800 Thread added: 0x00007fd6d92e7800
Event: 40712.270 Thread 0x00007fd6d92e8000 Thread added: 0x00007fd6d92e8000
Event: 40712.271 Thread 0x00007fd6dd4ba000 Thread added: 0x00007fd6dd4ba000
Event: 40712.271 Thread 0x00007fd6dd4bb000 Thread added: 0x00007fd6dd4bb000
Event: 40712.271 Thread 0x00007fd6dd4bb800 Thread added: 0x00007fd6dd4bb800
Event: 40712.348 Thread 0x00007fd6d92e9000 Thread added: 0x00007fd6d92e9000
Event: 40712.391 Executing VM operation: ParallelGCFailedAllocation


Dynamic libraries:
0x00007fff307a0000 	/System/Library/Frameworks/Cocoa.framework/Versions/A/Cocoa
0x00007fff3df99000 	/System/Library/Frameworks/Security.framework/Versions/A/Security
0x00007fff2f705000 	/System/Library/Frameworks/ApplicationServices.framework/Versions/A/ApplicationServices
0x00007fff6aabd000 	/usr/lib/libz.1.dylib
0x00007fff68581000 	/usr/lib/libSystem.B.dylib
0x00007fff31642000 	/System/Library/Frameworks/CoreFoundation.framework/Versions/A/CoreFoundation
0x00007fff33cff000 	/System/Library/Frameworks/Foundation.framework/Versions/C/Foundation
0x00007fff6a3e1000 	/usr/lib/libobjc.A.dylib
0x00007fff2e8f5000 	/System/Library/Frameworks/AppKit.framework/Versions/C/AppKit
0x00007fff31124000 	/System/Library/Frameworks/CoreData.framework/Versions/A/CoreData
0x00007fff62596000 	/System/Library/PrivateFrameworks/UIFoundation.framework/Versions/A/UIFoundation
0x00007fff5d62a000 	/System/Library/PrivateFrameworks/RemoteViewServices.framework/Versions/A/RemoteViewServices
0x00007fff650f1000 	/System/Library/PrivateFrameworks/XCTTargetBootstrap.framework/Versions/A/XCTTargetBootstrap
0x00007fff3150f000 	/System/Library/Frameworks/CoreDisplay.framework/Versions/A/CoreDisplay
0x00007fff36bba000 	/System/Library/Frameworks/Metal.framework/Versions/A/Metal
0x00007fff4b62d000 	/System/Library/PrivateFrameworks/DesktopServicesPriv.framework/Versions/A/DesktopServicesPriv
0x00007fff696bc000 	/usr/lib/liblangid.dylib
0x00007fff4a8c2000 	/System/Library/PrivateFrameworks/CoreSVG.framework/Versions/A/CoreSVG
0x00007fff60786000 	/System/Library/PrivateFrameworks/SkyLight.framework/Versions/A/SkyLight
0x00007fff31ac3000 	/System/Library/Frameworks/CoreGraphics.framework/Versions/A/CoreGraphics
0x00007fff2d2c9000 	/System/Library/Frameworks/Accelerate.framework/Versions/A/Accelerate
0x00007fff6a9ae000 	/usr/lib/libxml2.2.dylib
0x00007fff565b5000 	/System/Library/PrivateFrameworks/IconServices.framework/Versions/A/IconServices
0x00007fff344de000 	/System/Library/Frameworks/IOSurface.framework/Versions/A/IOSurface
0x00007fff680ab000 	/usr/lib/libDiagnosticMessagesClient.dylib
0x00007fff4b487000 	/System/Library/PrivateFrameworks/DFRFoundation.framework/Versions/A/DFRFoundation
0x00007fff6944b000 	/usr/lib/libicucore.A.dylib
0x00007fff2fa37000 	/System/Library/Frameworks/AudioToolbox.framework/Versions/A/AudioToolbox
0x00007fff2fb1a000 	/System/Library/Frameworks/AudioUnit.framework/Versions/A/AudioUnit
0x00007fff68783000 	/usr/lib/libauto.dylib
0x00007fff4b529000 	/System/Library/PrivateFrameworks/DataDetectorsCore.framework/Versions/A/DataDetectorsCore
0x00007fff302c1000 	/System/Library/Frameworks/Carbon.framework/Versions/A/Frameworks/HIToolbox.framework/Versions/A/HIToolbox
0x00007fff3d193000 	/System/Library/Frameworks/QuartzCore.framework/Versions/A/QuartzCore
0x00007fff30600000 	/System/Library/Frameworks/Carbon.framework/Versions/A/Frameworks/SpeechRecognition.framework/Versions/A/SpeechRecognition
0x00007fff4af9b000 	/System/Library/PrivateFrameworks/CoreUI.framework/Versions/A/CoreUI
0x00007fff30b8f000 	/System/Library/Frameworks/CoreAudio.framework/Versions/A/CoreAudio
0x00007fff339be000 	/System/Library/Frameworks/DiskArbitration.framework/Versions/A/DiskArbitration
0x00007fff58605000 	/System/Library/PrivateFrameworks/MultitouchSupport.framework/Versions/A/MultitouchSupport
0x00007fff69312000 	/usr/lib/libenergytrace.dylib
0x00007fff34438000 	/System/Library/Frameworks/IOKit.framework/Versions/A/IOKit
0x00007fff32a2a000 	/System/Library/Frameworks/CoreServices.framework/Versions/A/CoreServices
0x00007fff5a7bd000 	/System/Library/PrivateFrameworks/PerformanceAnalysis.framework/Versions/A/PerformanceAnalysis
0x00007fff3c1c6000 	/System/Library/Frameworks/OpenGL.framework/Versions/A/OpenGL
0x00007fff307ae000 	/System/Library/Frameworks/ColorSync.framework/Versions/A/ColorSync
0x00007fff32146000 	/System/Library/Frameworks/CoreImage.framework/Versions/A/CoreImage
0x00007fff3349d000 	/System/Library/Frameworks/CoreText.framework/Versions/A/CoreText
0x00007fff3456e000 	/System/Library/Frameworks/ImageIO.framework/Versions/A/ImageIO
0x00007fff68867000 	/usr/lib/libc++.1.dylib
0x00007fff688e3000 	/usr/lib/libcompression.dylib
0x00007fff683ef000 	/usr/lib/libMobileGestalt.dylib
0x00007fff62300000 	/System/Library/PrivateFrameworks/TextureIO.framework/Versions/A/TextureIO
0x00007fff686e6000 	/usr/lib/libate.dylib
0x00007fff567be000 	/System/Library/PrivateFrameworks/InternationalSupport.framework/Versions/A/InternationalSupport
0x00007fff6b37e000 	/usr/lib/system/libcache.dylib
0x00007fff6b384000 	/usr/lib/system/libcommonCrypto.dylib
0x00007fff6b390000 	/usr/lib/system/libcompiler_rt.dylib
0x00007fff6b398000 	/usr/lib/system/libcopyfile.dylib
0x00007fff6b3a2000 	/usr/lib/system/libcorecrypto.dylib
0x00007fff6b541000 	/usr/lib/system/libdispatch.dylib
0x00007fff6b582000 	/usr/lib/system/libdyld.dylib
0x00007fff6b5b9000 	/usr/lib/system/libkeymgr.dylib
0x00007fff6b5c7000 	/usr/lib/system/liblaunch.dylib
0x00007fff6b5c8000 	/usr/lib/system/libmacho.dylib
0x00007fff6b5ce000 	/usr/lib/system/libquarantine.dylib
0x00007fff6b5d1000 	/usr/lib/system/libremovefile.dylib
0x00007fff6b5d3000 	/usr/lib/system/libsystem_asl.dylib
0x00007fff6b5eb000 	/usr/lib/system/libsystem_blocks.dylib
0x00007fff6b5ec000 	/usr/lib/system/libsystem_c.dylib
0x00007fff6b674000 	/usr/lib/system/libsystem_configuration.dylib
0x00007fff6b678000 	/usr/lib/system/libsystem_coreservices.dylib
0x00007fff6b67c000 	/usr/lib/system/libsystem_darwin.dylib
0x00007fff6b685000 	/usr/lib/system/libsystem_dnssd.dylib
0x00007fff6b68d000 	/usr/lib/system/libsystem_featureflags.dylib
0x00007fff6b68f000 	/usr/lib/system/libsystem_info.dylib
0x00007fff6b70a000 	/usr/lib/system/libsystem_m.dylib
0x00007fff6b752000 	/usr/lib/system/libsystem_malloc.dylib
0x00007fff6b77a000 	/usr/lib/system/libsystem_networkextension.dylib
0x00007fff6b788000 	/usr/lib/system/libsystem_notify.dylib
0x00007fff6b7a6000 	/usr/lib/system/libsystem_sandbox.dylib
0x00007fff6b7ab000 	/usr/lib/system/libsystem_secinit.dylib
0x00007fff6b6dd000 	/usr/lib/system/libsystem_kernel.dylib
0x00007fff6b792000 	/usr/lib/system/libsystem_platform.dylib
0x00007fff6b79b000 	/usr/lib/system/libsystem_pthread.dylib
0x00007fff6b7ae000 	/usr/lib/system/libsystem_symptoms.dylib
0x00007fff6b7b6000 	/usr/lib/system/libsystem_trace.dylib
0x00007fff6b7ce000 	/usr/lib/system/libunwind.dylib
0x00007fff6b7d4000 	/usr/lib/system/libxpc.dylib
0x00007fff688ba000 	/usr/lib/libc++abi.dylib
0x00007fff696be000 	/usr/lib/liblzma.5.dylib
0x00007fff69339000 	/usr/lib/libfakelink.dylib
0x00007fff68673000 	/usr/lib/libarchive.2.dylib
0x00007fff3f04a000 	/System/Library/Frameworks/SystemConfiguration.framework/Versions/A/SystemConfiguration
0x00007fff67fde000 	/usr/lib/libCRFSuite.dylib
0x00007fff2feb1000 	/System/Library/Frameworks/CFNetwork.framework/Versions/A/CFNetwork
0x00007fff68849000 	/usr/lib/libbsm.0.dylib
0x00007fff6b5ba000 	/usr/lib/system/libkxld.dylib
0x00007fff44e04000 	/System/Library/PrivateFrameworks/AppleFSCompression.framework/Versions/A/AppleFSCompression
0x00007fff68bd4000 	/usr/lib/libcoretls.dylib
0x00007fff68beb000 	/usr/lib/libcoretls_cfhelpers.dylib
0x00007fff6a427000 	/usr/lib/libpam.2.dylib
0x00007fff6a55c000 	/usr/lib/libsqlite3.dylib
0x00007fff6a99b000 	/usr/lib/libxar.1.dylib
0x00007fff6885a000 	/usr/lib/libbz2.1.0.dylib
0x00007fff6935a000 	/usr/lib/libiconv.2.dylib
0x00007fff688d0000 	/usr/lib/libcharset.1.dylib
0x00007fff69ec4000 	/usr/lib/libnetwork.dylib
0x00007fff6a42e000 	/usr/lib/libpcap.A.dylib
0x00007fff68628000 	/usr/lib/libapple_nghttp2.dylib
0x00007fff32de1000 	/System/Library/Frameworks/CoreServices.framework/Versions/A/Frameworks/FSEvents.framework/Versions/A/FSEvents
0x00007fff32ab1000 	/System/Library/Frameworks/CoreServices.framework/Versions/A/Frameworks/CarbonCore.framework/Versions/A/CarbonCore
0x00007fff33025000 	/System/Library/Frameworks/CoreServices.framework/Versions/A/Frameworks/Metadata.framework/Versions/A/Metadata
0x00007fff330be000 	/System/Library/Frameworks/CoreServices.framework/Versions/A/Frameworks/OSServices.framework/Versions/A/OSServices
0x00007fff330ec000 	/System/Library/Frameworks/CoreServices.framework/Versions/A/Frameworks/SearchKit.framework/Versions/A/SearchKit
0x00007fff32a2b000 	/System/Library/Frameworks/CoreServices.framework/Versions/A/Frameworks/AE.framework/Versions/A/AE
0x00007fff32dea000 	/System/Library/Frameworks/CoreServices.framework/Versions/A/Frameworks/LaunchServices.framework/Versions/A/LaunchServices
0x00007fff32d93000 	/System/Library/Frameworks/CoreServices.framework/Versions/A/Frameworks/DictionaryServices.framework/Versions/A/DictionaryServices
0x00007fff33154000 	/System/Library/Frameworks/CoreServices.framework/Versions/A/Frameworks/SharedFileList.framework/Versions/A/SharedFileList
0x00007fff37fe5000 	/System/Library/Frameworks/NetFS.framework/Versions/A/NetFS
0x00007fff58b35000 	/System/Library/PrivateFrameworks/NetAuth.framework/Versions/A/NetAuth
0x00007fff654be000 	/System/Library/PrivateFrameworks/login.framework/Versions/A/Frameworks/loginsupport.framework/Versions/A/loginsupport
0x00007fff61dcb000 	/System/Library/PrivateFrameworks/TCC.framework/Versions/A/TCC
0x00007fff49a35000 	/System/Library/PrivateFrameworks/CoreNLP.framework/Versions/A/CoreNLP
0x00007fff58032000 	/System/Library/PrivateFrameworks/MetadataUtilities.framework/Versions/A/MetadataUtilities
0x00007fff69796000 	/usr/lib/libmecabra.dylib
0x00007fff696ee000 	/usr/lib/libmecab.dylib
0x00007fff6934a000 	/usr/lib/libgermantok.dylib
0x00007fff6860f000 	/usr/lib/libThaiTokenizer.dylib
0x00007fff68015000 	/usr/lib/libChineseTokenizer.dylib
0x00007fff2d2e1000 	/System/Library/Frameworks/Accelerate.framework/Versions/A/Frameworks/vImage.framework/Versions/A/vImage
0x00007fff2e74b000 	/System/Library/Frameworks/Accelerate.framework/Versions/A/Frameworks/vecLib.framework/Versions/A/vecLib
0x00007fff2e688000 	/System/Library/Frameworks/Accelerate.framework/Versions/A/Frameworks/vecLib.framework/Versions/A/libvMisc.dylib
0x00007fff2e4b0000 	/System/Library/Frameworks/Accelerate.framework/Versions/A/Frameworks/vecLib.framework/Versions/A/libvDSP.dylib
0x00007fff2d938000 	/System/Library/Frameworks/Accelerate.framework/Versions/A/Frameworks/vecLib.framework/Versions/A/libBLAS.dylib
0x00007fff2e074000 	/System/Library/Frameworks/Accelerate.framework/Versions/A/Frameworks/vecLib.framework/Versions/A/libLAPACK.dylib
0x00007fff2e410000 	/System/Library/Frameworks/Accelerate.framework/Versions/A/Frameworks/vecLib.framework/Versions/A/libLinearAlgebra.dylib
0x00007fff2e49d000 	/System/Library/Frameworks/Accelerate.framework/Versions/A/Frameworks/vecLib.framework/Versions/A/libSparseBLAS.dylib
0x00007fff2e426000 	/System/Library/Frameworks/Accelerate.framework/Versions/A/Frameworks/vecLib.framework/Versions/A/libQuadrature.dylib
0x00007fff2dba0000 	/System/Library/Frameworks/Accelerate.framework/Versions/A/Frameworks/vecLib.framework/Versions/A/libBNNS.dylib
0x00007fff2e42c000 	/System/Library/Frameworks/Accelerate.framework/Versions/A/Frameworks/vecLib.framework/Versions/A/libSparse.dylib
0x00007fff56ba6000 	/System/Library/PrivateFrameworks/LanguageModeling.framework/Versions/A/LanguageModeling
0x00007fff493e5000 	/System/Library/PrivateFrameworks/CoreEmoji.framework/Versions/A/CoreEmoji
0x00007fff56cc4000 	/System/Library/PrivateFrameworks/LinguisticData.framework/Versions/A/LinguisticData
0x00007fff56c75000 	/System/Library/PrivateFrameworks/Lexicon.framework/Versions/A/Lexicon
0x00007fff688d1000 	/usr/lib/libcmph.dylib
0x00007fff3abd4000 	/System/Library/Frameworks/OpenDirectory.framework/Versions/A/Frameworks/CFOpenDirectory.framework/Versions/A/CFOpenDirectory
0x00007fff3abf1000 	/System/Library/Frameworks/OpenDirectory.framework/Versions/A/OpenDirectory
0x00007fff43034000 	/System/Library/PrivateFrameworks/APFS.framework/Versions/A/APFS
0x00007fff3e2e3000 	/System/Library/Frameworks/SecurityFoundation.framework/Versions/A/SecurityFoundation
0x00007fff6a997000 	/usr/lib/libutil.dylib
0x00007fff4a91a000 	/System/Library/PrivateFrameworks/CoreServicesStore.framework/Versions/A/CoreServicesStore
0x00007fff3e39a000 	/System/Library/Frameworks/ServiceManagement.framework/Versions/A/ServiceManagement
0x00007fff465d4000 	/System/Library/PrivateFrameworks/BackgroundTaskManagement.framework/Versions/A/BackgroundTaskManagement
0x00007fff6aa94000 	/usr/lib/libxslt.1.dylib
0x00007fff45477000 	/System/Library/PrivateFrameworks/AppleSystemInfo.framework/Versions/A/AppleSystemInfo
0x00007fff34789000 	/System/Library/Frameworks/ImageIO.framework/Versions/A/Resources/libJPEG.dylib
0x00007fff34a48000 	/System/Library/Frameworks/ImageIO.framework/Versions/A/Resources/libTIFF.dylib
0x00007fff34a2b000 	/System/Library/Frameworks/ImageIO.framework/Versions/A/Resources/libPng.dylib
0x00007fff346cb000 	/System/Library/Frameworks/ImageIO.framework/Versions/A/Resources/libGIF.dylib
0x00007fff346cf000 	/System/Library/Frameworks/ImageIO.framework/Versions/A/Resources/libJP2.dylib
0x00007fff34a46000 	/System/Library/Frameworks/ImageIO.framework/Versions/A/Resources/libRadiance.dylib
0x00007fff69313000 	/usr/lib/libexpat.1.dylib
0x00007fff44f5f000 	/System/Library/PrivateFrameworks/AppleJPEG.framework/Versions/A/AppleJPEG
0x00007fff4dc1a000 	/System/Library/PrivateFrameworks/FontServices.framework/libFontParser.dylib
0x00007fff644c0000 	/System/Library/PrivateFrameworks/WatchdogClient.framework/Versions/A/WatchdogClient
0x00007fff56201000 	/System/Library/PrivateFrameworks/IOAccelerator.framework/Versions/A/IOAccelerator
0x00007fff36f55000 	/System/Library/Frameworks/MetalPerformanceShaders.framework/Versions/A/MetalPerformanceShaders
0x00007fff52997000 	/System/Library/PrivateFrameworks/GPUWrangler.framework/Versions/A/GPUWrangler
0x00007fff56216000 	/System/Library/PrivateFrameworks/IOPresentment.framework/Versions/A/IOPresentment
0x00007fff4b49a000 	/System/Library/PrivateFrameworks/DSExternalDisplay.framework/Versions/A/DSExternalDisplay
0x00007fff3b565000 	/System/Library/Frameworks/OpenGL.framework/Versions/A/Libraries/libCoreFSCache.dylib
0x00007fff36ca1000 	/System/Library/Frameworks/MetalPerformanceShaders.framework/Frameworks/MPSCore.framework/Versions/A/MPSCore
0x00007fff36cdf000 	/System/Library/Frameworks/MetalPerformanceShaders.framework/Frameworks/MPSImage.framework/Versions/A/MPSImage
0x00007fff36da6000 	/System/Library/Frameworks/MetalPerformanceShaders.framework/Frameworks/MPSNeuralNetwork.framework/Versions/A/MPSNeuralNetwork
0x00007fff36d6a000 	/System/Library/Frameworks/MetalPerformanceShaders.framework/Frameworks/MPSMatrix.framework/Versions/A/MPSMatrix
0x00007fff36f05000 	/System/Library/Frameworks/MetalPerformanceShaders.framework/Frameworks/MPSRayIntersector.framework/Versions/A/MPSRayIntersector
0x00007fff36d90000 	/System/Library/Frameworks/MetalPerformanceShaders.framework/Frameworks/MPSNDArray.framework/Versions/A/MPSNDArray
0x00007fff5807f000 	/System/Library/PrivateFrameworks/MetalTools.framework/Versions/A/MetalTools
0x00007fff4420e000 	/System/Library/PrivateFrameworks/AggregateDictionary.framework/Versions/A/AggregateDictionary
0x00007fff48e2d000 	/System/Library/PrivateFrameworks/CoreAnalytics.framework/Versions/A/CoreAnalytics
0x00007fff45396000 	/System/Library/PrivateFrameworks/AppleSauce.framework/Versions/A/AppleSauce
0x00007fff682d1000 	/usr/lib/libIOReport.dylib
0x00007fff33655000 	/System/Library/Frameworks/CoreVideo.framework/Versions/A/CoreVideo
0x00007fff53e10000 	/System/Library/PrivateFrameworks/GraphVisualizer.framework/Versions/A/GraphVisualizer
0x00007fff4d160000 	/System/Library/PrivateFrameworks/FaceCore.framework/Versions/A/FaceCore
0x00007fff3ab7b000 	/System/Library/Frameworks/OpenCL.framework/Versions/A/OpenCL
0x00007fff680f3000 	/usr/lib/libFosl_dynamic.dylib
0x00007fff59555000 	/System/Library/PrivateFrameworks/OTSVG.framework/Versions/A/OTSVG
0x00007fff2f80a000 	/System/Library/Frameworks/ApplicationServices.framework/Versions/A/Frameworks/ATS.framework/Versions/A/Resources/libFontRegistry.dylib
0x00007fff4ddeb000 	/System/Library/PrivateFrameworks/FontServices.framework/libhvf.dylib
0x00007fff3b570000 	/System/Library/Frameworks/OpenGL.framework/Versions/A/Libraries/libGFXShared.dylib
0x00007fff3b74e000 	/System/Library/Frameworks/OpenGL.framework/Versions/A/Libraries/libGLU.dylib
0x00007fff3b579000 	/System/Library/Frameworks/OpenGL.framework/Versions/A/Libraries/libGL.dylib
0x00007fff3b584000 	/System/Library/Frameworks/OpenGL.framework/Versions/A/Libraries/libGLImage.dylib
0x00007fff3b562000 	/System/Library/Frameworks/OpenGL.framework/Versions/A/Libraries/libCVMSPluginSupport.dylib
0x00007fff3b56b000 	/System/Library/Frameworks/OpenGL.framework/Versions/A/Libraries/libCoreVMClient.dylib
0x00007fff69d65000 	/usr/lib/libncurses.5.4.dylib
0x00007fff2f706000 	/System/Library/Frameworks/ApplicationServices.framework/Versions/A/Frameworks/ATS.framework/Versions/A/ATS
0x00007fff2f8d3000 	/System/Library/Frameworks/ApplicationServices.framework/Versions/A/Frameworks/ColorSyncLegacy.framework/Versions/A/ColorSyncLegacy
0x00007fff2f971000 	/System/Library/Frameworks/ApplicationServices.framework/Versions/A/Frameworks/HIServices.framework/Versions/A/HIServices
0x00007fff2f9c9000 	/System/Library/Frameworks/ApplicationServices.framework/Versions/A/Frameworks/LangAnalysis.framework/Versions/A/LangAnalysis
0x00007fff2f9d8000 	/System/Library/Frameworks/ApplicationServices.framework/Versions/A/Frameworks/PrintCore.framework/Versions/A/PrintCore
0x00007fff2fa1e000 	/System/Library/Frameworks/ApplicationServices.framework/Versions/A/Frameworks/QD.framework/Versions/A/QD
0x00007fff2fa29000 	/System/Library/Frameworks/ApplicationServices.framework/Versions/A/Frameworks/SpeechSynthesis.framework/Versions/A/SpeechSynthesis
0x00007fff2f8a3000 	/System/Library/Frameworks/ApplicationServices.framework/Versions/A/Frameworks/ATSUI.framework/Versions/A/ATSUI
0x00007fff691a9000 	/usr/lib/libcups.2.dylib
0x00007fff35ff0000 	/System/Library/Frameworks/Kerberos.framework/Versions/A/Kerberos
0x00007fff34131000 	/System/Library/Frameworks/GSS.framework/Versions/A/GSS
0x00007fff6a4e8000 	/usr/lib/libresolv.9.dylib
0x00007fff53fbd000 	/System/Library/PrivateFrameworks/Heimdal.framework/Versions/A/Heimdal
0x00007fff36003000 	/System/Library/Frameworks/Kerberos.framework/Versions/A/Libraries/libHeimdalProxy.dylib
0x00007fff69350000 	/usr/lib/libheimdal-asn1.dylib
0x00007fff482c5000 	/System/Library/PrivateFrameworks/CommonAuth.framework/Versions/A/CommonAuth
0x00007fff45514000 	/System/Library/PrivateFrameworks/AssertionServices.framework/Versions/A/AssertionServices
0x00007fff460b7000 	/System/Library/PrivateFrameworks/AudioToolboxCore.framework/Versions/A/AudioToolboxCore
0x00007fff6516e000 	/System/Library/PrivateFrameworks/caulk.framework/Versions/A/caulk
0x00007fff46680000 	/System/Library/PrivateFrameworks/BaseBoard.framework/Versions/A/BaseBoard
0x00007fff5d7b8000 	/System/Library/PrivateFrameworks/RunningBoardServices.framework/Versions/A/RunningBoardServices
0x00007fff5a7c9000 	/System/Library/PrivateFrameworks/PersistentConnection.framework/Versions/A/PersistentConnection
0x00007fff5d1b1000 	/System/Library/PrivateFrameworks/ProtocolBuffer.framework/Versions/A/ProtocolBuffer
0x00007fff482e9000 	/System/Library/PrivateFrameworks/CommonUtilities.framework/Versions/A/CommonUtilities
0x00007fff4680e000 	/System/Library/PrivateFrameworks/Bom.framework/Versions/A/Bom
0x00007fff67fa4000 	/usr/lib/libAudioToolboxUtility.dylib
0x00007fff465de000 	/System/Library/PrivateFrameworks/Backup.framework/Versions/A/Backup
0x00007fff4b3bb000 	/System/Library/PrivateFrameworks/CrashReporterSupport.framework/Versions/A/CrashReporterSupport
0x00007fff5f24a000 	/System/Library/PrivateFrameworks/Sharing.framework/Versions/A/Sharing
0x00007fff44b22000 	/System/Library/PrivateFrameworks/Apple80211.framework/Versions/A/Apple80211
0x00007fff462fb000 	/System/Library/PrivateFrameworks/AuthKit.framework/Versions/A/AuthKit
0x00007fff4b0c8000 	/System/Library/PrivateFrameworks/CoreUtils.framework/Versions/A/CoreUtils
0x00007fff3369a000 	/System/Library/Frameworks/CoreWLAN.framework/Versions/A/CoreWLAN
0x00007fff342be000 	/System/Library/Frameworks/IOBluetooth.framework/Versions/A/IOBluetooth
0x00007fff58384000 	/System/Library/PrivateFrameworks/MobileKeyBag.framework/Versions/A/MobileKeyBag
0x00007fff49ecd000 	/System/Library/PrivateFrameworks/CorePhoneNumbers.framework/Versions/A/CorePhoneNumbers
0x00007fff44f12000 	/System/Library/PrivateFrameworks/AppleIDAuthSupport.framework/Versions/A/AppleIDAuthSupport
0x00007fff37ff2000 	/System/Library/Frameworks/Network.framework/Versions/A/Network
0x00007fff56a52000 	/System/Library/PrivateFrameworks/KeychainCircle.framework/Versions/A/KeychainCircle
0x00007fff310eb000 	/System/Library/Frameworks/CoreBluetooth.framework/Versions/A/CoreBluetooth
0x00007fff612c9000 	/System/Library/PrivateFrameworks/SpeechRecognitionCore.framework/Versions/A/SpeechRecognitionCore
0x000000010ae00000 	/private/var/folders/nk/77tzydc5271b4jt6909jb9m80000gn/T/AppTranslocation/3C42BCCC-F139-468D-9340-7D1B34EBFFDD/d/Android Studio.app/Contents/jre/jdk/Contents/Home/jre/lib/server/libjvm.dylib
0x00007fff6a86a000 	/usr/lib/libstdc++.6.dylib
0x000000010a415000 	/private/var/folders/nk/77tzydc5271b4jt6909jb9m80000gn/T/AppTranslocation/3C42BCCC-F139-468D-9340-7D1B34EBFFDD/d/Android Studio.app/Contents/jre/jdk/Contents/Home/jre/lib/libverify.dylib
0x000000010a427000 	/private/var/folders/nk/77tzydc5271b4jt6909jb9m80000gn/T/AppTranslocation/3C42BCCC-F139-468D-9340-7D1B34EBFFDD/d/Android Studio.app/Contents/jre/jdk/Contents/Home/jre/lib/libjava.dylib
0x000000010a4bb000 	/private/var/folders/nk/77tzydc5271b4jt6909jb9m80000gn/T/AppTranslocation/3C42BCCC-F139-468D-9340-7D1B34EBFFDD/d/Android Studio.app/Contents/jre/jdk/Contents/Home/jre/lib/libzip.dylib
0x000000010a510000 	/private/var/folders/nk/77tzydc5271b4jt6909jb9m80000gn/T/AppTranslocation/3C42BCCC-F139-468D-9340-7D1B34EBFFDD/d/Android Studio.app/Contents/jre/jdk/Contents/Home/jre/lib/libnio.dylib
0x000000010a52b000 	/private/var/folders/nk/77tzydc5271b4jt6909jb9m80000gn/T/AppTranslocation/3C42BCCC-F139-468D-9340-7D1B34EBFFDD/d/Android Studio.app/Contents/jre/jdk/Contents/Home/jre/lib/libnet.dylib
0x00000001134e1000 	/Users/soso/.gradle/native/f6784746aeab05261644944871eae4fe03e0ef1612fff0a4a95f87b438bc6780/osx-amd64/libnative-platform.dylib
0x0000000113823000 	/private/var/folders/nk/77tzydc5271b4jt6909jb9m80000gn/T/AppTranslocation/3C42BCCC-F139-468D-9340-7D1B34EBFFDD/d/Android Studio.app/Contents/jre/jdk/Contents/Home/jre/lib/libmanagement.dylib
0x00000001274aa000 	/private/var/folders/nk/77tzydc5271b4jt6909jb9m80000gn/T/AppTranslocation/3C42BCCC-F139-468D-9340-7D1B34EBFFDD/d/Android Studio.app/Contents/jre/jdk/Contents/Home/jre/lib/libawt.dylib
0x000000012756b000 	/private/var/folders/nk/77tzydc5271b4jt6909jb9m80000gn/T/AppTranslocation/3C42BCCC-F139-468D-9340-7D1B34EBFFDD/d/Android Studio.app/Contents/jre/jdk/Contents/Home/jre/lib/libmlib_image.dylib
0x00007fff35fda000 	/System/Library/Frameworks/JavaVM.framework/Versions/A/Frameworks/JavaNativeFoundation.framework/Versions/A/JavaNativeFoundation
0x00007fff35fe3000 	/System/Library/Frameworks/JavaVM.framework/Versions/A/Frameworks/JavaRuntimeSupport.framework/Versions/A/JavaRuntimeSupport
0x00007fff35feb000 	/System/Library/Frameworks/JavaVM.framework/Versions/A/JavaVM
0x00007fff56869000 	/System/Library/PrivateFrameworks/JavaLaunching.framework/Versions/A/JavaLaunching
0x00007fff302bc000 	/System/Library/Frameworks/Carbon.framework/Versions/A/Carbon
0x00007fff4ae6d000 	/System/Library/PrivateFrameworks/CoreSymbolication.framework/Versions/A/CoreSymbolication
0x00007fff302bd000 	/System/Library/Frameworks/Carbon.framework/Versions/A/Frameworks/CommonPanels.framework/Versions/A/CommonPanels
0x00007fff305b6000 	/System/Library/Frameworks/Carbon.framework/Versions/A/Frameworks/Help.framework/Versions/A/Help
0x00007fff305ba000 	/System/Library/Frameworks/Carbon.framework/Versions/A/Frameworks/ImageCapture.framework/Versions/A/ImageCapture
0x00007fff305c1000 	/System/Library/Frameworks/Carbon.framework/Versions/A/Frameworks/OpenScripting.framework/Versions/A/OpenScripting
0x00007fff305c0000 	/System/Library/Frameworks/Carbon.framework/Versions/A/Frameworks/Ink.framework/Versions/A/Ink
0x00007fff305fc000 	/System/Library/Frameworks/Carbon.framework/Versions/A/Frameworks/Print.framework/Versions/A/Print
0x00007fff305fd000 	/System/Library/Frameworks/Carbon.framework/Versions/A/Frameworks/SecurityHI.framework/Versions/A/SecurityHI
0x00007fff4b5ef000 	/System/Library/PrivateFrameworks/DebugSymbols.framework/Versions/A/DebugSymbols
0x0000000127631000 	/private/var/folders/nk/77tzydc5271b4jt6909jb9m80000gn/T/AppTranslocation/3C42BCCC-F139-468D-9340-7D1B34EBFFDD/d/Android Studio.app/Contents/jre/jdk/Contents/Home/jre/lib/libawt_lwawt.dylib
0x0000000127720000 	/private/var/folders/nk/77tzydc5271b4jt6909jb9m80000gn/T/AppTranslocation/3C42BCCC-F139-468D-9340-7D1B34EBFFDD/d/Android Studio.app/Contents/jre/jdk/Contents/Home/jre/lib/libosxapp.dylib
0x00007fff33b9a000 	/System/Library/Frameworks/ExceptionHandling.framework/Versions/A/ExceptionHandling
0x0000000128148000 	/private/var/folders/nk/77tzydc5271b4jt6909jb9m80000gn/T/native-platform7593618550179275611dir/libnative-platform.dylib
0x00000001287da000 	/private/var/folders/nk/77tzydc5271b4jt6909jb9m80000gn/T/AppTranslocation/3C42BCCC-F139-468D-9340-7D1B34EBFFDD/d/Android Studio.app/Contents/jre/jdk/Contents/Home/jre/lib/libsunec.dylib
0x00007fff6a93c000 	/usr/lib/libusrtcp.dylib

VM Arguments:
jvm_args: -Xmx2048m -Dfile.encoding=UTF-8 -Duser.country=FR -Duser.language=fr -Duser.variant 
java_command: org.gradle.launcher.daemon.bootstrap.GradleDaemon 6.5
java_class_path (initial): /Users/soso/.gradle/wrapper/dists/gradle-6.5-all/2oz4ud9k3tuxjg84bbf55q0tn/gradle-6.5/lib/gradle-launcher-6.5.jar
Launcher Type: SUN_STANDARD

Environment Variables:
PATH=/usr/local/bin:/usr/bin:/bin:/usr/sbin:/sbin
SHELL=/bin/zsh

Signal Handlers:
SIGSEGV: [libjvm.dylib+0x565c43], sa_mask[0]=11111111011111110111111111111111, sa_flags=SA_ONSTACK|SA_RESTART|SA_SIGINFO
SIGBUS: [libjvm.dylib+0x565c43], sa_mask[0]=11111111011111110111111111111111, sa_flags=SA_RESTART|SA_SIGINFO
SIGFPE: [libjvm.dylib+0x45dd9d], sa_mask[0]=11111111011111110111111111111111, sa_flags=SA_RESTART|SA_SIGINFO
SIGPIPE: [libjvm.dylib+0x45dd9d], sa_mask[0]=11111111011111110111111111111111, sa_flags=SA_RESTART|SA_SIGINFO
SIGXFSZ: [libjvm.dylib+0x45dd9d], sa_mask[0]=11111111011111110111111111111111, sa_flags=SA_RESTART|SA_SIGINFO
SIGILL: [libjvm.dylib+0x45dd9d], sa_mask[0]=11111111011111110111111111111111, sa_flags=SA_RESTART|SA_SIGINFO
SIGUSR1: SIG_DFL, sa_mask[0]=00000000000000000000000000000000, sa_flags=none
SIGUSR2: [libjvm.dylib+0x45e69c], sa_mask[0]=00100000000000000000000000000000, sa_flags=SA_RESTART|SA_SIGINFO
SIGHUP: [libjvm.dylib+0x45c8c1], sa_mask[0]=11111111011111110111111111111111, sa_flags=SA_RESTART|SA_SIGINFO
SIGINT: [libjvm.dylib+0x45c8c1], sa_mask[0]=11111111011111110111111111111111, sa_flags=SA_RESTART|SA_SIGINFO
SIGTERM: [libjvm.dylib+0x45c8c1], sa_mask[0]=11111111011111110111111111111111, sa_flags=SA_RESTART|SA_SIGINFO
SIGQUIT: [libjvm.dylib+0x45c8c1], sa_mask[0]=11111111011111110111111111111111, sa_flags=SA_RESTART|SA_SIGINFO


---------------  S Y S T E M  ---------------

OS:Bsduname:Darwin 19.6.0 Darwin Kernel Version 19.6.0: Mon Aug 31 22:12:52 PDT 2020; root:xnu-6153.141.2~1/RELEASE_X86_64 x86_64
rlimit: STACK 8192k, CORE 0k, NPROC 1392, NOFILE 10240, AS infinity
load average:6.49 5.98 4.76

CPU:total 4 (initial active 4) (2 cores per cpu, 2 threads per core) family 6 model 61 stepping 4, cmov, cx8, fxsr, mmx, sse, sse2, sse3, ssse3, sse4.1, sse4.2, popcnt, avx, avx2, aes, clmul, erms, 3dnowpref, lzcnt, ht, tsc, tscinvbit, bmi1, bmi2, adx

Memory: 4k page, physical 8388608k(21520k free)

/proc/meminfo:


vm_info: OpenJDK 64-Bit Server VM (25.242-b3-6222593) for bsd-amd64 JRE (1.8.0_242-release-1644-b3-6222593), built by "android-build" with gcc 4.2.1 Compatible Android (5484270 based on r353983c) Clang 9.0.3 (https://android.googlesource.com/toolchain/clang 745b335211bb9eadfa6aa6301f84715cee4b37c5) (https://android.googlesource.com/toolchain/llvm 60cf23e54e46c807513f7a36d0a7b777920b5881)

time: Sat Oct 17 17:01:51 2020
timezone: CEST
elapsed time: 40712 seconds (0d 11h 18m 32s)

