#
# A fatal error has been detected by the Java Runtime Environment:
#
#  SIGBUS (0xa) at pc=0x00007fff6c6b5929, pid=4015, tid=0x0000000000002207
#
# JRE version: OpenJDK Runtime Environment (8.0_242) (build 1.8.0_242-release-1644-b3-6222593)
# Java VM: OpenJDK 64-Bit Server VM (25.242-b3-6222593 mixed mode bsd-amd64 compressed oops)
# Problematic frame:
# C  [libsystem_platform.dylib+0x929]  _platform_memmove$VARIANT$Haswell+0x29
#
# Failed to write core dump. Core dumps have been disabled. To enable core dumping, try "ulimit -c unlimited" before starting Java again
#
# If you would like to submit a bug report, please visit:
#   http://bugreport.java.com/bugreport/crash.jsp
#

---------------  T H R E A D  ---------------

Current thread (0x00007fa792012000):  GCTaskThread [stack: 0x000070000568f000,0x000070000578f000] [id=8711]

siginfo: si_signo: 10 (SIGBUS), si_code: 2 (BUS_ADRERR), si_addr: 0x00000007bf200000

Registers:
RAX=0x000000074944fa58, RBX=0x000000074944fa58, RCX=0x0000000015b99b28, RDX=0x000000001b8e7550
RSP=0x000070000578ec90, RBP=0x000070000578ec90, RSI=0x00000007bf200000, RDI=0x000000074f19d480
R8 =0x00000001022268a0, R9 =0x000000000371ceaa, R10=0x00007fa790c09168, R11=0xffffffff8ff9d480
R12=0x000000004944fa01, R13=0x0000000000000015, R14=0x00007fa79181a600, R15=0x00000007b94b25d8
RIP=0x00007fff6c6b5929, EFLAGS=0x0000000000010206, ERR=0x0000000000000004
  TRAPNO=0x000000000000000e

Top of Stack: (sp=0x000070000578ec90)
0x000070000578ec90:   000070000578ed10 0000000101e9ca27
0x000070000578eca0:   000070000578ed28 00000007b2134010
0x000070000578ecb0:   0000000000001000 0000000000000016
0x000070000578ecc0:   0000000000036101 00007fff6c6c4425
0x000070000578ecd0:   000070000578ed60 000000000000001d
0x000070000578ece0:   000000000371ceaa 00000007b213443d
0x000070000578ecf0:   0000000102221ffb 00007fa79181a600
0x000070000578ed00:   00000007b213443c 00000001022112c8
0x000070000578ed10:   000070000578ed40 0000000101e99f8a
0x000070000578ed20:   00000007b213443d 00000001022268a0
0x000070000578ed30:   00007fa79181a660 00007fa79181a698
0x000070000578ed40:   000070000578eda0 0000000101e99e19
0x000070000578ed50:   000070000578eda0 0000000101e4f99d
0x000070000578ed60:   00000007c0033f10 00000007b213443d
0x000070000578ed70:   0000000749055ff4 0000000000000240
0x000070000578ed80:   0000000749056000 0000000102cc0316
0x000070000578ed90:   0000000749056018 0000000102cc02b0
0x000070000578eda0:   000070000578ee50 0000000101b3d1bd
0x000070000578edb0:   0000000000000000 0000000102cc0315
0x000070000578edc0:   0000000102cc0290 0000000102cc0315
0x000070000578edd0:   0000000102cc0200 0000000000000200
0x000070000578ede0:   0000000102cc227d 000000074944fa58
0x000070000578edf0:   0000000000000080 00007fa79181a600
0x000070000578ee00:   0000000749054408 0000000749062a58
0x000070000578ee10:   0000000102cc227e 00007fa790c08210
0x000070000578ee20:   00007fa790c08430 00007fa790e0d680
0x000070000578ee30:   00007fa790e0d680 0000000101fcf89a
0x000070000578ee40:   00007fa79181a600 0000000000000001
0x000070000578ee50:   000070000578ee80 0000000101e9d56d
0x000070000578ee60:   00007fa700000004 00007fa774733580
0x000070000578ee70:   00007fa792012000 0000000000000000
0x000070000578ee80:   000070000578ef60 0000000101c5a011 

Instructions: (pc=0x00007fff6c6b5929)
0x00007fff6c6b5909:   f3 48 89 f8 49 39 d3 72 1b 48 83 fa 60 76 2f 48
0x00007fff6c6b5919:   81 fa 00 40 00 00 0f 82 cb 00 00 00 48 89 d1 fc
0x00007fff6c6b5929:   f3 a4 5d c3 48 39 fe 74 f9 48 01 d6 48 01 d7 48
0x00007fff6c6b5939:   83 fa 60 0f 82 8c 01 00 00 e9 a9 01 00 00 48 83 

Register to memory mapping:

RAX=0x000000074944fa58 is an oop
