#
# A fatal error has been detected by the Java Runtime Environment:
#
#  SIGSEGV (0xb) at pc=0x0000000102d3d02a, pid=19020, tid=0x0000000000002207
#
# JRE version: OpenJDK Runtime Environment (8.0_242) (build 1.8.0_242-release-1644-b3-6222593)
# Java VM: OpenJDK 64-Bit Server VM (25.242-b3-6222593 mixed mode bsd-amd64 compressed oops)
# Problematic frame:
# V  [libjvm.dylib+0x13d02a]  CardTableExtension::scavenge_contents_parallel(ObjectStartArray*, MutableSpace*, HeapWord*, PSPromotionManager*, unsigned int, unsigned int)+0x4b4
#
# Failed to write core dump. Core dumps have been disabled. To enable core dumping, try "ulimit -c unlimited" before starting Java again
#
# If you would like to submit a bug report, please visit:
#   http://bugreport.java.com/bugreport/crash.jsp
#

---------------  T H R E A D  ---------------

Current thread (0x00007fccab812800):  GCTaskThread [stack: 0x0000700009b73000,0x0000700009c73000] [id=8711]

siginfo: si_signo: 11 (SIGSEGV), si_code: 1 (SEGV_MAPERR), si_addr: 0x00000001d69f1be0

Registers:
RAX=0x00000001034112d8, RBX=0x0000000000000240, RCX=0x00007fccadc00003, RDX=0x000000074c614601
RSP=0x0000700009c72db0, RBP=0x0000700009c72e50, RSI=0x00000007c0033cf0, RDI=0x00000001d69f1bd8
R8 =0x00000001034112c8, R9 =0x0000000000000015, R10=0x00007fccaac186c8, R11=0xffffffffb8187830
R12=0x000000074c616600, R13=0x0000000103edb101, R14=0x000000074c6146e0, R15=0x0000000103edb0b3
RIP=0x0000000102d3d02a, EFLAGS=0x0000000000010206, ERR=0x0000000000000004
  TRAPNO=0x000000000000000e

Top of Stack: (sp=0x0000700009c72db0)
0x0000700009c72db0:   0000000000000000 0000000103edb100
0x0000700009c72dc0:   0000000103edb081 0000000103edb100
0x0000700009c72dd0:   0000000103edb000 0000000000000200
0x0000700009c72de0:   0000000103f57a27 000000075bf44ea0
0x0000700009c72df0:   0000000000000080 00007fccab82b000
0x0000700009c72e00:   000000074c612408 000000074c620000
0x0000700009c72e10:   0000000103f57a28 00007fccaac17710
0x0000700009c72e20:   00007fccaac17990 00007fccaac1f8d0
0x0000700009c72e30:   00007fccaac1f8d0 00000001031cf89a
0x0000700009c72e40:   00007fccab82b000 0000000000000001
0x0000700009c72e50:   0000700009c72e80 000000010309d56d
0x0000700009c72e60:   00007fcc00000004 00007fcca0370490
0x0000700009c72e70:   00007fccab812800 0000000000000000
0x0000700009c72e80:   0000700009c72f60 0000000102e5a011
0x0000700009c72e90:   0000000103422100 00007fccab812800
0x0000700009c72ea0:   00007fccaac1afa0 00007fccaac1afe0
0x0000700009c72eb0:   00007fccaac1aff0 00007fccaac1b0c8
0x0000700009c72ec0:   00000000000000d8 00007fccaac1b1e0
0x0000700009c72ed0:   00007fccab812800 00007fccaac1afa0
0x0000700009c72ee0:   00007fccaac1afe0 00007fccaac1aff0
0x0000700009c72ef0:   00007fccaac1b0c8 00000000000000d8
0x0000700009c72f00:   0000700009c72e98 00007fccaac1ab80
0x0000700009c72f10:   00007fccaac1abb0 00007fccaac1abc0
0x0000700009c72f20:   00007fccaac1af98 00000000000003d8
0x0000700009c72f30:   0000000000000000 00007fccaac1baa0
0x0000700009c72f40:   00007fccaac1bb10 0000000000000000
0x0000700009c72f50:   00007fccab812800 0000000000000001
0x0000700009c72f60:   0000700009c72fb0 000000010305b9eb
0x0000700009c72f70:   0000000000098d1b 0000700009c730e0
0x0000700009c72f80:   0000700009c73180 0000000600000000
0x0000700009c72f90:   0000700009c73000 0000000000000000
0x0000700009c72fa0:   0000000000000000 0000000000000000 

Instructions: (pc=0x0000000102d3d02a)
0x0000000102d3d00a:   8a 10 84 d2 74 16 41 8b 7e 08 48 8d 05 bd 42 6d
0x0000000102d3d01a:   00 8a 48 08 48 d3 e7 48 03 38 eb 04 49 8b 7e 08
0x0000000102d3d02a:   81 7f 08 ff ff ff bf 77 19 48 8b 07 48 8b 75 a8
0x0000000102d3d03a:   4c 89 f2 ff 90 18 01 00 00 48 8d 05 af 4f 6e 00 

Register to memory mapping:

RAX=0x00000001034112d8: _ZN8Universe13_narrow_klassE+0 in /private/var/folders/nk/77tzydc5271b4jt6909jb9m80000gn/T/AppTranslocation/BDDBB0C3-77ED-43C6-AEE6-E5E15E40E2C1/d/Android Studio.app/Contents/jre/jdk/Contents/Home/jre/lib/server/libjvm.dylib at 0x0000000102c00000
RBX=0x0000000000000240 is an unknown value
RCX=0x00007fccadc00003 is an unknown value
RDX=0x000000074c614601 is pointing into object: 0x000000074c614600
com.android.tools.r8.graph.f0 
 - klass: 'com/android/tools/r8/graph/f0'
RSP=0x0000700009c72db0 is an unknown value
RBP=0x0000700009c72e50 is an unknown value
RSI=0x00000007c0033cf0 is pointing into metadata
RDI=0x00000001d69f1bd8 is an unknown value
R8 =0x00000001034112c8: _ZN8Universe11_narrow_oopE+0 in /private/var/folders/nk/77tzydc5271b4jt6909jb9m80000gn/T/AppTranslocation/BDDBB0C3-77ED-43C6-AEE6-E5E15E40E2C1/d/Android Studio.app/Contents/jre/jdk/Contents/Home/jre/lib/server/libjvm.dylib at 0x0000000102c00000
R9 =0x0000000000000015 is an unknown value
R10=0x00007fccaac186c8 is an unknown value
R11=0xffffffffb8187830 is an unknown value
R12=0x000000074c616600 is an oop
com.android.tools.r8.graph.g0 
 - klass: 'com/android/tools/r8/graph/g0'
R13=0x0000000103edb101 is an unknown value
R14=
[error occurred during error reporting (printing register info), id 0xb]

Stack: [0x0000700009b73000,0x0000700009c73000],  sp=0x0000700009c72db0,  free space=1023k
Native frames: (J=compiled Java code, j=interpreted, Vv=VM code, C=native code)
V  [libjvm.dylib+0x13d02a]  CardTableExtension::scavenge_contents_parallel(ObjectStartArray*, MutableSpace*, HeapWord*, PSPromotionManager*, unsigned int, unsigned int)+0x4b4
V  [libjvm.dylib+0x49d56d]  OldToYoungRootsTask::do_it(GCTaskManager*, unsigned int)+0x4b
V  [libjvm.dylib+0x25a011]  GCTaskThread::run()+0x12d
V  [libjvm.dylib+0x45b9eb]  java_start(Thread*)+0xfa
C  [libsystem_pthread.dylib+0x6109]  _pthread_start+0x94
C  [libsystem_pthread.dylib+0x1b8b]  thread_start+0xf


---------------  P R O C E S S  ---------------

Java Threads: ( => current thread )
  0x00007fccabd7d000 JavaThread "Execution worker for ':' Thread 3" [_thread_blocked, id=87895, stack(0x0000700013c53000,0x0000700013d53000)]
  0x00007fccad648800 JavaThread "Execution worker for ':' Thread 2" [_thread_blocked, id=35087, stack(0x0000700013b50000,0x0000700013c50000)]
  0x00007fccb5970800 JavaThread "Execution worker for ':'" [_thread_blocked, id=76815, stack(0x0000700013a4d000,0x0000700013b4d000)]
  0x00007fccb3567800 JavaThread "Cache worker for file content cache (/Users/soso/AndroidStudioProjects/DingBring/.gradle/6.5/fileContent)" [_thread_blocked, id=19539, stack(0x000070000afb2000,0x000070000b0b2000)]
  0x00007fccb5dbc000 JavaThread "Cache worker for Build Output Cleanup Cache (/Users/soso/AndroidStudioProjects/DingBring/.gradle/buildOutputCleanup)" [_thread_blocked, id=27207, stack(0x000070001394a000,0x0000700013a4a000)]
  0x00007fccb24a4800 JavaThread "jar transforms Thread 10647" [_thread_blocked, id=79483, stack(0x0000700013744000,0x0000700013844000)]
  0x00007fccb1c26000 JavaThread "jar transforms Thread 10646" [_thread_blocked, id=99087, stack(0x0000700013641000,0x0000700013741000)]
  0x00007fcca0662000 JavaThread "jar transforms Thread 10645" [_thread_blocked, id=119563, stack(0x000070001353e000,0x000070001363e000)]
  0x00007fcca01c4800 JavaThread "jar transforms Thread 10644" [_thread_blocked, id=35607, stack(0x000070001343b000,0x000070001353b000)]
  0x00007fcca01c3800 JavaThread "jar transforms Thread 10643" [_thread_blocked, id=50459, stack(0x0000700013338000,0x0000700013438000)]
  0x00007fccb59a0800 JavaThread "jar transforms Thread 10642" [_thread_blocked, id=48195, stack(0x0000700013235000,0x0000700013335000)]
  0x00007fccae942000 JavaThread "jar transforms Thread 10641" [_thread_blocked, id=127303, stack(0x0000700013132000,0x0000700013232000)]
  0x00007fccb51fc000 JavaThread "jar transforms Thread 10640" [_thread_blocked, id=56911, stack(0x000070001302f000,0x000070001312f000)]
  0x00007fcca0104800 JavaThread "jar transforms Thread 10639" [_thread_blocked, id=81527, stack(0x0000700012f2c000,0x000070001302c000)]
  0x00007fcca0104000 JavaThread "jar transforms Thread 10638" [_thread_blocked, id=80523, stack(0x0000700012e29000,0x0000700012f29000)]
  0x00007fcca01fb800 JavaThread "jar transforms Thread 10637" [_thread_blocked, id=65611, stack(0x0000700012d26000,0x0000700012e26000)]
  0x00007fcca01fa800 JavaThread "jar transforms Thread 10636" [_thread_blocked, id=123819, stack(0x0000700012c23000,0x0000700012d23000)]
  0x00007fccab5e7800 JavaThread "jar transforms Thread 10635" [_thread_blocked, id=41275, stack(0x0000700012b20000,0x0000700012c20000)]
  0x00007fccab5e6800 JavaThread "jar transforms Thread 10634" [_thread_blocked, id=95235, stack(0x0000700012a1d000,0x0000700012b1d000)]
  0x00007fccab15b800 JavaThread "jar transforms Thread 10633" [_thread_blocked, id=56583, stack(0x000070001291a000,0x0000700012a1a000)]
  0x00007fccab15b000 JavaThread "jar transforms Thread 10632" [_thread_blocked, id=57743, stack(0x0000700012817000,0x0000700012917000)]
  0x00007fcca0660000 JavaThread "jar transforms Thread 10631" [_thread_blocked, id=57887, stack(0x0000700012714000,0x0000700012814000)]
  0x00007fccab1cf800 JavaThread "jar transforms Thread 10630" [_thread_blocked, id=97035, stack(0x0000700012611000,0x0000700012711000)]
  0x00007fccab7c7000 JavaThread "jar transforms Thread 10629" [_thread_blocked, id=91323, stack(0x000070001250e000,0x000070001260e000)]
  0x00007fccac1c9800 JavaThread "jar transforms Thread 10628" [_thread_blocked, id=64019, stack(0x000070001240b000,0x000070001250b000)]
  0x00007fcca0120800 JavaThread "jar transforms Thread 10627" [_thread_blocked, id=29971, stack(0x0000700012308000,0x0000700012408000)]
  0x00007fccab1bb800 JavaThread "jar transforms Thread 10626" [_thread_blocked, id=77067, stack(0x0000700012205000,0x0000700012305000)]
  0x00007fccb50e3000 JavaThread "jar transforms Thread 10625" [_thread_blocked, id=24867, stack(0x0000700012102000,0x0000700012202000)]
  0x00007fccae9b2000 JavaThread "jar transforms Thread 10624" [_thread_blocked, id=47627, stack(0x0000700011fff000,0x00007000120ff000)]
  0x00007fccab1d4000 JavaThread "jar transforms Thread 10623" [_thread_blocked, id=81283, stack(0x0000700011efc000,0x0000700011ffc000)]
  0x00007fcca045d800 JavaThread "jar transforms Thread 10622" [_thread_blocked, id=57211, stack(0x0000700011df9000,0x0000700011ef9000)]
  0x00007fccac498800 JavaThread "jar transforms Thread 10621" [_thread_blocked, id=69939, stack(0x0000700011cf6000,0x0000700011df6000)]
  0x00007fccab729000 JavaThread "jar transforms Thread 10620" [_thread_blocked, id=22819, stack(0x0000700011bf3000,0x0000700011cf3000)]
  0x00007fccab507800 JavaThread "jar transforms Thread 10619" [_thread_blocked, id=22279, stack(0x0000700011af0000,0x0000700011bf0000)]
  0x00007fccac49c800 JavaThread "jar transforms Thread 10618" [_thread_blocked, id=15519, stack(0x00007000119ed000,0x0000700011aed000)]
  0x00007fccab1a0800 JavaThread "jar transforms Thread 10617" [_thread_blocked, id=70639, stack(0x00007000118ea000,0x00007000119ea000)]
  0x00007fccab702000 JavaThread "jar transforms Thread 10616" [_thread_blocked, id=32359, stack(0x00007000117e7000,0x00007000118e7000)]
  0x00007fccac24e000 JavaThread "jar transforms Thread 10615" [_thread_blocked, id=32587, stack(0x00007000116e4000,0x00007000117e4000)]
  0x00007fcca0332000 JavaThread "jar transforms Thread 10614" [_thread_blocked, id=44707, stack(0x00007000115e1000,0x00007000116e1000)]
  0x00007fccac4d5800 JavaThread "jar transforms Thread 10613" [_thread_blocked, id=75395, stack(0x00007000114de000,0x00007000115de000)]
  0x00007fccac51b800 JavaThread "jar transforms Thread 10612" [_thread_blocked, id=78611, stack(0x00007000113db000,0x00007000114db000)]
  0x00007fccac37b000 JavaThread "jar transforms Thread 10611" [_thread_blocked, id=34431, stack(0x00007000112d8000,0x00007000113d8000)]
  0x00007fccab1c2800 JavaThread "jar transforms Thread 10610" [_thread_blocked, id=34103, stack(0x00007000111d5000,0x00007000112d5000)]
  0x00007fcca02a5000 JavaThread "jar transforms Thread 10609" [_thread_blocked, id=45375, stack(0x00007000110d2000,0x00007000111d2000)]
  0x00007fccab57b800 JavaThread "jar transforms Thread 10608" [_thread_blocked, id=38211, stack(0x0000700010fcf000,0x00007000110cf000)]
  0x00007fcca00c3800 JavaThread "jar transforms Thread 10607" [_thread_blocked, id=80171, stack(0x0000700010ecc000,0x0000700010fcc000)]
  0x00007fccab123800 JavaThread "jar transforms Thread 10606" [_thread_blocked, id=30835, stack(0x0000700010dc9000,0x0000700010ec9000)]
  0x00007fcca0126800 JavaThread "jar transforms Thread 10605" [_thread_blocked, id=46347, stack(0x0000700010cc6000,0x0000700010dc6000)]
  0x00007fccac0e1800 JavaThread "jar transforms Thread 10604" [_thread_blocked, id=66499, stack(0x0000700010bc3000,0x0000700010cc3000)]
  0x00007fccab154800 JavaThread "jar transforms Thread 10603" [_thread_blocked, id=83819, stack(0x0000700010ac0000,0x0000700010bc0000)]
  0x00007fccab4ba000 JavaThread "jar transforms Thread 10602" [_thread_blocked, id=60299, stack(0x00007000109bd000,0x0000700010abd000)]
  0x00007fccab506000 JavaThread "jar transforms Thread 10601" [_thread_blocked, id=64411, stack(0x00007000108ba000,0x00007000109ba000)]
  0x00007fccab1cd800 JavaThread "jar transforms Thread 10600" [_thread_blocked, id=88943, stack(0x00007000107b7000,0x00007000108b7000)]
  0x00007fcca04ef000 JavaThread "jar transforms Thread 10599" [_thread_blocked, id=66819, stack(0x00007000106b4000,0x00007000107b4000)]
  0x00007fccac265000 JavaThread "jar transforms Thread 10598" [_thread_blocked, id=97799, stack(0x00007000105b1000,0x00007000106b1000)]
  0x00007fcca0510800 JavaThread "jar transforms Thread 10597" [_thread_blocked, id=61199, stack(0x00007000104ae000,0x00007000105ae000)]
  0x00007fccab136800 JavaThread "jar transforms Thread 10596" [_thread_blocked, id=22183, stack(0x00007000103ab000,0x00007000104ab000)]
  0x00007fccab5e1800 JavaThread "jar transforms Thread 10595" [_thread_blocked, id=41071, stack(0x00007000102a8000,0x00007000103a8000)]
  0x00007fccab445000 JavaThread "jar transforms Thread 10594" [_thread_blocked, id=40459, stack(0x00007000101a5000,0x00007000102a5000)]
  0x00007fccac4a3800 JavaThread "jar transforms Thread 10593" [_thread_blocked, id=79303, stack(0x00007000100a2000,0x00007000101a2000)]
  0x00007fccab1e7800 JavaThread "jar transforms Thread 10592" [_thread_blocked, id=122747, stack(0x000070000ff9f000,0x000070001009f000)]
  0x00007fccab1d1800 JavaThread "jar transforms Thread 10591" [_thread_blocked, id=37715, stack(0x000070000fe9c000,0x000070000ff9c000)]
  0x00007fccb568c800 JavaThread "jar transforms Thread 10590" [_thread_blocked, id=120839, stack(0x000070000fd99000,0x000070000fe99000)]
  0x00007fccad5e8000 JavaThread "jar transforms Thread 10589" [_thread_blocked, id=123559, stack(0x000070000fc96000,0x000070000fd96000)]
  0x00007fccb59d2000 JavaThread "jar transforms Thread 10588" [_thread_blocked, id=31299, stack(0x000070000fb93000,0x000070000fc93000)]
  0x00007fccad454000 JavaThread "jar transforms Thread 10587" [_thread_blocked, id=54903, stack(0x000070000fa90000,0x000070000fb90000)]
  0x00007fccad422000 JavaThread "jar transforms Thread 10586" [_thread_blocked, id=90291, stack(0x000070000f98d000,0x000070000fa8d000)]
  0x00007fccab9ee000 JavaThread "jar transforms Thread 10585" [_thread_blocked, id=25359, stack(0x000070000f88a000,0x000070000f98a000)]
  0x00007fccabf37000 JavaThread "jar transforms Thread 10584" [_thread_blocked, id=126891, stack(0x000070000f787000,0x000070000f887000)]
  0x00007fccab560000 JavaThread "jar transforms Thread 10583" [_thread_blocked, id=76351, stack(0x000070000f684000,0x000070000f784000)]
  0x00007fccb5707800 JavaThread "jar transforms Thread 10582" [_thread_blocked, id=128623, stack(0x000070000f581000,0x000070000f681000)]
  0x00007fccb5721800 JavaThread "jar transforms Thread 10581" [_thread_blocked, id=28203, stack(0x000070000f47e000,0x000070000f57e000)]
  0x00007fccae9e3800 JavaThread "jar transforms Thread 10580" [_thread_blocked, id=91527, stack(0x000070000f37b000,0x000070000f47b000)]
  0x00007fccae944800 JavaThread "jar transforms Thread 10579" [_thread_blocked, id=125623, stack(0x000070000f278000,0x000070000f378000)]
  0x00007fccac16d000 JavaThread "jar transforms Thread 10578" [_thread_blocked, id=12355, stack(0x000070000f175000,0x000070000f275000)]
  0x00007fccaecaf000 JavaThread "jar transforms Thread 10577" [_thread_blocked, id=14679, stack(0x000070000f072000,0x000070000f172000)]
  0x00007fcca050c000 JavaThread "jar transforms Thread 10576" [_thread_blocked, id=72723, stack(0x000070000ef6f000,0x000070000f06f000)]
  0x00007fccabf85800 JavaThread "jar transforms Thread 10575" [_thread_blocked, id=77835, stack(0x000070000ee6c000,0x000070000ef6c000)]
  0x00007fccb5d52000 JavaThread "jar transforms Thread 10574" [_thread_blocked, id=124139, stack(0x000070000ed69000,0x000070000ee69000)]
  0x00007fccaba2d800 JavaThread "jar transforms Thread 10573" [_thread_blocked, id=75099, stack(0x000070000ec66000,0x000070000ed66000)]
  0x00007fccabaef000 JavaThread "jar transforms Thread 10572" [_thread_blocked, id=24335, stack(0x000070000eb63000,0x000070000ec63000)]
  0x00007fccac51f000 JavaThread "jar transforms Thread 10571" [_thread_blocked, id=96123, stack(0x000070000ea60000,0x000070000eb60000)]
  0x00007fccad4e3000 JavaThread "jar transforms Thread 10570" [_thread_blocked, id=53575, stack(0x000070000e95d000,0x000070000ea5d000)]
  0x00007fccad524800 JavaThread "jar transforms Thread 10569" [_thread_blocked, id=63843, stack(0x000070000e85a000,0x000070000e95a000)]
  0x00007fccab57e000 JavaThread "jar transforms Thread 10568" [_thread_blocked, id=96703, stack(0x000070000e757000,0x000070000e857000)]
  0x00007fccac439800 JavaThread "jar transforms Thread 10567" [_thread_blocked, id=27407, stack(0x000070000e654000,0x000070000e754000)]
  0x00007fccb5d38000 JavaThread "jar transforms Thread 10566" [_thread_blocked, id=55419, stack(0x000070000e551000,0x000070000e651000)]
  0x00007fccabf7b800 JavaThread "jar transforms Thread 10565" [_thread_blocked, id=83227, stack(0x000070000e44e000,0x000070000e54e000)]
  0x00007fcca0522800 JavaThread "jar transforms Thread 10564" [_thread_blocked, id=65051, stack(0x000070000e34b000,0x000070000e44b000)]
  0x00007fccad5b0000 JavaThread "jar transforms Thread 10563" [_thread_blocked, id=62735, stack(0x000070000e248000,0x000070000e348000)]
  0x00007fccab582000 JavaThread "jar transforms Thread 10562" [_thread_blocked, id=44407, stack(0x000070000e145000,0x000070000e245000)]
  0x00007fccb5ad7800 JavaThread "jar transforms Thread 10561" [_thread_blocked, id=45183, stack(0x000070000e042000,0x000070000e142000)]
  0x00007fccac4a1000 JavaThread "jar transforms Thread 10560" [_thread_blocked, id=47295, stack(0x000070000df3f000,0x000070000e03f000)]
  0x00007fccad066800 JavaThread "jar transforms Thread 10559" [_thread_blocked, id=79743, stack(0x000070000de3c000,0x000070000df3c000)]
  0x00007fccac4ff800 JavaThread "jar transforms Thread 10558" [_thread_blocked, id=78455, stack(0x000070000dd39000,0x000070000de39000)]
  0x00007fccad551800 JavaThread "jar transforms Thread 10557" [_thread_blocked, id=93499, stack(0x000070000dc36000,0x000070000dd36000)]
  0x00007fccab734000 JavaThread "jar transforms Thread 10556" [_thread_blocked, id=121259, stack(0x000070000db33000,0x000070000dc33000)]
  0x00007fccaef66800 JavaThread "jar transforms Thread 10555" [_thread_blocked, id=122035, stack(0x000070000da30000,0x000070000db30000)]
  0x00007fccaef20000 JavaThread "jar transforms Thread 10554" [_thread_blocked, id=25663, stack(0x000070000d92d000,0x000070000da2d000)]
  0x00007fccad553800 JavaThread "jar transforms Thread 10553" [_thread_blocked, id=49011, stack(0x000070000d82a000,0x000070000d92a000)]
  0x00007fcca0506000 JavaThread "jar transforms Thread 10552" [_thread_blocked, id=65283, stack(0x000070000d727000,0x000070000d827000)]
  0x00007fccabf68000 JavaThread "jar transforms Thread 10551" [_thread_blocked, id=36651, stack(0x000070000d624000,0x000070000d724000)]
  0x00007fccac45e800 JavaThread "jar transforms Thread 10550" [_thread_blocked, id=98107, stack(0x000070000d521000,0x000070000d621000)]
  0x00007fccb5228800 JavaThread "jar transforms Thread 10549" [_thread_blocked, id=28907, stack(0x000070000d41e000,0x000070000d51e000)]
  0x00007fcca0462800 JavaThread "jar transforms Thread 10548" [_thread_blocked, id=94711, stack(0x000070000d31b000,0x000070000d41b000)]
  0x00007fccaef48800 JavaThread "jar transforms Thread 10547" [_thread_blocked, id=78191, stack(0x000070000d218000,0x000070000d318000)]
  0x00007fccab200000 JavaThread "jar transforms Thread 10546" [_thread_blocked, id=55683, stack(0x000070000d115000,0x000070000d215000)]
  0x00007fccabc7d000 JavaThread "jar transforms Thread 10545" [_thread_blocked, id=43783, stack(0x000070000d012000,0x000070000d112000)]
  0x00007fccb21bd800 JavaThread "jar transforms Thread 10544" [_thread_blocked, id=49587, stack(0x000070000cf0f000,0x000070000d00f000)]
  0x00007fccad71c000 JavaThread "jar transforms Thread 10543" [_thread_blocked, id=35483, stack(0x000070000ce0c000,0x000070000cf0c000)]
  0x00007fccac18e000 JavaThread "jar transforms Thread 10542" [_thread_blocked, id=37599, stack(0x000070000cd09000,0x000070000ce09000)]
  0x00007fccaec47000 JavaThread "jar transforms Thread 10541" [_thread_blocked, id=71291, stack(0x000070000cc06000,0x000070000cd06000)]
  0x00007fccae96e000 JavaThread "jar transforms Thread 10540" [_thread_blocked, id=63607, stack(0x000070000cb03000,0x000070000cc03000)]
  0x00007fccaeb3a800 JavaThread "jar transforms Thread 10539" [_thread_blocked, id=78947, stack(0x000070000ca00000,0x000070000cb00000)]
  0x00007fccaee5d800 JavaThread "jar transforms Thread 10538" [_thread_blocked, id=121403, stack(0x000070000c8fd000,0x000070000c9fd000)]
  0x00007fccb3262800 JavaThread "jar transforms Thread 10537" [_thread_blocked, id=67847, stack(0x000070000c7fa000,0x000070000c8fa000)]
  0x00007fccad6a0000 JavaThread "jar transforms Thread 10536" [_thread_blocked, id=23115, stack(0x000070000c6f7000,0x000070000c7f7000)]
  0x00007fccaefa1800 JavaThread "jar transforms Thread 10535" [_thread_blocked, id=70243, stack(0x000070000c5f4000,0x000070000c6f4000)]
  0x00007fccaeb7c000 JavaThread "jar transforms Thread 10534" [_thread_blocked, id=70931, stack(0x000070000c4f1000,0x000070000c5f1000)]
  0x00007fccaea8b800 JavaThread "jar transforms Thread 10533" [_thread_blocked, id=43019, stack(0x000070000c3ee000,0x000070000c4ee000)]
  0x00007fccaeb3c000 JavaThread "jar transforms Thread 10532" [_thread_blocked, id=81783, stack(0x000070000c2eb000,0x000070000c3eb000)]
  0x00007fccad1b4800 JavaThread "jar transforms Thread 10531" [_thread_blocked, id=39727, stack(0x000070000bfe2000,0x000070000c0e2000)]
  0x00007fccb32a0000 JavaThread "Build operations Thread 4" [_thread_blocked, id=37367, stack(0x000070000bedf000,0x000070000bfdf000)]
  0x00007fccaedfd000 JavaThread "Build operations Thread 3" [_thread_blocked, id=77631, stack(0x000070000bddc000,0x000070000bedc000)]
  0x00007fccab6d1000 JavaThread "Build operations Thread 2" [_thread_blocked, id=49723, stack(0x000070000bcd9000,0x000070000bdd9000)]
  0x00007fccabf32000 JavaThread "Build operations" [_thread_blocked, id=80811, stack(0x000070000bbd6000,0x000070000bcd6000)]
  0x00007fccac186800 JavaThread "Cache worker for cache directory md-rule (/Users/soso/.gradle/caches/6.5/md-rule)" [_thread_blocked, id=33455, stack(0x000070000bad3000,0x000070000bbd3000)]
  0x00007fccaba67800 JavaThread "Cache worker for cache directory md-supplier (/Users/soso/.gradle/caches/6.5/md-supplier)" [_thread_blocked, id=73347, stack(0x000070000b9d0000,0x000070000bad0000)]
  0x00007fccac211000 JavaThread "Cache worker for checksums cache (/Users/soso/AndroidStudioProjects/DingBring/.gradle/checksums)" [_thread_blocked, id=44087, stack(0x000070000b8cd000,0x000070000b9cd000)]
  0x00007fccab513000 JavaThread "Cache worker for file hash cache (/Users/soso/AndroidStudioProjects/DingBring/.gradle/6.5/fileHashes)" [_thread_blocked, id=127915, stack(0x000070000b7ca000,0x000070000b8ca000)]
  0x00007fccb2211800 JavaThread "Thread-13297" [_thread_blocked, id=47879, stack(0x000070000b6c7000,0x000070000b7c7000)]
  0x00007fccb184a800 JavaThread "Stdin handler" [_thread_blocked, id=126215, stack(0x000070000b2bb000,0x000070000b3bb000)]
  0x00007fccb26ae000 JavaThread "Asynchronous log dispatcher for DefaultDaemonConnection: socket connection from /127.0.0.1:58085 to /127.0.0.1:53422" [_thread_blocked, id=98583, stack(0x000070000b1b8000,0x000070000b2b8000)]
  0x00007fccab3bc000 JavaThread "Daemon worker Thread 68" [_thread_blocked, id=120071, stack(0x000070000b0b5000,0x000070000b1b5000)]
  0x00007fccac334000 JavaThread "Cancel handler" [_thread_blocked, id=57511, stack(0x000070000aeaf000,0x000070000afaf000)]
  0x00007fccab3bf000 JavaThread "Handler for socket connection from /127.0.0.1:58085 to /127.0.0.1:53422" [_thread_in_native, id=55963, stack(0x000070000adac000,0x000070000aeac000)]
  0x00007fcca0192000 JavaThread "Daemon Thread 68" [_thread_blocked, id=99335, stack(0x000070000aca9000,0x000070000ada9000)]
  0x00007fccb26aa000 JavaThread "RMI TCP Connection(idle)" daemon [_thread_blocked, id=82207, stack(0x00007000153ee000,0x00007000154ee000)]
  0x00007fccb2437800 JavaThread "process reaper" daemon [_thread_in_native, id=51687, stack(0x000070000a30b000,0x000070000a333000)]
  0x00007fccac222000 JavaThread "RMI Reaper" [_thread_blocked, id=28439, stack(0x0000700014877000,0x0000700014977000)]
  0x00007fccac221800 JavaThread "GC Daemon" daemon [_thread_blocked, id=73751, stack(0x0000700014774000,0x0000700014874000)]
  0x00007fccb0d46000 JavaThread "Cache worker for Java compile cache (/Users/soso/.gradle/caches/6.5/javaCompile)" [_thread_blocked, id=93699, stack(0x0000700014671000,0x0000700014771000)]
  0x00007fccab3d0000 JavaThread "RMI TCP Accept-0" daemon [_thread_in_native, id=92163, stack(0x0000700014162000,0x0000700014262000)]
  0x00007fccaf9c6000 JavaThread "RMI Scheduler(0)" daemon [_thread_blocked, id=128259, stack(0x0000700013e59000,0x0000700013f59000)]
  0x00007fccb0d96800 JavaThread "Memory manager" [_thread_blocked, id=89347, stack(0x0000700013847000,0x0000700013947000)]
  0x00007fccab0f0000 JavaThread "Cache worker for file content cache (/Users/soso/.gradle/caches/6.5/fileContent)" [_thread_blocked, id=38915, stack(0x000070000c1e8000,0x000070000c2e8000)]
  0x00007fccac5ea000 JavaThread "Cache worker for execution history cache (/Users/soso/.gradle/caches/6.5/executionHistory)" [_thread_blocked, id=39171, stack(0x000070000c0e5000,0x000070000c1e5000)]
  0x00007fccabd89000 JavaThread "Cache worker for file hash cache (/Users/soso/.gradle/caches/6.5/fileHashes)" [_thread_blocked, id=23811, stack(0x000070000b5c4000,0x000070000b6c4000)]
  0x00007fccaba49000 JavaThread "File lock request listener" [_thread_in_native, id=41987, stack(0x000070000b4c1000,0x000070000b5c1000)]
  0x00007fccac33d800 JavaThread "Cache worker for journal cache (/Users/soso/.gradle/caches/journal-1)" [_thread_blocked, id=42499, stack(0x000070000b3be000,0x000070000b4be000)]
  0x00007fccad3cb800 JavaThread "Daemon periodic checks" [_thread_blocked, id=14339, stack(0x000070000aba6000,0x000070000aca6000)]
  0x00007fccab918000 JavaThread "Incoming local TCP Connector on port 58085" [_thread_in_native, id=15875, stack(0x000070000aaa3000,0x000070000aba3000)]
  0x00007fccad3d5000 JavaThread "Daemon health stats" [_thread_blocked, id=16131, stack(0x000070000a9a0000,0x000070000aaa0000)]
  0x00007fccad03f800 JavaThread "Service Thread" daemon [_thread_blocked, id=13571, stack(0x000070000a79a000,0x000070000a89a000)]
  0x00007fccad012000 JavaThread "C1 CompilerThread2" daemon [_thread_blocked, id=17411, stack(0x000070000a697000,0x000070000a797000)]
  0x00007fccab83b800 JavaThread "C2 CompilerThread1" daemon [_thread_blocked, id=13315, stack(0x000070000a594000,0x000070000a694000)]
  0x00007fccab83a000 JavaThread "C2 CompilerThread0" daemon [_thread_blocked, id=18179, stack(0x000070000a491000,0x000070000a591000)]
  0x00007fccab839800 JavaThread "Signal Dispatcher" daemon [_thread_blocked, id=18435, stack(0x000070000a38e000,0x000070000a48e000)]
  0x00007fccab02e000 JavaThread "Finalizer" daemon [_thread_blocked, id=11523, stack(0x000070000a185000,0x000070000a285000)]
  0x00007fccac008800 JavaThread "Reference Handler" daemon [_thread_blocked, id=11267, stack(0x000070000a082000,0x000070000a182000)]
  0x00007fccab80f800 JavaThread "main" [_thread_blocked, id=4099, stack(0x0000700009a70000,0x0000700009b70000)]

Other Threads:
  0x00007fccab82c000 VMThread [stack: 0x0000700009f7f000,0x000070000a07f000] [id=21507]
  0x00007fccab84c800 WatcherThread [stack: 0x000070000a89d000,0x000070000a99d000] [id=16643]

=>0x00007fccab812800 (exited) GCTaskThread [stack: 0x0000700009b73000,0x0000700009c73000] [id=8711]

VM state:at safepoint (normal execution)

VM Mutex/Monitor currently owned by a thread:  ([mutex/lock_event])
[0x00007fccaac10f40] Threads_lock - owner thread: 0x00007fccab82c000
[0x00007fccaac11440] Heap_lock - owner thread: 0x00007fccab3bc000

heap address: 0x0000000740000000, size: 2048 MB, Compressed Oops mode: Zero based, Oop shift amount: 3
Narrow klass base: 0x0000000000000000, Narrow klass shift: 3
Compressed class space size: 1073741824 Address: 0x00000007c0000000

Heap:
 PSYoungGen      total 309248K, used 308819K [0x0000000795580000, 0x00000007bfc00000, 0x00000007c0000000)
  eden space 232960K, 99% used [0x0000000795580000,0x00000007a38fc518,0x00000007a3900000)
  from space 76288K, 99% used [0x00000007a3900000,0x00000007a83188e0,0x00000007a8380000)
  to   space 230912K, 7% used [0x00000007b1a80000,0x00000007b2bf8040,0x00000007bfc00000)
 ParOldGen       total 556544K, used 479419K [0x0000000740000000, 0x0000000761f80000, 0x0000000795580000)
  object space 556544K, 86% used [0x0000000740000000,0x000000075d42ed28,0x0000000761f80000)
 Metaspace       used 198331K, capacity 209752K, committed 339288K, reserved 1343488K
  class space    used 23223K, capacity 25198K, committed 44416K, reserved 1048576K

Card table byte_map: [0x0000000103e78000,0x0000000104279000] byte_map_base: 0x0000000100478000

Marking Bits: (ParMarkBitMap*) 0x00000001034273f8
 Begin Bits: [0x0000000113a3d000, 0x0000000115a3d000)
 End Bits:   [0x0000000115a3d000, 0x0000000117a3d000)

Polling page: 0x000000010233e000

CodeCache: size=245760Kb used=142287Kb max_used=142455Kb free=103472Kb
 bounds [0x0000000104a3d000, 0x000000010d6ed000, 0x0000000113a3d000]
 total_blobs=38078 nmethods=37078 adapters=910
 compilation: enabled

Compilation events (10 events):
Event: 19516.859 Thread 0x00007fccad012000 nmethod 68456 0x000000010d6e7490 code [0x000000010d6e7920, 0x000000010d6ea828]
Event: 19516.864 Thread 0x00007fccab83b800 nmethod 68457 0x00000001096e9ed0 code [0x00000001096ea0c0, 0x00000001096ea858]
Event: 19516.900 Thread 0x00007fccad012000 68458       3       com.google.common.reflect.TypeResolver$TypeTable::where (115 bytes)
Event: 19516.903 Thread 0x00007fccab83a000 68459       4       org.gradle.api.internal.artifacts.transform.DefaultVariantTransformRegistry$TypedRegistration::getParameters (22 bytes)
Event: 19516.904 Thread 0x00007fccad012000 nmethod 68458 0x000000010ba6c150 code [0x000000010ba6c480, 0x000000010ba6de98]
Event: 19516.905 Thread 0x00007fccab83a000 nmethod 68459 0x0000000108547090 code [0x00000001085471e0, 0x0000000108547278]
Event: 19516.944 Thread 0x00007fccad012000 68460       3       com.android.build.gradle.tasks.MergeResources_Decorated::getAapt2FromMaven (34 bytes)
Event: 19516.947 Thread 0x00007fccad012000 nmethod 68460 0x00000001093d3c10 code [0x00000001093d3de0, 0x00000001093d45b8]
Event: 19517.008 Thread 0x00007fccad012000 68461       3       com.android.build.gradle.tasks.MergeResources_Decorated::getAapt2WorkersBuildService (37 bytes)
Event: 19517.009 Thread 0x00007fccad012000 nmethod 68461 0x00000001098d5a90 code [0x00000001098d5c60, 0x00000001098d6458]

GC Heap History (10 events):
Event: 19431.283 GC heap after
Heap after GC invocations=319 (full 16):
 PSYoungGen      total 453120K, used 187061K [0x0000000795580000, 0x00000007c0000000, 0x00000007c0000000)
  eden space 265728K, 0% used [0x0000000795580000,0x0000000795580000,0x00000007a5900000)
  from space 187392K, 99% used [0x00000007a5900000,0x00000007b0fad610,0x00000007b1000000)
  to   space 232960K, 0% used [0x00000007b1c80000,0x00000007b1c80000,0x00000007c0000000)
 ParOldGen       total 556544K, used 423963K [0x0000000740000000, 0x0000000761f80000, 0x0000000795580000)
  object space 556544K, 76% used [0x0000000740000000,0x0000000759e06d08,0x0000000761f80000)
 Metaspace       used 198296K, capacity 209732K, committed 339288K, reserved 1343488K
  class space    used 23220K, capacity 25194K, committed 44416K, reserved 1048576K
}
Event: 19442.697 GC heap before
{Heap before GC invocations=320 (full 16):
 PSYoungGen      total 453120K, used 452789K [0x0000000795580000, 0x00000007c0000000, 0x00000007c0000000)
  eden space 265728K, 100% used [0x0000000795580000,0x00000007a5900000,0x00000007a5900000)
  from space 187392K, 99% used [0x00000007a5900000,0x00000007b0fad610,0x00000007b1000000)
  to   space 232960K, 0% used [0x00000007b1c80000,0x00000007b1c80000,0x00000007c0000000)
 ParOldGen       total 556544K, used 423963K [0x0000000740000000, 0x0000000761f80000, 0x0000000795580000)
  object space 556544K, 76% used [0x0000000740000000,0x0000000759e06d08,0x0000000761f80000)
 Metaspace       used 198318K, capacity 209752K, committed 339288K, reserved 1343488K
  class space    used 23223K, capacity 25198K, committed 44416K, reserved 1048576K
Event: 19442.983 GC heap after
Heap after GC invocations=320 (full 16):
 PSYoungGen      total 465920K, used 128486K [0x0000000795580000, 0x00000007c0000000, 0x00000007c0000000)
  eden space 232960K, 0% used [0x0000000795580000,0x0000000795580000,0x00000007a3900000)
  from space 232960K, 55% used [0x00000007b1c80000,0x00000007b99f9bf0,0x00000007c0000000)
  to   space 232960K, 0% used [0x00000007a3900000,0x00000007a3900000,0x00000007b1c80000)
 ParOldGen       total 556544K, used 423987K [0x0000000740000000, 0x0000000761f80000, 0x0000000795580000)
  object space 556544K, 76% used [0x0000000740000000,0x0000000759e0cd08,0x0000000761f80000)
 Metaspace       used 198318K, capacity 209752K, committed 339288K, reserved 1343488K
  class space    used 23223K, capacity 25198K, committed 44416K, reserved 1048576K
}
Event: 19443.452 GC heap before
{Heap before GC invocations=321 (full 16):
 PSYoungGen      total 465920K, used 361446K [0x0000000795580000, 0x00000007c0000000, 0x00000007c0000000)
  eden space 232960K, 100% used [0x0000000795580000,0x00000007a3900000,0x00000007a3900000)
  from space 232960K, 55% used [0x00000007b1c80000,0x00000007b99f9bf0,0x00000007c0000000)
  to   space 232960K, 0% used [0x00000007a3900000,0x00000007a3900000,0x00000007b1c80000)
 ParOldGen       total 556544K, used 423987K [0x0000000740000000, 0x0000000761f80000, 0x0000000795580000)
  object space 556544K, 76% used [0x0000000740000000,0x0000000759e0cd08,0x0000000761f80000)
 Metaspace       used 198319K, capacity 209752K, committed 339288K, reserved 1343488K
  class space    used 23223K, capacity 25198K, committed 44416K, reserved 1048576K
Event: 19443.700 GC heap after
Heap after GC invocations=321 (full 16):
 PSYoungGen      total 465920K, used 136475K [0x0000000795580000, 0x00000007c0000000, 0x00000007c0000000)
  eden space 232960K, 0% used [0x0000000795580000,0x0000000795580000,0x00000007a3900000)
  from space 232960K, 58% used [0x00000007a3900000,0x00000007abe46f80,0x00000007b1c80000)
  to   space 232960K, 0% used [0x00000007b1c80000,0x00000007b1c80000,0x00000007c0000000)
 ParOldGen       total 556544K, used 424011K [0x0000000740000000, 0x0000000761f80000, 0x0000000795580000)
  object space 556544K, 76% used [0x0000000740000000,0x0000000759e12d08,0x0000000761f80000)
 Metaspace       used 198319K, capacity 209752K, committed 339288K, reserved 1343488K
  class space    used 23223K, capacity 25198K, committed 44416K, reserved 1048576K
}
Event: 19444.462 GC heap before
{Heap before GC invocations=322 (full 16):
 PSYoungGen      total 465920K, used 369435K [0x0000000795580000, 0x00000007c0000000, 0x00000007c0000000)
  eden space 232960K, 100% used [0x0000000795580000,0x00000007a3900000,0x00000007a3900000)
  from space 232960K, 58% used [0x00000007a3900000,0x00000007abe46f80,0x00000007b1c80000)
  to   space 232960K, 0% used [0x00000007b1c80000,0x00000007b1c80000,0x00000007c0000000)
 ParOldGen       total 556544K, used 424011K [0x0000000740000000, 0x0000000761f80000, 0x0000000795580000)
  object space 556544K, 76% used [0x0000000740000000,0x0000000759e12d08,0x0000000761f80000)
 Metaspace       used 198320K, capacity 209752K, committed 339288K, reserved 1343488K
  class space    used 23223K, capacity 25198K, committed 44416K, reserved 1048576K
Event: 19444.875 GC heap after
Heap after GC invocations=322 (full 16):
 PSYoungGen      total 465920K, used 139034K [0x0000000795580000, 0x00000007c0000000, 0x00000007c0000000)
  eden space 232960K, 0% used [0x0000000795580000,0x0000000795580000,0x00000007a3900000)
  from space 232960K, 59% used [0x00000007b1c80000,0x00000007ba446850,0x00000007c0000000)
  to   space 232960K, 0% used [0x00000007a3900000,0x00000007a3900000,0x00000007b1c80000)
 ParOldGen       total 556544K, used 435341K [0x0000000740000000, 0x0000000761f80000, 0x0000000795580000)
  object space 556544K, 78% used [0x0000000740000000,0x000000075a9234d0,0x0000000761f80000)
 Metaspace       used 198320K, capacity 209752K, committed 339288K, reserved 1343488K
  class space    used 23223K, capacity 25198K, committed 44416K, reserved 1048576K
}
Event: 19445.978 GC heap before
{Heap before GC invocations=323 (full 16):
 PSYoungGen      total 465920K, used 371994K [0x0000000795580000, 0x00000007c0000000, 0x00000007c0000000)
  eden space 232960K, 100% used [0x0000000795580000,0x00000007a3900000,0x00000007a3900000)
  from space 232960K, 59% used [0x00000007b1c80000,0x00000007ba446850,0x00000007c0000000)
  to   space 232960K, 0% used [0x00000007a3900000,0x00000007a3900000,0x00000007b1c80000)
 ParOldGen       total 556544K, used 435341K [0x0000000740000000, 0x0000000761f80000, 0x0000000795580000)
  object space 556544K, 78% used [0x0000000740000000,0x000000075a9234d0,0x0000000761f80000)
 Metaspace       used 198321K, capacity 209752K, committed 339288K, reserved 1343488K
  class space    used 23223K, capacity 25198K, committed 44416K, reserved 1048576K
Event: 19446.425 GC heap after
Heap after GC invocations=323 (full 16):
 PSYoungGen      total 309248K, used 75874K [0x0000000795580000, 0x00000007bfc00000, 0x00000007c0000000)
  eden space 232960K, 0% used [0x0000000795580000,0x0000000795580000,0x00000007a3900000)
  from space 76288K, 99% used [0x00000007a3900000,0x00000007a83188e0,0x00000007a8380000)
  to   space 230912K, 0% used [0x00000007b1a80000,0x00000007b1a80000,0x00000007bfc00000)
 ParOldGen       total 556544K, used 458003K [0x0000000740000000, 0x0000000761f80000, 0x0000000795580000)
  object space 556544K, 82% used [0x0000000740000000,0x000000075bf44ea0,0x0000000761f80000)
 Metaspace       used 198321K, capacity 209752K, committed 339288K, reserved 1343488K
  class space    used 23223K, capacity 25198K, committed 44416K, reserved 1048576K
}
Event: 19518.779 GC heap before
{Heap before GC invocations=324 (full 16):
 PSYoungGen      total 309248K, used 308819K [0x0000000795580000, 0x00000007bfc00000, 0x00000007c0000000)
  eden space 232960K, 99% used [0x0000000795580000,0x00000007a38fc518,0x00000007a3900000)
  from space 76288K, 99% used [0x00000007a3900000,0x00000007a83188e0,0x00000007a8380000)
  to   space 230912K, 0% used [0x00000007b1a80000,0x00000007b1a80000,0x00000007bfc00000)
 ParOldGen       total 556544K, used 458003K [0x0000000740000000, 0x0000000761f80000, 0x0000000795580000)
  object space 556544K, 82% used [0x0000000740000000,0x000000075bf44ea0,0x0000000761f80000)
 Metaspace       used 198331K, capacity 209752K, committed 339288K, reserved 1343488K
  class space    used 23223K, capacity 25198K, committed 44416K, reserved 1048576K

Deoptimization events (10 events):
Event: 19426.252 Thread 0x00007fccae9e3800 Uncommon trap: reason=unstable_if action=reinterpret pc=0x000000010d081798 method=android.databinding.tool.reflection.SdkUtil$ApiChecker.buildFullLookup()V @ 49
Event: 19442.439 Thread 0x00007fccaba67800 Uncommon trap: reason=bimorphic action=maybe_recompile pc=0x0000000106a1e07c method=org.gradle.internal.snapshot.SnapshotUtil$1.handleDifferent(I)Lorg/gradle/internal/snapshot/FileSystemNode; @ 4
Event: 19442.620 Thread 0x00007fccab7c7000 Uncommon trap: reason=bimorphic action=maybe_recompile pc=0x000000010d04d1c0 method=com.android.tools.r8.ir.optimize.v.a(Lcom/android/tools/r8/u/b/W;)V @ 402
Event: 19442.640 Thread 0x00007fccae9e3800 Uncommon trap: reason=bimorphic action=maybe_recompile pc=0x000000010d04d1c0 method=com.android.tools.r8.ir.optimize.v.a(Lcom/android/tools/r8/u/b/W;)V @ 402
Event: 19443.215 Thread 0x00007fccae9e3800 Uncommon trap: reason=unstable_if action=reinterpret pc=0x000000010c30ff0c method=com.android.tools.r8.ir.conversion.K.a()Lcom/android/tools/r8/graph/E; @ 670
Event: 19444.341 Thread 0x00007fccab1bb800 Uncommon trap: reason=unstable_if action=reinterpret pc=0x0000000106d88900 method=com.android.build.gradle.internal.matcher.FileExtensionWithPrefixPathMatcher.matches(Ljava/nio/file/Path;)Z @ 82
Event: 19444.357 Thread 0x00007fccab1bb800 Uncommon trap: reason=unstable_if action=reinterpret pc=0x0000000109542a30 method=com.android.build.gradle.internal.matcher.FolderInHierarchyPathMatcher.matches(Ljava/nio/file/Path;)Z @ 45
Event: 19444.360 Thread 0x00007fccab1bb800 Uncommon trap: reason=unstable_if action=reinterpret pc=0x000000010791f3a8 method=com.android.build.gradle.internal.matcher.FileNameWithSuffixPathMatcher.matches(Ljava/nio/file/Path;)Z @ 50
Event: 19445.114 Thread 0x00007fccab1bb800 Uncommon trap: reason=class_check action=maybe_recompile pc=0x0000000108614ea8 method=com.android.builder.merge.LazyIncrementalFileMergerInput.getFileStatus(Ljava/lang/String;)Lcom/android/ide/common/resources/FileStatus; @ 31
Event: 19446.474 Thread 0x00007fccb196b800 Uncommon trap: reason=class_check action=maybe_recompile pc=0x0000000107f5d038 method=org.gradle.internal.snapshot.impl.SnapshotSerializer.write(Lorg/gradle/internal/serialize/Encoder;Lorg/gradle/internal/snapshot/ValueSnapshot;)V @ 443

Classes redefined (0 events):
No events

Internal exceptions (10 events):
Event: 19443.780 Thread 0x00007fccae9e3800 Exception <a 'sun/nio/fs/UnixException'> (0x0000000798214f30) thrown at [/Volumes/Android/buildbot/src/googleplex-android/openjdk/out/hotspot/src/share/vm/prims/jni.cpp, line 710]
Event: 19443.781 Thread 0x00007fccae9e3800 Exception <a 'sun/nio/fs/UnixException'> (0x00000007983573e8) thrown at [/Volumes/Android/buildbot/src/googleplex-android/openjdk/out/hotspot/src/share/vm/prims/jni.cpp, line 710]
Event: 19443.781 Thread 0x00007fccae9e3800 Exception <a 'sun/nio/fs/UnixException'> (0x00000007983a0820) thrown at [/Volumes/Android/buildbot/src/googleplex-android/openjdk/out/hotspot/src/share/vm/prims/jni.cpp, line 710]
Event: 19443.789 Thread 0x00007fccae9e3800 Exception <a 'sun/nio/fs/UnixException'> (0x00000007984317b0) thrown at [/Volumes/Android/buildbot/src/googleplex-android/openjdk/out/hotspot/src/share/vm/prims/jni.cpp, line 710]
Event: 19443.790 Thread 0x00007fccae9e3800 Exception <a 'sun/nio/fs/UnixException'> (0x000000079843af60) thrown at [/Volumes/Android/buildbot/src/googleplex-android/openjdk/out/hotspot/src/share/vm/prims/jni.cpp, line 710]
Event: 19443.791 Thread 0x00007fccae9e3800 Exception <a 'sun/nio/fs/UnixException'> (0x00000007987f0de8) thrown at [/Volumes/Android/buildbot/src/googleplex-android/openjdk/out/hotspot/src/share/vm/prims/jni.cpp, line 710]
Event: 19443.792 Thread 0x00007fccae9e3800 Exception <a 'sun/nio/fs/UnixException'> (0x000000079883e060) thrown at [/Volumes/Android/buildbot/src/googleplex-android/openjdk/out/hotspot/src/share/vm/prims/jni.cpp, line 710]
Event: 19445.529 Thread 0x00007fcca0660000 Exception <a 'sun/nio/fs/UnixException'> (0x00000007a1f3a850) thrown at [/Volumes/Android/buildbot/src/googleplex-android/openjdk/out/hotspot/src/share/vm/prims/jni.cpp, line 710]
Event: 19445.743 Thread 0x00007fccb58cd000 Exception <a 'sun/nio/fs/UnixException'> (0x00000007a33b5368) thrown at [/Volumes/Android/buildbot/src/googleplex-android/openjdk/out/hotspot/src/share/vm/prims/jni.cpp, line 710]
Event: 19446.522 Thread 0x00007fccae944800 Exception <a 'sun/nio/fs/UnixException'> (0x0000000795c6e8c8) thrown at [/Volumes/Android/buildbot/src/googleplex-android/openjdk/out/hotspot/src/share/vm/prims/jni.cpp, line 710]

Events (10 events):
Event: 19517.000 Thread 0x00007fccb3567800 Thread added: 0x00007fccb3567800
Event: 19517.067 Thread 0x00007fccad012000 flushing nmethod 0x000000010c0b3110
Event: 19518.335 Thread 0x00007fccb5970800 Thread added: 0x00007fccb5970800
Event: 19518.335 Thread 0x00007fccad648800 Thread added: 0x00007fccad648800
Event: 19518.335 Thread 0x00007fccabd7d000 Thread added: 0x00007fccabd7d000
Event: 19518.336 Executing VM operation: RevokeBias
Event: 19518.337 Executing VM operation: RevokeBias done
Event: 19518.337 Executing VM operation: RevokeBias
Event: 19518.338 Executing VM operation: RevokeBias done
Event: 19518.778 Executing VM operation: ParallelGCFailedAllocation


Dynamic libraries:
0x00007fff316c3000 	/System/Library/Frameworks/Cocoa.framework/Versions/A/Cocoa
0x00007fff3eebc000 	/System/Library/Frameworks/Security.framework/Versions/A/Security
0x00007fff30628000 	/System/Library/Frameworks/ApplicationServices.framework/Versions/A/ApplicationServices
0x00007fff6b9e0000 	/usr/lib/libz.1.dylib
0x00007fff694a4000 	/usr/lib/libSystem.B.dylib
0x00007fff32565000 	/System/Library/Frameworks/CoreFoundation.framework/Versions/A/CoreFoundation
0x00007fff34c22000 	/System/Library/Frameworks/Foundation.framework/Versions/C/Foundation
0x00007fff6b304000 	/usr/lib/libobjc.A.dylib
0x00007fff2f818000 	/System/Library/Frameworks/AppKit.framework/Versions/C/AppKit
0x00007fff32047000 	/System/Library/Frameworks/CoreData.framework/Versions/A/CoreData
0x00007fff634b9000 	/System/Library/PrivateFrameworks/UIFoundation.framework/Versions/A/UIFoundation
0x00007fff5e54d000 	/System/Library/PrivateFrameworks/RemoteViewServices.framework/Versions/A/RemoteViewServices
0x00007fff66014000 	/System/Library/PrivateFrameworks/XCTTargetBootstrap.framework/Versions/A/XCTTargetBootstrap
0x00007fff32432000 	/System/Library/Frameworks/CoreDisplay.framework/Versions/A/CoreDisplay
0x00007fff37add000 	/System/Library/Frameworks/Metal.framework/Versions/A/Metal
0x00007fff4c550000 	/System/Library/PrivateFrameworks/DesktopServicesPriv.framework/Versions/A/DesktopServicesPriv
0x00007fff6a5df000 	/usr/lib/liblangid.dylib
0x00007fff4b7e5000 	/System/Library/PrivateFrameworks/CoreSVG.framework/Versions/A/CoreSVG
0x00007fff616a9000 	/System/Library/PrivateFrameworks/SkyLight.framework/Versions/A/SkyLight
0x00007fff329e6000 	/System/Library/Frameworks/CoreGraphics.framework/Versions/A/CoreGraphics
0x00007fff2e1ec000 	/System/Library/Frameworks/Accelerate.framework/Versions/A/Accelerate
0x00007fff6b8d1000 	/usr/lib/libxml2.2.dylib
0x00007fff574d8000 	/System/Library/PrivateFrameworks/IconServices.framework/Versions/A/IconServices
0x00007fff35401000 	/System/Library/Frameworks/IOSurface.framework/Versions/A/IOSurface
0x00007fff68fce000 	/usr/lib/libDiagnosticMessagesClient.dylib
0x00007fff4c3aa000 	/System/Library/PrivateFrameworks/DFRFoundation.framework/Versions/A/DFRFoundation
0x00007fff6a36e000 	/usr/lib/libicucore.A.dylib
0x00007fff3095a000 	/System/Library/Frameworks/AudioToolbox.framework/Versions/A/AudioToolbox
0x00007fff30a3d000 	/System/Library/Frameworks/AudioUnit.framework/Versions/A/AudioUnit
0x00007fff696a6000 	/usr/lib/libauto.dylib
0x00007fff4c44c000 	/System/Library/PrivateFrameworks/DataDetectorsCore.framework/Versions/A/DataDetectorsCore
0x00007fff311e4000 	/System/Library/Frameworks/Carbon.framework/Versions/A/Frameworks/HIToolbox.framework/Versions/A/HIToolbox
0x00007fff3e0b6000 	/System/Library/Frameworks/QuartzCore.framework/Versions/A/QuartzCore
0x00007fff31523000 	/System/Library/Frameworks/Carbon.framework/Versions/A/Frameworks/SpeechRecognition.framework/Versions/A/SpeechRecognition
0x00007fff4bebe000 	/System/Library/PrivateFrameworks/CoreUI.framework/Versions/A/CoreUI
0x00007fff31ab2000 	/System/Library/Frameworks/CoreAudio.framework/Versions/A/CoreAudio
0x00007fff348e1000 	/System/Library/Frameworks/DiskArbitration.framework/Versions/A/DiskArbitration
0x00007fff59528000 	/System/Library/PrivateFrameworks/MultitouchSupport.framework/Versions/A/MultitouchSupport
0x00007fff6a235000 	/usr/lib/libenergytrace.dylib
0x00007fff3535b000 	/System/Library/Frameworks/IOKit.framework/Versions/A/IOKit
0x00007fff3394d000 	/System/Library/Frameworks/CoreServices.framework/Versions/A/CoreServices
0x00007fff5b6e0000 	/System/Library/PrivateFrameworks/PerformanceAnalysis.framework/Versions/A/PerformanceAnalysis
0x00007fff3d0e9000 	/System/Library/Frameworks/OpenGL.framework/Versions/A/OpenGL
0x00007fff316d1000 	/System/Library/Frameworks/ColorSync.framework/Versions/A/ColorSync
0x00007fff33069000 	/System/Library/Frameworks/CoreImage.framework/Versions/A/CoreImage
0x00007fff343c0000 	/System/Library/Frameworks/CoreText.framework/Versions/A/CoreText
0x00007fff35491000 	/System/Library/Frameworks/ImageIO.framework/Versions/A/ImageIO
0x00007fff6978a000 	/usr/lib/libc++.1.dylib
0x00007fff69806000 	/usr/lib/libcompression.dylib
0x00007fff69312000 	/usr/lib/libMobileGestalt.dylib
0x00007fff63223000 	/System/Library/PrivateFrameworks/TextureIO.framework/Versions/A/TextureIO
0x00007fff69609000 	/usr/lib/libate.dylib
0x00007fff576e1000 	/System/Library/PrivateFrameworks/InternationalSupport.framework/Versions/A/InternationalSupport
0x00007fff6c2a1000 	/usr/lib/system/libcache.dylib
0x00007fff6c2a7000 	/usr/lib/system/libcommonCrypto.dylib
0x00007fff6c2b3000 	/usr/lib/system/libcompiler_rt.dylib
0x00007fff6c2bb000 	/usr/lib/system/libcopyfile.dylib
0x00007fff6c2c5000 	/usr/lib/system/libcorecrypto.dylib
0x00007fff6c464000 	/usr/lib/system/libdispatch.dylib
0x00007fff6c4a5000 	/usr/lib/system/libdyld.dylib
0x00007fff6c4dc000 	/usr/lib/system/libkeymgr.dylib
0x00007fff6c4ea000 	/usr/lib/system/liblaunch.dylib
0x00007fff6c4eb000 	/usr/lib/system/libmacho.dylib
0x00007fff6c4f1000 	/usr/lib/system/libquarantine.dylib
0x00007fff6c4f4000 	/usr/lib/system/libremovefile.dylib
0x00007fff6c4f6000 	/usr/lib/system/libsystem_asl.dylib
0x00007fff6c50e000 	/usr/lib/system/libsystem_blocks.dylib
0x00007fff6c50f000 	/usr/lib/system/libsystem_c.dylib
0x00007fff6c597000 	/usr/lib/system/libsystem_configuration.dylib
0x00007fff6c59b000 	/usr/lib/system/libsystem_coreservices.dylib
0x00007fff6c59f000 	/usr/lib/system/libsystem_darwin.dylib
0x00007fff6c5a8000 	/usr/lib/system/libsystem_dnssd.dylib
0x00007fff6c5b0000 	/usr/lib/system/libsystem_featureflags.dylib
0x00007fff6c5b2000 	/usr/lib/system/libsystem_info.dylib
0x00007fff6c62d000 	/usr/lib/system/libsystem_m.dylib
0x00007fff6c675000 	/usr/lib/system/libsystem_malloc.dylib
0x00007fff6c69d000 	/usr/lib/system/libsystem_networkextension.dylib
0x00007fff6c6ab000 	/usr/lib/system/libsystem_notify.dylib
0x00007fff6c6c9000 	/usr/lib/system/libsystem_sandbox.dylib
0x00007fff6c6ce000 	/usr/lib/system/libsystem_secinit.dylib
0x00007fff6c600000 	/usr/lib/system/libsystem_kernel.dylib
0x00007fff6c6b5000 	/usr/lib/system/libsystem_platform.dylib
0x00007fff6c6be000 	/usr/lib/system/libsystem_pthread.dylib
0x00007fff6c6d1000 	/usr/lib/system/libsystem_symptoms.dylib
0x00007fff6c6d9000 	/usr/lib/system/libsystem_trace.dylib
0x00007fff6c6f1000 	/usr/lib/system/libunwind.dylib
0x00007fff6c6f7000 	/usr/lib/system/libxpc.dylib
0x00007fff697dd000 	/usr/lib/libc++abi.dylib
0x00007fff6a5e1000 	/usr/lib/liblzma.5.dylib
0x00007fff6a25c000 	/usr/lib/libfakelink.dylib
0x00007fff69596000 	/usr/lib/libarchive.2.dylib
0x00007fff3ff6d000 	/System/Library/Frameworks/SystemConfiguration.framework/Versions/A/SystemConfiguration
0x00007fff68f01000 	/usr/lib/libCRFSuite.dylib
0x00007fff30dd4000 	/System/Library/Frameworks/CFNetwork.framework/Versions/A/CFNetwork
0x00007fff6976c000 	/usr/lib/libbsm.0.dylib
0x00007fff6c4dd000 	/usr/lib/system/libkxld.dylib
0x00007fff45d27000 	/System/Library/PrivateFrameworks/AppleFSCompression.framework/Versions/A/AppleFSCompression
0x00007fff69af7000 	/usr/lib/libcoretls.dylib
0x00007fff69b0e000 	/usr/lib/libcoretls_cfhelpers.dylib
0x00007fff6b34a000 	/usr/lib/libpam.2.dylib
0x00007fff6b47f000 	/usr/lib/libsqlite3.dylib
0x00007fff6b8be000 	/usr/lib/libxar.1.dylib
0x00007fff6977d000 	/usr/lib/libbz2.1.0.dylib
0x00007fff6a27d000 	/usr/lib/libiconv.2.dylib
0x00007fff697f3000 	/usr/lib/libcharset.1.dylib
0x00007fff6ade7000 	/usr/lib/libnetwork.dylib
0x00007fff6b351000 	/usr/lib/libpcap.A.dylib
0x00007fff6954b000 	/usr/lib/libapple_nghttp2.dylib
0x00007fff33d04000 	/System/Library/Frameworks/CoreServices.framework/Versions/A/Frameworks/FSEvents.framework/Versions/A/FSEvents
0x00007fff339d4000 	/System/Library/Frameworks/CoreServices.framework/Versions/A/Frameworks/CarbonCore.framework/Versions/A/CarbonCore
0x00007fff33f48000 	/System/Library/Frameworks/CoreServices.framework/Versions/A/Frameworks/Metadata.framework/Versions/A/Metadata
0x00007fff33fe1000 	/System/Library/Frameworks/CoreServices.framework/Versions/A/Frameworks/OSServices.framework/Versions/A/OSServices
0x00007fff3400f000 	/System/Library/Frameworks/CoreServices.framework/Versions/A/Frameworks/SearchKit.framework/Versions/A/SearchKit
0x00007fff3394e000 	/System/Library/Frameworks/CoreServices.framework/Versions/A/Frameworks/AE.framework/Versions/A/AE
0x00007fff33d0d000 	/System/Library/Frameworks/CoreServices.framework/Versions/A/Frameworks/LaunchServices.framework/Versions/A/LaunchServices
0x00007fff33cb6000 	/System/Library/Frameworks/CoreServices.framework/Versions/A/Frameworks/DictionaryServices.framework/Versions/A/DictionaryServices
0x00007fff34077000 	/System/Library/Frameworks/CoreServices.framework/Versions/A/Frameworks/SharedFileList.framework/Versions/A/SharedFileList
0x00007fff38f08000 	/System/Library/Frameworks/NetFS.framework/Versions/A/NetFS
0x00007fff59a58000 	/System/Library/PrivateFrameworks/NetAuth.framework/Versions/A/NetAuth
0x00007fff663e1000 	/System/Library/PrivateFrameworks/login.framework/Versions/A/Frameworks/loginsupport.framework/Versions/A/loginsupport
0x00007fff62cee000 	/System/Library/PrivateFrameworks/TCC.framework/Versions/A/TCC
0x00007fff4a958000 	/System/Library/PrivateFrameworks/CoreNLP.framework/Versions/A/CoreNLP
0x00007fff58f55000 	/System/Library/PrivateFrameworks/MetadataUtilities.framework/Versions/A/MetadataUtilities
0x00007fff6a6b9000 	/usr/lib/libmecabra.dylib
0x00007fff6a611000 	/usr/lib/libmecab.dylib
0x00007fff6a26d000 	/usr/lib/libgermantok.dylib
0x00007fff69532000 	/usr/lib/libThaiTokenizer.dylib
0x00007fff68f38000 	/usr/lib/libChineseTokenizer.dylib
0x00007fff2e204000 	/System/Library/Frameworks/Accelerate.framework/Versions/A/Frameworks/vImage.framework/Versions/A/vImage
0x00007fff2f66e000 	/System/Library/Frameworks/Accelerate.framework/Versions/A/Frameworks/vecLib.framework/Versions/A/vecLib
0x00007fff2f5ab000 	/System/Library/Frameworks/Accelerate.framework/Versions/A/Frameworks/vecLib.framework/Versions/A/libvMisc.dylib
0x00007fff2f3d3000 	/System/Library/Frameworks/Accelerate.framework/Versions/A/Frameworks/vecLib.framework/Versions/A/libvDSP.dylib
0x00007fff2e85b000 	/System/Library/Frameworks/Accelerate.framework/Versions/A/Frameworks/vecLib.framework/Versions/A/libBLAS.dylib
0x00007fff2ef97000 	/System/Library/Frameworks/Accelerate.framework/Versions/A/Frameworks/vecLib.framework/Versions/A/libLAPACK.dylib
0x00007fff2f333000 	/System/Library/Frameworks/Accelerate.framework/Versions/A/Frameworks/vecLib.framework/Versions/A/libLinearAlgebra.dylib
0x00007fff2f3c0000 	/System/Library/Frameworks/Accelerate.framework/Versions/A/Frameworks/vecLib.framework/Versions/A/libSparseBLAS.dylib
0x00007fff2f349000 	/System/Library/Frameworks/Accelerate.framework/Versions/A/Frameworks/vecLib.framework/Versions/A/libQuadrature.dylib
0x00007fff2eac3000 	/System/Library/Frameworks/Accelerate.framework/Versions/A/Frameworks/vecLib.framework/Versions/A/libBNNS.dylib
0x00007fff2f34f000 	/System/Library/Frameworks/Accelerate.framework/Versions/A/Frameworks/vecLib.framework/Versions/A/libSparse.dylib
0x00007fff57ac9000 	/System/Library/PrivateFrameworks/LanguageModeling.framework/Versions/A/LanguageModeling
0x00007fff4a308000 	/System/Library/PrivateFrameworks/CoreEmoji.framework/Versions/A/CoreEmoji
0x00007fff57be7000 	/System/Library/PrivateFrameworks/LinguisticData.framework/Versions/A/LinguisticData
0x00007fff57b98000 	/System/Library/PrivateFrameworks/Lexicon.framework/Versions/A/Lexicon
0x00007fff697f4000 	/usr/lib/libcmph.dylib
0x00007fff3baf7000 	/System/Library/Frameworks/OpenDirectory.framework/Versions/A/Frameworks/CFOpenDirectory.framework/Versions/A/CFOpenDirectory
0x00007fff3bb14000 	/System/Library/Frameworks/OpenDirectory.framework/Versions/A/OpenDirectory
0x00007fff43f57000 	/System/Library/PrivateFrameworks/APFS.framework/Versions/A/APFS
0x00007fff3f206000 	/System/Library/Frameworks/SecurityFoundation.framework/Versions/A/SecurityFoundation
0x00007fff6b8ba000 	/usr/lib/libutil.dylib
0x00007fff4b83d000 	/System/Library/PrivateFrameworks/CoreServicesStore.framework/Versions/A/CoreServicesStore
0x00007fff3f2bd000 	/System/Library/Frameworks/ServiceManagement.framework/Versions/A/ServiceManagement
0x00007fff474f7000 	/System/Library/PrivateFrameworks/BackgroundTaskManagement.framework/Versions/A/BackgroundTaskManagement
0x00007fff6b9b7000 	/usr/lib/libxslt.1.dylib
0x00007fff4639a000 	/System/Library/PrivateFrameworks/AppleSystemInfo.framework/Versions/A/AppleSystemInfo
0x00007fff356ac000 	/System/Library/Frameworks/ImageIO.framework/Versions/A/Resources/libJPEG.dylib
0x00007fff3596b000 	/System/Library/Frameworks/ImageIO.framework/Versions/A/Resources/libTIFF.dylib
0x00007fff3594e000 	/System/Library/Frameworks/ImageIO.framework/Versions/A/Resources/libPng.dylib
0x00007fff355ee000 	/System/Library/Frameworks/ImageIO.framework/Versions/A/Resources/libGIF.dylib
0x00007fff355f2000 	/System/Library/Frameworks/ImageIO.framework/Versions/A/Resources/libJP2.dylib
0x00007fff35969000 	/System/Library/Frameworks/ImageIO.framework/Versions/A/Resources/libRadiance.dylib
0x00007fff6a236000 	/usr/lib/libexpat.1.dylib
0x00007fff45e82000 	/System/Library/PrivateFrameworks/AppleJPEG.framework/Versions/A/AppleJPEG
0x00007fff4eb3d000 	/System/Library/PrivateFrameworks/FontServices.framework/libFontParser.dylib
0x00007fff653e3000 	/System/Library/PrivateFrameworks/WatchdogClient.framework/Versions/A/WatchdogClient
0x00007fff57124000 	/System/Library/PrivateFrameworks/IOAccelerator.framework/Versions/A/IOAccelerator
0x00007fff37e78000 	/System/Library/Frameworks/MetalPerformanceShaders.framework/Versions/A/MetalPerformanceShaders
0x00007fff538ba000 	/System/Library/PrivateFrameworks/GPUWrangler.framework/Versions/A/GPUWrangler
0x00007fff57139000 	/System/Library/PrivateFrameworks/IOPresentment.framework/Versions/A/IOPresentment
0x00007fff4c3bd000 	/System/Library/PrivateFrameworks/DSExternalDisplay.framework/Versions/A/DSExternalDisplay
0x00007fff3c488000 	/System/Library/Frameworks/OpenGL.framework/Versions/A/Libraries/libCoreFSCache.dylib
0x00007fff37bc4000 	/System/Library/Frameworks/MetalPerformanceShaders.framework/Frameworks/MPSCore.framework/Versions/A/MPSCore
0x00007fff37c02000 	/System/Library/Frameworks/MetalPerformanceShaders.framework/Frameworks/MPSImage.framework/Versions/A/MPSImage
0x00007fff37cc9000 	/System/Library/Frameworks/MetalPerformanceShaders.framework/Frameworks/MPSNeuralNetwork.framework/Versions/A/MPSNeuralNetwork
0x00007fff37c8d000 	/System/Library/Frameworks/MetalPerformanceShaders.framework/Frameworks/MPSMatrix.framework/Versions/A/MPSMatrix
0x00007fff37e28000 	/System/Library/Frameworks/MetalPerformanceShaders.framework/Frameworks/MPSRayIntersector.framework/Versions/A/MPSRayIntersector
0x00007fff37cb3000 	/System/Library/Frameworks/MetalPerformanceShaders.framework/Frameworks/MPSNDArray.framework/Versions/A/MPSNDArray
0x00007fff58fa2000 	/System/Library/PrivateFrameworks/MetalTools.framework/Versions/A/MetalTools
0x00007fff45131000 	/System/Library/PrivateFrameworks/AggregateDictionary.framework/Versions/A/AggregateDictionary
0x00007fff49d50000 	/System/Library/PrivateFrameworks/CoreAnalytics.framework/Versions/A/CoreAnalytics
0x00007fff462b9000 	/System/Library/PrivateFrameworks/AppleSauce.framework/Versions/A/AppleSauce
0x00007fff691f4000 	/usr/lib/libIOReport.dylib
0x00007fff34578000 	/System/Library/Frameworks/CoreVideo.framework/Versions/A/CoreVideo
0x00007fff54d33000 	/System/Library/PrivateFrameworks/GraphVisualizer.framework/Versions/A/GraphVisualizer
0x00007fff4e083000 	/System/Library/PrivateFrameworks/FaceCore.framework/Versions/A/FaceCore
0x00007fff3ba9e000 	/System/Library/Frameworks/OpenCL.framework/Versions/A/OpenCL
0x00007fff69016000 	/usr/lib/libFosl_dynamic.dylib
0x00007fff5a478000 	/System/Library/PrivateFrameworks/OTSVG.framework/Versions/A/OTSVG
0x00007fff3072d000 	/System/Library/Frameworks/ApplicationServices.framework/Versions/A/Frameworks/ATS.framework/Versions/A/Resources/libFontRegistry.dylib
0x00007fff4ed0e000 	/System/Library/PrivateFrameworks/FontServices.framework/libhvf.dylib
0x00007fff3c493000 	/System/Library/Frameworks/OpenGL.framework/Versions/A/Libraries/libGFXShared.dylib
0x00007fff3c671000 	/System/Library/Frameworks/OpenGL.framework/Versions/A/Libraries/libGLU.dylib
0x00007fff3c49c000 	/System/Library/Frameworks/OpenGL.framework/Versions/A/Libraries/libGL.dylib
0x00007fff3c4a7000 	/System/Library/Frameworks/OpenGL.framework/Versions/A/Libraries/libGLImage.dylib
0x00007fff3c485000 	/System/Library/Frameworks/OpenGL.framework/Versions/A/Libraries/libCVMSPluginSupport.dylib
0x00007fff3c48e000 	/System/Library/Frameworks/OpenGL.framework/Versions/A/Libraries/libCoreVMClient.dylib
0x00007fff6ac88000 	/usr/lib/libncurses.5.4.dylib
0x00007fff30629000 	/System/Library/Frameworks/ApplicationServices.framework/Versions/A/Frameworks/ATS.framework/Versions/A/ATS
0x00007fff307f6000 	/System/Library/Frameworks/ApplicationServices.framework/Versions/A/Frameworks/ColorSyncLegacy.framework/Versions/A/ColorSyncLegacy
0x00007fff30894000 	/System/Library/Frameworks/ApplicationServices.framework/Versions/A/Frameworks/HIServices.framework/Versions/A/HIServices
0x00007fff308ec000 	/System/Library/Frameworks/ApplicationServices.framework/Versions/A/Frameworks/LangAnalysis.framework/Versions/A/LangAnalysis
0x00007fff308fb000 	/System/Library/Frameworks/ApplicationServices.framework/Versions/A/Frameworks/PrintCore.framework/Versions/A/PrintCore
0x00007fff30941000 	/System/Library/Frameworks/ApplicationServices.framework/Versions/A/Frameworks/QD.framework/Versions/A/QD
0x00007fff3094c000 	/System/Library/Frameworks/ApplicationServices.framework/Versions/A/Frameworks/SpeechSynthesis.framework/Versions/A/SpeechSynthesis
0x00007fff307c6000 	/System/Library/Frameworks/ApplicationServices.framework/Versions/A/Frameworks/ATSUI.framework/Versions/A/ATSUI
0x00007fff6a0cc000 	/usr/lib/libcups.2.dylib
0x00007fff36f13000 	/System/Library/Frameworks/Kerberos.framework/Versions/A/Kerberos
0x00007fff35054000 	/System/Library/Frameworks/GSS.framework/Versions/A/GSS
0x00007fff6b40b000 	/usr/lib/libresolv.9.dylib
0x00007fff54ee0000 	/System/Library/PrivateFrameworks/Heimdal.framework/Versions/A/Heimdal
0x00007fff36f26000 	/System/Library/Frameworks/Kerberos.framework/Versions/A/Libraries/libHeimdalProxy.dylib
0x00007fff6a273000 	/usr/lib/libheimdal-asn1.dylib
0x00007fff491e8000 	/System/Library/PrivateFrameworks/CommonAuth.framework/Versions/A/CommonAuth
0x00007fff46437000 	/System/Library/PrivateFrameworks/AssertionServices.framework/Versions/A/AssertionServices
0x00007fff46fda000 	/System/Library/PrivateFrameworks/AudioToolboxCore.framework/Versions/A/AudioToolboxCore
0x00007fff66091000 	/System/Library/PrivateFrameworks/caulk.framework/Versions/A/caulk
0x00007fff475a3000 	/System/Library/PrivateFrameworks/BaseBoard.framework/Versions/A/BaseBoard
0x00007fff5e6db000 	/System/Library/PrivateFrameworks/RunningBoardServices.framework/Versions/A/RunningBoardServices
0x00007fff5b6ec000 	/System/Library/PrivateFrameworks/PersistentConnection.framework/Versions/A/PersistentConnection
0x00007fff5e0d4000 	/System/Library/PrivateFrameworks/ProtocolBuffer.framework/Versions/A/ProtocolBuffer
0x00007fff4920c000 	/System/Library/PrivateFrameworks/CommonUtilities.framework/Versions/A/CommonUtilities
0x00007fff47731000 	/System/Library/PrivateFrameworks/Bom.framework/Versions/A/Bom
0x00007fff68ec7000 	/usr/lib/libAudioToolboxUtility.dylib
0x00007fff47501000 	/System/Library/PrivateFrameworks/Backup.framework/Versions/A/Backup
0x00007fff4c2de000 	/System/Library/PrivateFrameworks/CrashReporterSupport.framework/Versions/A/CrashReporterSupport
0x00007fff6016d000 	/System/Library/PrivateFrameworks/Sharing.framework/Versions/A/Sharing
0x00007fff45a45000 	/System/Library/PrivateFrameworks/Apple80211.framework/Versions/A/Apple80211
0x00007fff4721e000 	/System/Library/PrivateFrameworks/AuthKit.framework/Versions/A/AuthKit
0x00007fff4bfeb000 	/System/Library/PrivateFrameworks/CoreUtils.framework/Versions/A/CoreUtils
0x00007fff345bd000 	/System/Library/Frameworks/CoreWLAN.framework/Versions/A/CoreWLAN
0x00007fff351e1000 	/System/Library/Frameworks/IOBluetooth.framework/Versions/A/IOBluetooth
0x00007fff592a7000 	/System/Library/PrivateFrameworks/MobileKeyBag.framework/Versions/A/MobileKeyBag
0x00007fff4adf0000 	/System/Library/PrivateFrameworks/CorePhoneNumbers.framework/Versions/A/CorePhoneNumbers
0x00007fff45e35000 	/System/Library/PrivateFrameworks/AppleIDAuthSupport.framework/Versions/A/AppleIDAuthSupport
0x00007fff38f15000 	/System/Library/Frameworks/Network.framework/Versions/A/Network
0x00007fff57975000 	/System/Library/PrivateFrameworks/KeychainCircle.framework/Versions/A/KeychainCircle
0x00007fff3200e000 	/System/Library/Frameworks/CoreBluetooth.framework/Versions/A/CoreBluetooth
0x00007fff621ec000 	/System/Library/PrivateFrameworks/SpeechRecognitionCore.framework/Versions/A/SpeechRecognitionCore
0x0000000102c00000 	/private/var/folders/nk/77tzydc5271b4jt6909jb9m80000gn/T/AppTranslocation/BDDBB0C3-77ED-43C6-AEE6-E5E15E40E2C1/d/Android Studio.app/Contents/jre/jdk/Contents/Home/jre/lib/server/libjvm.dylib
0x00007fff6b78d000 	/usr/lib/libstdc++.6.dylib
0x00000001022e2000 	/private/var/folders/nk/77tzydc5271b4jt6909jb9m80000gn/T/AppTranslocation/BDDBB0C3-77ED-43C6-AEE6-E5E15E40E2C1/d/Android Studio.app/Contents/jre/jdk/Contents/Home/jre/lib/libverify.dylib
0x00000001022f4000 	/private/var/folders/nk/77tzydc5271b4jt6909jb9m80000gn/T/AppTranslocation/BDDBB0C3-77ED-43C6-AEE6-E5E15E40E2C1/d/Android Studio.app/Contents/jre/jdk/Contents/Home/jre/lib/libjava.dylib
0x0000000102388000 	/private/var/folders/nk/77tzydc5271b4jt6909jb9m80000gn/T/AppTranslocation/BDDBB0C3-77ED-43C6-AEE6-E5E15E40E2C1/d/Android Studio.app/Contents/jre/jdk/Contents/Home/jre/lib/libzip.dylib
0x00000001023dd000 	/private/var/folders/nk/77tzydc5271b4jt6909jb9m80000gn/T/AppTranslocation/BDDBB0C3-77ED-43C6-AEE6-E5E15E40E2C1/d/Android Studio.app/Contents/jre/jdk/Contents/Home/jre/lib/libnio.dylib
0x0000000119f68000 	/private/var/folders/nk/77tzydc5271b4jt6909jb9m80000gn/T/AppTranslocation/BDDBB0C3-77ED-43C6-AEE6-E5E15E40E2C1/d/Android Studio.app/Contents/jre/jdk/Contents/Home/jre/lib/libnet.dylib
0x000000011a4b3000 	/Users/soso/.gradle/native/f6784746aeab05261644944871eae4fe03e0ef1612fff0a4a95f87b438bc6780/osx-amd64/libnative-platform.dylib
0x000000011a7f5000 	/private/var/folders/nk/77tzydc5271b4jt6909jb9m80000gn/T/AppTranslocation/BDDBB0C3-77ED-43C6-AEE6-E5E15E40E2C1/d/Android Studio.app/Contents/jre/jdk/Contents/Home/jre/lib/libmanagement.dylib
0x000000011fc22000 	/private/var/folders/nk/77tzydc5271b4jt6909jb9m80000gn/T/AppTranslocation/BDDBB0C3-77ED-43C6-AEE6-E5E15E40E2C1/d/Android Studio.app/Contents/jre/jdk/Contents/Home/jre/lib/libsunec.dylib
0x00007fff6b85f000 	/usr/lib/libusrtcp.dylib
0x000000011fc5e000 	/private/var/folders/nk/77tzydc5271b4jt6909jb9m80000gn/T/native-platform6465128329981691097dir/libnative-platform.dylib

VM Arguments:
jvm_args: -Xmx2048m -Dfile.encoding=UTF-8 -Duser.country=FR -Duser.language=fr -Duser.variant 
java_command: org.gradle.launcher.daemon.bootstrap.GradleDaemon 6.5
java_class_path (initial): /Users/soso/.gradle/wrapper/dists/gradle-6.5-all/2oz4ud9k3tuxjg84bbf55q0tn/gradle-6.5/lib/gradle-launcher-6.5.jar
Launcher Type: SUN_STANDARD

Environment Variables:
PATH=/usr/local/bin:/usr/bin:/bin:/usr/sbin:/sbin
SHELL=/bin/zsh

Signal Handlers:
SIGSEGV: [libjvm.dylib+0x565c43], sa_mask[0]=11111111011111110111111111111111, sa_flags=SA_ONSTACK|SA_RESTART|SA_SIGINFO
SIGBUS: [libjvm.dylib+0x565c43], sa_mask[0]=11111111011111110111111111111111, sa_flags=SA_RESTART|SA_SIGINFO
SIGFPE: [libjvm.dylib+0x45dd9d], sa_mask[0]=11111111011111110111111111111111, sa_flags=SA_RESTART|SA_SIGINFO
SIGPIPE: [libjvm.dylib+0x45dd9d], sa_mask[0]=11111111011111110111111111111111, sa_flags=SA_RESTART|SA_SIGINFO
SIGXFSZ: [libjvm.dylib+0x45dd9d], sa_mask[0]=11111111011111110111111111111111, sa_flags=SA_RESTART|SA_SIGINFO
SIGILL: [libjvm.dylib+0x45dd9d], sa_mask[0]=11111111011111110111111111111111, sa_flags=SA_RESTART|SA_SIGINFO
SIGUSR1: SIG_DFL, sa_mask[0]=00000000000000000000000000000000, sa_flags=none
SIGUSR2: [libjvm.dylib+0x45e69c], sa_mask[0]=00100000000000000000000000000000, sa_flags=SA_RESTART|SA_SIGINFO
SIGHUP: [libjvm.dylib+0x45c8c1], sa_mask[0]=11111111011111110111111111111111, sa_flags=SA_RESTART|SA_SIGINFO
SIGINT: [libjvm.dylib+0x45c8c1], sa_mask[0]=11111111011111110111111111111111, sa_flags=SA_RESTART|SA_SIGINFO
SIGTERM: [libjvm.dylib+0x45c8c1], sa_mask[0]=11111111011111110111111111111111, sa_flags=SA_RESTART|SA_SIGINFO
SIGQUIT: [libjvm.dylib+0x45c8c1], sa_mask[0]=11111111011111110111111111111111, sa_flags=SA_RESTART|SA_SIGINFO


---------------  S Y S T E M  ---------------

OS:Bsduname:Darwin 19.6.0 Darwin Kernel Version 19.6.0: Mon Aug 31 22:12:52 PDT 2020; root:xnu-6153.141.2~1/RELEASE_X86_64 x86_64
rlimit: STACK 8192k, CORE 0k, NPROC 1392, NOFILE 10240, AS infinity
load average:5.74 4.35 3.85

CPU:total 4 (initial active 4) (2 cores per cpu, 2 threads per core) family 6 model 61 stepping 4, cmov, cx8, fxsr, mmx, sse, sse2, sse3, ssse3, sse4.1, sse4.2, popcnt, avx, avx2, aes, clmul, erms, 3dnowpref, lzcnt, ht, tsc, tscinvbit, bmi1, bmi2, adx

Memory: 4k page, physical 8388608k(19228k free)

/proc/meminfo:


vm_info: OpenJDK 64-Bit Server VM (25.242-b3-6222593) for bsd-amd64 JRE (1.8.0_242-release-1644-b3-6222593), built by "android-build" with gcc 4.2.1 Compatible Android (5484270 based on r353983c) Clang 9.0.3 (https://android.googlesource.com/toolchain/clang 745b335211bb9eadfa6aa6301f84715cee4b37c5) (https://android.googlesource.com/toolchain/llvm 60cf23e54e46c807513f7a36d0a7b777920b5881)

time: Thu Oct 22 16:03:04 2020
timezone: CEST
elapsed time: 19519 seconds (0d 5h 25m 19s)

