#
# A fatal error has been detected by the Java Runtime Environment:
#
#  SIGSEGV (0xb) at pc=0x000000010389c69a, pid=54880, tid=0x0000000000002107
#
# JRE version: OpenJDK Runtime Environment (8.0_242) (build 1.8.0_242-release-1644-b3-6222593)
# Java VM: OpenJDK 64-Bit Server VM (25.242-b3-6222593 mixed mode bsd-amd64 compressed oops)
# Problematic frame:
# V  [libjvm.dylib+0x49c69a]  oopDesc* PSPromotionManager::copy_to_survivor_space<false>(oopDesc*)+0x9a
#
# Failed to write core dump. Core dumps have been disabled. To enable core dumping, try "ulimit -c unlimited" before starting Java again
#
# If you would like to submit a bug report, please visit:
#   http://bugreport.java.com/bugreport/crash.jsp
#

---------------  T H R E A D  ---------------

Current thread (0x00007f8ee680e800):  GCTaskThread [stack: 0x0000700007249000,0x0000700007349000] [id=8455]

siginfo: si_signo: 11 (SIGSEGV), si_code: 1 (SEGV_MAPERR), si_addr: 0x00000000000000e8

Registers:
RAX=0x0000000000000000, RBX=0x00000007ba5df145, RCX=0x0000000000000003, RDX=0x0000000103c112d8
RSP=0x0000700007348ca0, RBP=0x0000700007348d10, RSI=0x000000079f5bd5d8, RDI=0x00000007c0378f30
R8 =0x0000000000000000, R9 =0x0000000103c01062, R10=0x00007f8ee5c13998, R11=0x000000001b021af0
R12=0x0000000000000000, R13=0x0000000000000005, R14=0x00007f8ee6027600, R15=0x000000079f5bd5d8
RIP=0x000000010389c69a, EFLAGS=0x0000000000010246, ERR=0x0000000000000004
  TRAPNO=0x000000000000000e

Top of Stack: (sp=0x0000700007348ca0)
0x0000700007348ca0:   0000700007348d28 00000007ba5dc010
0x0000700007348cb0:   0000000000001000 0000000000000016
0x0000700007348cc0:   0000000000046301 00000007abd426b2
0x0000700007348cd0:   0000700007348d60 000000000000000d
0x0000700007348ce0:   0000000000000006 00000007ba5df145
0x0000700007348cf0:   0000000103c21ffb 00007f8ee6027600
0x0000700007348d00:   00000007ba5df144 0000000103c112c8
0x0000700007348d10:   0000700007348d40 0000000103899f8a
0x0000700007348d20:   00000007ba5df145 0000000103c268a0
0x0000700007348d30:   00007f8ee6027660 00007f8ee6027698
0x0000700007348d40:   0000700007348da0 0000000103899e19
0x0000700007348d50:   0000700007348da0 000000010384f99d
0x0000700007348d60:   00000007c0033068 00000007ba5df145
0x0000700007348d70:   0000000740b19f6c 0000000000000240
0x0000700007348d80:   0000000740b1a000 0000000104694901
0x0000700007348d90:   0000000740b1a000 00000001046948d0
0x0000700007348da0:   0000700007348e50 000000010353d1bd
0x0000700007348db0:   0000000000000000 0000000104694900
0x0000700007348dc0:   0000000104694881 0000000104694900
0x0000700007348dd0:   0000000104694800 0000000000000200
0x0000700007348de0:   00000001046d03df 000000074827bf88
0x0000700007348df0:   0000000000000080 00007f8ee6027600
0x0000700007348e00:   0000000740b10010 0000000740b20040
0x0000700007348e10:   00000001046d03e0 00007f8ee5c13580
0x0000700007348e20:   00007f8ee5c13800 00007f8ee5e0b1f0
0x0000700007348e30:   00007f8ee5e0b1f0 00000001039cf89a
0x0000700007348e40:   00007f8ee6027600 0000000000000001
0x0000700007348e50:   0000700007348e80 000000010389d56d
0x0000700007348e60:   00007f8e00000004 00007f8ee6b6e480
0x0000700007348e70:   00007f8ee680e800 0000000000000000
0x0000700007348e80:   0000700007348f60 000000010365a011
0x0000700007348e90:   0000000103c22100 00007f8ee680e800 

Instructions: (pc=0x000000010389c69a)
0x000000010389c67a:   44 8b 67 08 45 85 e4 7e 0c 41 f6 c4 01 75 0b 41
0x000000010389c68a:   c1 ec 03 eb 4c 45 85 e4 78 11 48 8b 07 4c 89 fe
0x000000010389c69a:   ff 90 e8 00 00 00 41 89 c4 eb 36 31 c9 84 c0 0f
0x000000010389c6aa:   94 c1 49 63 44 8f 0c 44 89 e1 48 d3 e0 41 c1 ec 

Register to memory mapping:

RAX=0x0000000000000000 is an unknown value
RBX=0x00000007ba5df145 is an unknown value
RCX=0x0000000000000003 is an unknown value
RDX=0x0000000103c112d8: _ZN8Universe13_narrow_klassE+0 in /private/var/folders/nk/77tzydc5271b4jt6909jb9m80000gn/T/AppTranslocation/BDDBB0C3-77ED-43C6-AEE6-E5E15E40E2C1/d/Android Studio.app/Contents/jre/jdk/Contents/Home/jre/lib/server/libjvm.dylib at 0x0000000103400000
RSP=0x0000700007348ca0 is an unknown value
RBP=0x0000700007348d10 is an unknown value
RSI=0x000000079f5bd5d8 is an oop

[error occurred during error reporting (printing register info), id 0xb]

Stack: [0x0000700007249000,0x0000700007349000],  sp=0x0000700007348ca0,  free space=1023k
Native frames: (J=compiled Java code, j=interpreted, Vv=VM code, C=native code)
V  [libjvm.dylib+0x49c69a]  oopDesc* PSPromotionManager::copy_to_survivor_space<false>(oopDesc*)+0x9a
V  [libjvm.dylib+0x499f8a]  PSPromotionManager::process_popped_location_depth(StarTask)+0x106
V  [libjvm.dylib+0x499e19]  PSPromotionManager::drain_stacks_depth(bool)+0x1fb
V  [libjvm.dylib+0x13d1bd]  CardTableExtension::scavenge_contents_parallel(ObjectStartArray*, MutableSpace*, HeapWord*, PSPromotionManager*, unsigned int, unsigned int)+0x647
V  [libjvm.dylib+0x49d56d]  OldToYoungRootsTask::do_it(GCTaskManager*, unsigned int)+0x4b
V  [libjvm.dylib+0x25a011]  GCTaskThread::run()+0x12d
V  [libjvm.dylib+0x45b9eb]  java_start(Thread*)+0xfa
C  [libsystem_pthread.dylib+0x6109]  _pthread_start+0x94
C  [libsystem_pthread.dylib+0x1b8b]  thread_start+0xf


---------------  P R O C E S S  ---------------

Java Threads: ( => current thread )
  0x00007f8eee6bf800 JavaThread "Cache worker for execution history cache (/Users/soso/AndroidStudioProjects/DingBring/.gradle/6.5/executionHistory)" [_thread_blocked, id=96247, stack(0x0000700011b41000,0x0000700011c41000)]
  0x00007f8eee2a8800 JavaThread "Execution worker for ':' Thread 3" [_thread_blocked, id=62995, stack(0x000070001193b000,0x0000700011a3b000)]
  0x00007f8eeedeb000 JavaThread "Execution worker for ':' Thread 2" [_thread_blocked, id=93947, stack(0x0000700011838000,0x0000700011938000)]
  0x00007f8eee35a000 JavaThread "Execution worker for ':'" [_thread_blocked, id=66679, stack(0x0000700011735000,0x0000700011835000)]
  0x00007f8eee1a3000 JavaThread "Cache worker for file content cache (/Users/soso/AndroidStudioProjects/DingBring/.gradle/6.5/fileContent)" [_thread_blocked, id=95819, stack(0x0000700011632000,0x0000700011732000)]
  0x00007f8eee4a8800 JavaThread "Cache worker for Build Output Cleanup Cache (/Users/soso/AndroidStudioProjects/DingBring/.gradle/buildOutputCleanup)" [_thread_blocked, id=121771, stack(0x000070001152f000,0x000070001162f000)]
  0x00007f8ee9def800 JavaThread "jar transforms Thread 7320" [_thread_blocked, id=42263, stack(0x000070001142c000,0x000070001152c000)]
  0x00007f8eed03b000 JavaThread "jar transforms Thread 7319" [_thread_blocked, id=83087, stack(0x0000700011329000,0x0000700011429000)]
  0x00007f8eed03a000 JavaThread "jar transforms Thread 7318" [_thread_blocked, id=72347, stack(0x0000700011123000,0x0000700011223000)]
  0x00007f8eed039800 JavaThread "jar transforms Thread 7317" [_thread_blocked, id=79035, stack(0x0000700011020000,0x0000700011120000)]
  0x00007f8eed038800 JavaThread "jar transforms Thread 7316" [_thread_blocked, id=91651, stack(0x0000700010f1d000,0x000070001101d000)]
  0x00007f8eed7f8000 JavaThread "jar transforms Thread 7315" [_thread_blocked, id=99215, stack(0x0000700010e1a000,0x0000700010f1a000)]
  0x00007f8eed7f7000 JavaThread "jar transforms Thread 7314" [_thread_blocked, id=28403, stack(0x0000700010d17000,0x0000700010e17000)]
  0x00007f8eed7f6800 JavaThread "jar transforms Thread 7313" [_thread_blocked, id=75067, stack(0x0000700010c14000,0x0000700010d14000)]
  0x00007f8ee9d92800 JavaThread "jar transforms Thread 7312" [_thread_blocked, id=59455, stack(0x0000700010b11000,0x0000700010c11000)]
  0x00007f8ee9d91800 JavaThread "jar transforms Thread 7311" [_thread_blocked, id=32771, stack(0x0000700010a0e000,0x0000700010b0e000)]
  0x00007f8ee9d91000 JavaThread "jar transforms Thread 7310" [_thread_blocked, id=33367, stack(0x000070001090b000,0x0000700010a0b000)]
  0x00007f8eedc34800 JavaThread "jar transforms Thread 7309" [_thread_blocked, id=66411, stack(0x0000700010808000,0x0000700010908000)]
  0x00007f8eee7c4800 JavaThread "jar transforms Thread 7308" [_thread_blocked, id=68135, stack(0x0000700010705000,0x0000700010805000)]
  0x00007f8eee573000 JavaThread "jar transforms Thread 7307" [_thread_blocked, id=91963, stack(0x0000700010602000,0x0000700010702000)]
  0x00007f8eeedbf800 JavaThread "jar transforms Thread 7306" [_thread_blocked, id=84459, stack(0x00007000104ff000,0x00007000105ff000)]
  0x00007f8eeee6a800 JavaThread "jar transforms Thread 7305" [_thread_blocked, id=123499, stack(0x00007000103fc000,0x00007000104fc000)]
  0x00007f8eeef98800 JavaThread "jar transforms Thread 7304" [_thread_blocked, id=38027, stack(0x00007000102f9000,0x00007000103f9000)]
  0x00007f8eee457000 JavaThread "jar transforms Thread 7303" [_thread_blocked, id=25259, stack(0x00007000101f6000,0x00007000102f6000)]
  0x00007f8eee409000 JavaThread "jar transforms Thread 7302" [_thread_blocked, id=72507, stack(0x00007000100f3000,0x00007000101f3000)]
  0x00007f8eee7c6800 JavaThread "jar transforms Thread 7301" [_thread_blocked, id=84851, stack(0x000070000fff0000,0x00007000100f0000)]
  0x00007f8eeeb56800 JavaThread "jar transforms Thread 7300" [_thread_blocked, id=35147, stack(0x000070000feed000,0x000070000ffed000)]
  0x00007f8eedaf9000 JavaThread "jar transforms Thread 7299" [_thread_blocked, id=78575, stack(0x000070000fdea000,0x000070000feea000)]
  0x00007f8eedaf8000 JavaThread "jar transforms Thread 7298" [_thread_blocked, id=124447, stack(0x000070000fce7000,0x000070000fde7000)]
  0x00007f8eed7f1800 JavaThread "jar transforms Thread 7297" [_thread_blocked, id=53367, stack(0x000070000fbe4000,0x000070000fce4000)]
  0x00007f8eed7f1000 JavaThread "jar transforms Thread 7296" [_thread_blocked, id=69743, stack(0x000070000fae1000,0x000070000fbe1000)]
  0x00007f8ee9d1e000 JavaThread "jar transforms Thread 7295" [_thread_blocked, id=48695, stack(0x000070000f9de000,0x000070000fade000)]
  0x00007f8ee9d1d800 JavaThread "jar transforms Thread 7294" [_thread_blocked, id=55859, stack(0x000070000f8db000,0x000070000f9db000)]
  0x00007f8ee9dfc000 JavaThread "jar transforms Thread 7293" [_thread_blocked, id=62715, stack(0x000070000f7d8000,0x000070000f8d8000)]
  0x00007f8ee9dfb000 JavaThread "jar transforms Thread 7292" [_thread_blocked, id=53059, stack(0x000070000f6d5000,0x000070000f7d5000)]
  0x00007f8ee9c0d000 JavaThread "jar transforms Thread 7291" [_thread_blocked, id=65787, stack(0x000070000f5d2000,0x000070000f6d2000)]
  0x00007f8ee9c0c800 JavaThread "jar transforms Thread 7290" [_thread_blocked, id=12067, stack(0x000070000f4cf000,0x000070000f5cf000)]
  0x00007f8eed62b000 JavaThread "jar transforms Thread 7289" [_thread_blocked, id=93451, stack(0x000070000f3cc000,0x000070000f4cc000)]
  0x00007f8eed62a000 JavaThread "jar transforms Thread 7288" [_thread_blocked, id=43059, stack(0x000070000f2c9000,0x000070000f3c9000)]
  0x00007f8eed655800 JavaThread "jar transforms Thread 7287" [_thread_blocked, id=27959, stack(0x000070000f1c6000,0x000070000f2c6000)]
  0x00007f8eed654800 JavaThread "jar transforms Thread 7286" [_thread_blocked, id=28947, stack(0x000070000f0c3000,0x000070000f1c3000)]
  0x00007f8ee9c41800 JavaThread "jar transforms Thread 7285" [_thread_blocked, id=97271, stack(0x000070000efc0000,0x000070000f0c0000)]
  0x00007f8ee9c41000 JavaThread "jar transforms Thread 7284" [_thread_blocked, id=77547, stack(0x000070000eebd000,0x000070000efbd000)]
  0x00007f8eed1cb800 JavaThread "jar transforms Thread 7283" [_thread_blocked, id=127987, stack(0x000070000edba000,0x000070000eeba000)]
  0x00007f8eed1cb000 JavaThread "jar transforms Thread 7282" [_thread_blocked, id=122923, stack(0x000070000ecb7000,0x000070000edb7000)]
  0x00007f8eed629000 JavaThread "jar transforms Thread 7281" [_thread_blocked, id=83731, stack(0x000070000ebb4000,0x000070000ecb4000)]
  0x00007f8eed628000 JavaThread "jar transforms Thread 7280" [_thread_blocked, id=125955, stack(0x000070000eab1000,0x000070000ebb1000)]
  0x00007f8eeda9e800 JavaThread "jar transforms Thread 7279" [_thread_blocked, id=61663, stack(0x000070000e9ae000,0x000070000eaae000)]
  0x00007f8ee9d18800 JavaThread "jar transforms Thread 7278" [_thread_blocked, id=55799, stack(0x000070000e8ab000,0x000070000e9ab000)]
  0x00007f8eeda9e000 JavaThread "jar transforms Thread 7277" [_thread_blocked, id=120703, stack(0x000070000e7a8000,0x000070000e8a8000)]
  0x00007f8eeea07000 JavaThread "jar transforms Thread 7276" [_thread_blocked, id=78135, stack(0x000070000e6a5000,0x000070000e7a5000)]
  0x00007f8ee9d18000 JavaThread "jar transforms Thread 7275" [_thread_blocked, id=86383, stack(0x000070000e5a2000,0x000070000e6a2000)]
  0x00007f8eede45800 JavaThread "jar transforms Thread 7274" [_thread_blocked, id=67903, stack(0x000070000e49f000,0x000070000e59f000)]
  0x00007f8eede45000 JavaThread "jar transforms Thread 7273" [_thread_blocked, id=31747, stack(0x000070000e39c000,0x000070000e49c000)]
  0x00007f8ef0bb6000 JavaThread "jar transforms Thread 7272" [_thread_blocked, id=23531, stack(0x000070000e299000,0x000070000e399000)]
  0x00007f8eedffd800 JavaThread "jar transforms Thread 7271" [_thread_blocked, id=123383, stack(0x000070000e196000,0x000070000e296000)]
  0x00007f8ef0fd1000 JavaThread "jar transforms Thread 7270" [_thread_blocked, id=81967, stack(0x000070000e093000,0x000070000e193000)]
  0x00007f8eed11f000 JavaThread "jar transforms Thread 7269" [_thread_blocked, id=98463, stack(0x000070000df90000,0x000070000e090000)]
  0x00007f8eee599800 JavaThread "jar transforms Thread 7268" [_thread_blocked, id=94251, stack(0x000070000de8d000,0x000070000df8d000)]
  0x00007f8eedacf800 JavaThread "jar transforms Thread 7267" [_thread_blocked, id=27763, stack(0x000070000dd8a000,0x000070000de8a000)]
  0x00007f8ef083d000 JavaThread "jar transforms Thread 7266" [_thread_blocked, id=76531, stack(0x000070000dc87000,0x000070000dd87000)]
  0x00007f8eee79e000 JavaThread "jar transforms Thread 7265" [_thread_blocked, id=124723, stack(0x000070000db84000,0x000070000dc84000)]
  0x00007f8eee27b000 JavaThread "jar transforms Thread 7264" [_thread_blocked, id=31475, stack(0x000070000da81000,0x000070000db81000)]
  0x00007f8eee6bd000 JavaThread "jar transforms Thread 7263" [_thread_blocked, id=74823, stack(0x000070000d97e000,0x000070000da7e000)]
  0x00007f8eed21f800 JavaThread "jar transforms Thread 7262" [_thread_blocked, id=82679, stack(0x000070000d87b000,0x000070000d97b000)]
  0x00007f8eee335000 JavaThread "jar transforms Thread 7261" [_thread_blocked, id=18719, stack(0x000070000d778000,0x000070000d878000)]
  0x00007f8eee4e2000 JavaThread "jar transforms Thread 7260" [_thread_blocked, id=34811, stack(0x000070000d675000,0x000070000d775000)]
  0x00007f8ef0e3e800 JavaThread "jar transforms Thread 7259" [_thread_blocked, id=25075, stack(0x000070000d572000,0x000070000d672000)]
  0x00007f8eee31f000 JavaThread "jar transforms Thread 7258" [_thread_blocked, id=93423, stack(0x000070000d46f000,0x000070000d56f000)]
  0x00007f8eed40a800 JavaThread "jar transforms Thread 7257" [_thread_blocked, id=47663, stack(0x000070000d36c000,0x000070000d46c000)]
  0x00007f8eede25800 JavaThread "jar transforms Thread 7256" [_thread_blocked, id=50375, stack(0x000070000d269000,0x000070000d369000)]
  0x00007f8eed342000 JavaThread "jar transforms Thread 7255" [_thread_blocked, id=129159, stack(0x000070000d166000,0x000070000d266000)]
  0x00007f8ee9d1c000 JavaThread "jar transforms Thread 7254" [_thread_blocked, id=120115, stack(0x000070000d063000,0x000070000d163000)]
  0x00007f8eee167800 JavaThread "jar transforms Thread 7253" [_thread_blocked, id=47427, stack(0x000070000cf60000,0x000070000d060000)]
  0x00007f8eeef91000 JavaThread "jar transforms Thread 7252" [_thread_blocked, id=58487, stack(0x000070000ce5d000,0x000070000cf5d000)]
  0x00007f8ef0aa3800 JavaThread "jar transforms Thread 7251" [_thread_blocked, id=88627, stack(0x000070000cd5a000,0x000070000ce5a000)]
  0x00007f8eed7b4000 JavaThread "jar transforms Thread 7250" [_thread_blocked, id=21819, stack(0x000070000cc57000,0x000070000cd57000)]
  0x00007f8eed7cd000 JavaThread "jar transforms Thread 7249" [_thread_blocked, id=54711, stack(0x000070000cb54000,0x000070000cc54000)]
  0x00007f8ee9c0e800 JavaThread "jar transforms Thread 7248" [_thread_blocked, id=45111, stack(0x000070000ca51000,0x000070000cb51000)]
  0x00007f8ee9f0d800 JavaThread "jar transforms Thread 7247" [_thread_blocked, id=51951, stack(0x000070000c94e000,0x000070000ca4e000)]
  0x00007f8eed28b800 JavaThread "jar transforms Thread 7246" [_thread_blocked, id=63611, stack(0x000070000c84b000,0x000070000c94b000)]
  0x00007f8eee71a800 JavaThread "jar transforms Thread 7245" [_thread_blocked, id=11727, stack(0x000070000c748000,0x000070000c848000)]
  0x00007f8eee1f6800 JavaThread "jar transforms Thread 7244" [_thread_blocked, id=26863, stack(0x000070000c645000,0x000070000c745000)]
  0x00007f8eee024000 JavaThread "jar transforms Thread 7243" [_thread_blocked, id=54127, stack(0x000070000c542000,0x000070000c642000)]
  0x00007f8eee4d4800 JavaThread "jar transforms Thread 7242" [_thread_blocked, id=95323, stack(0x000070000c43f000,0x000070000c53f000)]
  0x00007f8eed273000 JavaThread "jar transforms Thread 7241" [_thread_blocked, id=48955, stack(0x000070000c33c000,0x000070000c43c000)]
  0x00007f8eee574800 JavaThread "jar transforms Thread 7240" [_thread_blocked, id=24823, stack(0x000070000c239000,0x000070000c339000)]
  0x00007f8eed41b000 JavaThread "jar transforms Thread 7239" [_thread_blocked, id=36359, stack(0x000070000c136000,0x000070000c236000)]
  0x00007f8eee421800 JavaThread "jar transforms Thread 7238" [_thread_blocked, id=68919, stack(0x000070000c033000,0x000070000c133000)]
  0x00007f8eed339000 JavaThread "jar transforms Thread 7237" [_thread_blocked, id=119907, stack(0x000070000bf30000,0x000070000c030000)]
  0x00007f8eee2e8000 JavaThread "jar transforms Thread 7236" [_thread_blocked, id=67831, stack(0x000070000be2d000,0x000070000bf2d000)]
  0x00007f8ee9fc2000 JavaThread "jar transforms Thread 7235" [_thread_blocked, id=25603, stack(0x000070000bd2a000,0x000070000be2a000)]
  0x00007f8eee6cb800 JavaThread "jar transforms Thread 7234" [_thread_blocked, id=79167, stack(0x000070000bc27000,0x000070000bd27000)]
  0x00007f8eed3bd000 JavaThread "jar transforms Thread 7233" [_thread_blocked, id=51515, stack(0x000070000bb24000,0x000070000bc24000)]
  0x00007f8eee5a6000 JavaThread "jar transforms Thread 7232" [_thread_blocked, id=53955, stack(0x000070000ba21000,0x000070000bb21000)]
  0x00007f8eed615000 JavaThread "jar transforms Thread 7231" [_thread_blocked, id=85527, stack(0x000070000b91e000,0x000070000ba1e000)]
  0x00007f8eeef2b800 JavaThread "jar transforms Thread 7230" [_thread_blocked, id=39903, stack(0x000070000b81b000,0x000070000b91b000)]
  0x00007f8ee9d0d800 JavaThread "jar transforms Thread 7229" [_thread_blocked, id=28815, stack(0x000070000b718000,0x000070000b818000)]
  0x00007f8eee8bb800 JavaThread "jar transforms Thread 7228" [_thread_blocked, id=56691, stack(0x000070000b615000,0x000070000b715000)]
  0x00007f8ee9fb6800 JavaThread "jar transforms Thread 7227" [_thread_blocked, id=44379, stack(0x000070000b512000,0x000070000b612000)]
  0x00007f8eedacb800 JavaThread "jar transforms Thread 7226" [_thread_blocked, id=39207, stack(0x000070000b40f000,0x000070000b50f000)]
  0x00007f8ef0a2b800 JavaThread "jar transforms Thread 7225" [_thread_blocked, id=76275, stack(0x000070000b30c000,0x000070000b40c000)]
  0x00007f8eedbfb800 JavaThread "jar transforms Thread 7224" [_thread_blocked, id=83503, stack(0x000070000b209000,0x000070000b309000)]
  0x00007f8eee293800 JavaThread "jar transforms Thread 7223" [_thread_blocked, id=16207, stack(0x000070000b106000,0x000070000b206000)]
  0x00007f8eed658000 JavaThread "jar transforms Thread 7222" [_thread_blocked, id=37047, stack(0x000070000b003000,0x000070000b103000)]
  0x00007f8ee9d30000 JavaThread "jar transforms Thread 7221" [_thread_blocked, id=64307, stack(0x000070000af00000,0x000070000b000000)]
  0x00007f8eed03c800 JavaThread "jar transforms Thread 7220" [_thread_blocked, id=54915, stack(0x000070000adfd000,0x000070000aefd000)]
  0x00007f8eed0b2800 JavaThread "jar transforms Thread 7219" [_thread_blocked, id=70455, stack(0x000070000acfa000,0x000070000adfa000)]
  0x00007f8ee9bd6800 JavaThread "jar transforms Thread 7218" [_thread_blocked, id=42559, stack(0x000070000abf7000,0x000070000acf7000)]
  0x00007f8eed1cd800 JavaThread "jar transforms Thread 7217" [_thread_blocked, id=72127, stack(0x000070000aaf4000,0x000070000abf4000)]
  0x00007f8eee8b8000 JavaThread "jar transforms Thread 7216" [_thread_blocked, id=130531, stack(0x000070000a9f1000,0x000070000aaf1000)]
  0x00007f8eed15b800 JavaThread "jar transforms Thread 7215" [_thread_blocked, id=128487, stack(0x000070000a8ee000,0x000070000a9ee000)]
  0x00007f8ee9bca000 JavaThread "jar transforms Thread 7214" [_thread_blocked, id=42219, stack(0x000070000a7eb000,0x000070000a8eb000)]
  0x00007f8eee9d0800 JavaThread "jar transforms Thread 7213" [_thread_blocked, id=48119, stack(0x000070000a6e8000,0x000070000a7e8000)]
  0x00007f8eeed45800 JavaThread "jar transforms Thread 7212" [_thread_blocked, id=120511, stack(0x000070000a5e5000,0x000070000a6e5000)]
  0x00007f8eee526000 JavaThread "jar transforms Thread 7211" [_thread_blocked, id=35639, stack(0x000070000a4e2000,0x000070000a5e2000)]
  0x00007f8eed176800 JavaThread "jar transforms Thread 7210" [_thread_blocked, id=87343, stack(0x000070000a3df000,0x000070000a4df000)]
  0x00007f8ef0fcc000 JavaThread "jar transforms Thread 7209" [_thread_blocked, id=39115, stack(0x000070000a2dc000,0x000070000a3dc000)]
  0x00007f8ee615f800 JavaThread "jar transforms Thread 7208" [_thread_blocked, id=62223, stack(0x000070000a1d9000,0x000070000a2d9000)]
  0x00007f8ee9fa5000 JavaThread "jar transforms Thread 7207" [_thread_blocked, id=65851, stack(0x000070000a0d6000,0x000070000a1d6000)]
  0x00007f8ef086f800 JavaThread "jar transforms Thread 7206" [_thread_blocked, id=50551, stack(0x0000700009fd3000,0x000070000a0d3000)]
  0x00007f8eed3c2000 JavaThread "jar transforms Thread 7205" [_thread_blocked, id=122771, stack(0x0000700009ed0000,0x0000700009fd0000)]
  0x00007f8eed1a4800 JavaThread "jar transforms Thread 7204" [_thread_blocked, id=16395, stack(0x0000700009dcd000,0x0000700009ecd000)]
  0x00007f8eed312800 JavaThread "jar transforms Thread 7203" [_thread_blocked, id=71111, stack(0x0000700009cca000,0x0000700009dca000)]
  0x00007f8eeeae5800 JavaThread "jar transforms Thread 7202" [_thread_blocked, id=74371, stack(0x0000700009bc7000,0x0000700009cc7000)]
  0x00007f8eee508000 JavaThread "jar transforms Thread 7201" [_thread_blocked, id=28499, stack(0x0000700009ac4000,0x0000700009bc4000)]
  0x00007f8eed659800 JavaThread "Build operations Thread 4" [_thread_blocked, id=85819, stack(0x00007000099c1000,0x0000700009ac1000)]
  0x00007f8eedd47000 JavaThread "Build operations Thread 3" [_thread_blocked, id=78643, stack(0x00007000096b8000,0x00007000097b8000)]
  0x00007f8eed30f000 JavaThread "Build operations Thread 2" [_thread_blocked, id=23663, stack(0x00007000095b5000,0x00007000096b5000)]
  0x00007f8eedcf2800 JavaThread "Build operations" [_thread_blocked, id=40171, stack(0x00007000094b2000,0x00007000095b2000)]
  0x00007f8eeedbd800 JavaThread "Cache worker for cache directory md-rule (/Users/soso/.gradle/caches/6.5/md-rule)" [_thread_blocked, id=46063, stack(0x00007000093af000,0x00007000094af000)]
  0x00007f8eed573000 JavaThread "Cache worker for cache directory md-supplier (/Users/soso/.gradle/caches/6.5/md-supplier)" [_thread_blocked, id=49835, stack(0x00007000092ac000,0x00007000093ac000)]
  0x00007f8eed0d9000 JavaThread "Cache worker for checksums cache (/Users/soso/AndroidStudioProjects/DingBring/.gradle/checksums)" [_thread_blocked, id=65159, stack(0x00007000091a9000,0x00007000092a9000)]
  0x00007f8eee6ce800 JavaThread "Cache worker for file hash cache (/Users/soso/AndroidStudioProjects/DingBring/.gradle/6.5/fileHashes)" [_thread_blocked, id=76671, stack(0x00007000090a6000,0x00007000091a6000)]
  0x00007f8ef0a07000 JavaThread "Thread-8759" [_thread_blocked, id=122095, stack(0x0000700008fa3000,0x00007000090a3000)]
  0x00007f8ef0d17000 JavaThread "Stdin handler" [_thread_blocked, id=48247, stack(0x0000700008ea0000,0x0000700008fa0000)]
  0x00007f8ef0b97000 JavaThread "Asynchronous log dispatcher for DefaultDaemonConnection: socket connection from /127.0.0.1:56149 to /127.0.0.1:50119" [_thread_blocked, id=81859, stack(0x0000700008d9d000,0x0000700008e9d000)]
  0x00007f8ef086e000 JavaThread "Daemon worker Thread 53" [_thread_blocked, id=67119, stack(0x0000700008991000,0x0000700008a91000)]
  0x00007f8ee66e4000 JavaThread "Cancel handler" [_thread_blocked, id=92399, stack(0x000070000888e000,0x000070000898e000)]
  0x00007f8ee78a0000 JavaThread "Handler for socket connection from /127.0.0.1:56149 to /127.0.0.1:50119" [_thread_in_native, id=60339, stack(0x000070000878b000,0x000070000888b000)]
  0x00007f8ee6148800 JavaThread "Daemon Thread 53" [_thread_blocked, id=128523, stack(0x0000700008688000,0x0000700008788000)]
  0x00007f8eed6de000 JavaThread "RMI TCP Connection(256)-127.0.0.1" daemon [_thread_in_native, id=119227, stack(0x0000700008585000,0x0000700008685000)]
  0x00007f8ee99ae800 JavaThread "RMI TCP Connection(idle)" daemon [_thread_blocked, id=82927, stack(0x0000700008482000,0x0000700008582000)]
  0x00007f8eeef95000 JavaThread "RMI TCP Connection(idle)" daemon [_thread_blocked, id=36847, stack(0x000070000837f000,0x000070000847f000)]
  0x00007f8eef819000 JavaThread "RMI Reaper" [_thread_blocked, id=57907, stack(0x0000700011f4d000,0x000070001204d000)]
  0x00007f8eef818800 JavaThread "GC Daemon" daemon [_thread_blocked, id=72999, stack(0x0000700011a3e000,0x0000700011b3e000)]
  0x00007f8ef0d37000 JavaThread "Cache worker for Java compile cache (/Users/soso/.gradle/caches/6.5/javaCompile)" [_thread_blocked, id=93959, stack(0x0000700011e4a000,0x0000700011f4a000)]
  0x00007f8ef0be4800 JavaThread "RMI TCP Accept-0" daemon [_thread_in_native, id=123907, stack(0x0000700012256000,0x0000700012356000)]
  0x00007f8ee677a000 JavaThread "RMI Scheduler(0)" daemon [_thread_blocked, id=125191, stack(0x0000700011d47000,0x0000700011e47000)]
  0x00007f8eec309800 JavaThread "Memory manager" [_thread_blocked, id=128003, stack(0x0000700011226000,0x0000700011326000)]
  0x00007f8eec5df800 JavaThread "Cache worker for file content cache (/Users/soso/.gradle/caches/6.5/fileContent)" [_thread_blocked, id=26115, stack(0x00007000098be000,0x00007000099be000)]
  0x00007f8ee61f0800 JavaThread "Cache worker for execution history cache (/Users/soso/.gradle/caches/6.5/executionHistory)" [_thread_blocked, id=25859, stack(0x00007000097bb000,0x00007000098bb000)]
  0x00007f8ee62e9800 JavaThread "Cache worker for file hash cache (/Users/soso/.gradle/caches/6.5/fileHashes)" [_thread_blocked, id=41219, stack(0x0000700008c9a000,0x0000700008d9a000)]
  0x00007f8ee74d5800 JavaThread "File lock request listener" [_thread_in_native, id=22787, stack(0x0000700008b97000,0x0000700008c97000)]
  0x00007f8ee7955000 JavaThread "Cache worker for journal cache (/Users/soso/.gradle/caches/journal-1)" [_thread_blocked, id=22275, stack(0x0000700008a94000,0x0000700008b94000)]
  0x00007f8ee61a4000 JavaThread "Daemon periodic checks" [_thread_blocked, id=16643, stack(0x000070000827c000,0x000070000837c000)]
  0x00007f8ee78a9000 JavaThread "Incoming local TCP Connector on port 56149" [_thread_in_native, id=16899, stack(0x0000700008179000,0x0000700008279000)]
  0x00007f8ee7e89800 JavaThread "Daemon health stats" [_thread_blocked, id=17155, stack(0x0000700008076000,0x0000700008176000)]
  0x00007f8ee606e000 JavaThread "Service Thread" daemon [_thread_blocked, id=17411, stack(0x0000700007e70000,0x0000700007f70000)]
  0x00007f8ee6053000 JavaThread "C1 CompilerThread2" daemon [_thread_blocked, id=13571, stack(0x0000700007d6d000,0x0000700007e6d000)]
  0x00007f8ee6052800 JavaThread "C2 CompilerThread1" daemon [_thread_blocked, id=17923, stack(0x0000700007c6a000,0x0000700007d6a000)]
  0x00007f8ee6044000 JavaThread "C2 CompilerThread0" daemon [_thread_blocked, id=13059, stack(0x0000700007b67000,0x0000700007c67000)]
  0x00007f8ee781c800 JavaThread "Signal Dispatcher" daemon [_thread_blocked, id=12803, stack(0x0000700007a64000,0x0000700007b64000)]
  0x00007f8ee6031800 JavaThread "Finalizer" daemon [_thread_blocked, id=20739, stack(0x000070000785b000,0x000070000795b000)]
  0x00007f8ee602f000 JavaThread "Reference Handler" daemon [_thread_blocked, id=11267, stack(0x0000700007758000,0x0000700007858000)]
  0x00007f8ee680c800 JavaThread "main" [_thread_blocked, id=3075, stack(0x0000700007146000,0x0000700007246000)]

Other Threads:
  0x00007f8ee6028000 VMThread [stack: 0x0000700007655000,0x0000700007755000] [id=21507]
  0x00007f8ee781c000 WatcherThread [stack: 0x0000700007f73000,0x0000700008073000] [id=14339]

=>0x00007f8ee680e800 (exited) GCTaskThread [stack: 0x0000700007249000,0x0000700007349000] [id=8455]

VM state:at safepoint (normal execution)

VM Mutex/Monitor currently owned by a thread:  ([mutex/lock_event])
[0x00007f8ee5e06ed0] Threads_lock - owner thread: 0x00007f8ee6028000
[0x00007f8ee5e073d0] Heap_lock - owner thread: 0x00007f8eed30f000

heap address: 0x0000000740000000, size: 2048 MB, Compressed Oops mode: Zero based, Oop shift amount: 3
Narrow klass base: 0x0000000000000000, Narrow klass shift: 3
Compressed class space size: 1073741824 Address: 0x00000007c0000000

Heap:
 PSYoungGen      total 593408K, used 560114K [0x0000000795580000, 0x00000007bd200000, 0x00000007c0000000)
  eden space 535552K, 100% used [0x0000000795580000,0x00000007b6080000,0x00000007b6080000)
  from space 57856K, 42% used [0x00000007b6080000,0x00000007b787c838,0x00000007b9900000)
  to   space 54784K, 40% used [0x00000007b9c80000,0x00000007bb246148,0x00000007bd200000)
 ParOldGen       total 770048K, used 133631K [0x0000000740000000, 0x000000076f000000, 0x0000000795580000)
  object space 770048K, 17% used [0x0000000740000000,0x000000074827ff88,0x000000076f000000)
 Metaspace       used 182015K, capacity 193516K, committed 212440K, reserved 1234944K
  class space    used 21617K, capacity 23634K, committed 27136K, reserved 1048576K

Card table byte_map: [0x000000010468f000,0x0000000104a90000] byte_map_base: 0x0000000100c8f000

Marking Bits: (ParMarkBitMap*) 0x0000000103c273f8
 Begin Bits: [0x0000000117823000, 0x0000000119823000)
 End Bits:   [0x0000000119823000, 0x000000011b823000)

Polling page: 0x0000000102bb8000

CodeCache: size=245760Kb used=131344Kb max_used=132104Kb free=114415Kb
 bounds [0x0000000108823000, 0x0000000110a23000, 0x0000000117823000]
 total_blobs=35935 nmethods=34933 adapters=911
 compilation: enabled

Compilation events (10 events):
Event: 23386.346 Thread 0x00007f8ee6053000 55726       1       com.android.build.gradle.internal.tasks.databinding.DataBindingCompilerArguments::getBaseFeatureInfoDir (5 bytes)
Event: 23386.347 Thread 0x00007f8ee6053000 nmethod 55726 0x000000010fd09250 code [0x000000010fd093a0, 0x000000010fd094b0]
Event: 23386.347 Thread 0x00007f8ee6053000 55727       1       com.android.build.gradle.internal.tasks.databinding.DataBindingCompilerArguments::getClassLogDir (5 bytes)
Event: 23386.347 Thread 0x00007f8ee6053000 nmethod 55727 0x000000010fd08f90 code [0x000000010fd090e0, 0x000000010fd091f0]
Event: 23386.347 Thread 0x00007f8ee6053000 55728       1       com.android.build.gradle.internal.tasks.databinding.DataBindingCompilerArguments::getDependencyArtifactsDir (5 bytes)
Event: 23386.347 Thread 0x00007f8ee6053000 nmethod 55728 0x000000010fd08cd0 code [0x000000010fd08e20, 0x000000010fd08f30]
Event: 23386.347 Thread 0x00007f8ee6053000 55729       1       com.android.build.gradle.internal.tasks.databinding.DataBindingCompilerArguments::getFeatureInfoDir (5 bytes)
Event: 23386.348 Thread 0x00007f8ee6053000 nmethod 55729 0x000000010fd08a10 code [0x000000010fd08b60, 0x000000010fd08c70]
Event: 23386.348 Thread 0x00007f8ee6053000 55730       1       com.android.build.gradle.internal.tasks.databinding.DataBindingCompilerArguments::getLayoutInfoDir (5 bytes)
Event: 23386.348 Thread 0x00007f8ee6053000 nmethod 55730 0x000000010fd08750 code [0x000000010fd088a0, 0x000000010fd089b0]

GC Heap History (10 events):
Event: 22630.642 GC heap after
Heap after GC invocations=256 (full 13):
 PSYoungGen      total 591360K, used 24559K [0x0000000795580000, 0x00000007bdb80000, 0x00000007c0000000)
  eden space 523776K, 0% used [0x0000000795580000,0x0000000795580000,0x00000007b5500000)
  from space 67584K, 36% used [0x00000007b5500000,0x00000007b6cfbd30,0x00000007b9700000)
  to   space 64512K, 0% used [0x00000007b9c80000,0x00000007b9c80000,0x00000007bdb80000)
 ParOldGen       total 770048K, used 133223K [0x0000000740000000, 0x000000076f000000, 0x0000000795580000)
  object space 770048K, 17% used [0x0000000740000000,0x0000000748219f88,0x000000076f000000)
 Metaspace       used 181918K, capacity 193384K, committed 212440K, reserved 1234944K
  class space    used 21616K, capacity 23634K, committed 27136K, reserved 1048576K
}
Event: 22769.400 GC heap before
{Heap before GC invocations=257 (full 13):
 PSYoungGen      total 591360K, used 548335K [0x0000000795580000, 0x00000007bdb80000, 0x00000007c0000000)
  eden space 523776K, 100% used [0x0000000795580000,0x00000007b5500000,0x00000007b5500000)
  from space 67584K, 36% used [0x00000007b5500000,0x00000007b6cfbd30,0x00000007b9700000)
  to   space 64512K, 0% used [0x00000007b9c80000,0x00000007b9c80000,0x00000007bdb80000)
 ParOldGen       total 770048K, used 133223K [0x0000000740000000, 0x000000076f000000, 0x0000000795580000)
  object space 770048K, 17% used [0x0000000740000000,0x0000000748219f88,0x000000076f000000)
 Metaspace       used 181929K, capacity 193448K, committed 212440K, reserved 1234944K
  class space    used 21616K, capacity 23634K, committed 27136K, reserved 1048576K
Event: 22769.501 GC heap after
Heap after GC invocations=257 (full 13):
 PSYoungGen      total 587776K, used 23649K [0x0000000795580000, 0x00000007bd400000, 0x00000007c0000000)
  eden space 530944K, 0% used [0x0000000795580000,0x0000000795580000,0x00000007b5c00000)
  from space 56832K, 41% used [0x00000007b9c80000,0x00000007bb398620,0x00000007bd400000)
  to   space 61440K, 0% used [0x00000007b5c00000,0x00000007b5c00000,0x00000007b9800000)
 ParOldGen       total 770048K, used 133311K [0x0000000740000000, 0x000000076f000000, 0x0000000795580000)
  object space 770048K, 17% used [0x0000000740000000,0x000000074822ff88,0x000000076f000000)
 Metaspace       used 181929K, capacity 193448K, committed 212440K, reserved 1234944K
  class space    used 21616K, capacity 23634K, committed 27136K, reserved 1048576K
}
Event: 22833.051 GC heap before
{Heap before GC invocations=258 (full 13):
 PSYoungGen      total 587776K, used 554593K [0x0000000795580000, 0x00000007bd400000, 0x00000007c0000000)
  eden space 530944K, 100% used [0x0000000795580000,0x00000007b5c00000,0x00000007b5c00000)
  from space 56832K, 41% used [0x00000007b9c80000,0x00000007bb398620,0x00000007bd400000)
  to   space 61440K, 0% used [0x00000007b5c00000,0x00000007b5c00000,0x00000007b9800000)
 ParOldGen       total 770048K, used 133311K [0x0000000740000000, 0x000000076f000000, 0x0000000795580000)
  object space 770048K, 17% used [0x0000000740000000,0x000000074822ff88,0x000000076f000000)
 Metaspace       used 181957K, capacity 193512K, committed 212440K, reserved 1234944K
  class space    used 21616K, capacity 23634K, committed 27136K, reserved 1048576K
Event: 22833.098 GC heap after
Heap after GC invocations=258 (full 13):
 PSYoungGen      total 592384K, used 22036K [0x0000000795580000, 0x00000007bd480000, 0x00000007c0000000)
  eden space 530944K, 0% used [0x0000000795580000,0x0000000795580000,0x00000007b5c00000)
  from space 61440K, 35% used [0x00000007b5c00000,0x00000007b71850a0,0x00000007b9800000)
  to   space 58880K, 0% used [0x00000007b9b00000,0x00000007b9b00000,0x00000007bd480000)
 ParOldGen       total 770048K, used 133327K [0x0000000740000000, 0x000000076f000000, 0x0000000795580000)
  object space 770048K, 17% used [0x0000000740000000,0x0000000748233f88,0x000000076f000000)
 Metaspace       used 181957K, capacity 193512K, committed 212440K, reserved 1234944K
  class space    used 21616K, capacity 23634K, committed 27136K, reserved 1048576K
}
Event: 23074.358 GC heap before
{Heap before GC invocations=259 (full 13):
 PSYoungGen      total 592384K, used 552980K [0x0000000795580000, 0x00000007bd480000, 0x00000007c0000000)
  eden space 530944K, 100% used [0x0000000795580000,0x00000007b5c00000,0x00000007b5c00000)
  from space 61440K, 35% used [0x00000007b5c00000,0x00000007b71850a0,0x00000007b9800000)
  to   space 58880K, 0% used [0x00000007b9b00000,0x00000007b9b00000,0x00000007bd480000)
 ParOldGen       total 770048K, used 133327K [0x0000000740000000, 0x000000076f000000, 0x0000000795580000)
  object space 770048K, 17% used [0x0000000740000000,0x0000000748233f88,0x000000076f000000)
 Metaspace       used 181973K, capacity 193512K, committed 212440K, reserved 1234944K
  class space    used 21616K, capacity 23634K, committed 27136K, reserved 1048576K
Event: 23074.502 GC heap after
Heap after GC invocations=259 (full 13):
 PSYoungGen      total 591360K, used 15312K [0x0000000795580000, 0x00000007bd180000, 0x00000007c0000000)
  eden space 535552K, 0% used [0x0000000795580000,0x0000000795580000,0x00000007b6080000)
  from space 55808K, 27% used [0x00000007b9b00000,0x00000007ba9f4020,0x00000007bd180000)
  to   space 57856K, 0% used [0x00000007b6080000,0x00000007b6080000,0x00000007b9900000)
 ParOldGen       total 770048K, used 133591K [0x0000000740000000, 0x000000076f000000, 0x0000000795580000)
  object space 770048K, 17% used [0x0000000740000000,0x0000000748275f88,0x000000076f000000)
 Metaspace       used 181973K, capacity 193512K, committed 212440K, reserved 1234944K
  class space    used 21616K, capacity 23634K, committed 27136K, reserved 1048576K
}
Event: 23084.644 GC heap before
{Heap before GC invocations=260 (full 13):
 PSYoungGen      total 591360K, used 550864K [0x0000000795580000, 0x00000007bd180000, 0x00000007c0000000)
  eden space 535552K, 100% used [0x0000000795580000,0x00000007b6080000,0x00000007b6080000)
  from space 55808K, 27% used [0x00000007b9b00000,0x00000007ba9f4020,0x00000007bd180000)
  to   space 57856K, 0% used [0x00000007b6080000,0x00000007b6080000,0x00000007b9900000)
 ParOldGen       total 770048K, used 133591K [0x0000000740000000, 0x000000076f000000, 0x0000000795580000)
  object space 770048K, 17% used [0x0000000740000000,0x0000000748275f88,0x000000076f000000)
 Metaspace       used 181988K, capacity 193512K, committed 212440K, reserved 1234944K
  class space    used 21616K, capacity 23634K, committed 27136K, reserved 1048576K
Event: 23084.703 GC heap after
Heap after GC invocations=260 (full 13):
 PSYoungGen      total 593408K, used 24562K [0x0000000795580000, 0x00000007bd200000, 0x00000007c0000000)
  eden space 535552K, 0% used [0x0000000795580000,0x0000000795580000,0x00000007b6080000)
  from space 57856K, 42% used [0x00000007b6080000,0x00000007b787c838,0x00000007b9900000)
  to   space 54784K, 0% used [0x00000007b9c80000,0x00000007b9c80000,0x00000007bd200000)
 ParOldGen       total 770048K, used 133615K [0x0000000740000000, 0x000000076f000000, 0x0000000795580000)
  object space 770048K, 17% used [0x0000000740000000,0x000000074827bf88,0x000000076f000000)
 Metaspace       used 181988K, capacity 193512K, committed 212440K, reserved 1234944K
  class space    used 21616K, capacity 23634K, committed 27136K, reserved 1048576K
}
Event: 23386.603 GC heap before
{Heap before GC invocations=261 (full 13):
 PSYoungGen      total 593408K, used 560114K [0x0000000795580000, 0x00000007bd200000, 0x00000007c0000000)
  eden space 535552K, 100% used [0x0000000795580000,0x00000007b6080000,0x00000007b6080000)
  from space 57856K, 42% used [0x00000007b6080000,0x00000007b787c838,0x00000007b9900000)
  to   space 54784K, 0% used [0x00000007b9c80000,0x00000007b9c80000,0x00000007bd200000)
 ParOldGen       total 770048K, used 133615K [0x0000000740000000, 0x000000076f000000, 0x0000000795580000)
  object space 770048K, 17% used [0x0000000740000000,0x000000074827bf88,0x000000076f000000)
 Metaspace       used 182015K, capacity 193516K, committed 212440K, reserved 1234944K
  class space    used 21617K, capacity 23634K, committed 27136K, reserved 1048576K

Deoptimization events (10 events):
Event: 20619.253 Thread 0x00007f8eee08f000 Uncommon trap: reason=class_check action=maybe_recompile pc=0x000000010c913cc4 method=com.google.common.cache.LocalCache$Segment.lockedGetOrLoad(Ljava/lang/Object;ILcom/google/common/cache/CacheLoader;)Ljava/lang/Object; @ 129
Event: 20625.638 Thread 0x00007f8eee15d800 Uncommon trap: reason=bimorphic action=maybe_recompile pc=0x000000010c3096ac method=com.google.common.collect.AbstractMultimap.asMap()Ljava/util/Map; @ 11
Event: 20626.670 Thread 0x00007f8ee9e19800 Uncommon trap: reason=unstable_if action=reinterpret pc=0x00000001109adac4 method=com.android.tools.r8.ir.regalloc.j.a(I)Z @ 17
Event: 20626.792 Thread 0x00007f8ee9f09800 Uncommon trap: reason=unstable_if action=reinterpret pc=0x00000001108f2ec8 method=com.android.tools.r8.ir.conversion.N.a(Lcom/android/tools/r8/u/b/p1;II)V @ 95
Event: 20922.525 Thread 0x00007f8eed1b0800 Uncommon trap: reason=bimorphic action=maybe_recompile pc=0x000000010c3096ac method=com.google.common.collect.AbstractMultimap.asMap()Ljava/util/Map; @ 11
Event: 21954.625 Thread 0x00007f8eedf75800 Uncommon trap: reason=unstable_if action=reinterpret pc=0x000000010ae946b8 method=java.util.concurrent.ConcurrentHashMap.fullAddCount(JZ)V @ 358
Event: 22218.276 Thread 0x00007f8eede25800 Uncommon trap: reason=unstable_if action=reinterpret pc=0x000000010ad62878 method=java.util.concurrent.ForkJoinTask.externalInterruptibleAwaitDone()I @ 102
Event: 22276.147 Thread 0x00007f8eed2d6000 Uncommon trap: reason=class_check action=maybe_recompile pc=0x000000010c913cc4 method=com.google.common.cache.LocalCache$Segment.lockedGetOrLoad(Ljava/lang/Object;ILcom/google/common/cache/CacheLoader;)Ljava/lang/Object; @ 129
Event: 23084.862 Thread 0x00007f8ef06a3800 Uncommon trap: reason=unstable_if action=reinterpret pc=0x000000010bd3c554 method=java.util.concurrent.ForkJoinTask.externalInterruptibleAwaitDone()I @ 91
Event: 23382.465 Thread 0x00007f8ef086e000 Uncommon trap: reason=unstable_if action=reinterpret pc=0x000000010fd4867c method=com.google.wireless.android.sdk.stats.GarbageCollectionStats$Builder.maybeForceBuilderInitialization()V @ 3

Classes redefined (0 events):
No events

Internal exceptions (10 events):
Event: 23084.582 Thread 0x00007f8ef086f800 Exception <a 'sun/nio/fs/UnixException'> (0x00000007b4afe3d0) thrown at [/Volumes/Android/buildbot/src/googleplex-android/openjdk/out/hotspot/src/share/vm/prims/jni.cpp, line 710]
Event: 23084.583 Thread 0x00007f8ef086f800 Exception <a 'sun/nio/fs/UnixException'> (0x00000007b4b87708) thrown at [/Volumes/Android/buildbot/src/googleplex-android/openjdk/out/hotspot/src/share/vm/prims/jni.cpp, line 710]
Event: 23084.584 Thread 0x00007f8ef086f800 Exception <a 'sun/nio/fs/UnixException'> (0x00000007b4b8f498) thrown at [/Volumes/Android/buildbot/src/googleplex-android/openjdk/out/hotspot/src/share/vm/prims/jni.cpp, line 710]
Event: 23084.586 Thread 0x00007f8ef086f800 Exception <a 'sun/nio/fs/UnixException'> (0x00000007b4c171b8) thrown at [/Volumes/Android/buildbot/src/googleplex-android/openjdk/out/hotspot/src/share/vm/prims/jni.cpp, line 710]
Event: 23084.587 Thread 0x00007f8ef086f800 Exception <a 'sun/nio/fs/UnixException'> (0x00000007b4c20ad0) thrown at [/Volumes/Android/buildbot/src/googleplex-android/openjdk/out/hotspot/src/share/vm/prims/jni.cpp, line 710]
Event: 23084.587 Thread 0x00007f8ef086f800 Exception <a 'sun/nio/fs/UnixException'> (0x00000007b4caa3f8) thrown at [/Volumes/Android/buildbot/src/googleplex-android/openjdk/out/hotspot/src/share/vm/prims/jni.cpp, line 710]
Event: 23085.038 Thread 0x00007f8eede25800 Exception <a 'sun/nio/fs/UnixException'> (0x000000079ae889b8) thrown at [/Volumes/Android/buildbot/src/googleplex-android/openjdk/out/hotspot/src/share/vm/prims/jni.cpp, line 710]
Event: 23085.147 Thread 0x00007f8eed471000 Exception <a 'sun/nio/fs/UnixException'> (0x000000079be25a00) thrown at [/Volumes/Android/buildbot/src/googleplex-android/openjdk/out/hotspot/src/share/vm/prims/jni.cpp, line 710]
Event: 23386.330 Thread 0x00007f8eee35a000 Exception <a 'sun/nio/fs/UnixException'> (0x00000007b402fd18) thrown at [/Volumes/Android/buildbot/src/googleplex-android/openjdk/out/hotspot/src/share/vm/prims/jni.cpp, line 710]
Event: 23386.330 Thread 0x00007f8eee35a000 Exception <a 'sun/nio/fs/UnixException'> (0x00000007b4030b30) thrown at [/Volumes/Android/buildbot/src/googleplex-android/openjdk/out/hotspot/src/share/vm/prims/jni.cpp, line 710]

Events (10 events):
Event: 23385.832 Executing VM operation: BulkRevokeBias done
Event: 23386.283 Executing VM operation: RevokeBias
Event: 23386.284 Executing VM operation: RevokeBias done
Event: 23386.284 Executing VM operation: RevokeBias
Event: 23386.285 Executing VM operation: RevokeBias done
Event: 23386.290 Executing VM operation: RevokeBias
Event: 23386.290 Executing VM operation: RevokeBias done
Event: 23386.340 Executing VM operation: BulkRevokeBias
Event: 23386.342 Executing VM operation: BulkRevokeBias done
Event: 23386.602 Executing VM operation: ParallelGCFailedAllocation


Dynamic libraries:
0x00007fff316c3000 	/System/Library/Frameworks/Cocoa.framework/Versions/A/Cocoa
0x00007fff3eebc000 	/System/Library/Frameworks/Security.framework/Versions/A/Security
0x00007fff30628000 	/System/Library/Frameworks/ApplicationServices.framework/Versions/A/ApplicationServices
0x00007fff6b9e0000 	/usr/lib/libz.1.dylib
0x00007fff694a4000 	/usr/lib/libSystem.B.dylib
0x00007fff32565000 	/System/Library/Frameworks/CoreFoundation.framework/Versions/A/CoreFoundation
0x00007fff34c22000 	/System/Library/Frameworks/Foundation.framework/Versions/C/Foundation
0x00007fff6b304000 	/usr/lib/libobjc.A.dylib
0x00007fff2f818000 	/System/Library/Frameworks/AppKit.framework/Versions/C/AppKit
0x00007fff32047000 	/System/Library/Frameworks/CoreData.framework/Versions/A/CoreData
0x00007fff634b9000 	/System/Library/PrivateFrameworks/UIFoundation.framework/Versions/A/UIFoundation
0x00007fff5e54d000 	/System/Library/PrivateFrameworks/RemoteViewServices.framework/Versions/A/RemoteViewServices
0x00007fff66014000 	/System/Library/PrivateFrameworks/XCTTargetBootstrap.framework/Versions/A/XCTTargetBootstrap
0x00007fff32432000 	/System/Library/Frameworks/CoreDisplay.framework/Versions/A/CoreDisplay
0x00007fff37add000 	/System/Library/Frameworks/Metal.framework/Versions/A/Metal
0x00007fff4c550000 	/System/Library/PrivateFrameworks/DesktopServicesPriv.framework/Versions/A/DesktopServicesPriv
0x00007fff6a5df000 	/usr/lib/liblangid.dylib
0x00007fff4b7e5000 	/System/Library/PrivateFrameworks/CoreSVG.framework/Versions/A/CoreSVG
0x00007fff616a9000 	/System/Library/PrivateFrameworks/SkyLight.framework/Versions/A/SkyLight
0x00007fff329e6000 	/System/Library/Frameworks/CoreGraphics.framework/Versions/A/CoreGraphics
0x00007fff2e1ec000 	/System/Library/Frameworks/Accelerate.framework/Versions/A/Accelerate
0x00007fff6b8d1000 	/usr/lib/libxml2.2.dylib
0x00007fff574d8000 	/System/Library/PrivateFrameworks/IconServices.framework/Versions/A/IconServices
0x00007fff35401000 	/System/Library/Frameworks/IOSurface.framework/Versions/A/IOSurface
0x00007fff68fce000 	/usr/lib/libDiagnosticMessagesClient.dylib
0x00007fff4c3aa000 	/System/Library/PrivateFrameworks/DFRFoundation.framework/Versions/A/DFRFoundation
0x00007fff6a36e000 	/usr/lib/libicucore.A.dylib
0x00007fff3095a000 	/System/Library/Frameworks/AudioToolbox.framework/Versions/A/AudioToolbox
0x00007fff30a3d000 	/System/Library/Frameworks/AudioUnit.framework/Versions/A/AudioUnit
0x00007fff696a6000 	/usr/lib/libauto.dylib
0x00007fff4c44c000 	/System/Library/PrivateFrameworks/DataDetectorsCore.framework/Versions/A/DataDetectorsCore
0x00007fff311e4000 	/System/Library/Frameworks/Carbon.framework/Versions/A/Frameworks/HIToolbox.framework/Versions/A/HIToolbox
0x00007fff3e0b6000 	/System/Library/Frameworks/QuartzCore.framework/Versions/A/QuartzCore
0x00007fff31523000 	/System/Library/Frameworks/Carbon.framework/Versions/A/Frameworks/SpeechRecognition.framework/Versions/A/SpeechRecognition
0x00007fff4bebe000 	/System/Library/PrivateFrameworks/CoreUI.framework/Versions/A/CoreUI
0x00007fff31ab2000 	/System/Library/Frameworks/CoreAudio.framework/Versions/A/CoreAudio
0x00007fff348e1000 	/System/Library/Frameworks/DiskArbitration.framework/Versions/A/DiskArbitration
0x00007fff59528000 	/System/Library/PrivateFrameworks/MultitouchSupport.framework/Versions/A/MultitouchSupport
0x00007fff6a235000 	/usr/lib/libenergytrace.dylib
0x00007fff3535b000 	/System/Library/Frameworks/IOKit.framework/Versions/A/IOKit
0x00007fff3394d000 	/System/Library/Frameworks/CoreServices.framework/Versions/A/CoreServices
0x00007fff5b6e0000 	/System/Library/PrivateFrameworks/PerformanceAnalysis.framework/Versions/A/PerformanceAnalysis
0x00007fff3d0e9000 	/System/Library/Frameworks/OpenGL.framework/Versions/A/OpenGL
0x00007fff316d1000 	/System/Library/Frameworks/ColorSync.framework/Versions/A/ColorSync
0x00007fff33069000 	/System/Library/Frameworks/CoreImage.framework/Versions/A/CoreImage
0x00007fff343c0000 	/System/Library/Frameworks/CoreText.framework/Versions/A/CoreText
0x00007fff35491000 	/System/Library/Frameworks/ImageIO.framework/Versions/A/ImageIO
0x00007fff6978a000 	/usr/lib/libc++.1.dylib
0x00007fff69806000 	/usr/lib/libcompression.dylib
0x00007fff69312000 	/usr/lib/libMobileGestalt.dylib
0x00007fff63223000 	/System/Library/PrivateFrameworks/TextureIO.framework/Versions/A/TextureIO
0x00007fff69609000 	/usr/lib/libate.dylib
0x00007fff576e1000 	/System/Library/PrivateFrameworks/InternationalSupport.framework/Versions/A/InternationalSupport
0x00007fff6c2a1000 	/usr/lib/system/libcache.dylib
0x00007fff6c2a7000 	/usr/lib/system/libcommonCrypto.dylib
0x00007fff6c2b3000 	/usr/lib/system/libcompiler_rt.dylib
0x00007fff6c2bb000 	/usr/lib/system/libcopyfile.dylib
0x00007fff6c2c5000 	/usr/lib/system/libcorecrypto.dylib
0x00007fff6c464000 	/usr/lib/system/libdispatch.dylib
0x00007fff6c4a5000 	/usr/lib/system/libdyld.dylib
0x00007fff6c4dc000 	/usr/lib/system/libkeymgr.dylib
0x00007fff6c4ea000 	/usr/lib/system/liblaunch.dylib
0x00007fff6c4eb000 	/usr/lib/system/libmacho.dylib
0x00007fff6c4f1000 	/usr/lib/system/libquarantine.dylib
0x00007fff6c4f4000 	/usr/lib/system/libremovefile.dylib
0x00007fff6c4f6000 	/usr/lib/system/libsystem_asl.dylib
0x00007fff6c50e000 	/usr/lib/system/libsystem_blocks.dylib
0x00007fff6c50f000 	/usr/lib/system/libsystem_c.dylib
0x00007fff6c597000 	/usr/lib/system/libsystem_configuration.dylib
0x00007fff6c59b000 	/usr/lib/system/libsystem_coreservices.dylib
0x00007fff6c59f000 	/usr/lib/system/libsystem_darwin.dylib
0x00007fff6c5a8000 	/usr/lib/system/libsystem_dnssd.dylib
0x00007fff6c5b0000 	/usr/lib/system/libsystem_featureflags.dylib
0x00007fff6c5b2000 	/usr/lib/system/libsystem_info.dylib
0x00007fff6c62d000 	/usr/lib/system/libsystem_m.dylib
0x00007fff6c675000 	/usr/lib/system/libsystem_malloc.dylib
0x00007fff6c69d000 	/usr/lib/system/libsystem_networkextension.dylib
0x00007fff6c6ab000 	/usr/lib/system/libsystem_notify.dylib
0x00007fff6c6c9000 	/usr/lib/system/libsystem_sandbox.dylib
0x00007fff6c6ce000 	/usr/lib/system/libsystem_secinit.dylib
0x00007fff6c600000 	/usr/lib/system/libsystem_kernel.dylib
0x00007fff6c6b5000 	/usr/lib/system/libsystem_platform.dylib
0x00007fff6c6be000 	/usr/lib/system/libsystem_pthread.dylib
0x00007fff6c6d1000 	/usr/lib/system/libsystem_symptoms.dylib
0x00007fff6c6d9000 	/usr/lib/system/libsystem_trace.dylib
0x00007fff6c6f1000 	/usr/lib/system/libunwind.dylib
0x00007fff6c6f7000 	/usr/lib/system/libxpc.dylib
0x00007fff697dd000 	/usr/lib/libc++abi.dylib
0x00007fff6a5e1000 	/usr/lib/liblzma.5.dylib
0x00007fff6a25c000 	/usr/lib/libfakelink.dylib
0x00007fff69596000 	/usr/lib/libarchive.2.dylib
0x00007fff3ff6d000 	/System/Library/Frameworks/SystemConfiguration.framework/Versions/A/SystemConfiguration
0x00007fff68f01000 	/usr/lib/libCRFSuite.dylib
0x00007fff30dd4000 	/System/Library/Frameworks/CFNetwork.framework/Versions/A/CFNetwork
0x00007fff6976c000 	/usr/lib/libbsm.0.dylib
0x00007fff6c4dd000 	/usr/lib/system/libkxld.dylib
0x00007fff45d27000 	/System/Library/PrivateFrameworks/AppleFSCompression.framework/Versions/A/AppleFSCompression
0x00007fff69af7000 	/usr/lib/libcoretls.dylib
0x00007fff69b0e000 	/usr/lib/libcoretls_cfhelpers.dylib
0x00007fff6b34a000 	/usr/lib/libpam.2.dylib
0x00007fff6b47f000 	/usr/lib/libsqlite3.dylib
0x00007fff6b8be000 	/usr/lib/libxar.1.dylib
0x00007fff6977d000 	/usr/lib/libbz2.1.0.dylib
0x00007fff6a27d000 	/usr/lib/libiconv.2.dylib
0x00007fff697f3000 	/usr/lib/libcharset.1.dylib
0x00007fff6ade7000 	/usr/lib/libnetwork.dylib
0x00007fff6b351000 	/usr/lib/libpcap.A.dylib
0x00007fff6954b000 	/usr/lib/libapple_nghttp2.dylib
0x00007fff33d04000 	/System/Library/Frameworks/CoreServices.framework/Versions/A/Frameworks/FSEvents.framework/Versions/A/FSEvents
0x00007fff339d4000 	/System/Library/Frameworks/CoreServices.framework/Versions/A/Frameworks/CarbonCore.framework/Versions/A/CarbonCore
0x00007fff33f48000 	/System/Library/Frameworks/CoreServices.framework/Versions/A/Frameworks/Metadata.framework/Versions/A/Metadata
0x00007fff33fe1000 	/System/Library/Frameworks/CoreServices.framework/Versions/A/Frameworks/OSServices.framework/Versions/A/OSServices
0x00007fff3400f000 	/System/Library/Frameworks/CoreServices.framework/Versions/A/Frameworks/SearchKit.framework/Versions/A/SearchKit
0x00007fff3394e000 	/System/Library/Frameworks/CoreServices.framework/Versions/A/Frameworks/AE.framework/Versions/A/AE
0x00007fff33d0d000 	/System/Library/Frameworks/CoreServices.framework/Versions/A/Frameworks/LaunchServices.framework/Versions/A/LaunchServices
0x00007fff33cb6000 	/System/Library/Frameworks/CoreServices.framework/Versions/A/Frameworks/DictionaryServices.framework/Versions/A/DictionaryServices
0x00007fff34077000 	/System/Library/Frameworks/CoreServices.framework/Versions/A/Frameworks/SharedFileList.framework/Versions/A/SharedFileList
0x00007fff38f08000 	/System/Library/Frameworks/NetFS.framework/Versions/A/NetFS
0x00007fff59a58000 	/System/Library/PrivateFrameworks/NetAuth.framework/Versions/A/NetAuth
0x00007fff663e1000 	/System/Library/PrivateFrameworks/login.framework/Versions/A/Frameworks/loginsupport.framework/Versions/A/loginsupport
0x00007fff62cee000 	/System/Library/PrivateFrameworks/TCC.framework/Versions/A/TCC
0x00007fff4a958000 	/System/Library/PrivateFrameworks/CoreNLP.framework/Versions/A/CoreNLP
0x00007fff58f55000 	/System/Library/PrivateFrameworks/MetadataUtilities.framework/Versions/A/MetadataUtilities
0x00007fff6a6b9000 	/usr/lib/libmecabra.dylib
0x00007fff6a611000 	/usr/lib/libmecab.dylib
0x00007fff6a26d000 	/usr/lib/libgermantok.dylib
0x00007fff69532000 	/usr/lib/libThaiTokenizer.dylib
0x00007fff68f38000 	/usr/lib/libChineseTokenizer.dylib
0x00007fff2e204000 	/System/Library/Frameworks/Accelerate.framework/Versions/A/Frameworks/vImage.framework/Versions/A/vImage
0x00007fff2f66e000 	/System/Library/Frameworks/Accelerate.framework/Versions/A/Frameworks/vecLib.framework/Versions/A/vecLib
0x00007fff2f5ab000 	/System/Library/Frameworks/Accelerate.framework/Versions/A/Frameworks/vecLib.framework/Versions/A/libvMisc.dylib
0x00007fff2f3d3000 	/System/Library/Frameworks/Accelerate.framework/Versions/A/Frameworks/vecLib.framework/Versions/A/libvDSP.dylib
0x00007fff2e85b000 	/System/Library/Frameworks/Accelerate.framework/Versions/A/Frameworks/vecLib.framework/Versions/A/libBLAS.dylib
0x00007fff2ef97000 	/System/Library/Frameworks/Accelerate.framework/Versions/A/Frameworks/vecLib.framework/Versions/A/libLAPACK.dylib
0x00007fff2f333000 	/System/Library/Frameworks/Accelerate.framework/Versions/A/Frameworks/vecLib.framework/Versions/A/libLinearAlgebra.dylib
0x00007fff2f3c0000 	/System/Library/Frameworks/Accelerate.framework/Versions/A/Frameworks/vecLib.framework/Versions/A/libSparseBLAS.dylib
0x00007fff2f349000 	/System/Library/Frameworks/Accelerate.framework/Versions/A/Frameworks/vecLib.framework/Versions/A/libQuadrature.dylib
0x00007fff2eac3000 	/System/Library/Frameworks/Accelerate.framework/Versions/A/Frameworks/vecLib.framework/Versions/A/libBNNS.dylib
0x00007fff2f34f000 	/System/Library/Frameworks/Accelerate.framework/Versions/A/Frameworks/vecLib.framework/Versions/A/libSparse.dylib
0x00007fff57ac9000 	/System/Library/PrivateFrameworks/LanguageModeling.framework/Versions/A/LanguageModeling
0x00007fff4a308000 	/System/Library/PrivateFrameworks/CoreEmoji.framework/Versions/A/CoreEmoji
0x00007fff57be7000 	/System/Library/PrivateFrameworks/LinguisticData.framework/Versions/A/LinguisticData
0x00007fff57b98000 	/System/Library/PrivateFrameworks/Lexicon.framework/Versions/A/Lexicon
0x00007fff697f4000 	/usr/lib/libcmph.dylib
0x00007fff3baf7000 	/System/Library/Frameworks/OpenDirectory.framework/Versions/A/Frameworks/CFOpenDirectory.framework/Versions/A/CFOpenDirectory
0x00007fff3bb14000 	/System/Library/Frameworks/OpenDirectory.framework/Versions/A/OpenDirectory
0x00007fff43f57000 	/System/Library/PrivateFrameworks/APFS.framework/Versions/A/APFS
0x00007fff3f206000 	/System/Library/Frameworks/SecurityFoundation.framework/Versions/A/SecurityFoundation
0x00007fff6b8ba000 	/usr/lib/libutil.dylib
0x00007fff4b83d000 	/System/Library/PrivateFrameworks/CoreServicesStore.framework/Versions/A/CoreServicesStore
0x00007fff3f2bd000 	/System/Library/Frameworks/ServiceManagement.framework/Versions/A/ServiceManagement
0x00007fff474f7000 	/System/Library/PrivateFrameworks/BackgroundTaskManagement.framework/Versions/A/BackgroundTaskManagement
0x00007fff6b9b7000 	/usr/lib/libxslt.1.dylib
0x00007fff4639a000 	/System/Library/PrivateFrameworks/AppleSystemInfo.framework/Versions/A/AppleSystemInfo
0x00007fff356ac000 	/System/Library/Frameworks/ImageIO.framework/Versions/A/Resources/libJPEG.dylib
0x00007fff3596b000 	/System/Library/Frameworks/ImageIO.framework/Versions/A/Resources/libTIFF.dylib
0x00007fff3594e000 	/System/Library/Frameworks/ImageIO.framework/Versions/A/Resources/libPng.dylib
0x00007fff355ee000 	/System/Library/Frameworks/ImageIO.framework/Versions/A/Resources/libGIF.dylib
0x00007fff355f2000 	/System/Library/Frameworks/ImageIO.framework/Versions/A/Resources/libJP2.dylib
0x00007fff35969000 	/System/Library/Frameworks/ImageIO.framework/Versions/A/Resources/libRadiance.dylib
0x00007fff6a236000 	/usr/lib/libexpat.1.dylib
0x00007fff45e82000 	/System/Library/PrivateFrameworks/AppleJPEG.framework/Versions/A/AppleJPEG
0x00007fff4eb3d000 	/System/Library/PrivateFrameworks/FontServices.framework/libFontParser.dylib
0x00007fff653e3000 	/System/Library/PrivateFrameworks/WatchdogClient.framework/Versions/A/WatchdogClient
0x00007fff57124000 	/System/Library/PrivateFrameworks/IOAccelerator.framework/Versions/A/IOAccelerator
0x00007fff37e78000 	/System/Library/Frameworks/MetalPerformanceShaders.framework/Versions/A/MetalPerformanceShaders
0x00007fff538ba000 	/System/Library/PrivateFrameworks/GPUWrangler.framework/Versions/A/GPUWrangler
0x00007fff57139000 	/System/Library/PrivateFrameworks/IOPresentment.framework/Versions/A/IOPresentment
0x00007fff4c3bd000 	/System/Library/PrivateFrameworks/DSExternalDisplay.framework/Versions/A/DSExternalDisplay
0x00007fff3c488000 	/System/Library/Frameworks/OpenGL.framework/Versions/A/Libraries/libCoreFSCache.dylib
0x00007fff37bc4000 	/System/Library/Frameworks/MetalPerformanceShaders.framework/Frameworks/MPSCore.framework/Versions/A/MPSCore
0x00007fff37c02000 	/System/Library/Frameworks/MetalPerformanceShaders.framework/Frameworks/MPSImage.framework/Versions/A/MPSImage
0x00007fff37cc9000 	/System/Library/Frameworks/MetalPerformanceShaders.framework/Frameworks/MPSNeuralNetwork.framework/Versions/A/MPSNeuralNetwork
0x00007fff37c8d000 	/System/Library/Frameworks/MetalPerformanceShaders.framework/Frameworks/MPSMatrix.framework/Versions/A/MPSMatrix
0x00007fff37e28000 	/System/Library/Frameworks/MetalPerformanceShaders.framework/Frameworks/MPSRayIntersector.framework/Versions/A/MPSRayIntersector
0x00007fff37cb3000 	/System/Library/Frameworks/MetalPerformanceShaders.framework/Frameworks/MPSNDArray.framework/Versions/A/MPSNDArray
0x00007fff58fa2000 	/System/Library/PrivateFrameworks/MetalTools.framework/Versions/A/MetalTools
0x00007fff45131000 	/System/Library/PrivateFrameworks/AggregateDictionary.framework/Versions/A/AggregateDictionary
0x00007fff49d50000 	/System/Library/PrivateFrameworks/CoreAnalytics.framework/Versions/A/CoreAnalytics
0x00007fff462b9000 	/System/Library/PrivateFrameworks/AppleSauce.framework/Versions/A/AppleSauce
0x00007fff691f4000 	/usr/lib/libIOReport.dylib
0x00007fff34578000 	/System/Library/Frameworks/CoreVideo.framework/Versions/A/CoreVideo
0x00007fff54d33000 	/System/Library/PrivateFrameworks/GraphVisualizer.framework/Versions/A/GraphVisualizer
0x00007fff4e083000 	/System/Library/PrivateFrameworks/FaceCore.framework/Versions/A/FaceCore
0x00007fff3ba9e000 	/System/Library/Frameworks/OpenCL.framework/Versions/A/OpenCL
0x00007fff69016000 	/usr/lib/libFosl_dynamic.dylib
0x00007fff5a478000 	/System/Library/PrivateFrameworks/OTSVG.framework/Versions/A/OTSVG
0x00007fff3072d000 	/System/Library/Frameworks/ApplicationServices.framework/Versions/A/Frameworks/ATS.framework/Versions/A/Resources/libFontRegistry.dylib
0x00007fff4ed0e000 	/System/Library/PrivateFrameworks/FontServices.framework/libhvf.dylib
0x00007fff3c493000 	/System/Library/Frameworks/OpenGL.framework/Versions/A/Libraries/libGFXShared.dylib
0x00007fff3c671000 	/System/Library/Frameworks/OpenGL.framework/Versions/A/Libraries/libGLU.dylib
0x00007fff3c49c000 	/System/Library/Frameworks/OpenGL.framework/Versions/A/Libraries/libGL.dylib
0x00007fff3c4a7000 	/System/Library/Frameworks/OpenGL.framework/Versions/A/Libraries/libGLImage.dylib
0x00007fff3c485000 	/System/Library/Frameworks/OpenGL.framework/Versions/A/Libraries/libCVMSPluginSupport.dylib
0x00007fff3c48e000 	/System/Library/Frameworks/OpenGL.framework/Versions/A/Libraries/libCoreVMClient.dylib
0x00007fff6ac88000 	/usr/lib/libncurses.5.4.dylib
0x00007fff30629000 	/System/Library/Frameworks/ApplicationServices.framework/Versions/A/Frameworks/ATS.framework/Versions/A/ATS
0x00007fff307f6000 	/System/Library/Frameworks/ApplicationServices.framework/Versions/A/Frameworks/ColorSyncLegacy.framework/Versions/A/ColorSyncLegacy
0x00007fff30894000 	/System/Library/Frameworks/ApplicationServices.framework/Versions/A/Frameworks/HIServices.framework/Versions/A/HIServices
0x00007fff308ec000 	/System/Library/Frameworks/ApplicationServices.framework/Versions/A/Frameworks/LangAnalysis.framework/Versions/A/LangAnalysis
0x00007fff308fb000 	/System/Library/Frameworks/ApplicationServices.framework/Versions/A/Frameworks/PrintCore.framework/Versions/A/PrintCore
0x00007fff30941000 	/System/Library/Frameworks/ApplicationServices.framework/Versions/A/Frameworks/QD.framework/Versions/A/QD
0x00007fff3094c000 	/System/Library/Frameworks/ApplicationServices.framework/Versions/A/Frameworks/SpeechSynthesis.framework/Versions/A/SpeechSynthesis
0x00007fff307c6000 	/System/Library/Frameworks/ApplicationServices.framework/Versions/A/Frameworks/ATSUI.framework/Versions/A/ATSUI
0x00007fff6a0cc000 	/usr/lib/libcups.2.dylib
0x00007fff36f13000 	/System/Library/Frameworks/Kerberos.framework/Versions/A/Kerberos
0x00007fff35054000 	/System/Library/Frameworks/GSS.framework/Versions/A/GSS
0x00007fff6b40b000 	/usr/lib/libresolv.9.dylib
0x00007fff54ee0000 	/System/Library/PrivateFrameworks/Heimdal.framework/Versions/A/Heimdal
0x00007fff36f26000 	/System/Library/Frameworks/Kerberos.framework/Versions/A/Libraries/libHeimdalProxy.dylib
0x00007fff6a273000 	/usr/lib/libheimdal-asn1.dylib
0x00007fff491e8000 	/System/Library/PrivateFrameworks/CommonAuth.framework/Versions/A/CommonAuth
0x00007fff46437000 	/System/Library/PrivateFrameworks/AssertionServices.framework/Versions/A/AssertionServices
0x00007fff46fda000 	/System/Library/PrivateFrameworks/AudioToolboxCore.framework/Versions/A/AudioToolboxCore
0x00007fff66091000 	/System/Library/PrivateFrameworks/caulk.framework/Versions/A/caulk
0x00007fff475a3000 	/System/Library/PrivateFrameworks/BaseBoard.framework/Versions/A/BaseBoard
0x00007fff5e6db000 	/System/Library/PrivateFrameworks/RunningBoardServices.framework/Versions/A/RunningBoardServices
0x00007fff5b6ec000 	/System/Library/PrivateFrameworks/PersistentConnection.framework/Versions/A/PersistentConnection
0x00007fff5e0d4000 	/System/Library/PrivateFrameworks/ProtocolBuffer.framework/Versions/A/ProtocolBuffer
0x00007fff4920c000 	/System/Library/PrivateFrameworks/CommonUtilities.framework/Versions/A/CommonUtilities
0x00007fff47731000 	/System/Library/PrivateFrameworks/Bom.framework/Versions/A/Bom
0x00007fff68ec7000 	/usr/lib/libAudioToolboxUtility.dylib
0x00007fff47501000 	/System/Library/PrivateFrameworks/Backup.framework/Versions/A/Backup
0x00007fff4c2de000 	/System/Library/PrivateFrameworks/CrashReporterSupport.framework/Versions/A/CrashReporterSupport
0x00007fff6016d000 	/System/Library/PrivateFrameworks/Sharing.framework/Versions/A/Sharing
0x00007fff45a45000 	/System/Library/PrivateFrameworks/Apple80211.framework/Versions/A/Apple80211
0x00007fff4721e000 	/System/Library/PrivateFrameworks/AuthKit.framework/Versions/A/AuthKit
0x00007fff4bfeb000 	/System/Library/PrivateFrameworks/CoreUtils.framework/Versions/A/CoreUtils
0x00007fff345bd000 	/System/Library/Frameworks/CoreWLAN.framework/Versions/A/CoreWLAN
0x00007fff351e1000 	/System/Library/Frameworks/IOBluetooth.framework/Versions/A/IOBluetooth
0x00007fff592a7000 	/System/Library/PrivateFrameworks/MobileKeyBag.framework/Versions/A/MobileKeyBag
0x00007fff4adf0000 	/System/Library/PrivateFrameworks/CorePhoneNumbers.framework/Versions/A/CorePhoneNumbers
0x00007fff45e35000 	/System/Library/PrivateFrameworks/AppleIDAuthSupport.framework/Versions/A/AppleIDAuthSupport
0x00007fff38f15000 	/System/Library/Frameworks/Network.framework/Versions/A/Network
0x00007fff57975000 	/System/Library/PrivateFrameworks/KeychainCircle.framework/Versions/A/KeychainCircle
0x00007fff3200e000 	/System/Library/Frameworks/CoreBluetooth.framework/Versions/A/CoreBluetooth
0x00007fff621ec000 	/System/Library/PrivateFrameworks/SpeechRecognitionCore.framework/Versions/A/SpeechRecognitionCore
0x0000000103400000 	/private/var/folders/nk/77tzydc5271b4jt6909jb9m80000gn/T/AppTranslocation/BDDBB0C3-77ED-43C6-AEE6-E5E15E40E2C1/d/Android Studio.app/Contents/jre/jdk/Contents/Home/jre/lib/server/libjvm.dylib
0x00007fff6b78d000 	/usr/lib/libstdc++.6.dylib
0x0000000102b5c000 	/private/var/folders/nk/77tzydc5271b4jt6909jb9m80000gn/T/AppTranslocation/BDDBB0C3-77ED-43C6-AEE6-E5E15E40E2C1/d/Android Studio.app/Contents/jre/jdk/Contents/Home/jre/lib/libverify.dylib
0x0000000102b6e000 	/private/var/folders/nk/77tzydc5271b4jt6909jb9m80000gn/T/AppTranslocation/BDDBB0C3-77ED-43C6-AEE6-E5E15E40E2C1/d/Android Studio.app/Contents/jre/jdk/Contents/Home/jre/lib/libjava.dylib
0x00000001042c0000 	/private/var/folders/nk/77tzydc5271b4jt6909jb9m80000gn/T/AppTranslocation/BDDBB0C3-77ED-43C6-AEE6-E5E15E40E2C1/d/Android Studio.app/Contents/jre/jdk/Contents/Home/jre/lib/libzip.dylib
0x00000001076a7000 	/private/var/folders/nk/77tzydc5271b4jt6909jb9m80000gn/T/AppTranslocation/BDDBB0C3-77ED-43C6-AEE6-E5E15E40E2C1/d/Android Studio.app/Contents/jre/jdk/Contents/Home/jre/lib/libnio.dylib
0x00000001076c2000 	/private/var/folders/nk/77tzydc5271b4jt6909jb9m80000gn/T/AppTranslocation/BDDBB0C3-77ED-43C6-AEE6-E5E15E40E2C1/d/Android Studio.app/Contents/jre/jdk/Contents/Home/jre/lib/libnet.dylib
0x0000000107c28000 	/Users/soso/.gradle/native/f6784746aeab05261644944871eae4fe03e0ef1612fff0a4a95f87b438bc6780/osx-amd64/libnative-platform.dylib
0x0000000107f6a000 	/private/var/folders/nk/77tzydc5271b4jt6909jb9m80000gn/T/AppTranslocation/BDDBB0C3-77ED-43C6-AEE6-E5E15E40E2C1/d/Android Studio.app/Contents/jre/jdk/Contents/Home/jre/lib/libmanagement.dylib
0x000000012173c000 	/private/var/folders/nk/77tzydc5271b4jt6909jb9m80000gn/T/AppTranslocation/BDDBB0C3-77ED-43C6-AEE6-E5E15E40E2C1/d/Android Studio.app/Contents/jre/jdk/Contents/Home/jre/lib/libsunec.dylib
0x00007fff6b85f000 	/usr/lib/libusrtcp.dylib

VM Arguments:
jvm_args: -Xmx2048m -Dfile.encoding=UTF-8 -Duser.country=FR -Duser.language=fr -Duser.variant 
java_command: org.gradle.launcher.daemon.bootstrap.GradleDaemon 6.5
java_class_path (initial): /Users/soso/.gradle/wrapper/dists/gradle-6.5-all/2oz4ud9k3tuxjg84bbf55q0tn/gradle-6.5/lib/gradle-launcher-6.5.jar
Launcher Type: SUN_STANDARD

Environment Variables:
PATH=/usr/local/bin:/usr/bin:/bin:/usr/sbin:/sbin
SHELL=/bin/zsh

Signal Handlers:
SIGSEGV: [libjvm.dylib+0x565c43], sa_mask[0]=11111111011111110111111111111111, sa_flags=SA_ONSTACK|SA_RESTART|SA_SIGINFO
SIGBUS: [libjvm.dylib+0x565c43], sa_mask[0]=11111111011111110111111111111111, sa_flags=SA_RESTART|SA_SIGINFO
SIGFPE: [libjvm.dylib+0x45dd9d], sa_mask[0]=11111111011111110111111111111111, sa_flags=SA_RESTART|SA_SIGINFO
SIGPIPE: [libjvm.dylib+0x45dd9d], sa_mask[0]=11111111011111110111111111111111, sa_flags=SA_RESTART|SA_SIGINFO
SIGXFSZ: [libjvm.dylib+0x45dd9d], sa_mask[0]=11111111011111110111111111111111, sa_flags=SA_RESTART|SA_SIGINFO
SIGILL: [libjvm.dylib+0x45dd9d], sa_mask[0]=11111111011111110111111111111111, sa_flags=SA_RESTART|SA_SIGINFO
SIGUSR1: SIG_DFL, sa_mask[0]=00000000000000000000000000000000, sa_flags=none
SIGUSR2: [libjvm.dylib+0x45e69c], sa_mask[0]=00100000000000000000000000000000, sa_flags=SA_RESTART|SA_SIGINFO
SIGHUP: [libjvm.dylib+0x45c8c1], sa_mask[0]=11111111011111110111111111111111, sa_flags=SA_RESTART|SA_SIGINFO
SIGINT: [libjvm.dylib+0x45c8c1], sa_mask[0]=11111111011111110111111111111111, sa_flags=SA_RESTART|SA_SIGINFO
SIGTERM: [libjvm.dylib+0x45c8c1], sa_mask[0]=11111111011111110111111111111111, sa_flags=SA_RESTART|SA_SIGINFO
SIGQUIT: [libjvm.dylib+0x45c8c1], sa_mask[0]=11111111011111110111111111111111, sa_flags=SA_RESTART|SA_SIGINFO


---------------  S Y S T E M  ---------------

OS:Bsduname:Darwin 19.6.0 Darwin Kernel Version 19.6.0: Mon Aug 31 22:12:52 PDT 2020; root:xnu-6153.141.2~1/RELEASE_X86_64 x86_64
rlimit: STACK 8192k, CORE 0k, NPROC 1392, NOFILE 10240, AS infinity
load average:2.58 2.39 2.34

CPU:total 4 (initial active 4) (2 cores per cpu, 2 threads per core) family 6 model 61 stepping 4, cmov, cx8, fxsr, mmx, sse, sse2, sse3, ssse3, sse4.1, sse4.2, popcnt, avx, avx2, aes, clmul, erms, 3dnowpref, lzcnt, ht, tsc, tscinvbit, bmi1, bmi2, adx

Memory: 4k page, physical 8388608k(26796k free)

/proc/meminfo:


vm_info: OpenJDK 64-Bit Server VM (25.242-b3-6222593) for bsd-amd64 JRE (1.8.0_242-release-1644-b3-6222593), built by "android-build" with gcc 4.2.1 Compatible Android (5484270 based on r353983c) Clang 9.0.3 (https://android.googlesource.com/toolchain/clang 745b335211bb9eadfa6aa6301f84715cee4b37c5) (https://android.googlesource.com/toolchain/llvm 60cf23e54e46c807513f7a36d0a7b777920b5881)

time: Mon Oct 26 01:57:22 2020
timezone: CET
elapsed time: 23386 seconds (0d 6h 29m 46s)

