#
# A fatal error has been detected by the Java Runtime Environment:
#
#  SIGSEGV (0xb) at pc=0x000000010cd8a033, pid=12377, tid=0x000000000001ff23
#
# JRE version: OpenJDK Runtime Environment (8.0_242) (build 1.8.0_242-release-1644-b3-6222593)
# Java VM: OpenJDK 64-Bit Server VM (25.242-b3-6222593 mixed mode bsd-amd64 compressed oops)
# Problematic frame:
# j  com.android.tools.r8.u.a.i.e.a(Ljava/util/List;Ljava/util/Map$Entry;)V+6
#
# Failed to write core dump. Core dumps have been disabled. To enable core dumping, try "ulimit -c unlimited" before starting Java again
#
# If you would like to submit a bug report, please visit:
#   http://bugreport.java.com/bugreport/crash.jsp
#

---------------  T H R E A D  ---------------

Current thread (0x00007fc551125000):  JavaThread "WorkerExecutor Queue Thread 3" [_thread_in_Java, id=130851, stack(0x000070000f75f000,0x000070000f85f000)]

siginfo: si_signo: 11 (SIGSEGV), si_code: 1 (SEGV_MAPERR), si_addr: 0x0000000800000028

Registers:
RAX=0x00000007c106b568, RBX=0x00000007fffffff8, RCX=0x0000000000000030, RDX=0x0000000796bf83f8
RSP=0x000070000f85c850, RBP=0x000070000f85c890, RSI=0x00007fc55094a290, RDI=0x0000000000000001
R8 =0x0000000000000000, R9 =0x0434202035002004, R10=0x0000000107e31b00, R11=0x00007fc55094a290
R12=0x0000000000000000, R13=0x00000001278134ce, R14=0x000070000f85c8b8, R15=0x00007fc551125000
RIP=0x000000010cd8a033, EFLAGS=0x0000000000010206, ERR=0x0000000000000004
  TRAPNO=0x000000000000000e

Top of Stack: (sp=0x000070000f85c850)
0x000070000f85c850:   000070000f85c850 00000001278134ce
0x000070000f85c860:   000070000f85c8b8 0000000127814f68
0x000070000f85c870:   0000000127974048 0000000127813590
0x000070000f85c880:   0000000000000000 000070000f85c8a8
0x000070000f85c890:   000070000f85c900 000000010cd6bffd
0x000070000f85c8a0:   0000000000000000 0000000796f9c5d0
0x000070000f85c8b0:   0000000796fd37f0 0000000796f8b970
0x000070000f85c8c0:   000070000f85c8c0 0000000127827f94
0x000070000f85c8d0:   000070000f85c918 0000000127828458
0x000070000f85c8e0:   00000001278286c0 0000000127827fa0
0x000070000f85c8f0:   000070000f85c8a8 000070000f85c910
0x000070000f85c900:   000070000f85c960 000000010cd6c042
0x000070000f85c910:   0000000000000000 0000000000000000
0x000070000f85c920:   000070000f85c920 00000001235c5fad
0x000070000f85c930:   000070000f85c978 00000001235f22e0
0x000070000f85c940:   00000001278c7400 00000001235c5fc0
0x000070000f85c950:   000070000f85c910 000070000f85c980
0x000070000f85c960:   0000000796fd38e8 000000010e73c3d8
0x000070000f85c970:   0000000000000000 0000000000000000
0x000070000f85c980:   0000000796f9c5d0 0000000110b0a110
0x000070000f85c990:   00007fc5511251c0 0000000300000000
0x000070000f85c9a0:   0000000796fd3878 0000000110e28754
0x000070000f85c9b0:   ffffffffffffffff 0000000127155488
0x000070000f85c9c0:   0000000796fd3818 0000000111a69fac
0x000070000f85c9d0:   0000000796fce7f0 0000000796f9c5d0
0x000070000f85c9e0:   00001000000002ae 0000000796fd38e8
0x000070000f85c9f0:   0000000796fb0988 0000000796f8b998
0x000070000f85ca00:   0000000700000826 000000010f297630
0x000070000f85ca10:   0000000796f792c8 0000000000000000
0x000070000f85ca20:   0000000796fd3878 000000010f1be658
0x000070000f85ca30:   0000000796fd3878 0000000796fd38e8
0x000070000f85ca40:   0000000796fd38d0 0000000000000000 

Instructions: (pc=0x000000010cd8a033)
0x000000010cd8a013:   89 59 10 bf 01 00 00 00 48 89 79 18 48 83 c1 30
0x000000010cd8a023:   48 89 4d e0 48 3b d8 0f 84 5b 00 00 00 8b 48 0c
0x000000010cd8a033:   48 3b 04 0b 0f 84 4e 00 00 00 83 f9 18 0f 85 22
0x000000010cd8a043:   00 00 00 50 48 8b c0 57 48 8b 7b 20 8b 0f 48 83 

Register to memory mapping:

RAX=0x00000007c106b568 is pointing into metadata
RBX=0x00000007fffffff8 is an unknown value
RCX=0x0000000000000030 is an unknown value
RDX=0x0000000796bf83f8 is an oop

[error occurred during error reporting (printing register info), id 0xa]

Stack: [0x000070000f75f000,0x000070000f85f000],  sp=0x000070000f85c850,  free space=1014k
Native frames: (J=compiled Java code, j=interpreted, Vv=VM code, C=native code)
j  com.android.tools.r8.u.a.i.e.a(Ljava/util/List;Ljava/util/Map$Entry;)V+6
j  com.android.tools.r8.u.a.i.e$$Lambda$1221.accept(Ljava/lang/Object;)V+12
j  java.util.stream.ForEachOps$ForEachOp$OfRef.accept(Ljava/lang/Object;)V+5
J 15834 C2 java.util.stream.ReferencePipeline$2$1.accept(Ljava/lang/Object;)V (27 bytes) @ 0x000000010e73c3d8 [0x000000010e73c320+0xb8]
J 25747 C1 java.util.HashMap$EntrySpliterator.forEachRemaining(Ljava/util/function/Consumer;)V (183 bytes) @ 0x0000000110e28754 [0x0000000110e28360+0x3f4]
J 13044 C2 java.util.stream.AbstractPipeline.wrapAndCopyInto(Ljava/util/stream/Sink;Ljava/util/Spliterator;)Ljava/util/stream/Sink; (18 bytes) @ 0x000000010f1be658 [0x000000010f1be4e0+0x178]
J 28682 C1 java.util.stream.ForEachOps$ForEachOp$OfRef.evaluateSequential(Ljava/util/stream/PipelineHelper;Ljava/util/Spliterator;)Ljava/lang/Object; (7 bytes) @ 0x000000010f4029f4 [0x000000010f4028a0+0x154]
J 13323 C2 java.util.stream.AbstractPipeline.evaluate(Ljava/util/stream/TerminalOp;)Ljava/lang/Object; (94 bytes) @ 0x000000010f243f6c [0x000000010f243e80+0xec]
J 30637 C1 com.android.tools.r8.u.a.i.e.a()V (81 bytes) @ 0x0000000111b5fe2c [0x0000000111b5fb40+0x2ec]
J 30501 C1 com.android.tools.r8.u.a.i.e.b()V (268 bytes) @ 0x00000001119dbb0c [0x00000001119d9fe0+0x1b2c]
J 30678 C1 com.android.tools.r8.ir.conversion.O.a(Lcom/android/tools/r8/u/b/W;Lcom/android/tools/r8/ir/optimize/info/k;Lcom/android/tools/r8/ir/conversion/U;)V (2643 bytes) @ 0x0000000111ac8834 [0x0000000111ac77a0+0x1094]
J 30630 C1 com.android.tools.r8.ir.conversion.O.a(Lcom/android/tools/r8/graph/T;Lcom/android/tools/r8/ir/optimize/info/k;Lcom/android/tools/r8/ir/conversion/U;Lcom/android/tools/r8/origin/Origin;)Ljava/lang/Object; (189 bytes) @ 0x0000000111a8eb0c [0x0000000111a8e6a0+0x46c]
J 30585 C1 com.android.tools.r8.ir.conversion.O.b(Lcom/android/tools/r8/graph/T;Lcom/android/tools/r8/ir/optimize/info/k;Lcom/android/tools/r8/ir/conversion/U;)V (69 bytes) @ 0x0000000111a4d87c [0x0000000111a4d6a0+0x1dc]
J 26532 C1 com.android.tools.r8.ir.conversion.O.a(Lcom/android/tools/r8/graph/T;)V (433 bytes) @ 0x00000001105d4bbc [0x00000001105d46c0+0x4fc]
J 30466 C1 com.android.tools.r8.ir.conversion.O.b(Lcom/android/tools/r8/graph/b0;)V (75 bytes) @ 0x0000000111a1a06c [0x0000000111a19cc0+0x3ac]
J 30559 C1 com.android.tools.r8.ir.conversion.O$$Lambda$1187.accept(Ljava/lang/Object;)V (12 bytes) @ 0x0000000111a44314 [0x0000000111a44280+0x94]
J 30565 C1 com.android.tools.r8.utils.S0$$Lambda$1190.call()Ljava/lang/Object; (12 bytes) @ 0x0000000111a4a3fc [0x0000000111a4a380+0x7c]
J 25883 C1 com.google.common.util.concurrent.TrustedListenableFutureTask$TrustedFutureInterruptibleTask.runInterruptibly()Ljava/lang/Object; (10 bytes) @ 0x0000000110fe44b4 [0x0000000110fe4440+0x74]
J 25376 C1 com.google.common.util.concurrent.InterruptibleTask.run()V (461 bytes) @ 0x0000000110cc4ea4 [0x0000000110cc4d80+0x124]
J 25375 C1 com.google.common.util.concurrent.TrustedListenableFutureTask.run()V (19 bytes) @ 0x0000000110cc48bc [0x0000000110cc4840+0x7c]
J 25373 C1 com.google.common.util.concurrent.MoreExecutors$DirectExecutorService.execute(Ljava/lang/Runnable;)V (25 bytes) @ 0x0000000110cc3cac [0x0000000110cc3c20+0x8c]
J 25360 C1 com.google.common.util.concurrent.AbstractListeningExecutorService.submit(Ljava/util/concurrent/Callable;)Ljava/util/concurrent/Future; (6 bytes) @ 0x0000000110cb8a1c [0x0000000110cb88a0+0x17c]
j  com.android.tools.r8.utils.S0.a(Ljava/lang/Iterable;Lcom/android/tools/r8/utils/V0;Ljava/util/concurrent/ExecutorService;)V+38
j  com.android.tools.r8.ir.conversion.O.a(Lcom/android/tools/r8/graph/y;Ljava/util/concurrent/ExecutorService;)Lcom/android/tools/r8/graph/y;+28
j  com.android.tools.r8.D8.d(Lcom/android/tools/r8/utils/e;Lcom/android/tools/r8/utils/f0;Ljava/util/concurrent/ExecutorService;)V+184
j  com.android.tools.r8.D8.b(Lcom/android/tools/r8/utils/e;Lcom/android/tools/r8/utils/f0;Ljava/util/concurrent/ExecutorService;)V+3
j  com.android.tools.r8.D8$$Lambda$1071.run()V+12
j  com.android.tools.r8.utils.W.a(Lcom/android/tools/r8/utils/M0;Lcom/android/tools/r8/utils/W$a;)V+2
j  com.android.tools.r8.D8.run(Lcom/android/tools/r8/D8Command;Ljava/util/concurrent/ExecutorService;)V+22
j  com.android.builder.dexing.D8DexArchiveBuilder.convert(Ljava/util/stream/Stream;Ljava/nio/file/Path;Lcom/android/builder/dexing/DependencyGraphUpdater;)V+261
j  com.android.build.gradle.internal.dexing.DexWorkActionKt.process(Lcom/android/builder/dexing/DexArchiveBuilder;Lcom/android/builder/dexing/ClassBucket;Lkotlin/jvm/functions/Function2;Ljava/io/File;Lcom/android/builder/dexing/DependencyGraphUpdater;)V+196
j  com.android.build.gradle.internal.dexing.DexWorkActionKt.processNonIncrementally(Lcom/android/builder/dexing/DexArchiveBuilder;Lcom/android/build/gradle/internal/dexing/DexWorkActionParams;)V+80
j  com.android.build.gradle.internal.dexing.DexWorkActionKt.launchProcessing(Lcom/android/build/gradle/internal/dexing/DexWorkActionParams;Ljava/io/OutputStream;Ljava/io/OutputStream;Lcom/android/ide/common/blame/MessageReceiver;)V+55
j  com.android.build.gradle.internal.dexing.DexWorkAction.run()V+66
j  org.gradle.workers.internal.AdapterWorkAction.execute()V+48
j  org.gradle.workers.internal.DefaultWorkerServer.execute(Lorg/gradle/workers/internal/SimpleActionExecutionSpec;)Lorg/gradle/workers/internal/DefaultWorkResult;+128
j  org.gradle.workers.internal.NoIsolationWorkerFactory$1$1.create()Lorg/gradle/workers/internal/DefaultWorkResult;+29
j  org.gradle.workers.internal.NoIsolationWorkerFactory$1$1.create()Ljava/lang/Object;+1
j  org.gradle.internal.classloader.ClassLoaderUtils.executeInClassloader(Ljava/lang/ClassLoader;Lorg/gradle/internal/Factory;)Ljava/lang/Object;+15
j  org.gradle.workers.internal.NoIsolationWorkerFactory$1.lambda$execute$0(Ljava/lang/ClassLoader;Lorg/gradle/workers/WorkerExecutor;Lorg/gradle/workers/internal/IsolatedParametersActionExecutionSpec;)Lorg/gradle/workers/internal/DefaultWorkResult;+10
j  org.gradle.workers.internal.NoIsolationWorkerFactory$1$$Lambda$838.execute(Lorg/gradle/workers/internal/IsolatedParametersActionExecutionSpec;)Lorg/gradle/workers/internal/DefaultWorkResult;+13
j  org.gradle.workers.internal.AbstractWorker$1.call(Lorg/gradle/internal/operations/BuildOperationContext;)Lorg/gradle/workers/internal/DefaultWorkResult;+8
j  org.gradle.workers.internal.AbstractWorker$1.call(Lorg/gradle/internal/operations/BuildOperationContext;)Ljava/lang/Object;+2
J 14285 C2 org.gradle.internal.operations.DefaultBuildOperationExecutor$1.execute(Lorg/gradle/internal/operations/BuildOperationDescriptor;Lorg/gradle/internal/operations/DefaultBuildOperationExecutor$DefaultBuildOperationContext;Lorg/gradle/internal/operations/DefaultBuildOperationExecutor$BuildOperationExecutionListener;)Lorg/gradle/internal/operations/BuildOperation; (82 bytes) @ 0x000000010f4bbec8 [0x000000010f4bb420+0xaa8]
J 27672 C2 org.gradle.internal.operations.DefaultBuildOperationExecutor.execute(Lorg/gradle/internal/operations/BuildOperationDescriptor$Builder;Lorg/gradle/internal/operations/DefaultBuildOperationExecutor$BuildOperationState;Lorg/gradle/internal/operations/DefaultBuildOperationExecutor$BuildOperationExecution;)Lorg/gradle/internal/operations/BuildOperation; (111 bytes) @ 0x0000000110175008 [0x0000000110174a20+0x5e8]
J 15756 C2 org.gradle.internal.operations.DelegatingBuildOperationExecutor.call(Lorg/gradle/internal/operations/CallableBuildOperation;)Ljava/lang/Object; (11 bytes) @ 0x000000010f8df818 [0x000000010f8df600+0x218]
j  org.gradle.workers.internal.AbstractWorker.executeWrappedInBuildOperation(Lorg/gradle/workers/internal/IsolatedParametersActionExecutionSpec;Lorg/gradle/internal/operations/BuildOperationRef;Lorg/gradle/workers/internal/AbstractWorker$Work;)Lorg/gradle/workers/internal/DefaultWorkResult;+15
j  org.gradle.workers.internal.NoIsolationWorkerFactory$1.execute(Lorg/gradle/workers/internal/IsolatedParametersActionExecutionSpec;Lorg/gradle/internal/operations/BuildOperationRef;)Lorg/gradle/workers/internal/DefaultWorkResult;+17
j  org.gradle.workers.internal.DefaultWorkerExecutor.lambda$submitWork$2(Lorg/gradle/workers/internal/WorkerFactory;Lorg/gradle/workers/internal/WorkerRequirement;Lorg/gradle/workers/internal/IsolatedParametersActionExecutionSpec;Lorg/gradle/internal/operations/BuildOperationRef;)Lorg/gradle/workers/internal/DefaultWorkResult;+13
j  org.gradle.workers.internal.DefaultWorkerExecutor$$Lambda$837.call()Ljava/lang/Object;+16
J 29938 C1 java.util.concurrent.FutureTask.run()V (126 bytes) @ 0x00000001118aa4d4 [0x00000001118aa280+0x254]
j  org.gradle.internal.work.DefaultConditionalExecutionQueue$ExecutionRunner.runExecution(Lorg/gradle/internal/work/ConditionalExecution;)V+6
j  org.gradle.internal.work.DefaultConditionalExecutionQueue$ExecutionRunner.runBatch(Lorg/gradle/internal/work/ConditionalExecution;)V+8
j  org.gradle.internal.work.DefaultConditionalExecutionQueue$ExecutionRunner.run()V+11
J 34146 C2 java.util.concurrent.Executors$RunnableAdapter.call()Ljava/lang/Object; (14 bytes) @ 0x0000000111db0114 [0x0000000111db00a0+0x74]
J 29938 C1 java.util.concurrent.FutureTask.run()V (126 bytes) @ 0x00000001118aa4d4 [0x00000001118aa280+0x254]
J 14812 C2 org.gradle.internal.concurrent.ManagedExecutorImpl$1.run()V (59 bytes) @ 0x000000010dc4e004 [0x000000010dc4de80+0x184]
J 21686 C1 java.util.concurrent.ThreadPoolExecutor.runWorker(Ljava/util/concurrent/ThreadPoolExecutor$Worker;)V (225 bytes) @ 0x000000010f915e94 [0x000000010f914e60+0x1034]
J 21746 C1 java.util.concurrent.ThreadPoolExecutor$Worker.run()V (9 bytes) @ 0x000000010f84b4c4 [0x000000010f84b3c0+0x104]
J 14944 C1 org.gradle.internal.concurrent.ThreadFactoryImpl$ManagedThreadRunnable.run()V (13 bytes) @ 0x000000010d8cb134 [0x000000010d8cabe0+0x554]
J 14940 C1 java.lang.Thread.run()V (17 bytes) @ 0x000000010df989c4 [0x000000010df98880+0x144]
v  ~StubRoutines::call_stub
V  [libjvm.dylib+0x2cc647]
V  [libjvm.dylib+0x2cb4a2]
V  [libjvm.dylib+0x2cb680]
V  [libjvm.dylib+0x31bcc4]
V  [libjvm.dylib+0x527e84]
V  [libjvm.dylib+0x527d49]
V  [libjvm.dylib+0x45b9eb]
C  [libsystem_pthread.dylib+0x6109]  _pthread_start+0x94
C  [libsystem_pthread.dylib+0x1b8b]  thread_start+0xf
C  0x0000000000000000


---------------  P R O C E S S  ---------------

Java Threads: ( => current thread )
  0x00007fc55347c800 JavaThread "WorkerExecutor Queue Thread 8" [_thread_blocked, id=120579, stack(0x0000700010ecf000,0x0000700010fcf000)]
  0x00007fc552e73800 JavaThread "WorkerExecutor Queue Thread 7" [_thread_blocked, id=96267, stack(0x0000700010dcc000,0x0000700010ecc000)]
  0x00007fc55113f000 JavaThread "ForkJoinPool.commonPool-worker-1" daemon [_thread_blocked, id=89875, stack(0x0000700010cc9000,0x0000700010dc9000)]
  0x00007fc551294800 JavaThread "Cache worker for Java compile cache (/Users/soso/AndroidStudioProjects/DingBring/.gradle/6.5/javaCompile)" [_thread_blocked, id=12575, stack(0x0000700010bc6000,0x0000700010cc6000)]
  0x00007fc552da4000 JavaThread "RMI TCP Connection(31)-127.0.0.1" daemon [_thread_in_native, id=93711, stack(0x0000700010ac3000,0x0000700010bc3000)]
  0x00007fc552da6000 JavaThread "WorkerExecutor Queue Thread 6" [_thread_in_Java, id=85015, stack(0x00007000109c0000,0x0000700010ac0000)]
  0x00007fc555e38000 JavaThread "RMI TCP Connection(idle)" daemon [_thread_blocked, id=128307, stack(0x000070000fe74000,0x000070000ff74000)]
  0x00007fc552dab800 JavaThread "RMI TCP Connection(32)-127.0.0.1" daemon [_thread_in_native, id=70423, stack(0x000070000f65c000,0x000070000f75c000)]
  0x00007fc552e28800 JavaThread "stdout" [_thread_in_native, id=96523, stack(0x00007000108bd000,0x00007000109bd000)]
  0x00007fc55371f000 JavaThread "stderr" [_thread_in_native, id=97291, stack(0x00007000106b7000,0x00007000107b7000)]
  0x00007fc555e37800 JavaThread "stdout" [_thread_in_native, id=88619, stack(0x00007000105b4000,0x00007000106b4000)]
  0x00007fc555e36800 JavaThread "stderr" [_thread_in_native, id=31539, stack(0x00007000103ae000,0x00007000104ae000)]
  0x00007fc552e83800 JavaThread "process reaper" daemon [_thread_in_native, id=75567, stack(0x0000700010383000,0x00007000103ab000)]
  0x00007fc54e969000 JavaThread "process reaper" daemon [_thread_in_native, id=57899, stack(0x0000700005a61000,0x0000700005a89000)]
  0x00007fc555e36000 JavaThread "stdout" [_thread_in_native, id=91171, stack(0x0000700010280000,0x0000700010380000)]
  0x00007fc555e35000 JavaThread "stderr" [_thread_in_native, id=88103, stack(0x000070001017d000,0x000070001027d000)]
  0x00007fc54ea5d000 JavaThread "process reaper" daemon [_thread_in_native, id=34615, stack(0x0000700005a36000,0x0000700005a5e000)]
  0x00007fc555e34800 JavaThread "stdout" [_thread_in_native, id=62759, stack(0x000070001007a000,0x000070001017a000)]
  0x00007fc54ea92000 JavaThread "stderr" [_thread_in_native, id=122915, stack(0x000070000ff77000,0x0000700010077000)]
  0x00007fc54ecfd000 JavaThread "process reaper" daemon [_thread_in_native, id=59687, stack(0x0000700005a0b000,0x0000700005a33000)]
  0x00007fc54ee8c000 JavaThread "pool-29-thread-1" [_thread_blocked, id=28455, stack(0x000070000fd71000,0x000070000fe71000)]
=>0x00007fc551125000 JavaThread "WorkerExecutor Queue Thread 3" [_thread_in_Java, id=130851, stack(0x000070000f75f000,0x000070000f85f000)]
  0x00007fc555e2b000 JavaThread "Cache worker for execution history cache (/Users/soso/AndroidStudioProjects/DingBring/.gradle/6.5/executionHistory)" [_thread_blocked, id=26151, stack(0x000070000f456000,0x000070000f556000)]
  0x00007fc552f99000 JavaThread "Execution worker for ':' Thread 3" [_thread_blocked, id=92447, stack(0x000070000f353000,0x000070000f453000)]
  0x00007fc55156b000 JavaThread "Execution worker for ':' Thread 2" [_thread_blocked, id=48163, stack(0x000070000f250000,0x000070000f350000)]
  0x00007fc5517dc000 JavaThread "Execution worker for ':'" [_thread_blocked, id=124703, stack(0x000070000f14d000,0x000070000f24d000)]
  0x00007fc551934800 JavaThread "Cache worker for file content cache (/Users/soso/AndroidStudioProjects/DingBring/.gradle/6.5/fileContent)" [_thread_blocked, id=25123, stack(0x000070000f04a000,0x000070000f14a000)]
  0x00007fc550094800 JavaThread "Cache worker for Build Output Cleanup Cache (/Users/soso/AndroidStudioProjects/DingBring/.gradle/buildOutputCleanup)" [_thread_blocked, id=44835, stack(0x000070000ee44000,0x000070000ef44000)]
  0x00007fc551933000 JavaThread "jar transforms Thread 1053" [_thread_blocked, id=38691, stack(0x000070000ed41000,0x000070000ee41000)]
  0x00007fc54b6e7800 JavaThread "jar transforms Thread 1052" [_thread_blocked, id=80419, stack(0x000070000ec3e000,0x000070000ed3e000)]
  0x00007fc54b6e6800 JavaThread "jar transforms Thread 1051" [_thread_blocked, id=43311, stack(0x000070000eb3b000,0x000070000ec3b000)]
  0x00007fc54b6e6000 JavaThread "jar transforms Thread 1050" [_thread_blocked, id=29219, stack(0x000070000ea38000,0x000070000eb38000)]
  0x00007fc54b4b6800 JavaThread "jar transforms Thread 1049" [_thread_blocked, id=64547, stack(0x000070000e935000,0x000070000ea35000)]
  0x00007fc54b4b6000 JavaThread "jar transforms Thread 1048" [_thread_blocked, id=49443, stack(0x000070000e832000,0x000070000e932000)]
  0x00007fc54b4b5000 JavaThread "jar transforms Thread 1047" [_thread_blocked, id=89375, stack(0x000070000e72f000,0x000070000e82f000)]
  0x00007fc54b684800 JavaThread "jar transforms Thread 1046" [_thread_blocked, id=124195, stack(0x000070000e62c000,0x000070000e72c000)]
  0x00007fc54b683800 JavaThread "jar transforms Thread 1045" [_thread_blocked, id=87575, stack(0x000070000e529000,0x000070000e629000)]
  0x00007fc553aa4800 JavaThread "jar transforms Thread 1044" [_thread_blocked, id=60707, stack(0x000070000e426000,0x000070000e526000)]
  0x00007fc555af9800 JavaThread "jar transforms Thread 1043" [_thread_blocked, id=23343, stack(0x000070000e323000,0x000070000e423000)]
  0x00007fc555af9000 JavaThread "jar transforms Thread 1042" [_thread_blocked, id=57635, stack(0x000070000e220000,0x000070000e320000)]
  0x00007fc555af8000 JavaThread "jar transforms Thread 1041" [_thread_blocked, id=60451, stack(0x000070000e11d000,0x000070000e21d000)]
  0x00007fc555af7800 JavaThread "jar transforms Thread 1040" [_thread_blocked, id=69411, stack(0x000070000e01a000,0x000070000e11a000)]
  0x00007fc555af6800 JavaThread "jar transforms Thread 1039" [_thread_blocked, id=84515, stack(0x000070000df17000,0x000070000e017000)]
  0x00007fc555af6000 JavaThread "jar transforms Thread 1038" [_thread_blocked, id=33315, stack(0x000070000de14000,0x000070000df14000)]
  0x00007fc550674000 JavaThread "jar transforms Thread 1037" [_thread_blocked, id=68643, stack(0x000070000dd11000,0x000070000de11000)]
  0x00007fc555af5000 JavaThread "jar transforms Thread 1036" [_thread_blocked, id=57123, stack(0x000070000dc0e000,0x000070000dd0e000)]
  0x00007fc553ae3800 JavaThread "jar transforms Thread 1035" [_thread_blocked, id=54307, stack(0x000070000db0b000,0x000070000dc0b000)]
  0x00007fc551d4e000 JavaThread "jar transforms Thread 1034" [_thread_blocked, id=49187, stack(0x000070000da08000,0x000070000db08000)]
  0x00007fc551d4d800 JavaThread "jar transforms Thread 1033" [_thread_blocked, id=72227, stack(0x000070000d905000,0x000070000da05000)]
  0x00007fc555af4800 JavaThread "jar transforms Thread 1032" [_thread_blocked, id=128043, stack(0x000070000d802000,0x000070000d902000)]
  0x00007fc555af3800 JavaThread "jar transforms Thread 1031" [_thread_blocked, id=53795, stack(0x000070000d6ff000,0x000070000d7ff000)]
  0x00007fc555af3000 JavaThread "jar transforms Thread 1030" [_thread_blocked, id=26923, stack(0x000070000d5fc000,0x000070000d6fc000)]
  0x00007fc555af2000 JavaThread "jar transforms Thread 1029" [_thread_blocked, id=78627, stack(0x000070000d4f9000,0x000070000d5f9000)]
  0x00007fc555af1800 JavaThread "jar transforms Thread 1028" [_thread_blocked, id=22563, stack(0x000070000d3f6000,0x000070000d4f6000)]
  0x00007fc555af0800 JavaThread "jar transforms Thread 1027" [_thread_blocked, id=25635, stack(0x000070000d2f3000,0x000070000d3f3000)]
  0x00007fc553c22000 JavaThread "jar transforms Thread 1026" [_thread_blocked, id=130339, stack(0x000070000d1f0000,0x000070000d2f0000)]
  0x00007fc551fcf800 JavaThread "jar transforms Thread 1025" [_thread_blocked, id=53539, stack(0x000070000d0ed000,0x000070000d1ed000)]
  0x00007fc551fce800 JavaThread "jar transforms Thread 1024" [_thread_blocked, id=24627, stack(0x000070000cfea000,0x000070000d0ea000)]
  0x00007fc555af0000 JavaThread "jar transforms Thread 1023" [_thread_blocked, id=22063, stack(0x000070000cee7000,0x000070000cfe7000)]
  0x00007fc553ca5000 JavaThread "jar transforms Thread 1022" [_thread_blocked, id=60195, stack(0x000070000cde4000,0x000070000cee4000)]
  0x00007fc555aef000 JavaThread "jar transforms Thread 1021" [_thread_blocked, id=60963, stack(0x000070000cce1000,0x000070000cde1000)]
  0x00007fc555aee800 JavaThread "jar transforms Thread 1020" [_thread_blocked, id=48931, stack(0x000070000cbde000,0x000070000ccde000)]
  0x00007fc555aed800 JavaThread "jar transforms Thread 1019" [_thread_blocked, id=73763, stack(0x000070000cadb000,0x000070000cbdb000)]
  0x00007fc555aed000 JavaThread "jar transforms Thread 1018" [_thread_blocked, id=89123, stack(0x000070000c9d8000,0x000070000cad8000)]
  0x00007fc553cbe800 JavaThread "jar transforms Thread 1017" [_thread_blocked, id=69923, stack(0x000070000c8d5000,0x000070000c9d5000)]
  0x00007fc551dbc800 JavaThread "jar transforms Thread 1016" [_thread_blocked, id=54819, stack(0x000070000c7d2000,0x000070000c8d2000)]
  0x00007fc551dbb800 JavaThread "jar transforms Thread 1015" [_thread_blocked, id=87075, stack(0x000070000c6cf000,0x000070000c7cf000)]
  0x00007fc551ab2000 JavaThread "jar transforms Thread 1014" [_thread_blocked, id=43055, stack(0x000070000c5cc000,0x000070000c6cc000)]
  0x00007fc551ab1000 JavaThread "jar transforms Thread 1013" [_thread_blocked, id=83235, stack(0x000070000c4c9000,0x000070000c5c9000)]
  0x00007fc551851000 JavaThread "jar transforms Thread 1012" [_thread_blocked, id=67107, stack(0x000070000c3c6000,0x000070000c4c6000)]
  0x00007fc551850800 JavaThread "jar transforms Thread 1011" [_thread_blocked, id=41251, stack(0x000070000c2c3000,0x000070000c3c3000)]
  0x00007fc551832000 JavaThread "jar transforms Thread 1010" [_thread_blocked, id=49955, stack(0x000070000c1c0000,0x000070000c2c0000)]
  0x00007fc551831000 JavaThread "jar transforms Thread 1009" [_thread_blocked, id=79139, stack(0x000070000c0bd000,0x000070000c1bd000)]
  0x00007fc551894800 JavaThread "jar transforms Thread 1008" [_thread_blocked, id=35119, stack(0x000070000bfba000,0x000070000c0ba000)]
  0x00007fc551894000 JavaThread "jar transforms Thread 1007" [_thread_blocked, id=40227, stack(0x000070000beb7000,0x000070000bfb7000)]
  0x00007fc54b4b9800 JavaThread "jar transforms Thread 1006" [_thread_blocked, id=28963, stack(0x000070000bdb4000,0x000070000beb4000)]
  0x00007fc54b4b9000 JavaThread "jar transforms Thread 1005" [_thread_blocked, id=25891, stack(0x000070000bcb1000,0x000070000bdb1000)]
  0x00007fc54b720000 JavaThread "jar transforms Thread 1004" [_thread_blocked, id=34871, stack(0x000070000bbae000,0x000070000bcae000)]
  0x00007fc54b71f800 JavaThread "jar transforms Thread 1003" [_thread_blocked, id=32803, stack(0x000070000baab000,0x000070000bbab000)]
  0x00007fc551e4c800 JavaThread "jar transforms Thread 1002" [_thread_blocked, id=65315, stack(0x000070000b9a8000,0x000070000baa8000)]
  0x00007fc551e4b800 JavaThread "jar transforms Thread 1001" [_thread_blocked, id=65571, stack(0x000070000b8a5000,0x000070000b9a5000)]
  0x00007fc551ba6800 JavaThread "jar transforms Thread 1000" [_thread_blocked, id=95007, stack(0x000070000b7a2000,0x000070000b8a2000)]
  0x00007fc551ba6000 JavaThread "jar transforms Thread 999" [_thread_blocked, id=67619, stack(0x000070000b69f000,0x000070000b79f000)]
  0x00007fc551b10800 JavaThread "jar transforms Thread 998" [_thread_blocked, id=24867, stack(0x000070000b59c000,0x000070000b69c000)]
  0x00007fc551b0f800 JavaThread "jar transforms Thread 997" [_thread_blocked, id=76835, stack(0x000070000b499000,0x000070000b599000)]
  0x00007fc54aaa3800 JavaThread "jar transforms Thread 996" [_thread_blocked, id=29731, stack(0x000070000b396000,0x000070000b496000)]
  0x00007fc54aaa2800 JavaThread "jar transforms Thread 995" [_thread_blocked, id=76067, stack(0x000070000b293000,0x000070000b393000)]
  0x00007fc55029a000 JavaThread "jar transforms Thread 994" [_thread_blocked, id=32291, stack(0x000070000b190000,0x000070000b290000)]
  0x00007fc54aae5800 JavaThread "jar transforms Thread 993" [_thread_blocked, id=55587, stack(0x000070000b08d000,0x000070000b18d000)]
  0x00007fc54aae4800 JavaThread "jar transforms Thread 992" [_thread_blocked, id=127263, stack(0x000070000af8a000,0x000070000b08a000)]
  0x00007fc55187a000 JavaThread "jar transforms Thread 991" [_thread_blocked, id=76323, stack(0x000070000ae87000,0x000070000af87000)]
  0x00007fc551879000 JavaThread "jar transforms Thread 990" [_thread_blocked, id=28707, stack(0x000070000ad84000,0x000070000ae84000)]
  0x00007fc555a9c000 JavaThread "jar transforms Thread 989" [_thread_blocked, id=88867, stack(0x000070000ac81000,0x000070000ad81000)]
  0x00007fc555a9b800 JavaThread "jar transforms Thread 988" [_thread_blocked, id=87843, stack(0x000070000ab7e000,0x000070000ac7e000)]
  0x00007fc555a9a800 JavaThread "jar transforms Thread 987" [_thread_blocked, id=58915, stack(0x000070000aa7b000,0x000070000ab7b000)]
  0x00007fc555a9a000 JavaThread "jar transforms Thread 986" [_thread_blocked, id=41507, stack(0x000070000a978000,0x000070000aa78000)]
  0x00007fc555a99000 JavaThread "jar transforms Thread 985" [_thread_blocked, id=58659, stack(0x000070000a875000,0x000070000a975000)]
  0x00007fc555a98800 JavaThread "jar transforms Thread 984" [_thread_blocked, id=62243, stack(0x000070000a772000,0x000070000a872000)]
  0x00007fc54a6db800 JavaThread "jar transforms Thread 983" [_thread_blocked, id=64803, stack(0x000070000a66f000,0x000070000a76f000)]
  0x00007fc54a6da800 JavaThread "jar transforms Thread 982" [_thread_blocked, id=38947, stack(0x000070000a56c000,0x000070000a66c000)]
  0x00007fc54a6da000 JavaThread "jar transforms Thread 981" [_thread_blocked, id=52003, stack(0x000070000a469000,0x000070000a569000)]
  0x00007fc54a6d9000 JavaThread "jar transforms Thread 980" [_thread_blocked, id=97827, stack(0x000070000a366000,0x000070000a466000)]
  0x00007fc54a6d8800 JavaThread "jar transforms Thread 979" [_thread_blocked, id=61731, stack(0x000070000a263000,0x000070000a363000)]
  0x00007fc54a6d7800 JavaThread "jar transforms Thread 978" [_thread_blocked, id=37923, stack(0x000070000a160000,0x000070000a260000)]
  0x00007fc54a6d7000 JavaThread "jar transforms Thread 977" [_thread_blocked, id=41763, stack(0x000070000a05d000,0x000070000a15d000)]
  0x00007fc54a6d6000 JavaThread "jar transforms Thread 976" [_thread_blocked, id=27939, stack(0x0000700009f5a000,0x000070000a05a000)]
  0x00007fc54a6d5800 JavaThread "jar transforms Thread 975" [_thread_blocked, id=51235, stack(0x0000700009e57000,0x0000700009f57000)]
  0x00007fc54a6d4800 JavaThread "jar transforms Thread 974" [_thread_blocked, id=80931, stack(0x0000700009d54000,0x0000700009e54000)]
  0x00007fc54a619800 JavaThread "jar transforms Thread 973" [_thread_blocked, id=74019, stack(0x0000700009c51000,0x0000700009d51000)]
  0x00007fc54a619000 JavaThread "jar transforms Thread 972" [_thread_blocked, id=79907, stack(0x0000700009b4e000,0x0000700009c4e000)]
  0x00007fc54b324800 JavaThread "jar transforms Thread 971" [_thread_blocked, id=123679, stack(0x0000700009a4b000,0x0000700009b4b000)]
  0x00007fc551a17000 JavaThread "jar transforms Thread 970" [_thread_blocked, id=121631, stack(0x0000700009948000,0x0000700009a48000)]
  0x00007fc54b71d800 JavaThread "jar transforms Thread 969" [_thread_blocked, id=45603, stack(0x0000700009845000,0x0000700009945000)]
  0x00007fc54b70a800 JavaThread "jar transforms Thread 968" [_thread_blocked, id=80163, stack(0x0000700009742000,0x0000700009842000)]
  0x00007fc54b71b800 JavaThread "jar transforms Thread 967" [_thread_blocked, id=65059, stack(0x000070000963f000,0x000070000973f000)]
  0x00007fc54aac1000 JavaThread "jar transforms Thread 966" [_thread_blocked, id=71971, stack(0x000070000953c000,0x000070000963c000)]
  0x00007fc54afa2800 JavaThread "jar transforms Thread 965" [_thread_blocked, id=45859, stack(0x0000700009439000,0x0000700009539000)]
  0x00007fc54b5c6000 JavaThread "jar transforms Thread 964" [_thread_blocked, id=68131, stack(0x0000700009336000,0x0000700009436000)]
  0x00007fc551897000 JavaThread "jar transforms Thread 963" [_thread_blocked, id=68387, stack(0x0000700009233000,0x0000700009333000)]
  0x00007fc54a618000 JavaThread "jar transforms Thread 962" [_thread_blocked, id=78371, stack(0x0000700009130000,0x0000700009230000)]
  0x00007fc551e46800 JavaThread "jar transforms Thread 961" [_thread_blocked, id=61475, stack(0x000070000902d000,0x000070000912d000)]
  0x00007fc54b679800 JavaThread "jar transforms Thread 960" [_thread_blocked, id=81443, stack(0x0000700008f2a000,0x000070000902a000)]
  0x00007fc551f92800 JavaThread "jar transforms Thread 959" [_thread_blocked, id=26659, stack(0x0000700008e27000,0x0000700008f27000)]
  0x00007fc551c13800 JavaThread "jar transforms Thread 958" [_thread_blocked, id=54563, stack(0x0000700008d24000,0x0000700008e24000)]
  0x00007fc551f61800 JavaThread "jar transforms Thread 957" [_thread_blocked, id=17695, stack(0x0000700008c21000,0x0000700008d21000)]
  0x00007fc54b63d800 JavaThread "jar transforms Thread 956" [_thread_blocked, id=54051, stack(0x0000700008b1e000,0x0000700008c1e000)]
  0x00007fc551f20800 JavaThread "jar transforms Thread 955" [_thread_blocked, id=85795, stack(0x0000700008a1b000,0x0000700008b1b000)]
  0x00007fc54a617800 JavaThread "jar transforms Thread 954" [_thread_blocked, id=90911, stack(0x0000700008918000,0x0000700008a18000)]
  0x00007fc54a616800 JavaThread "jar transforms Thread 953" [_thread_blocked, id=58147, stack(0x0000700008815000,0x0000700008915000)]
  0x00007fc54a616000 JavaThread "jar transforms Thread 952" [_thread_blocked, id=56867, stack(0x000070000850c000,0x000070000860c000)]
  0x00007fc54a615000 JavaThread "jar transforms Thread 951" [_thread_blocked, id=33827, stack(0x0000700008409000,0x0000700008509000)]
  0x00007fc553fef800 JavaThread "jar transforms Thread 950" [_thread_blocked, id=94759, stack(0x0000700008306000,0x0000700008406000)]
  0x00007fc54fffd800 JavaThread "jar transforms Thread 949" [_thread_blocked, id=64303, stack(0x0000700008203000,0x0000700008303000)]
  0x00007fc5503d6800 JavaThread "jar transforms Thread 948" [_thread_blocked, id=121123, stack(0x0000700008100000,0x0000700008200000)]
  0x00007fc54a670000 JavaThread "jar transforms Thread 947" [_thread_blocked, id=129827, stack(0x0000700007ffd000,0x00007000080fd000)]
  0x00007fc54a66f000 JavaThread "jar transforms Thread 946" [_thread_blocked, id=86051, stack(0x0000700007efa000,0x0000700007ffa000)]
  0x00007fc54a66e800 JavaThread "jar transforms Thread 945" [_thread_blocked, id=127775, stack(0x0000700007df7000,0x0000700007ef7000)]
  0x00007fc54a66d800 JavaThread "jar transforms Thread 944" [_thread_blocked, id=127011, stack(0x0000700007cf4000,0x0000700007df4000)]
  0x00007fc54a66d000 JavaThread "jar transforms Thread 943" [_thread_blocked, id=83747, stack(0x0000700007bf1000,0x0000700007cf1000)]
  0x00007fc54a259000 JavaThread "jar transforms Thread 942" [_thread_blocked, id=125215, stack(0x0000700007aee000,0x0000700007bee000)]
  0x00007fc54a258000 JavaThread "jar transforms Thread 941" [_thread_blocked, id=43555, stack(0x00007000079eb000,0x0000700007aeb000)]
  0x00007fc55010f000 JavaThread "jar transforms Thread 940" [_thread_blocked, id=72735, stack(0x00007000078e8000,0x00007000079e8000)]
  0x00007fc55032f000 JavaThread "jar transforms Thread 939" [_thread_blocked, id=57375, stack(0x00007000077e5000,0x00007000078e5000)]
  0x00007fc553ede800 JavaThread "jar transforms Thread 938" [_thread_blocked, id=127523, stack(0x00007000076e2000,0x00007000077e2000)]
  0x00007fc550121000 JavaThread "jar transforms Thread 937" [_thread_blocked, id=23599, stack(0x00007000075df000,0x00007000076df000)]
  0x00007fc54a257800 JavaThread "Build operations Thread 4" [_thread_blocked, id=47139, stack(0x00007000074dc000,0x00007000075dc000)]
  0x00007fc54b176000 JavaThread "Build operations Thread 3" [_thread_blocked, id=39203, stack(0x00007000073d9000,0x00007000074d9000)]
  0x00007fc553e05000 JavaThread "Build operations Thread 2" [_thread_blocked, id=16691, stack(0x00007000072d6000,0x00007000073d6000)]
  0x00007fc54a256800 JavaThread "Build operations" [_thread_blocked, id=58407, stack(0x00007000071d3000,0x00007000072d3000)]
  0x00007fc54b10f000 JavaThread "Cache worker for cache directory md-rule (/Users/soso/.gradle/caches/6.5/md-rule)" [_thread_blocked, id=26403, stack(0x00007000070d0000,0x00007000071d0000)]
  0x00007fc551a9d800 JavaThread "Cache worker for cache directory md-supplier (/Users/soso/.gradle/caches/6.5/md-supplier)" [_thread_blocked, id=73251, stack(0x0000700006fcd000,0x00007000070cd000)]
  0x00007fc54a253800 JavaThread "Cache worker for checksums cache (/Users/soso/AndroidStudioProjects/DingBring/.gradle/checksums)" [_thread_blocked, id=124959, stack(0x0000700006eca000,0x0000700006fca000)]
  0x00007fc553da7000 JavaThread "Cache worker for file hash cache (/Users/soso/AndroidStudioProjects/DingBring/.gradle/6.5/fileHashes)" [_thread_blocked, id=95267, stack(0x0000700006dc7000,0x0000700006ec7000)]
  0x00007fc54a290800 JavaThread "Thread-1215" [_thread_blocked, id=36403, stack(0x00007000069bb000,0x0000700006abb000)]
  0x00007fc54a3af000 JavaThread "Stdin handler" [_thread_blocked, id=29479, stack(0x00007000068b8000,0x00007000069b8000)]
  0x00007fc54a2e2800 JavaThread "Asynchronous log dispatcher for DefaultDaemonConnection: socket connection from /127.0.0.1:63820 to /127.0.0.1:49683" [_thread_blocked, id=95519, stack(0x00007000067b5000,0x00007000068b5000)]
  0x00007fc54a7a7800 JavaThread "Daemon worker Thread 7" [_thread_blocked, id=51743, stack(0x00007000066b2000,0x00007000067b2000)]
  0x00007fc54a6a9800 JavaThread "Cancel handler" [_thread_blocked, id=92959, stack(0x00007000065af000,0x00007000066af000)]
  0x00007fc553d45000 JavaThread "Handler for socket connection from /127.0.0.1:63820 to /127.0.0.1:49683" [_thread_in_native, id=85543, stack(0x00007000063a9000,0x00007000064a9000)]
  0x00007fc54a723800 JavaThread "Daemon Thread 7" [_thread_blocked, id=50479, stack(0x00007000062a6000,0x00007000063a6000)]
  0x00007fc5539fa000 JavaThread "RMI Reaper" [_thread_blocked, id=83987, stack(0x000070000fc6e000,0x000070000fd6e000)]
  0x00007fc54afb8800 JavaThread "GC Daemon" daemon [_thread_blocked, id=34339, stack(0x000070000fb6b000,0x000070000fc6b000)]
  0x00007fc553e41000 JavaThread "Cache worker for Java compile cache (/Users/soso/.gradle/caches/6.5/javaCompile)" [_thread_blocked, id=123143, stack(0x000070000f862000,0x000070000f962000)]
  0x00007fc5530c8000 JavaThread "RMI TCP Accept-0" daemon [_thread_in_native, id=96771, stack(0x00007000107ba000,0x00007000108ba000)]
  0x00007fc54bd68800 JavaThread "RMI Scheduler(0)" daemon [_thread_blocked, id=95747, stack(0x00007000104b1000,0x00007000105b1000)]
  0x00007fc55286a800 JavaThread "MarlinRenderer Disposer" daemon [_thread_blocked, id=91399, stack(0x000070000fa68000,0x000070000fb68000)]
  0x00007fc550348800 JavaThread "Java2D Disposer" daemon [_thread_blocked, id=91911, stack(0x000070000f965000,0x000070000fa65000)]
  0x00007fc5533a3000 JavaThread "AWT-AppKit" daemon [_thread_in_native, id=775, stack(0x00007ffee86d9000,0x00007ffee8ed9000)]
  0x00007fc553278800 JavaThread "Memory manager" [_thread_blocked, id=129283, stack(0x000070000ef47000,0x000070000f047000)]
  0x00007fc54b115800 JavaThread "Cache worker for file content cache (/Users/soso/.gradle/caches/6.5/fileContent)" [_thread_blocked, id=30723, stack(0x0000700008712000,0x0000700008812000)]
  0x00007fc550646000 JavaThread "Cache worker for execution history cache (/Users/soso/.gradle/caches/6.5/executionHistory)" [_thread_blocked, id=35843, stack(0x000070000860f000,0x000070000870f000)]
  0x00007fc54aa18800 JavaThread "Cache worker for file hash cache (/Users/soso/.gradle/caches/6.5/fileHashes)" [_thread_blocked, id=24323, stack(0x0000700006cc4000,0x0000700006dc4000)]
  0x00007fc54b1d2800 JavaThread "File lock request listener" [_thread_in_native, id=24067, stack(0x0000700006bc1000,0x0000700006cc1000)]
  0x00007fc54bb41800 JavaThread "Cache worker for journal cache (/Users/soso/.gradle/caches/journal-1)" [_thread_blocked, id=42755, stack(0x0000700006abe000,0x0000700006bbe000)]
  0x00007fc54a5ee000 JavaThread "Daemon periodic checks" [_thread_blocked, id=16899, stack(0x00007000064ac000,0x00007000065ac000)]
  0x00007fc54a5f4800 JavaThread "Incoming local TCP Connector on port 63820" [_thread_in_native, id=18179, stack(0x00007000061a3000,0x00007000062a3000)]
  0x00007fc54a983000 JavaThread "Daemon health stats" [_thread_blocked, id=16131, stack(0x00007000060a0000,0x00007000061a0000)]
  0x00007fc54b8a2800 JavaThread "Service Thread" daemon [_thread_blocked, id=15107, stack(0x0000700005e9a000,0x0000700005f9a000)]
  0x00007fc54a824000 JavaThread "C1 CompilerThread2" daemon [_thread_blocked, id=14851, stack(0x0000700005d97000,0x0000700005e97000)]
  0x00007fc54b8a2000 JavaThread "C2 CompilerThread1" daemon [_thread_in_native, id=19203, stack(0x0000700005c94000,0x0000700005d94000)]
  0x00007fc54b83e800 JavaThread "C2 CompilerThread0" daemon [_thread_in_native, id=14339, stack(0x0000700005b91000,0x0000700005c91000)]
  0x00007fc54b008800 JavaThread "Signal Dispatcher" daemon [_thread_blocked, id=13827, stack(0x0000700005a8e000,0x0000700005b8e000)]
  0x00007fc54a80a800 JavaThread "Finalizer" daemon [_thread_blocked, id=11523, stack(0x0000700005885000,0x0000700005985000)]
  0x00007fc54b018000 JavaThread "Reference Handler" daemon [_thread_blocked, id=21251, stack(0x0000700005782000,0x0000700005882000)]
  0x00007fc54a809800 JavaThread "main" [_thread_blocked, id=4099, stack(0x0000700005170000,0x0000700005270000)]

Other Threads:
  0x00007fc54b82f800 VMThread [stack: 0x000070000567f000,0x000070000577f000] [id=11011]
  0x00007fc54b01f000 WatcherThread [stack: 0x0000700005f9d000,0x000070000609d000] [id=15619]

VM state:synchronizing (normal execution)

VM Mutex/Monitor currently owned by a thread:  ([mutex/lock_event])
[0x00007fc549f06030] Safepoint_lock - owner thread: 0x00007fc54b82f800
[0x00007fc549f060b0] Threads_lock - owner thread: 0x00007fc54b82f800

heap address: 0x0000000740000000, size: 2048 MB, Compressed Oops mode: Zero based, Oop shift amount: 3
Narrow klass base: 0x0000000000000000, Narrow klass shift: 3
Compressed class space size: 1073741824 Address: 0x00000007c0000000

Heap:
 PSYoungGen      total 571392K, used 129732K [0x0000000795580000, 0x00000007bf800000, 0x00000007c0000000)
  eden space 447488K, 18% used [0x0000000795580000,0x000000079a6398a0,0x00000007b0a80000)
  from space 123904K, 37% used [0x00000007b0a80000,0x00000007b3877930,0x00000007b8380000)
  to   space 116736K, 0% used [0x00000007b8600000,0x00000007b8600000,0x00000007bf800000)
 ParOldGen       total 288256K, used 142664K [0x0000000740000000, 0x0000000751980000, 0x0000000795580000)
  object space 288256K, 49% used [0x0000000740000000,0x0000000748b52140,0x0000000751980000)
 Metaspace       used 170651K, capacity 179318K, committed 179416K, reserved 1206272K
  class space    used 20653K, capacity 22155K, committed 22232K, reserved 1048576K

Card table byte_map: [0x000000010888f000,0x0000000108c90000] byte_map_base: 0x0000000104e8f000

Marking Bits: (ParMarkBitMap*) 0x0000000107e273f8
 Begin Bits: [0x000000011bd64000, 0x000000011dd64000)
 End Bits:   [0x000000011dd64000, 0x000000011fd64000)

Polling page: 0x0000000106db7000

CodeCache: size=245760Kb used=89271Kb max_used=89271Kb free=156488Kb
 bounds [0x000000010cd64000, 0x0000000112514000, 0x000000011bd64000]
 total_blobs=26674 nmethods=25611 adapters=974
 compilation: enabled

Compilation events (10 events):
Event: 4133.557 Thread 0x00007fc54a824000 35279       2       com.android.tools.r8.u.c.b$b::<init> (16 bytes)
Event: 4133.557 Thread 0x00007fc54a824000 nmethod 35279 0x00000001124aaf10 code [0x00000001124ab060, 0x00000001124ab1f0]
Event: 4133.568 Thread 0x00007fc54a824000 35284       2       com.android.tools.r8.u.b.n::a (10 bytes)
Event: 4133.571 Thread 0x00007fc54a824000 nmethod 35284 0x00000001124c3910 code [0x00000001124c3aa0, 0x00000001124c3e48]
Event: 4133.571 Thread 0x00007fc54a824000 35286       2       com.android.tools.r8.u.b.n::C (12 bytes)
Event: 4133.571 Thread 0x00007fc54a824000 nmethod 35286 0x00000001124aab90 code [0x00000001124aad00, 0x00000001124aae88]
Event: 4133.595 Thread 0x00007fc54a824000 35305       2       com.android.tools.r8.graph.f0::v (23 bytes)
Event: 4133.596 Thread 0x00007fc54a824000 nmethod 35305 0x00000001124c4190 code [0x00000001124c4300, 0x00000001124c4508]
Event: 4133.596 Thread 0x00007fc54a824000 35306       2       com.android.tools.r8.u.b.J0::<init> (22 bytes)
Event: 4133.596 Thread 0x00007fc54a824000 nmethod 35306 0x00000001124c4690 code [0x00000001124c4800, 0x00000001124c49c8]

GC Heap History (10 events):
Event: 3347.287 GC heap before
{Heap before GC invocations=52 (full 5):
 PSYoungGen      total 561664K, used 451527K [0x0000000795580000, 0x00000007bfa80000, 0x00000007c0000000)
  eden space 433152K, 100% used [0x0000000795580000,0x00000007afc80000,0x00000007afc80000)
  from space 128512K, 14% used [0x00000007b7d00000,0x00000007b8ef1cc0,0x00000007bfa80000)
  to   space 130048K, 0% used [0x00000007afc80000,0x00000007afc80000,0x00000007b7b80000)
 ParOldGen       total 288256K, used 142424K [0x0000000740000000, 0x0000000751980000, 0x0000000795580000)
  object space 288256K, 49% used [0x0000000740000000,0x0000000748b16130,0x0000000751980000)
 Metaspace       used 162893K, capacity 171078K, committed 171480K, reserved 1200128K
  class space    used 19811K, capacity 21261K, committed 21464K, reserved 1048576K
Event: 3347.346 GC heap after
Heap after GC invocations=52 (full 5):
 PSYoungGen      total 563200K, used 28746K [0x0000000795580000, 0x00000007bf980000, 0x00000007c0000000)
  eden space 433152K, 0% used [0x0000000795580000,0x0000000795580000,0x00000007afc80000)
  from space 130048K, 22% used [0x00000007afc80000,0x00000007b1892b10,0x00000007b7b80000)
  to   space 125952K, 0% used [0x00000007b7e80000,0x00000007b7e80000,0x00000007bf980000)
 ParOldGen       total 288256K, used 142432K [0x0000000740000000, 0x0000000751980000, 0x0000000795580000)
  object space 288256K, 49% used [0x0000000740000000,0x0000000748b18130,0x0000000751980000)
 Metaspace       used 162893K, capacity 171078K, committed 171480K, reserved 1200128K
  class space    used 19811K, capacity 21261K, committed 21464K, reserved 1048576K
}
Event: 4099.433 GC heap before
{Heap before GC invocations=53 (full 5):
 PSYoungGen      total 563200K, used 461898K [0x0000000795580000, 0x00000007bf980000, 0x00000007c0000000)
  eden space 433152K, 100% used [0x0000000795580000,0x00000007afc80000,0x00000007afc80000)
  from space 130048K, 22% used [0x00000007afc80000,0x00000007b1892b10,0x00000007b7b80000)
  to   space 125952K, 0% used [0x00000007b7e80000,0x00000007b7e80000,0x00000007bf980000)
 ParOldGen       total 288256K, used 142432K [0x0000000740000000, 0x0000000751980000, 0x0000000795580000)
  object space 288256K, 49% used [0x0000000740000000,0x0000000748b18130,0x0000000751980000)
 Metaspace       used 163098K, capacity 171466K, committed 171736K, reserved 1200128K
  class space    used 19841K, capacity 21315K, committed 21464K, reserved 1048576K
Event: 4099.624 GC heap after
Heap after GC invocations=53 (full 5):
 PSYoungGen      total 565248K, used 20606K [0x0000000795580000, 0x00000007bf600000, 0x00000007c0000000)
  eden space 442880K, 0% used [0x0000000795580000,0x0000000795580000,0x00000007b0600000)
  from space 122368K, 16% used [0x00000007b7e80000,0x00000007b929f938,0x00000007bf600000)
  to   space 122880K, 0% used [0x00000007b0600000,0x00000007b0600000,0x00000007b7e00000)
 ParOldGen       total 288256K, used 142440K [0x0000000740000000, 0x0000000751980000, 0x0000000795580000)
  object space 288256K, 49% used [0x0000000740000000,0x0000000748b1a130,0x0000000751980000)
 Metaspace       used 163098K, capacity 171466K, committed 171736K, reserved 1200128K
  class space    used 19841K, capacity 21315K, committed 21464K, reserved 1048576K
}
Event: 4106.086 GC heap before
{Heap before GC invocations=54 (full 5):
 PSYoungGen      total 565248K, used 463486K [0x0000000795580000, 0x00000007bf600000, 0x00000007c0000000)
  eden space 442880K, 100% used [0x0000000795580000,0x00000007b0600000,0x00000007b0600000)
  from space 122368K, 16% used [0x00000007b7e80000,0x00000007b929f938,0x00000007bf600000)
  to   space 122880K, 0% used [0x00000007b0600000,0x00000007b0600000,0x00000007b7e00000)
 ParOldGen       total 288256K, used 142440K [0x0000000740000000, 0x0000000751980000, 0x0000000795580000)
  object space 288256K, 49% used [0x0000000740000000,0x0000000748b1a130,0x0000000751980000)
 Metaspace       used 163162K, capacity 171536K, committed 171736K, reserved 1200128K
  class space    used 19842K, capacity 21316K, committed 21464K, reserved 1048576K
Event: 4106.194 GC heap after
Heap after GC invocations=54 (full 5):
 PSYoungGen      total 565760K, used 29258K [0x0000000795580000, 0x00000007bf680000, 0x00000007c0000000)
  eden space 442880K, 0% used [0x0000000795580000,0x0000000795580000,0x00000007b0600000)
  from space 122880K, 23% used [0x00000007b0600000,0x00000007b2292b50,0x00000007b7e00000)
  to   space 117760K, 0% used [0x00000007b8380000,0x00000007b8380000,0x00000007bf680000)
 ParOldGen       total 288256K, used 142448K [0x0000000740000000, 0x0000000751980000, 0x0000000795580000)
  object space 288256K, 49% used [0x0000000740000000,0x0000000748b1c130,0x0000000751980000)
 Metaspace       used 163162K, capacity 171536K, committed 171736K, reserved 1200128K
  class space    used 19842K, capacity 21316K, committed 21464K, reserved 1048576K
}
Event: 4119.728 GC heap before
{Heap before GC invocations=55 (full 5):
 PSYoungGen      total 565760K, used 472138K [0x0000000795580000, 0x00000007bf680000, 0x00000007c0000000)
  eden space 442880K, 100% used [0x0000000795580000,0x00000007b0600000,0x00000007b0600000)
  from space 122880K, 23% used [0x00000007b0600000,0x00000007b2292b50,0x00000007b7e00000)
  to   space 117760K, 0% used [0x00000007b8380000,0x00000007b8380000,0x00000007bf680000)
 ParOldGen       total 288256K, used 142448K [0x0000000740000000, 0x0000000751980000, 0x0000000795580000)
  object space 288256K, 49% used [0x0000000740000000,0x0000000748b1c130,0x0000000751980000)
 Metaspace       used 166524K, capacity 174910K, committed 175320K, reserved 1202176K
  class space    used 20129K, capacity 21613K, committed 21720K, reserved 1048576K
Event: 4120.214 GC heap after
Heap after GC invocations=55 (full 5):
 PSYoungGen      total 565248K, used 81050K [0x0000000795580000, 0x00000007c0000000, 0x00000007c0000000)
  eden space 447488K, 0% used [0x0000000795580000,0x0000000795580000,0x00000007b0a80000)
  from space 117760K, 68% used [0x00000007b8380000,0x00000007bd2a6840,0x00000007bf680000)
  to   space 123904K, 0% used [0x00000007b0a80000,0x00000007b0a80000,0x00000007b8380000)
 ParOldGen       total 288256K, used 142448K [0x0000000740000000, 0x0000000751980000, 0x0000000795580000)
  object space 288256K, 49% used [0x0000000740000000,0x0000000748b1c130,0x0000000751980000)
 Metaspace       used 166524K, capacity 174910K, committed 175320K, reserved 1202176K
  class space    used 20129K, capacity 21613K, committed 21720K, reserved 1048576K
}
Event: 4133.376 GC heap before
{Heap before GC invocations=56 (full 5):
 PSYoungGen      total 565248K, used 528538K [0x0000000795580000, 0x00000007c0000000, 0x00000007c0000000)
  eden space 447488K, 100% used [0x0000000795580000,0x00000007b0a80000,0x00000007b0a80000)
  from space 117760K, 68% used [0x00000007b8380000,0x00000007bd2a6840,0x00000007bf680000)
  to   space 123904K, 0% used [0x00000007b0a80000,0x00000007b0a80000,0x00000007b8380000)
 ParOldGen       total 288256K, used 142448K [0x0000000740000000, 0x0000000751980000, 0x0000000795580000)
  object space 288256K, 49% used [0x0000000740000000,0x0000000748b1c130,0x0000000751980000)
 Metaspace       used 170633K, capacity 179250K, committed 179416K, reserved 1206272K
  class space    used 20652K, capacity 22155K, committed 22232K, reserved 1048576K
Event: 4133.507 GC heap after
Heap after GC invocations=56 (full 5):
 PSYoungGen      total 571392K, used 47070K [0x0000000795580000, 0x00000007bf800000, 0x00000007c0000000)
  eden space 447488K, 0% used [0x0000000795580000,0x0000000795580000,0x00000007b0a80000)
  from space 123904K, 37% used [0x00000007b0a80000,0x00000007b3877930,0x00000007b8380000)
  to   space 116736K, 0% used [0x00000007b8600000,0x00000007b8600000,0x00000007bf800000)
 ParOldGen       total 288256K, used 142664K [0x0000000740000000, 0x0000000751980000, 0x0000000795580000)
  object space 288256K, 49% used [0x0000000740000000,0x0000000748b52140,0x0000000751980000)
 Metaspace       used 170633K, capacity 179250K, committed 179416K, reserved 1206272K
  class space    used 20652K, capacity 22155K, committed 22232K, reserved 1048576K
}

Deoptimization events (10 events):
Event: 4132.771 Thread 0x00007fc552f99000 Uncommon trap: reason=bimorphic action=maybe_recompile pc=0x0000000111ad3fe4 method=com.sun.tools.javac.comp.Check.checkType(Lcom/sun/tools/javac/util/JCDiagnostic$DiagnosticPosition;Lcom/sun/tools/javac/code/Type;Lcom/sun/tools/javac/code/Type;Lcom/sun/t
Event: 4132.771 Thread 0x00007fc552f99000 Uncommon trap: reason=bimorphic action=maybe_recompile pc=0x0000000111ad3fe4 method=com.sun.tools.javac.comp.Check.checkType(Lcom/sun/tools/javac/util/JCDiagnostic$DiagnosticPosition;Lcom/sun/tools/javac/code/Type;Lcom/sun/tools/javac/code/Type;Lcom/sun/t
Event: 4132.772 Thread 0x00007fc552f99000 Uncommon trap: reason=bimorphic action=maybe_recompile pc=0x0000000111ad3fe4 method=com.sun.tools.javac.comp.Check.checkType(Lcom/sun/tools/javac/util/JCDiagnostic$DiagnosticPosition;Lcom/sun/tools/javac/code/Type;Lcom/sun/tools/javac/code/Type;Lcom/sun/t
Event: 4132.826 Thread 0x00007fc552f99000 Uncommon trap: reason=bimorphic action=maybe_recompile pc=0x0000000111843a08 method=com.sun.tools.javac.code.Symbol.complete()V @ 19
Event: 4132.871 Thread 0x00007fc552f99000 Uncommon trap: reason=unstable_if action=reinterpret pc=0x000000011241d498 method=com.sun.tools.javac.code.Types$SameTypeVisitor.visitClassType(Lcom/sun/tools/javac/code/Type$ClassType;Lcom/sun/tools/javac/code/Type;)Ljava/lang/Boolean; @ 327
Event: 4132.951 Thread 0x00007fc552f99000 Uncommon trap: reason=class_check action=maybe_recompile pc=0x00000001124115b4 method=com.sun.tools.javac.code.Types.rank(Lcom/sun/tools/javac/code/Type;)I @ 131
Event: 4132.951 Thread 0x00007fc552f99000 Uncommon trap: reason=class_check action=maybe_recompile pc=0x0000000112410f44 method=com.sun.tools.javac.code.Types.rank(Lcom/sun/tools/javac/code/Type;)I @ 1
Event: 4132.951 Thread 0x00007fc552f99000 Uncommon trap: reason=class_check action=maybe_recompile pc=0x0000000112410f44 method=com.sun.tools.javac.code.Types.rank(Lcom/sun/tools/javac/code/Type;)I @ 1
Event: 4132.951 Thread 0x00007fc552f99000 Uncommon trap: reason=class_check action=maybe_recompile pc=0x00000001124115b4 method=com.sun.tools.javac.code.Types.rank(Lcom/sun/tools/javac/code/Type;)I @ 131
Event: 4133.600 Thread 0x00007fc551125000 Uncommon trap: reason=class_check action=maybe_recompile pc=0x000000010f9d6aec method=com.android.tools.r8.u.a.i.e.a(Ljava/util/List;Ljava/util/Map$Entry;)V @ 6

Classes redefined (0 events):
No events

Internal exceptions (10 events):
Event: 4125.299 Thread 0x00007fc552f99000 Exception <a 'sun/nio/fs/UnixException'> (0x00000007a38eb190) thrown at [/Volumes/Android/buildbot/src/googleplex-android/openjdk/out/hotspot/src/share/vm/prims/jni.cpp, line 710]
Event: 4125.299 Thread 0x00007fc552f99000 Exception <a 'sun/nio/fs/UnixException'> (0x00000007a38ecf90) thrown at [/Volumes/Android/buildbot/src/googleplex-android/openjdk/out/hotspot/src/share/vm/prims/jni.cpp, line 710]
Event: 4125.299 Thread 0x00007fc552f99000 Exception <a 'sun/nio/fs/UnixException'> (0x00000007a38eddb0) thrown at [/Volumes/Android/buildbot/src/googleplex-android/openjdk/out/hotspot/src/share/vm/prims/jni.cpp, line 710]
Event: 4125.788 Thread 0x00007fc555e41000 Exception <a 'java/lang/InterruptedException'> (0x00000007a3eeede8) thrown at [/Volumes/Android/buildbot/src/googleplex-android/openjdk/out/hotspot/src/share/vm/runtime/objectMonitor.cpp, line 1680]
Event: 4132.248 Thread 0x00007fc552f99000 Exception <a 'sun/nio/fs/UnixException'> (0x00000007a75ea908) thrown at [/Volumes/Android/buildbot/src/googleplex-android/openjdk/out/hotspot/src/share/vm/prims/jni.cpp, line 710]
Event: 4132.248 Thread 0x00007fc552f99000 Exception <a 'sun/nio/fs/UnixException'> (0x00000007a75eb720) thrown at [/Volumes/Android/buildbot/src/googleplex-android/openjdk/out/hotspot/src/share/vm/prims/jni.cpp, line 710]
Event: 4132.251 Thread 0x00007fc552f99000 Exception <a 'sun/nio/fs/UnixException'> (0x00000007a75f1dd0) thrown at [/Volumes/Android/buildbot/src/googleplex-android/openjdk/out/hotspot/src/share/vm/prims/jni.cpp, line 710]
Event: 4132.251 Thread 0x00007fc552f99000 Exception <a 'sun/nio/fs/UnixException'> (0x00000007a75f2c30) thrown at [/Volumes/Android/buildbot/src/googleplex-android/openjdk/out/hotspot/src/share/vm/prims/jni.cpp, line 710]
Event: 4132.258 Thread 0x00007fc552f99000 Exception <a 'sun/nio/fs/UnixException'> (0x00000007a7600b10) thrown at [/Volumes/Android/buildbot/src/googleplex-android/openjdk/out/hotspot/src/share/vm/prims/jni.cpp, line 710]
Event: 4132.258 Thread 0x00007fc552f99000 Exception <a 'sun/nio/fs/UnixException'> (0x00000007a7601980) thrown at [/Volumes/Android/buildbot/src/googleplex-android/openjdk/out/hotspot/src/share/vm/prims/jni.cpp, line 710]

Events (10 events):
Event: 4133.590 Thread 0x00007fc552da6000 DEOPT UNPACKING pc=0x000000010cdab4c4 sp=0x0000700010abd988 mode 0
Event: 4133.595 Thread 0x00007fc552da6000 DEOPT PACKING pc=0x0000000110f1329a sp=0x0000700010abdd40
Event: 4133.595 Thread 0x00007fc552da6000 DEOPT UNPACKING pc=0x000000010cdab4c4 sp=0x0000700010abdd48 mode 0
Event: 4133.596 Thread 0x00007fc552da6000 DEOPT PACKING pc=0x000000010e5a09bc sp=0x0000700010abe590
Event: 4133.596 Thread 0x00007fc552da6000 DEOPT UNPACKING pc=0x000000010cdab4c4 sp=0x0000700010abe318 mode 0
Event: 4133.597 Thread 0x00007fc552da6000 DEOPT PACKING pc=0x0000000110a71194 sp=0x0000700010abe0c0
Event: 4133.597 Thread 0x00007fc552da6000 DEOPT UNPACKING pc=0x000000010cdab4c4 sp=0x0000700010abde38 mode 0
Event: 4133.600 Thread 0x00007fc551125000 Uncommon trap: trap_request=0xffffffde fr.pc=0x000000010f9d6aec
Event: 4133.600 Thread 0x00007fc551125000 DEOPT PACKING pc=0x000000010f9d6aec sp=0x000070000f85c940
Event: 4133.600 Thread 0x00007fc551125000 DEOPT UNPACKING pc=0x000000010cda947a sp=0x000070000f85c838 mode 2


Dynamic libraries:
0x00007fff307a0000 	/System/Library/Frameworks/Cocoa.framework/Versions/A/Cocoa
0x00007fff3df99000 	/System/Library/Frameworks/Security.framework/Versions/A/Security
0x00007fff2f705000 	/System/Library/Frameworks/ApplicationServices.framework/Versions/A/ApplicationServices
0x00007fff6aabd000 	/usr/lib/libz.1.dylib
0x00007fff68581000 	/usr/lib/libSystem.B.dylib
0x00007fff31642000 	/System/Library/Frameworks/CoreFoundation.framework/Versions/A/CoreFoundation
0x00007fff33cff000 	/System/Library/Frameworks/Foundation.framework/Versions/C/Foundation
0x00007fff6a3e1000 	/usr/lib/libobjc.A.dylib
0x00007fff2e8f5000 	/System/Library/Frameworks/AppKit.framework/Versions/C/AppKit
0x00007fff31124000 	/System/Library/Frameworks/CoreData.framework/Versions/A/CoreData
0x00007fff62596000 	/System/Library/PrivateFrameworks/UIFoundation.framework/Versions/A/UIFoundation
0x00007fff5d62a000 	/System/Library/PrivateFrameworks/RemoteViewServices.framework/Versions/A/RemoteViewServices
0x00007fff650f1000 	/System/Library/PrivateFrameworks/XCTTargetBootstrap.framework/Versions/A/XCTTargetBootstrap
0x00007fff3150f000 	/System/Library/Frameworks/CoreDisplay.framework/Versions/A/CoreDisplay
0x00007fff36bba000 	/System/Library/Frameworks/Metal.framework/Versions/A/Metal
0x00007fff4b62d000 	/System/Library/PrivateFrameworks/DesktopServicesPriv.framework/Versions/A/DesktopServicesPriv
0x00007fff696bc000 	/usr/lib/liblangid.dylib
0x00007fff4a8c2000 	/System/Library/PrivateFrameworks/CoreSVG.framework/Versions/A/CoreSVG
0x00007fff60786000 	/System/Library/PrivateFrameworks/SkyLight.framework/Versions/A/SkyLight
0x00007fff31ac3000 	/System/Library/Frameworks/CoreGraphics.framework/Versions/A/CoreGraphics
0x00007fff2d2c9000 	/System/Library/Frameworks/Accelerate.framework/Versions/A/Accelerate
0x00007fff6a9ae000 	/usr/lib/libxml2.2.dylib
0x00007fff565b5000 	/System/Library/PrivateFrameworks/IconServices.framework/Versions/A/IconServices
0x00007fff344de000 	/System/Library/Frameworks/IOSurface.framework/Versions/A/IOSurface
0x00007fff680ab000 	/usr/lib/libDiagnosticMessagesClient.dylib
0x00007fff4b487000 	/System/Library/PrivateFrameworks/DFRFoundation.framework/Versions/A/DFRFoundation
0x00007fff6944b000 	/usr/lib/libicucore.A.dylib
0x00007fff2fa37000 	/System/Library/Frameworks/AudioToolbox.framework/Versions/A/AudioToolbox
0x00007fff2fb1a000 	/System/Library/Frameworks/AudioUnit.framework/Versions/A/AudioUnit
0x00007fff68783000 	/usr/lib/libauto.dylib
0x00007fff4b529000 	/System/Library/PrivateFrameworks/DataDetectorsCore.framework/Versions/A/DataDetectorsCore
0x00007fff302c1000 	/System/Library/Frameworks/Carbon.framework/Versions/A/Frameworks/HIToolbox.framework/Versions/A/HIToolbox
0x00007fff3d193000 	/System/Library/Frameworks/QuartzCore.framework/Versions/A/QuartzCore
0x00007fff30600000 	/System/Library/Frameworks/Carbon.framework/Versions/A/Frameworks/SpeechRecognition.framework/Versions/A/SpeechRecognition
0x00007fff4af9b000 	/System/Library/PrivateFrameworks/CoreUI.framework/Versions/A/CoreUI
0x00007fff30b8f000 	/System/Library/Frameworks/CoreAudio.framework/Versions/A/CoreAudio
0x00007fff339be000 	/System/Library/Frameworks/DiskArbitration.framework/Versions/A/DiskArbitration
0x00007fff58605000 	/System/Library/PrivateFrameworks/MultitouchSupport.framework/Versions/A/MultitouchSupport
0x00007fff69312000 	/usr/lib/libenergytrace.dylib
0x00007fff34438000 	/System/Library/Frameworks/IOKit.framework/Versions/A/IOKit
0x00007fff32a2a000 	/System/Library/Frameworks/CoreServices.framework/Versions/A/CoreServices
0x00007fff5a7bd000 	/System/Library/PrivateFrameworks/PerformanceAnalysis.framework/Versions/A/PerformanceAnalysis
0x00007fff3c1c6000 	/System/Library/Frameworks/OpenGL.framework/Versions/A/OpenGL
0x00007fff307ae000 	/System/Library/Frameworks/ColorSync.framework/Versions/A/ColorSync
0x00007fff32146000 	/System/Library/Frameworks/CoreImage.framework/Versions/A/CoreImage
0x00007fff3349d000 	/System/Library/Frameworks/CoreText.framework/Versions/A/CoreText
0x00007fff3456e000 	/System/Library/Frameworks/ImageIO.framework/Versions/A/ImageIO
0x00007fff68867000 	/usr/lib/libc++.1.dylib
0x00007fff688e3000 	/usr/lib/libcompression.dylib
0x00007fff683ef000 	/usr/lib/libMobileGestalt.dylib
0x00007fff62300000 	/System/Library/PrivateFrameworks/TextureIO.framework/Versions/A/TextureIO
0x00007fff686e6000 	/usr/lib/libate.dylib
0x00007fff567be000 	/System/Library/PrivateFrameworks/InternationalSupport.framework/Versions/A/InternationalSupport
0x00007fff6b37e000 	/usr/lib/system/libcache.dylib
0x00007fff6b384000 	/usr/lib/system/libcommonCrypto.dylib
0x00007fff6b390000 	/usr/lib/system/libcompiler_rt.dylib
0x00007fff6b398000 	/usr/lib/system/libcopyfile.dylib
0x00007fff6b3a2000 	/usr/lib/system/libcorecrypto.dylib
0x00007fff6b541000 	/usr/lib/system/libdispatch.dylib
0x00007fff6b582000 	/usr/lib/system/libdyld.dylib
0x00007fff6b5b9000 	/usr/lib/system/libkeymgr.dylib
0x00007fff6b5c7000 	/usr/lib/system/liblaunch.dylib
0x00007fff6b5c8000 	/usr/lib/system/libmacho.dylib
0x00007fff6b5ce000 	/usr/lib/system/libquarantine.dylib
0x00007fff6b5d1000 	/usr/lib/system/libremovefile.dylib
0x00007fff6b5d3000 	/usr/lib/system/libsystem_asl.dylib
0x00007fff6b5eb000 	/usr/lib/system/libsystem_blocks.dylib
0x00007fff6b5ec000 	/usr/lib/system/libsystem_c.dylib
0x00007fff6b674000 	/usr/lib/system/libsystem_configuration.dylib
0x00007fff6b678000 	/usr/lib/system/libsystem_coreservices.dylib
0x00007fff6b67c000 	/usr/lib/system/libsystem_darwin.dylib
0x00007fff6b685000 	/usr/lib/system/libsystem_dnssd.dylib
0x00007fff6b68d000 	/usr/lib/system/libsystem_featureflags.dylib
0x00007fff6b68f000 	/usr/lib/system/libsystem_info.dylib
0x00007fff6b70a000 	/usr/lib/system/libsystem_m.dylib
0x00007fff6b752000 	/usr/lib/system/libsystem_malloc.dylib
0x00007fff6b77a000 	/usr/lib/system/libsystem_networkextension.dylib
0x00007fff6b788000 	/usr/lib/system/libsystem_notify.dylib
0x00007fff6b7a6000 	/usr/lib/system/libsystem_sandbox.dylib
0x00007fff6b7ab000 	/usr/lib/system/libsystem_secinit.dylib
0x00007fff6b6dd000 	/usr/lib/system/libsystem_kernel.dylib
0x00007fff6b792000 	/usr/lib/system/libsystem_platform.dylib
0x00007fff6b79b000 	/usr/lib/system/libsystem_pthread.dylib
0x00007fff6b7ae000 	/usr/lib/system/libsystem_symptoms.dylib
0x00007fff6b7b6000 	/usr/lib/system/libsystem_trace.dylib
0x00007fff6b7ce000 	/usr/lib/system/libunwind.dylib
0x00007fff6b7d4000 	/usr/lib/system/libxpc.dylib
0x00007fff688ba000 	/usr/lib/libc++abi.dylib
0x00007fff696be000 	/usr/lib/liblzma.5.dylib
0x00007fff69339000 	/usr/lib/libfakelink.dylib
0x00007fff68673000 	/usr/lib/libarchive.2.dylib
0x00007fff3f04a000 	/System/Library/Frameworks/SystemConfiguration.framework/Versions/A/SystemConfiguration
0x00007fff67fde000 	/usr/lib/libCRFSuite.dylib
0x00007fff2feb1000 	/System/Library/Frameworks/CFNetwork.framework/Versions/A/CFNetwork
0x00007fff68849000 	/usr/lib/libbsm.0.dylib
0x00007fff6b5ba000 	/usr/lib/system/libkxld.dylib
0x00007fff44e04000 	/System/Library/PrivateFrameworks/AppleFSCompression.framework/Versions/A/AppleFSCompression
0x00007fff68bd4000 	/usr/lib/libcoretls.dylib
0x00007fff68beb000 	/usr/lib/libcoretls_cfhelpers.dylib
0x00007fff6a427000 	/usr/lib/libpam.2.dylib
0x00007fff6a55c000 	/usr/lib/libsqlite3.dylib
0x00007fff6a99b000 	/usr/lib/libxar.1.dylib
0x00007fff6885a000 	/usr/lib/libbz2.1.0.dylib
0x00007fff6935a000 	/usr/lib/libiconv.2.dylib
0x00007fff688d0000 	/usr/lib/libcharset.1.dylib
0x00007fff69ec4000 	/usr/lib/libnetwork.dylib
0x00007fff6a42e000 	/usr/lib/libpcap.A.dylib
0x00007fff68628000 	/usr/lib/libapple_nghttp2.dylib
0x00007fff32de1000 	/System/Library/Frameworks/CoreServices.framework/Versions/A/Frameworks/FSEvents.framework/Versions/A/FSEvents
0x00007fff32ab1000 	/System/Library/Frameworks/CoreServices.framework/Versions/A/Frameworks/CarbonCore.framework/Versions/A/CarbonCore
0x00007fff33025000 	/System/Library/Frameworks/CoreServices.framework/Versions/A/Frameworks/Metadata.framework/Versions/A/Metadata
0x00007fff330be000 	/System/Library/Frameworks/CoreServices.framework/Versions/A/Frameworks/OSServices.framework/Versions/A/OSServices
0x00007fff330ec000 	/System/Library/Frameworks/CoreServices.framework/Versions/A/Frameworks/SearchKit.framework/Versions/A/SearchKit
0x00007fff32a2b000 	/System/Library/Frameworks/CoreServices.framework/Versions/A/Frameworks/AE.framework/Versions/A/AE
0x00007fff32dea000 	/System/Library/Frameworks/CoreServices.framework/Versions/A/Frameworks/LaunchServices.framework/Versions/A/LaunchServices
0x00007fff32d93000 	/System/Library/Frameworks/CoreServices.framework/Versions/A/Frameworks/DictionaryServices.framework/Versions/A/DictionaryServices
0x00007fff33154000 	/System/Library/Frameworks/CoreServices.framework/Versions/A/Frameworks/SharedFileList.framework/Versions/A/SharedFileList
0x00007fff37fe5000 	/System/Library/Frameworks/NetFS.framework/Versions/A/NetFS
0x00007fff58b35000 	/System/Library/PrivateFrameworks/NetAuth.framework/Versions/A/NetAuth
0x00007fff654be000 	/System/Library/PrivateFrameworks/login.framework/Versions/A/Frameworks/loginsupport.framework/Versions/A/loginsupport
0x00007fff61dcb000 	/System/Library/PrivateFrameworks/TCC.framework/Versions/A/TCC
0x00007fff49a35000 	/System/Library/PrivateFrameworks/CoreNLP.framework/Versions/A/CoreNLP
0x00007fff58032000 	/System/Library/PrivateFrameworks/MetadataUtilities.framework/Versions/A/MetadataUtilities
0x00007fff69796000 	/usr/lib/libmecabra.dylib
0x00007fff696ee000 	/usr/lib/libmecab.dylib
0x00007fff6934a000 	/usr/lib/libgermantok.dylib
0x00007fff6860f000 	/usr/lib/libThaiTokenizer.dylib
0x00007fff68015000 	/usr/lib/libChineseTokenizer.dylib
0x00007fff2d2e1000 	/System/Library/Frameworks/Accelerate.framework/Versions/A/Frameworks/vImage.framework/Versions/A/vImage
0x00007fff2e74b000 	/System/Library/Frameworks/Accelerate.framework/Versions/A/Frameworks/vecLib.framework/Versions/A/vecLib
0x00007fff2e688000 	/System/Library/Frameworks/Accelerate.framework/Versions/A/Frameworks/vecLib.framework/Versions/A/libvMisc.dylib
0x00007fff2e4b0000 	/System/Library/Frameworks/Accelerate.framework/Versions/A/Frameworks/vecLib.framework/Versions/A/libvDSP.dylib
0x00007fff2d938000 	/System/Library/Frameworks/Accelerate.framework/Versions/A/Frameworks/vecLib.framework/Versions/A/libBLAS.dylib
0x00007fff2e074000 	/System/Library/Frameworks/Accelerate.framework/Versions/A/Frameworks/vecLib.framework/Versions/A/libLAPACK.dylib
0x00007fff2e410000 	/System/Library/Frameworks/Accelerate.framework/Versions/A/Frameworks/vecLib.framework/Versions/A/libLinearAlgebra.dylib
0x00007fff2e49d000 	/System/Library/Frameworks/Accelerate.framework/Versions/A/Frameworks/vecLib.framework/Versions/A/libSparseBLAS.dylib
0x00007fff2e426000 	/System/Library/Frameworks/Accelerate.framework/Versions/A/Frameworks/vecLib.framework/Versions/A/libQuadrature.dylib
0x00007fff2dba0000 	/System/Library/Frameworks/Accelerate.framework/Versions/A/Frameworks/vecLib.framework/Versions/A/libBNNS.dylib
0x00007fff2e42c000 	/System/Library/Frameworks/Accelerate.framework/Versions/A/Frameworks/vecLib.framework/Versions/A/libSparse.dylib
0x00007fff56ba6000 	/System/Library/PrivateFrameworks/LanguageModeling.framework/Versions/A/LanguageModeling
0x00007fff493e5000 	/System/Library/PrivateFrameworks/CoreEmoji.framework/Versions/A/CoreEmoji
0x00007fff56cc4000 	/System/Library/PrivateFrameworks/LinguisticData.framework/Versions/A/LinguisticData
0x00007fff56c75000 	/System/Library/PrivateFrameworks/Lexicon.framework/Versions/A/Lexicon
0x00007fff688d1000 	/usr/lib/libcmph.dylib
0x00007fff3abd4000 	/System/Library/Frameworks/OpenDirectory.framework/Versions/A/Frameworks/CFOpenDirectory.framework/Versions/A/CFOpenDirectory
0x00007fff3abf1000 	/System/Library/Frameworks/OpenDirectory.framework/Versions/A/OpenDirectory
0x00007fff43034000 	/System/Library/PrivateFrameworks/APFS.framework/Versions/A/APFS
0x00007fff3e2e3000 	/System/Library/Frameworks/SecurityFoundation.framework/Versions/A/SecurityFoundation
0x00007fff6a997000 	/usr/lib/libutil.dylib
0x00007fff4a91a000 	/System/Library/PrivateFrameworks/CoreServicesStore.framework/Versions/A/CoreServicesStore
0x00007fff3e39a000 	/System/Library/Frameworks/ServiceManagement.framework/Versions/A/ServiceManagement
0x00007fff465d4000 	/System/Library/PrivateFrameworks/BackgroundTaskManagement.framework/Versions/A/BackgroundTaskManagement
0x00007fff6aa94000 	/usr/lib/libxslt.1.dylib
0x00007fff45477000 	/System/Library/PrivateFrameworks/AppleSystemInfo.framework/Versions/A/AppleSystemInfo
0x00007fff34789000 	/System/Library/Frameworks/ImageIO.framework/Versions/A/Resources/libJPEG.dylib
0x00007fff34a48000 	/System/Library/Frameworks/ImageIO.framework/Versions/A/Resources/libTIFF.dylib
0x00007fff34a2b000 	/System/Library/Frameworks/ImageIO.framework/Versions/A/Resources/libPng.dylib
0x00007fff346cb000 	/System/Library/Frameworks/ImageIO.framework/Versions/A/Resources/libGIF.dylib
0x00007fff346cf000 	/System/Library/Frameworks/ImageIO.framework/Versions/A/Resources/libJP2.dylib
0x00007fff34a46000 	/System/Library/Frameworks/ImageIO.framework/Versions/A/Resources/libRadiance.dylib
0x00007fff69313000 	/usr/lib/libexpat.1.dylib
0x00007fff44f5f000 	/System/Library/PrivateFrameworks/AppleJPEG.framework/Versions/A/AppleJPEG
0x00007fff4dc1a000 	/System/Library/PrivateFrameworks/FontServices.framework/libFontParser.dylib
0x00007fff644c0000 	/System/Library/PrivateFrameworks/WatchdogClient.framework/Versions/A/WatchdogClient
0x00007fff56201000 	/System/Library/PrivateFrameworks/IOAccelerator.framework/Versions/A/IOAccelerator
0x00007fff36f55000 	/System/Library/Frameworks/MetalPerformanceShaders.framework/Versions/A/MetalPerformanceShaders
0x00007fff52997000 	/System/Library/PrivateFrameworks/GPUWrangler.framework/Versions/A/GPUWrangler
0x00007fff56216000 	/System/Library/PrivateFrameworks/IOPresentment.framework/Versions/A/IOPresentment
0x00007fff4b49a000 	/System/Library/PrivateFrameworks/DSExternalDisplay.framework/Versions/A/DSExternalDisplay
0x00007fff3b565000 	/System/Library/Frameworks/OpenGL.framework/Versions/A/Libraries/libCoreFSCache.dylib
0x00007fff36ca1000 	/System/Library/Frameworks/MetalPerformanceShaders.framework/Frameworks/MPSCore.framework/Versions/A/MPSCore
0x00007fff36cdf000 	/System/Library/Frameworks/MetalPerformanceShaders.framework/Frameworks/MPSImage.framework/Versions/A/MPSImage
0x00007fff36da6000 	/System/Library/Frameworks/MetalPerformanceShaders.framework/Frameworks/MPSNeuralNetwork.framework/Versions/A/MPSNeuralNetwork
0x00007fff36d6a000 	/System/Library/Frameworks/MetalPerformanceShaders.framework/Frameworks/MPSMatrix.framework/Versions/A/MPSMatrix
0x00007fff36f05000 	/System/Library/Frameworks/MetalPerformanceShaders.framework/Frameworks/MPSRayIntersector.framework/Versions/A/MPSRayIntersector
0x00007fff36d90000 	/System/Library/Frameworks/MetalPerformanceShaders.framework/Frameworks/MPSNDArray.framework/Versions/A/MPSNDArray
0x00007fff5807f000 	/System/Library/PrivateFrameworks/MetalTools.framework/Versions/A/MetalTools
0x00007fff4420e000 	/System/Library/PrivateFrameworks/AggregateDictionary.framework/Versions/A/AggregateDictionary
0x00007fff48e2d000 	/System/Library/PrivateFrameworks/CoreAnalytics.framework/Versions/A/CoreAnalytics
0x00007fff45396000 	/System/Library/PrivateFrameworks/AppleSauce.framework/Versions/A/AppleSauce
0x00007fff682d1000 	/usr/lib/libIOReport.dylib
0x00007fff33655000 	/System/Library/Frameworks/CoreVideo.framework/Versions/A/CoreVideo
0x00007fff53e10000 	/System/Library/PrivateFrameworks/GraphVisualizer.framework/Versions/A/GraphVisualizer
0x00007fff4d160000 	/System/Library/PrivateFrameworks/FaceCore.framework/Versions/A/FaceCore
0x00007fff3ab7b000 	/System/Library/Frameworks/OpenCL.framework/Versions/A/OpenCL
0x00007fff680f3000 	/usr/lib/libFosl_dynamic.dylib
0x00007fff59555000 	/System/Library/PrivateFrameworks/OTSVG.framework/Versions/A/OTSVG
0x00007fff2f80a000 	/System/Library/Frameworks/ApplicationServices.framework/Versions/A/Frameworks/ATS.framework/Versions/A/Resources/libFontRegistry.dylib
0x00007fff4ddeb000 	/System/Library/PrivateFrameworks/FontServices.framework/libhvf.dylib
0x00007fff3b570000 	/System/Library/Frameworks/OpenGL.framework/Versions/A/Libraries/libGFXShared.dylib
0x00007fff3b74e000 	/System/Library/Frameworks/OpenGL.framework/Versions/A/Libraries/libGLU.dylib
0x00007fff3b579000 	/System/Library/Frameworks/OpenGL.framework/Versions/A/Libraries/libGL.dylib
0x00007fff3b584000 	/System/Library/Frameworks/OpenGL.framework/Versions/A/Libraries/libGLImage.dylib
0x00007fff3b562000 	/System/Library/Frameworks/OpenGL.framework/Versions/A/Libraries/libCVMSPluginSupport.dylib
0x00007fff3b56b000 	/System/Library/Frameworks/OpenGL.framework/Versions/A/Libraries/libCoreVMClient.dylib
0x00007fff69d65000 	/usr/lib/libncurses.5.4.dylib
0x00007fff2f706000 	/System/Library/Frameworks/ApplicationServices.framework/Versions/A/Frameworks/ATS.framework/Versions/A/ATS
0x00007fff2f8d3000 	/System/Library/Frameworks/ApplicationServices.framework/Versions/A/Frameworks/ColorSyncLegacy.framework/Versions/A/ColorSyncLegacy
0x00007fff2f971000 	/System/Library/Frameworks/ApplicationServices.framework/Versions/A/Frameworks/HIServices.framework/Versions/A/HIServices
0x00007fff2f9c9000 	/System/Library/Frameworks/ApplicationServices.framework/Versions/A/Frameworks/LangAnalysis.framework/Versions/A/LangAnalysis
0x00007fff2f9d8000 	/System/Library/Frameworks/ApplicationServices.framework/Versions/A/Frameworks/PrintCore.framework/Versions/A/PrintCore
0x00007fff2fa1e000 	/System/Library/Frameworks/ApplicationServices.framework/Versions/A/Frameworks/QD.framework/Versions/A/QD
0x00007fff2fa29000 	/System/Library/Frameworks/ApplicationServices.framework/Versions/A/Frameworks/SpeechSynthesis.framework/Versions/A/SpeechSynthesis
0x00007fff2f8a3000 	/System/Library/Frameworks/ApplicationServices.framework/Versions/A/Frameworks/ATSUI.framework/Versions/A/ATSUI
0x00007fff691a9000 	/usr/lib/libcups.2.dylib
0x00007fff35ff0000 	/System/Library/Frameworks/Kerberos.framework/Versions/A/Kerberos
0x00007fff34131000 	/System/Library/Frameworks/GSS.framework/Versions/A/GSS
0x00007fff6a4e8000 	/usr/lib/libresolv.9.dylib
0x00007fff53fbd000 	/System/Library/PrivateFrameworks/Heimdal.framework/Versions/A/Heimdal
0x00007fff36003000 	/System/Library/Frameworks/Kerberos.framework/Versions/A/Libraries/libHeimdalProxy.dylib
0x00007fff69350000 	/usr/lib/libheimdal-asn1.dylib
0x00007fff482c5000 	/System/Library/PrivateFrameworks/CommonAuth.framework/Versions/A/CommonAuth
0x00007fff45514000 	/System/Library/PrivateFrameworks/AssertionServices.framework/Versions/A/AssertionServices
0x00007fff460b7000 	/System/Library/PrivateFrameworks/AudioToolboxCore.framework/Versions/A/AudioToolboxCore
0x00007fff6516e000 	/System/Library/PrivateFrameworks/caulk.framework/Versions/A/caulk
0x00007fff46680000 	/System/Library/PrivateFrameworks/BaseBoard.framework/Versions/A/BaseBoard
0x00007fff5d7b8000 	/System/Library/PrivateFrameworks/RunningBoardServices.framework/Versions/A/RunningBoardServices
0x00007fff5a7c9000 	/System/Library/PrivateFrameworks/PersistentConnection.framework/Versions/A/PersistentConnection
0x00007fff5d1b1000 	/System/Library/PrivateFrameworks/ProtocolBuffer.framework/Versions/A/ProtocolBuffer
0x00007fff482e9000 	/System/Library/PrivateFrameworks/CommonUtilities.framework/Versions/A/CommonUtilities
0x00007fff4680e000 	/System/Library/PrivateFrameworks/Bom.framework/Versions/A/Bom
0x00007fff67fa4000 	/usr/lib/libAudioToolboxUtility.dylib
0x00007fff465de000 	/System/Library/PrivateFrameworks/Backup.framework/Versions/A/Backup
0x00007fff4b3bb000 	/System/Library/PrivateFrameworks/CrashReporterSupport.framework/Versions/A/CrashReporterSupport
0x00007fff5f24a000 	/System/Library/PrivateFrameworks/Sharing.framework/Versions/A/Sharing
0x00007fff44b22000 	/System/Library/PrivateFrameworks/Apple80211.framework/Versions/A/Apple80211
0x00007fff462fb000 	/System/Library/PrivateFrameworks/AuthKit.framework/Versions/A/AuthKit
0x00007fff4b0c8000 	/System/Library/PrivateFrameworks/CoreUtils.framework/Versions/A/CoreUtils
0x00007fff3369a000 	/System/Library/Frameworks/CoreWLAN.framework/Versions/A/CoreWLAN
0x00007fff342be000 	/System/Library/Frameworks/IOBluetooth.framework/Versions/A/IOBluetooth
0x00007fff58384000 	/System/Library/PrivateFrameworks/MobileKeyBag.framework/Versions/A/MobileKeyBag
0x00007fff49ecd000 	/System/Library/PrivateFrameworks/CorePhoneNumbers.framework/Versions/A/CorePhoneNumbers
0x00007fff44f12000 	/System/Library/PrivateFrameworks/AppleIDAuthSupport.framework/Versions/A/AppleIDAuthSupport
0x00007fff37ff2000 	/System/Library/Frameworks/Network.framework/Versions/A/Network
0x00007fff56a52000 	/System/Library/PrivateFrameworks/KeychainCircle.framework/Versions/A/KeychainCircle
0x00007fff310eb000 	/System/Library/Frameworks/CoreBluetooth.framework/Versions/A/CoreBluetooth
0x00007fff612c9000 	/System/Library/PrivateFrameworks/SpeechRecognitionCore.framework/Versions/A/SpeechRecognitionCore
0x0000000107600000 	/private/var/folders/nk/77tzydc5271b4jt6909jb9m80000gn/T/AppTranslocation/3C42BCCC-F139-468D-9340-7D1B34EBFFDD/d/Android Studio.app/Contents/jre/jdk/Contents/Home/jre/lib/server/libjvm.dylib
0x00007fff6a86a000 	/usr/lib/libstdc++.6.dylib
0x0000000106d5b000 	/private/var/folders/nk/77tzydc5271b4jt6909jb9m80000gn/T/AppTranslocation/3C42BCCC-F139-468D-9340-7D1B34EBFFDD/d/Android Studio.app/Contents/jre/jdk/Contents/Home/jre/lib/libverify.dylib
0x0000000106d6d000 	/private/var/folders/nk/77tzydc5271b4jt6909jb9m80000gn/T/AppTranslocation/3C42BCCC-F139-468D-9340-7D1B34EBFFDD/d/Android Studio.app/Contents/jre/jdk/Contents/Home/jre/lib/libjava.dylib
0x00000001084c0000 	/private/var/folders/nk/77tzydc5271b4jt6909jb9m80000gn/T/AppTranslocation/3C42BCCC-F139-468D-9340-7D1B34EBFFDD/d/Android Studio.app/Contents/jre/jdk/Contents/Home/jre/lib/libzip.dylib
0x000000010b8a5000 	/private/var/folders/nk/77tzydc5271b4jt6909jb9m80000gn/T/AppTranslocation/3C42BCCC-F139-468D-9340-7D1B34EBFFDD/d/Android Studio.app/Contents/jre/jdk/Contents/Home/jre/lib/libnio.dylib
0x000000010b8c0000 	/private/var/folders/nk/77tzydc5271b4jt6909jb9m80000gn/T/AppTranslocation/3C42BCCC-F139-468D-9340-7D1B34EBFFDD/d/Android Studio.app/Contents/jre/jdk/Contents/Home/jre/lib/libnet.dylib
0x000000010be27000 	/Users/soso/.gradle/native/f6784746aeab05261644944871eae4fe03e0ef1612fff0a4a95f87b438bc6780/osx-amd64/libnative-platform.dylib
0x000000010c169000 	/private/var/folders/nk/77tzydc5271b4jt6909jb9m80000gn/T/AppTranslocation/3C42BCCC-F139-468D-9340-7D1B34EBFFDD/d/Android Studio.app/Contents/jre/jdk/Contents/Home/jre/lib/libmanagement.dylib
0x00000001258af000 	/private/var/folders/nk/77tzydc5271b4jt6909jb9m80000gn/T/AppTranslocation/3C42BCCC-F139-468D-9340-7D1B34EBFFDD/d/Android Studio.app/Contents/jre/jdk/Contents/Home/jre/lib/libawt.dylib
0x0000000125970000 	/private/var/folders/nk/77tzydc5271b4jt6909jb9m80000gn/T/AppTranslocation/3C42BCCC-F139-468D-9340-7D1B34EBFFDD/d/Android Studio.app/Contents/jre/jdk/Contents/Home/jre/lib/libmlib_image.dylib
0x00007fff35fda000 	/System/Library/Frameworks/JavaVM.framework/Versions/A/Frameworks/JavaNativeFoundation.framework/Versions/A/JavaNativeFoundation
0x00007fff35fe3000 	/System/Library/Frameworks/JavaVM.framework/Versions/A/Frameworks/JavaRuntimeSupport.framework/Versions/A/JavaRuntimeSupport
0x00007fff35feb000 	/System/Library/Frameworks/JavaVM.framework/Versions/A/JavaVM
0x00007fff56869000 	/System/Library/PrivateFrameworks/JavaLaunching.framework/Versions/A/JavaLaunching
0x00007fff302bc000 	/System/Library/Frameworks/Carbon.framework/Versions/A/Carbon
0x00007fff4ae6d000 	/System/Library/PrivateFrameworks/CoreSymbolication.framework/Versions/A/CoreSymbolication
0x00007fff302bd000 	/System/Library/Frameworks/Carbon.framework/Versions/A/Frameworks/CommonPanels.framework/Versions/A/CommonPanels
0x00007fff305b6000 	/System/Library/Frameworks/Carbon.framework/Versions/A/Frameworks/Help.framework/Versions/A/Help
0x00007fff305ba000 	/System/Library/Frameworks/Carbon.framework/Versions/A/Frameworks/ImageCapture.framework/Versions/A/ImageCapture
0x00007fff305c1000 	/System/Library/Frameworks/Carbon.framework/Versions/A/Frameworks/OpenScripting.framework/Versions/A/OpenScripting
0x00007fff305c0000 	/System/Library/Frameworks/Carbon.framework/Versions/A/Frameworks/Ink.framework/Versions/A/Ink
0x00007fff305fc000 	/System/Library/Frameworks/Carbon.framework/Versions/A/Frameworks/Print.framework/Versions/A/Print
0x00007fff305fd000 	/System/Library/Frameworks/Carbon.framework/Versions/A/Frameworks/SecurityHI.framework/Versions/A/SecurityHI
0x00007fff4b5ef000 	/System/Library/PrivateFrameworks/DebugSymbols.framework/Versions/A/DebugSymbols
0x0000000125a36000 	/private/var/folders/nk/77tzydc5271b4jt6909jb9m80000gn/T/AppTranslocation/3C42BCCC-F139-468D-9340-7D1B34EBFFDD/d/Android Studio.app/Contents/jre/jdk/Contents/Home/jre/lib/libawt_lwawt.dylib
0x0000000125b25000 	/private/var/folders/nk/77tzydc5271b4jt6909jb9m80000gn/T/AppTranslocation/3C42BCCC-F139-468D-9340-7D1B34EBFFDD/d/Android Studio.app/Contents/jre/jdk/Contents/Home/jre/lib/libosxapp.dylib
0x00007fff33b9a000 	/System/Library/Frameworks/ExceptionHandling.framework/Versions/A/ExceptionHandling

VM Arguments:
jvm_args: -Xmx2048m -Dfile.encoding=UTF-8 -Duser.country=FR -Duser.language=fr -Duser.variant 
java_command: org.gradle.launcher.daemon.bootstrap.GradleDaemon 6.5
java_class_path (initial): /Users/soso/.gradle/wrapper/dists/gradle-6.5-all/2oz4ud9k3tuxjg84bbf55q0tn/gradle-6.5/lib/gradle-launcher-6.5.jar
Launcher Type: SUN_STANDARD

Environment Variables:
PATH=/usr/local/bin:/usr/bin:/bin:/usr/sbin:/sbin
SHELL=/bin/zsh

Signal Handlers:
SIGSEGV: [libjvm.dylib+0x565c43], sa_mask[0]=11111111011111110111111111111111, sa_flags=SA_ONSTACK|SA_RESTART|SA_SIGINFO
SIGBUS: [libjvm.dylib+0x565c43], sa_mask[0]=11111111011111110111111111111111, sa_flags=SA_RESTART|SA_SIGINFO
SIGFPE: [libjvm.dylib+0x45dd9d], sa_mask[0]=11111111011111110111111111111111, sa_flags=SA_RESTART|SA_SIGINFO
SIGPIPE: [libjvm.dylib+0x45dd9d], sa_mask[0]=11111111011111110111111111111111, sa_flags=SA_RESTART|SA_SIGINFO
SIGXFSZ: [libjvm.dylib+0x45dd9d], sa_mask[0]=11111111011111110111111111111111, sa_flags=SA_RESTART|SA_SIGINFO
SIGILL: [libjvm.dylib+0x45dd9d], sa_mask[0]=11111111011111110111111111111111, sa_flags=SA_RESTART|SA_SIGINFO
SIGUSR1: SIG_DFL, sa_mask[0]=00000000000000000000000000000000, sa_flags=none
SIGUSR2: [libjvm.dylib+0x45e69c], sa_mask[0]=00100000000000000000000000000000, sa_flags=SA_RESTART|SA_SIGINFO
SIGHUP: [libjvm.dylib+0x45c8c1], sa_mask[0]=11111111011111110111111111111111, sa_flags=SA_RESTART|SA_SIGINFO
SIGINT: [libjvm.dylib+0x45c8c1], sa_mask[0]=11111111011111110111111111111111, sa_flags=SA_RESTART|SA_SIGINFO
SIGTERM: [libjvm.dylib+0x45c8c1], sa_mask[0]=11111111011111110111111111111111, sa_flags=SA_RESTART|SA_SIGINFO
SIGQUIT: [libjvm.dylib+0x45c8c1], sa_mask[0]=11111111011111110111111111111111, sa_flags=SA_RESTART|SA_SIGINFO


---------------  S Y S T E M  ---------------

OS:Bsduname:Darwin 19.6.0 Darwin Kernel Version 19.6.0: Mon Aug 31 22:12:52 PDT 2020; root:xnu-6153.141.2~1/RELEASE_X86_64 x86_64
rlimit: STACK 8192k, CORE 0k, NPROC 1392, NOFILE 10240, AS infinity
load average:5.04 4.11 3.63

CPU:total 4 (initial active 4) (2 cores per cpu, 2 threads per core) family 6 model 61 stepping 4, cmov, cx8, fxsr, mmx, sse, sse2, sse3, ssse3, sse4.1, sse4.2, popcnt, avx, avx2, aes, clmul, erms, 3dnowpref, lzcnt, ht, tsc, tscinvbit, bmi1, bmi2, adx

Memory: 4k page, physical 8388608k(19352k free)

/proc/meminfo:


vm_info: OpenJDK 64-Bit Server VM (25.242-b3-6222593) for bsd-amd64 JRE (1.8.0_242-release-1644-b3-6222593), built by "android-build" with gcc 4.2.1 Compatible Android (5484270 based on r353983c) Clang 9.0.3 (https://android.googlesource.com/toolchain/clang 745b335211bb9eadfa6aa6301f84715cee4b37c5) (https://android.googlesource.com/toolchain/llvm 60cf23e54e46c807513f7a36d0a7b777920b5881)

time: Sat Oct 17 19:42:47 2020
timezone: CEST
elapsed time: 4134 seconds (0d 1h 8m 54s)

