#
# A fatal error has been detected by the Java Runtime Environment:
#
#  SIGBUS (0xa) at pc=0x0000000104a94971, pid=19152, tid=0x0000000000001d07
#
# JRE version: OpenJDK Runtime Environment (8.0_242) (build 1.8.0_242-release-1644-b3-6222593)
# Java VM: OpenJDK 64-Bit Server VM (25.242-b3-6222593 mixed mode bsd-amd64 compressed oops)
# Problematic frame:
# V  [libjvm.dylib+0x494971]
#
# Failed to write core dump. Core dumps have been disabled. To enable core dumping, try "ulimit -c unlimited" before starting Java again
#
# If you would like to submit a bug report, please visit:
#   http://bugreport.java.com/bugreport/crash.jsp
#

---------------  T H R E A D  ---------------

Current thread (0x00007fa1b880e800):  GCTaskThread [stack: 0x0000700000a67000,0x0000700000b67000] [id=7431]

siginfo: si_signo: 10 (SIGBUS), si_code: 2 (BUS_ADRERR), si_addr: 0x0000000103d4d018

Registers:
RAX=0x0000000000000331, RBX=0x0000000103d25000, RCX=0x0000000000027fd8, RDX=0x00000000044b4127
RSP=0x0000700000b66ca0, RBP=0x0000700000b66cb0, RSI=0x00000007b73495d8, RDI=0x0000000104e27530
R8 =0x0000000000001331, R9 =0x0000000104e268a0, R10=0x0000000000000001, R11=0x00000000000056f3
R12=0x00007fa1b850adf0, R13=0x00000007c0e70778, R14=0x0000000103d4a40c, R15=0x00000000044b4127
RIP=0x0000000104a94971, EFLAGS=0x0000000000010202, ERR=0x0000000000000006
  TRAPNO=0x000000000000000e

Top of Stack: (sp=0x0000700000b66ca0)
0x0000700000b66ca0:   00000007b73495d8 00007fa1b850adf0
0x0000700000b66cb0:   0000700000b66ce0 0000000104a81a1c
0x0000700000b66cc0:   0000000000000001 00000007bbb00a5c
0x0000700000b66cd0:   00000007bbb00a60 00000007bbb00a48
0x0000700000b66ce0:   0000700000b66d30 0000000104897b33
0x0000700000b66cf0:   00007fa1b850adf0 0000000740904748
0x0000700000b66d00:   00000007c0e70780 00007fa1b850ae30
0x0000700000b66d10:   000000076b54f258 00007fa1b850adf0
0x0000700000b66d20:   0000000104e112d8 00007fa1b850adf8
0x0000700000b66d30:   0000700000b66de0 0000000104a8f904
0x0000700000b66d40:   00000007bbb00a48 0000000000008000
0x0000700000b66d50:   000000076b54c248 00007fa1b850ae78
0x0000700000b66d60:   000000076b54c248 0000000100000c00
0x0000700000b66d70:   000000076b54c248 00007fa1b850ae30
0x0000700000b66d80:   00007fa1b850aeb0 00000007b7791480
0x0000700000b66d90:   0000700000b66df8 0000000000000c00
0x0000700000b66da0:   00000e6a000004bf 0000000000000004
0x0000700000b66db0:   0000700000000a00 000000076b54d258
0x0000700000b66dc0:   0000700000b66e48 00007fa1b850adf0
0x0000700000b66dd0:   0000000000000400 0000000000000000
0x0000700000b66de0:   0000700000b66e80 0000000104a812bf
0x0000700000b66df0:   00007fa1c2a867d0 000000076b54c248
0x0000700000b66e00:   0000700000000200 0000000000000000
0x0000700000b66e10:   000000076b54c248 00007fa1b850aeb0
0x0000700000b66e20:   0000000104e22249 000000076b54c248
0x0000700000b66e30:   0000700000000400 00000001048591e0
0x0000700000b66e40:   0000000104e22249 000000004108250a
0x0000700000b66e50:   0000700000b66e80 00007fa1b880e800
0x0000700000b66e60:   00007fa1c2a867d0 0000000104bcd936
0x0000700000b66e70:   0000000000000000 0000000000000001
0x0000700000b66e80:   0000700000b66f60 000000010485a011
0x0000700000b66e90:   0000000104e22100 00007fa1b880e800 

Instructions: (pc=0x0000000104a94971)
0x0000000104a94951:   45 0f c1 1e 48 8d 41 01 4c 39 c0 73 2d 49 8d 40
0x0000000104a94961:   ff 48 29 c8 48 c1 e1 03 48 8d 0c 89 48 8b 5f 18
0x0000000104a94971:   c7 44 0b 40 00 00 01 00 48 8b 5f 18 48 89 74 0b
0x0000000104a94981:   38 48 83 c1 28 48 ff c8 75 e2 8d 44 d6 f8 48 8b 

Register to memory mapping:

RAX=0x0000000000000331 is an unknown value
RBX=0x0000000103d25000 is an unknown value
RCX=0x0000000000027fd8 is an unknown value
RDX=0x00000000044b4127 is an unknown value
RSP=0x0000700000b66ca0 is an unknown value
RBP=0x0000700000b66cb0 is an unknown value
RSI=0x00000007b73495d8 is an oop
