#
# A fatal error has been detected by the Java Runtime Environment:
#
#  SIGSEGV (0xb) at pc=0x0000000104a8199c, pid=52226, tid=0x0000000000002a03
#
# JRE version: OpenJDK Runtime Environment (8.0_242) (build 1.8.0_242-release-1644-b3-6222593)
# Java VM: OpenJDK 64-Bit Server VM (25.242-b3-6222593 mixed mode bsd-amd64 compressed oops)
# Problematic frame:
# V  [libjvm.dylib+0x48199c]
#
# Failed to write core dump. Core dumps have been disabled. To enable core dumping, try "ulimit -c unlimited" before starting Java again
#
# If you would like to submit a bug report, please visit:
#   http://bugreport.java.com/bugreport/crash.jsp
#

---------------  T H R E A D  ---------------

Current thread (0x00007fa65200f800):  GCTaskThread [stack: 0x000070000c4e1000,0x000070000c5e1000] [id=10755]

siginfo: si_signo: 11 (SIGSEGV), si_code: 1 (SEGV_MAPERR), si_addr: 0x00000002b2eb8070

Registers:
RAX=0x0000000104e112d8, RBX=0x00000007404b90b8, RCX=0x0000000000002503, RDX=0x0000000000097201
RSP=0x000070000c5e0d10, RBP=0x000070000c5e0d30, RSI=0x00000007a7e9eb58, RDI=0x00000002b2eb8068
R8 =0x0000000000000cfd, R9 =0x0000000104e21ffb, R10=0x000000010991fed8, R11=0x0000000000000008
R12=0x00000007a7e9f030, R13=0x00007fa650e0c8b0, R14=0x00007fa650e0c8b0, R15=0x00007fa650e0c8b8
RIP=0x0000000104a8199c, EFLAGS=0x0000000000010202, ERR=0x0000000000000004
  TRAPNO=0x000000000000000e

Top of Stack: (sp=0x000070000c5e0d10)
0x000070000c5e0d10:   00000000000006e9 00000007a7e9eb58
0x000070000c5e0d20:   0000000104e112d8 00007fa650e0c8b8
0x000070000c5e0d30:   000070000c5e0de0 0000000104a8fa5a
0x000070000c5e0d40:   0000000740371c70 0000000000004000
0x000070000c5e0d50:   00000007a7e9c020 00007fa650e0c938
0x000070000c5e0d60:   00000007a7e9c020 0000000100000a00
0x000070000c5e0d70:   00000007a7e9c020 00007fa650e0c8f0
0x000070000c5e0d80:   00007fa650e0c970 0000000740371c70
0x000070000c5e0d90:   000070000c5e0df8 0000000000000c00
0x000070000c5e0da0:   0000006100000009 0000000000000004
0x000070000c5e0db0:   0000700000000a00 00000007a7e9d030
0x000070000c5e0dc0:   000070000c5e0e48 00007fa650e0c8b0
0x000070000c5e0dd0:   0000000000000400 0000000000000003
0x000070000c5e0de0:   000070000c5e0e80 0000000104a812bf
0x000070000c5e0df0:   00007fa658af4450 00000007a7e9c020
0x000070000c5e0e00:   0000700000000200 0000000000000000
0x000070000c5e0e10:   00000007a7e9c020 00007fa650e0c970
0x000070000c5e0e20:   0000000104e22249 00000007a7e9c020
0x000070000c5e0e30:   0000700000000400 00000001048591e0
0x000070000c5e0e40:   0000000104e22249 00000003481d981c
0x000070000c5e0e50:   000070000c5e0e80 00007fa65200f800
0x000070000c5e0e60:   00007fa658af4450 0000000104bcd936
0x000070000c5e0e70:   0000000000000000 0000000000000001
0x000070000c5e0e80:   000070000c5e0f60 000000010485a011
0x000070000c5e0e90:   0000000104e22100 00007fa65200f800
0x000070000c5e0ea0:   00007fa650f0c960 00007fa650f0c9a0
0x000070000c5e0eb0:   00007fa650f0c9b0 00007fa650f0ca88
0x000070000c5e0ec0:   00000000000000d8 00007fa650f0cba0
0x000070000c5e0ed0:   00007fa65200f800 00007fa650f0c960
0x000070000c5e0ee0:   00007fa650f0c9a0 00007fa650f0c9b0
0x000070000c5e0ef0:   00007fa650f0ca88 00000000000000d8
0x000070000c5e0f00:   000070000c5e0e98 00007fa650f0c540 

Instructions: (pc=0x0000000104a8199c)
0x0000000104a8197c:   00 8a 10 84 d2 74 15 8b 7b 08 48 8d 05 4b f9 38
0x0000000104a8198c:   00 8a 48 08 48 d3 e7 48 03 38 eb 04 48 8b 7b 08
0x0000000104a8199c:   8b 47 08 85 c0 7e 09 a8 01 75 09 c1 e8 03 eb 45
0x0000000104a819ac:   85 c0 78 0e 48 8b 07 48 89 de ff 90 e8 00 00 00 

Register to memory mapping:

RAX=0x0000000104e112d8: _ZN8Universe13_narrow_klassE+0 in /private/var/folders/nk/77tzydc5271b4jt6909jb9m80000gn/T/AppTranslocation/83DACF81-3FAF-48C6-A9E9-D6E58756B2D7/d/Android Studio.app/Contents/jre/jdk/Contents/Home/jre/lib/server/libjvm.dylib at 0x0000000104600000
RBX=0x00000007404b90b8 is pointing into object: 0x00000007404b8fb8
[C 
 - klass: {type array char}
 - length: 121
RCX=0x0000000000002503 is an unknown value
RDX=0x0000000000097201 is an unknown value
RSP=0x000070000c5e0d10 is an unknown value
RBP=0x000070000c5e0d30 is an unknown value
RSI=0x00000007a7e9eb58 is an oop

[error occurred during error reporting (printing register info), id 0xb]

Stack: [0x000070000c4e1000,0x000070000c5e1000],  sp=0x000070000c5e0d10,  free space=1023k
Native frames: (J=compiled Java code, j=interpreted, Vv=VM code, C=native code)
V  [libjvm.dylib+0x48199c]
V  [libjvm.dylib+0x48fa5a]
V  [libjvm.dylib+0x4812bf]
V  [libjvm.dylib+0x25a011]
V  [libjvm.dylib+0x45b9eb]
C  [libsystem_pthread.dylib+0x6109]  _pthread_start+0x94
C  [libsystem_pthread.dylib+0x1b8b]  thread_start+0xf


---------------  P R O C E S S  ---------------

Java Threads: ( => current thread )
  0x00007fa658be4800 JavaThread "jar transforms Thread 117" [_thread_blocked, id=89603, stack(0x0000700015da9000,0x0000700015ea9000)]
  0x00007fa658333000 JavaThread "jar transforms Thread 116" [_thread_blocked, id=89347, stack(0x0000700015ca6000,0x0000700015da6000)]
  0x00007fa658332800 JavaThread "jar transforms Thread 115" [_thread_blocked, id=88835, stack(0x0000700015ba3000,0x0000700015ca3000)]
  0x00007fa658be4000 JavaThread "jar transforms Thread 114" [_thread_blocked, id=88579, stack(0x0000700015aa0000,0x0000700015ba0000)]
  0x00007fa658331800 JavaThread "jar transforms Thread 113" [_thread_blocked, id=88323, stack(0x000070001599d000,0x0000700015a9d000)]
  0x00007fa651435000 JavaThread "jar transforms Thread 112" [_thread_blocked, id=87811, stack(0x000070001589a000,0x000070001599a000)]
  0x00007fa6599c3800 JavaThread "jar transforms Thread 111" [_thread_blocked, id=130819, stack(0x0000700015797000,0x0000700015897000)]
  0x00007fa6599c2800 JavaThread "jar transforms Thread 110" [_thread_blocked, id=65283, stack(0x0000700015694000,0x0000700015794000)]
  0x00007fa658331000 JavaThread "jar transforms Thread 109" [_thread_blocked, id=64771, stack(0x0000700015591000,0x0000700015691000)]
  0x00007fa6599c2000 JavaThread "jar transforms Thread 108" [_thread_blocked, id=64259, stack(0x000070001548e000,0x000070001558e000)]
  0x00007fa651434000 JavaThread "jar transforms Thread 107" [_thread_blocked, id=64003, stack(0x000070001538b000,0x000070001548b000)]
  0x00007fa6599c0800 JavaThread "jar transforms Thread 106" [_thread_blocked, id=63491, stack(0x0000700015288000,0x0000700015388000)]
  0x00007fa658be3000 JavaThread "jar transforms Thread 105" [_thread_blocked, id=65795, stack(0x0000700015185000,0x0000700015285000)]
  0x00007fa651432000 JavaThread "jar transforms Thread 104" [_thread_blocked, id=66307, stack(0x0000700015082000,0x0000700015182000)]
  0x00007fa651431800 JavaThread "jar transforms Thread 103" [_thread_blocked, id=66819, stack(0x0000700014f7f000,0x000070001507f000)]
  0x00007fa6599c0000 JavaThread "jar transforms Thread 102" [_thread_blocked, id=62979, stack(0x0000700014e7c000,0x0000700014f7c000)]
  0x00007fa6599bf000 JavaThread "jar transforms Thread 101" [_thread_blocked, id=62723, stack(0x0000700014d79000,0x0000700014e79000)]
  0x00007fa658330000 JavaThread "jar transforms Thread 100" [_thread_blocked, id=62467, stack(0x0000700014c76000,0x0000700014d76000)]
  0x00007fa658be2800 JavaThread "jar transforms Thread 99" [_thread_blocked, id=67843, stack(0x0000700014b73000,0x0000700014c73000)]
  0x00007fa658be1800 JavaThread "jar transforms Thread 98" [_thread_blocked, id=68355, stack(0x0000700014a70000,0x0000700014b70000)]
  0x00007fa652c66000 JavaThread "jar transforms Thread 97" [_thread_blocked, id=61699, stack(0x000070001496d000,0x0000700014a6d000)]
  0x00007fa65832e800 JavaThread "jar transforms Thread 96" [_thread_blocked, id=68867, stack(0x000070001486a000,0x000070001496a000)]
  0x00007fa65832e000 JavaThread "jar transforms Thread 95" [_thread_blocked, id=61187, stack(0x0000700014767000,0x0000700014867000)]
  0x00007fa6599be800 JavaThread "jar transforms Thread 94" [_thread_blocked, id=69379, stack(0x0000700014664000,0x0000700014764000)]
  0x00007fa651430800 JavaThread "jar transforms Thread 93" [_thread_blocked, id=69635, stack(0x0000700014561000,0x0000700014661000)]
  0x00007fa658be0000 JavaThread "jar transforms Thread 92" [_thread_blocked, id=70147, stack(0x000070001445e000,0x000070001455e000)]
  0x00007fa6599bd800 JavaThread "jar transforms Thread 91" [_thread_blocked, id=70403, stack(0x000070001435b000,0x000070001445b000)]
  0x00007fa65832d000 JavaThread "jar transforms Thread 90" [_thread_blocked, id=60419, stack(0x0000700014258000,0x0000700014358000)]
  0x00007fa6599bd000 JavaThread "jar transforms Thread 89" [_thread_blocked, id=70915, stack(0x0000700014155000,0x0000700014255000)]
  0x00007fa6599bc000 JavaThread "jar transforms Thread 88" [_thread_blocked, id=59651, stack(0x0000700014052000,0x0000700014152000)]
  0x00007fa65832c800 JavaThread "jar transforms Thread 87" [_thread_blocked, id=71427, stack(0x0000700013f4f000,0x000070001404f000)]
  0x00007fa65832b800 JavaThread "jar transforms Thread 86" [_thread_blocked, id=59395, stack(0x0000700013e4c000,0x0000700013f4c000)]
  0x00007fa65142f800 JavaThread "jar transforms Thread 85" [_thread_blocked, id=71939, stack(0x0000700013d49000,0x0000700013e49000)]
  0x00007fa658bde800 JavaThread "jar transforms Thread 84" [_thread_blocked, id=58627, stack(0x0000700013c46000,0x0000700013d46000)]
  0x00007fa65832b000 JavaThread "jar transforms Thread 83" [_thread_blocked, id=72195, stack(0x0000700013b43000,0x0000700013c43000)]
  0x00007fa65832a000 JavaThread "jar transforms Thread 82" [_thread_blocked, id=72707, stack(0x0000700013a40000,0x0000700013b40000)]
  0x00007fa658329800 JavaThread "jar transforms Thread 81" [_thread_blocked, id=72963, stack(0x000070001393d000,0x0000700013a3d000)]
  0x00007fa658bdd000 JavaThread "jar transforms Thread 80" [_thread_blocked, id=73475, stack(0x000070001383a000,0x000070001393a000)]
  0x00007fa6599bb800 JavaThread "jar transforms Thread 79" [_thread_blocked, id=73987, stack(0x0000700013737000,0x0000700013837000)]
  0x00007fa6599ba800 JavaThread "jar transforms Thread 78" [_thread_blocked, id=74499, stack(0x0000700013634000,0x0000700013734000)]
  0x00007fa658328800 JavaThread "jar transforms Thread 77" [_thread_blocked, id=75011, stack(0x0000700013531000,0x0000700013631000)]
  0x00007fa6599ba000 JavaThread "jar transforms Thread 76" [_thread_blocked, id=75523, stack(0x000070001342e000,0x000070001352e000)]
  0x00007fa6599b9000 JavaThread "jar transforms Thread 75" [_thread_blocked, id=75779, stack(0x000070001332b000,0x000070001342b000)]
  0x00007fa658328000 JavaThread "jar transforms Thread 74" [_thread_blocked, id=57347, stack(0x0000700013228000,0x0000700013328000)]
  0x00007fa658327000 JavaThread "jar transforms Thread 73" [_thread_blocked, id=76035, stack(0x0000700013125000,0x0000700013225000)]
  0x00007fa658326800 JavaThread "jar transforms Thread 72" [_thread_blocked, id=76291, stack(0x0000700013022000,0x0000700013122000)]
  0x00007fa6599b8800 JavaThread "jar transforms Thread 71" [_thread_blocked, id=76547, stack(0x0000700012f1f000,0x000070001301f000)]
  0x00007fa6599b7800 JavaThread "jar transforms Thread 70" [_thread_blocked, id=56067, stack(0x0000700012e1c000,0x0000700012f1c000)]
  0x00007fa658325800 JavaThread "jar transforms Thread 69" [_thread_blocked, id=77059, stack(0x0000700012d19000,0x0000700012e19000)]
  0x00007fa658325000 JavaThread "jar transforms Thread 68" [_thread_blocked, id=77315, stack(0x0000700012c16000,0x0000700012d16000)]
  0x00007fa658324000 JavaThread "jar transforms Thread 67" [_thread_blocked, id=77571, stack(0x0000700012b13000,0x0000700012c13000)]
  0x00007fa658bdc800 JavaThread "jar transforms Thread 66" [_thread_blocked, id=78083, stack(0x0000700012a10000,0x0000700012b10000)]
  0x00007fa658323800 JavaThread "jar transforms Thread 65" [_thread_blocked, id=55043, stack(0x000070001290d000,0x0000700012a0d000)]
  0x00007fa65142d800 JavaThread "jar transforms Thread 64" [_thread_blocked, id=78339, stack(0x000070001280a000,0x000070001290a000)]
  0x00007fa6599b7000 JavaThread "jar transforms Thread 63" [_thread_blocked, id=54275, stack(0x0000700012707000,0x0000700012807000)]
  0x00007fa6599b6000 JavaThread "jar transforms Thread 62" [_thread_blocked, id=53763, stack(0x0000700012604000,0x0000700012704000)]
  0x00007fa658322800 JavaThread "jar transforms Thread 61" [_thread_blocked, id=53507, stack(0x0000700012501000,0x0000700012601000)]
  0x00007fa658bdb800 JavaThread "jar transforms Thread 60" [_thread_blocked, id=53251, stack(0x00007000123fe000,0x00007000124fe000)]
  0x00007fa658bdb000 JavaThread "jar transforms Thread 59" [_thread_blocked, id=79363, stack(0x00007000122fb000,0x00007000123fb000)]
  0x00007fa658bda000 JavaThread "jar transforms Thread 58" [_thread_blocked, id=79619, stack(0x00007000121f8000,0x00007000122f8000)]
  0x00007fa658bd9800 JavaThread "jar transforms Thread 57" [_thread_blocked, id=52739, stack(0x00007000120f5000,0x00007000121f5000)]
  0x00007fa6599b5800 JavaThread "jar transforms Thread 56" [_thread_blocked, id=52483, stack(0x0000700011ff2000,0x00007000120f2000)]
  0x00007fa6599b4800 JavaThread "jar transforms Thread 55" [_thread_blocked, id=51971, stack(0x0000700011eef000,0x0000700011fef000)]
  0x00007fa658bd8800 JavaThread "jar transforms Thread 54" [_thread_blocked, id=80643, stack(0x0000700011dec000,0x0000700011eec000)]
  0x00007fa65142d000 JavaThread "jar transforms Thread 53" [_thread_blocked, id=81155, stack(0x0000700011ce9000,0x0000700011de9000)]
  0x00007fa658bd8000 JavaThread "jar transforms Thread 52" [_thread_blocked, id=81667, stack(0x0000700011be6000,0x0000700011ce6000)]
  0x00007fa65142c000 JavaThread "jar transforms Thread 51" [_thread_blocked, id=82179, stack(0x0000700011ae3000,0x0000700011be3000)]
  0x00007fa6599b4000 JavaThread "jar transforms Thread 50" [_thread_blocked, id=82691, stack(0x00007000119e0000,0x0000700011ae0000)]
  0x00007fa6599b3000 JavaThread "jar transforms Thread 49" [_thread_blocked, id=83203, stack(0x00007000118dd000,0x00007000119dd000)]
  0x00007fa658bd7000 JavaThread "jar transforms Thread 48" [_thread_blocked, id=51459, stack(0x00007000117da000,0x00007000118da000)]
  0x00007fa658322000 JavaThread "jar transforms Thread 47" [_thread_blocked, id=50947, stack(0x00007000116d7000,0x00007000117d7000)]
  0x00007fa65142b800 JavaThread "jar transforms Thread 46" [_thread_blocked, id=50691, stack(0x00007000115d4000,0x00007000116d4000)]
  0x00007fa658321000 JavaThread "jar transforms Thread 45" [_thread_blocked, id=83715, stack(0x00007000114d1000,0x00007000115d1000)]
  0x00007fa6599b2800 JavaThread "jar transforms Thread 44" [_thread_blocked, id=49923, stack(0x00007000113ce000,0x00007000114ce000)]
  0x00007fa65142a800 JavaThread "jar transforms Thread 43" [_thread_blocked, id=49667, stack(0x00007000112cb000,0x00007000113cb000)]
  0x00007fa65142a000 JavaThread "jar transforms Thread 42" [_thread_blocked, id=49411, stack(0x00007000111c8000,0x00007000112c8000)]
  0x00007fa6599b1800 JavaThread "jar transforms Thread 41" [_thread_blocked, id=48899, stack(0x00007000110c5000,0x00007000111c5000)]
  0x00007fa6599b1000 JavaThread "jar transforms Thread 40" [_thread_blocked, id=48387, stack(0x0000700010fc2000,0x00007000110c2000)]
  0x00007fa658bd6000 JavaThread "jar transforms Thread 39" [_thread_blocked, id=47875, stack(0x0000700010ebf000,0x0000700010fbf000)]
  0x00007fa658bd5000 JavaThread "jar transforms Thread 38" [_thread_blocked, id=84739, stack(0x0000700010dbc000,0x0000700010ebc000)]
  0x00007fa658bd3000 JavaThread "jar transforms Thread 37" [_thread_blocked, id=47363, stack(0x0000700010cb9000,0x0000700010db9000)]
  0x00007fa6599af800 JavaThread "jar transforms Thread 36" [_thread_blocked, id=84995, stack(0x0000700010bb6000,0x0000700010cb6000)]
  0x00007fa651429000 JavaThread "jar transforms Thread 35" [_thread_blocked, id=85251, stack(0x0000700010ab3000,0x0000700010bb3000)]
  0x00007fa658bd2000 JavaThread "jar transforms Thread 34" [_thread_blocked, id=46595, stack(0x00007000109b0000,0x0000700010ab0000)]
  0x00007fa6556b9800 JavaThread "jar transforms Thread 33" [_thread_blocked, id=85763, stack(0x00007000108ad000,0x00007000109ad000)]
  0x00007fa658bd1800 JavaThread "jar transforms Thread 32" [_thread_blocked, id=45827, stack(0x00007000107aa000,0x00007000108aa000)]
  0x00007fa6556b8800 JavaThread "jar transforms Thread 31" [_thread_blocked, id=86019, stack(0x00007000106a7000,0x00007000107a7000)]
  0x00007fa6519fa000 JavaThread "jar transforms Thread 30" [_thread_blocked, id=45059, stack(0x00007000105a4000,0x00007000106a4000)]
  0x00007fa6522c2000 JavaThread "jar transforms Thread 29" [_thread_blocked, id=44547, stack(0x00007000104a1000,0x00007000105a1000)]
  0x00007fa651428800 JavaThread "jar transforms Thread 28" [_thread_blocked, id=86531, stack(0x000070001039e000,0x000070001049e000)]
  0x00007fa651425000 JavaThread "jar transforms Thread 27" [_thread_blocked, id=44291, stack(0x000070001029b000,0x000070001039b000)]
  0x00007fa658320000 JavaThread "jar transforms Thread 26" [_thread_blocked, id=87043, stack(0x0000700010198000,0x0000700010298000)]
  0x00007fa65831f000 JavaThread "jar transforms Thread 25" [_thread_blocked, id=43523, stack(0x0000700010095000,0x0000700010195000)]
  0x00007fa651424800 JavaThread "jar transforms Thread 24" [_thread_blocked, id=30979, stack(0x000070000ff92000,0x0000700010092000)]
  0x00007fa65831e800 JavaThread "jar transforms Thread 23" [_thread_blocked, id=31235, stack(0x000070000fe8f000,0x000070000ff8f000)]
  0x00007fa65831d800 JavaThread "jar transforms Thread 22" [_thread_blocked, id=31491, stack(0x000070000fd8c000,0x000070000fe8c000)]
  0x00007fa658bd0800 JavaThread "jar transforms Thread 21" [_thread_blocked, id=29699, stack(0x000070000fc89000,0x000070000fd89000)]
  0x00007fa658bce000 JavaThread "Build operations Thread 4" [_thread_blocked, id=32003, stack(0x000070000fb86000,0x000070000fc86000)]
  0x00007fa65227c000 JavaThread "Build operations Thread 3" [_thread_blocked, id=29187, stack(0x000070000fa83000,0x000070000fb83000)]
  0x00007fa652cf6800 JavaThread "Build operations Thread 2" [_thread_blocked, id=28931, stack(0x000070000f980000,0x000070000fa80000)]
  0x00007fa652cf5800 JavaThread "Build operations" [_thread_blocked, id=32771, stack(0x000070000f87d000,0x000070000f97d000)]
  0x00007fa6567e9000 JavaThread "Cache worker for Build Output Cleanup Cache (/Users/soso/AndroidStudioProjects/DingBring/.gradle/buildOutputCleanup)" [_thread_blocked, id=28419, stack(0x000070000f77a000,0x000070000f87a000)]
  0x00007fa655c2b000 JavaThread "Cache worker for file content cache (/Users/soso/.gradle/caches/6.5/fileContent)" [_thread_blocked, id=33283, stack(0x000070000f677000,0x000070000f777000)]
  0x00007fa65725e800 JavaThread "Cache worker for execution history cache (/Users/soso/.gradle/caches/6.5/executionHistory)" [_thread_blocked, id=28163, stack(0x000070000f574000,0x000070000f674000)]
  0x00007fa655d7c000 JavaThread "Cache worker for cache directory md-rule (/Users/soso/.gradle/caches/6.5/md-rule)" [_thread_blocked, id=33795, stack(0x000070000f471000,0x000070000f571000)]
  0x00007fa655d80000 JavaThread "Cache worker for cache directory md-supplier (/Users/soso/.gradle/caches/6.5/md-supplier)" [_thread_blocked, id=27395, stack(0x000070000f36e000,0x000070000f46e000)]
  0x00007fa655d79800 JavaThread "Cache worker for checksums cache (/Users/soso/AndroidStudioProjects/DingBring/.gradle/checksums)" [_thread_blocked, id=19719, stack(0x000070000f26b000,0x000070000f36b000)]
  0x00007fa6565d8000 JavaThread "jar transforms Thread 20" [_thread_blocked, id=26883, stack(0x000070000f168000,0x000070000f268000)]
  0x00007fa6556d0800 JavaThread "jar transforms Thread 19" [_thread_blocked, id=26627, stack(0x000070000f065000,0x000070000f165000)]
  0x00007fa6556d0000 JavaThread "jar transforms Thread 18" [_thread_blocked, id=34819, stack(0x000070000ef62000,0x000070000f062000)]
  0x00007fa655dbe000 JavaThread "jar transforms Thread 17" [_thread_blocked, id=35331, stack(0x000070000ee5f000,0x000070000ef5f000)]
  0x00007fa6556ce800 JavaThread "jar transforms Thread 16" [_thread_blocked, id=35843, stack(0x000070000ed5c000,0x000070000ee5c000)]
  0x00007fa652924000 JavaThread "jar transforms Thread 15" [_thread_blocked, id=26371, stack(0x000070000ec59000,0x000070000ed59000)]
  0x00007fa6556e4800 JavaThread "jar transforms Thread 14" [_thread_blocked, id=36611, stack(0x000070000eb56000,0x000070000ec56000)]
  0x00007fa652923000 JavaThread "jar transforms Thread 13" [_thread_blocked, id=37123, stack(0x000070000ea53000,0x000070000eb53000)]
  0x00007fa652b46000 JavaThread "jar transforms Thread 12" [_thread_blocked, id=25859, stack(0x000070000e950000,0x000070000ea50000)]
  0x00007fa652b45800 JavaThread "jar transforms Thread 11" [_thread_blocked, id=37635, stack(0x000070000e84d000,0x000070000e94d000)]
  0x00007fa6556db800 JavaThread "jar transforms Thread 10" [_thread_blocked, id=25347, stack(0x000070000e74a000,0x000070000e84a000)]
  0x00007fa6522fe800 JavaThread "jar transforms Thread 9" [_thread_blocked, id=25091, stack(0x000070000e647000,0x000070000e747000)]
  0x00007fa652c0c000 JavaThread "jar transforms Thread 8" [_thread_blocked, id=24579, stack(0x000070000e544000,0x000070000e644000)]
  0x00007fa652c0b000 JavaThread "jar transforms Thread 7" [_thread_blocked, id=38403, stack(0x000070000e441000,0x000070000e541000)]
  0x00007fa651269800 JavaThread "jar transforms Thread 6" [_thread_blocked, id=24323, stack(0x000070000e33e000,0x000070000e43e000)]
  0x00007fa652bd6800 JavaThread "jar transforms Thread 5" [_thread_blocked, id=24067, stack(0x000070000e23b000,0x000070000e33b000)]
  0x00007fa652bd5800 JavaThread "jar transforms Thread 4" [_thread_blocked, id=39427, stack(0x000070000e138000,0x000070000e238000)]
  0x00007fa655db4000 JavaThread "jar transforms Thread 3" [_thread_blocked, id=39683, stack(0x000070000e035000,0x000070000e135000)]
  0x00007fa6512d0800 JavaThread "jar transforms Thread 2" [_thread_blocked, id=23555, stack(0x000070000df32000,0x000070000e032000)]
  0x00007fa6565d7000 JavaThread "jar transforms" [_thread_blocked, id=40451, stack(0x000070000de2f000,0x000070000df2f000)]
  0x00007fa651357800 JavaThread "Cache worker for file hash cache (/Users/soso/AndroidStudioProjects/DingBring/.gradle/6.5/fileHashes)" [_thread_blocked, id=23299, stack(0x000070000dd2c000,0x000070000de2c000)]
  0x00007fa651169800 JavaThread "Cache worker for file hash cache (/Users/soso/.gradle/caches/6.5/fileHashes)" [_thread_blocked, id=40963, stack(0x000070000dc29000,0x000070000dd29000)]
  0x00007fa6526c7000 JavaThread "File lock request listener" [_thread_in_native, id=22787, stack(0x000070000db26000,0x000070000dc26000)]
  0x00007fa6510a4000 JavaThread "Cache worker for journal cache (/Users/soso/.gradle/caches/journal-1)" [_thread_blocked, id=41731, stack(0x000070000da23000,0x000070000db23000)]
  0x00007fa65191e000 JavaThread "Thread-9" [_thread_blocked, id=22531, stack(0x000070000d920000,0x000070000da20000)]
  0x00007fa6510a2800 JavaThread "Stdin handler" [_thread_blocked, id=42243, stack(0x000070000d81d000,0x000070000d91d000)]
  0x00007fa65299f800 JavaThread "Asynchronous log dispatcher for DefaultDaemonConnection: socket connection from /127.0.0.1:57954 to /127.0.0.1:57955" [_thread_blocked, id=42755, stack(0x000070000d71a000,0x000070000d81a000)]
  0x00007fa651925000 JavaThread "Daemon worker" [_thread_blocked, id=22019, stack(0x000070000d617000,0x000070000d717000)]
  0x00007fa6521dd000 JavaThread "Cancel handler" [_thread_blocked, id=21763, stack(0x000070000d514000,0x000070000d614000)]
  0x00007fa651865000 JavaThread "Handler for socket connection from /127.0.0.1:57954 to /127.0.0.1:57955" [_thread_in_native, id=15363, stack(0x000070000d411000,0x000070000d511000)]
  0x00007fa651916800 JavaThread "Daemon" [_thread_blocked, id=15875, stack(0x000070000d30e000,0x000070000d40e000)]
  0x00007fa65206c800 JavaThread "Daemon periodic checks" [_thread_blocked, id=16387, stack(0x000070000d20b000,0x000070000d30b000)]
  0x00007fa65205e800 JavaThread "Incoming local TCP Connector on port 57954" [_thread_in_native, id=14595, stack(0x000070000d108000,0x000070000d208000)]
  0x00007fa651364000 JavaThread "Daemon health stats" [_thread_blocked, id=16899, stack(0x000070000d005000,0x000070000d105000)]
  0x00007fa651854000 JavaThread "Service Thread" daemon [_thread_blocked, id=17667, stack(0x000070000cdff000,0x000070000ceff000)]
  0x00007fa652033800 JavaThread "C1 CompilerThread2" daemon [_thread_blocked, id=17923, stack(0x000070000ccfc000,0x000070000cdfc000)]
  0x00007fa652031800 JavaThread "C2 CompilerThread1" daemon [_thread_blocked, id=13571, stack(0x000070000cbf9000,0x000070000ccf9000)]
  0x00007fa652837800 JavaThread "C2 CompilerThread0" daemon [_thread_blocked, id=18435, stack(0x000070000caf6000,0x000070000cbf6000)]
  0x00007fa652836800 JavaThread "Signal Dispatcher" daemon [_thread_blocked, id=18691, stack(0x000070000c9f3000,0x000070000caf3000)]
  0x00007fa651837800 JavaThread "Finalizer" daemon [_thread_blocked, id=11523, stack(0x000070000c7ea000,0x000070000c8ea000)]
  0x00007fa65182f000 JavaThread "Reference Handler" daemon [_thread_blocked, id=11267, stack(0x000070000c6e7000,0x000070000c7e7000)]
  0x00007fa65100b800 JavaThread "main" [_thread_blocked, id=3075, stack(0x000070000c0d5000,0x000070000c1d5000)]

Other Threads:
  0x00007fa651828800 VMThread [stack: 0x000070000c5e4000,0x000070000c6e4000] [id=21507]
  0x00007fa651854800 WatcherThread [stack: 0x000070000cf02000,0x000070000d002000] [id=14339]

=>0x00007fa65200f800 (exited) GCTaskThread [stack: 0x000070000c4e1000,0x000070000c5e1000] [id=10755]

VM state:at safepoint (normal execution)

VM Mutex/Monitor currently owned by a thread:  ([mutex/lock_event])
[0x00007fa650d076e0] Threads_lock - owner thread: 0x00007fa651828800
[0x00007fa650d07be0] Heap_lock - owner thread: 0x00007fa651925000

heap address: 0x0000000740000000, size: 2048 MB, Compressed Oops mode: Zero based, Oop shift amount: 3
Narrow klass base: 0x0000000000000000, Narrow klass shift: 3
Compressed class space size: 1073741824 Address: 0x00000007c0000000

Heap:
 PSYoungGen      total 292352K, used 19452K [0x0000000795580000, 0x00000007a9880000, 0x00000007c0000000)
  eden space 272896K, 0% used [0x0000000795580000,0x0000000795580000,0x00000007a6000000)
  from space 19456K, 99% used [0x00000007a7a00000,0x00000007a8cff320,0x00000007a8d00000)
  to   space 26624K, 0% used [0x00000007a6000000,0x00000007a6000000,0x00000007a7a00000)
 ParOldGen       total 113152K, used 35375K [0x0000000740000000, 0x0000000746e80000, 0x0000000795580000)
  object space 113152K, 31% used [0x0000000740000000,0x000000074228be30,0x0000000746e80000)
 Metaspace       used 56486K, capacity 58990K, committed 59028K, reserved 1099776K
  class space    used 7573K, capacity 8135K, committed 8152K, reserved 1048576K

Card table byte_map: [0x0000000105878000,0x0000000105c79000] byte_map_base: 0x0000000101e78000

Marking Bits: (ParMarkBitMap*) 0x0000000104e273f8
 Begin Bits: [0x0000000105f24000, 0x0000000107f24000)
 End Bits:   [0x0000000107f24000, 0x0000000109f24000)

Polling page: 0x0000000103d56000

CodeCache: size=245760Kb used=17054Kb max_used=17065Kb free=228705Kb
 bounds [0x0000000113a1b000, 0x0000000114aeb000, 0x0000000122a1b000]
 total_blobs=5704 nmethods=4917 adapters=701
 compilation: enabled

Compilation events (10 events):
Event: 21.002 Thread 0x00007fa652033800 5344       3       com.google.common.collect.RegularImmutableMap::get (64 bytes)
Event: 21.003 Thread 0x00007fa652033800 nmethod 5344 0x0000000114a95710 code [0x0000000114a958e0, 0x0000000114a96068]
Event: 21.003 Thread 0x00007fa652033800 5343       3       com.google.common.collect.RegularImmutableMap::get (13 bytes)
Event: 21.004 Thread 0x00007fa652033800 nmethod 5343 0x0000000114a95350 code [0x0000000114a954c0, 0x0000000114a95668]
Event: 21.010 Thread 0x00007fa652033800 5345       3       java.nio.Buffer::discardMark (6 bytes)
Event: 21.010 Thread 0x00007fa652033800 nmethod 5345 0x0000000114a95050 code [0x0000000114a951a0, 0x0000000114a952f0]
Event: 21.036 Thread 0x00007fa652031800 5346       4       java.util.Collections$SetFromMap::add (22 bytes)
Event: 21.037 Thread 0x00007fa652033800 5347       3       java.lang.invoke.LambdaFormEditor$Transform::equals (32 bytes)
Event: 21.037 Thread 0x00007fa652031800 nmethod 5346 0x0000000114abfa10 code [0x0000000114abfb80, 0x0000000114abfc68]
Event: 21.038 Thread 0x00007fa652033800 nmethod 5347 0x0000000114a94c10 code [0x0000000114a94d80, 0x0000000114a94fa8]

GC Heap History (10 events):
Event: 9.460 GC heap after
Heap after GC invocations=6 (full 1):
 PSYoungGen      total 138240K, used 5120K [0x0000000795580000, 0x00000007a3c00000, 0x00000007c0000000)
  eden space 133120K, 0% used [0x0000000795580000,0x0000000795580000,0x000000079d780000)
  from space 5120K, 100% used [0x000000079d780000,0x000000079dc80000,0x000000079dc80000)
  to   space 17408K, 0% used [0x00000007a2b00000,0x00000007a2b00000,0x00000007a3c00000)
 ParOldGen       total 67584K, used 20306K [0x0000000740000000, 0x0000000744200000, 0x0000000795580000)
  object space 67584K, 30% used [0x0000000740000000,0x00000007413d4ac8,0x0000000744200000)
 Metaspace       used 32993K, capacity 34190K, committed 34560K, reserved 1079296K
  class space    used 4455K, capacity 4752K, committed 4864K, reserved 1048576K
}
Event: 10.426 GC heap before
{Heap before GC invocations=7 (full 1):
 PSYoungGen      total 138240K, used 31304K [0x0000000795580000, 0x00000007a3c00000, 0x00000007c0000000)
  eden space 133120K, 19% used [0x0000000795580000,0x0000000796f12320,0x000000079d780000)
  from space 5120K, 100% used [0x000000079d780000,0x000000079dc80000,0x000000079dc80000)
  to   space 17408K, 0% used [0x00000007a2b00000,0x00000007a2b00000,0x00000007a3c00000)
 ParOldGen       total 67584K, used 20306K [0x0000000740000000, 0x0000000744200000, 0x0000000795580000)
  object space 67584K, 30% used [0x0000000740000000,0x00000007413d4ac8,0x0000000744200000)
 Metaspace       used 34007K, capacity 35324K, committed 35416K, reserved 1079296K
  class space    used 4573K, capacity 4883K, committed 4952K, reserved 1048576K
Event: 10.442 GC heap after
Heap after GC invocations=7 (full 1):
 PSYoungGen      total 220160K, used 8272K [0x0000000795580000, 0x00000007a3d80000, 0x00000007c0000000)
  eden space 202752K, 0% used [0x0000000795580000,0x0000000795580000,0x00000007a1b80000)
  from space 17408K, 47% used [0x00000007a2b00000,0x00000007a33143b0,0x00000007a3c00000)
  to   space 15872K, 0% used [0x00000007a1b80000,0x00000007a1b80000,0x00000007a2b00000)
 ParOldGen       total 67584K, used 20314K [0x0000000740000000, 0x0000000744200000, 0x0000000795580000)
  object space 67584K, 30% used [0x0000000740000000,0x00000007413d6ac8,0x0000000744200000)
 Metaspace       used 34007K, capacity 35324K, committed 35416K, reserved 1079296K
  class space    used 4573K, capacity 4883K, committed 4952K, reserved 1048576K
}
Event: 10.442 GC heap before
{Heap before GC invocations=8 (full 2):
 PSYoungGen      total 220160K, used 8272K [0x0000000795580000, 0x00000007a3d80000, 0x00000007c0000000)
  eden space 202752K, 0% used [0x0000000795580000,0x0000000795580000,0x00000007a1b80000)
  from space 17408K, 47% used [0x00000007a2b00000,0x00000007a33143b0,0x00000007a3c00000)
  to   space 15872K, 0% used [0x00000007a1b80000,0x00000007a1b80000,0x00000007a2b00000)
 ParOldGen       total 67584K, used 20314K [0x0000000740000000, 0x0000000744200000, 0x0000000795580000)
  object space 67584K, 30% used [0x0000000740000000,0x00000007413d6ac8,0x0000000744200000)
 Metaspace       used 34007K, capacity 35324K, committed 35416K, reserved 1079296K
  class space    used 4573K, capacity 4883K, committed 4952K, reserved 1048576K
Event: 10.576 GC heap after
Heap after GC invocations=8 (full 2):
 PSYoungGen      total 220160K, used 0K [0x0000000795580000, 0x00000007a3d80000, 0x00000007c0000000)
  eden space 202752K, 0% used [0x0000000795580000,0x0000000795580000,0x00000007a1b80000)
  from space 17408K, 0% used [0x00000007a2b00000,0x00000007a2b00000,0x00000007a3c00000)
  to   space 15872K, 0% used [0x00000007a1b80000,0x00000007a1b80000,0x00000007a2b00000)
 ParOldGen       total 113152K, used 24015K [0x0000000740000000, 0x0000000746e80000, 0x0000000795580000)
  object space 113152K, 21% used [0x0000000740000000,0x0000000741773fe8,0x0000000746e80000)
 Metaspace       used 34007K, capacity 35324K, committed 35416K, reserved 1079296K
  class space    used 4573K, capacity 4883K, committed 4952K, reserved 1048576K
}
Event: 15.869 GC heap before
{Heap before GC invocations=9 (full 2):
 PSYoungGen      total 220160K, used 202752K [0x0000000795580000, 0x00000007a3d80000, 0x00000007c0000000)
  eden space 202752K, 100% used [0x0000000795580000,0x00000007a1b80000,0x00000007a1b80000)
  from space 17408K, 0% used [0x00000007a2b00000,0x00000007a2b00000,0x00000007a3c00000)
  to   space 15872K, 0% used [0x00000007a1b80000,0x00000007a1b80000,0x00000007a2b00000)
 ParOldGen       total 113152K, used 24015K [0x0000000740000000, 0x0000000746e80000, 0x0000000795580000)
  object space 113152K, 21% used [0x0000000740000000,0x0000000741773fe8,0x0000000746e80000)
 Metaspace       used 44252K, capacity 46312K, committed 46424K, reserved 1089536K
  class space    used 6006K, capacity 6445K, committed 6488K, reserved 1048576K
Event: 15.907 GC heap after
Heap after GC invocations=9 (full 2):
 PSYoungGen      total 218624K, used 15854K [0x0000000795580000, 0x00000007a8d00000, 0x00000007c0000000)
  eden space 202752K, 0% used [0x0000000795580000,0x0000000795580000,0x00000007a1b80000)
  from space 15872K, 99% used [0x00000007a1b80000,0x00000007a2afba88,0x00000007a2b00000)
  to   space 19456K, 0% used [0x00000007a7a00000,0x00000007a7a00000,0x00000007a8d00000)
 ParOldGen       total 113152K, used 25996K [0x0000000740000000, 0x0000000746e80000, 0x0000000795580000)
  object space 113152K, 22% used [0x0000000740000000,0x0000000741963120,0x0000000746e80000)
 Metaspace       used 44252K, capacity 46312K, committed 46424K, reserved 1089536K
  class space    used 6006K, capacity 6445K, committed 6488K, reserved 1048576K
}
Event: 21.057 GC heap before
{Heap before GC invocations=10 (full 2):
 PSYoungGen      total 218624K, used 181163K [0x0000000795580000, 0x00000007a8d00000, 0x00000007c0000000)
  eden space 202752K, 81% used [0x0000000795580000,0x000000079f6ef258,0x00000007a1b80000)
  from space 15872K, 99% used [0x00000007a1b80000,0x00000007a2afba88,0x00000007a2b00000)
  to   space 19456K, 0% used [0x00000007a7a00000,0x00000007a7a00000,0x00000007a8d00000)
 ParOldGen       total 113152K, used 25996K [0x0000000740000000, 0x0000000746e80000, 0x0000000795580000)
  object space 113152K, 22% used [0x0000000740000000,0x0000000741963120,0x0000000746e80000)
 Metaspace       used 56486K, capacity 58990K, committed 59028K, reserved 1099776K
  class space    used 7573K, capacity 8135K, committed 8152K, reserved 1048576K
Event: 21.101 GC heap after
Heap after GC invocations=10 (full 2):
 PSYoungGen      total 292352K, used 19452K [0x0000000795580000, 0x00000007a9880000, 0x00000007c0000000)
  eden space 272896K, 0% used [0x0000000795580000,0x0000000795580000,0x00000007a6000000)
  from space 19456K, 99% used [0x00000007a7a00000,0x00000007a8cff320,0x00000007a8d00000)
  to   space 26624K, 0% used [0x00000007a6000000,0x00000007a6000000,0x00000007a7a00000)
 ParOldGen       total 113152K, used 35375K [0x0000000740000000, 0x0000000746e80000, 0x0000000795580000)
  object space 113152K, 31% used [0x0000000740000000,0x000000074228be30,0x0000000746e80000)
 Metaspace       used 56486K, capacity 58990K, committed 59028K, reserved 1099776K
  class space    used 7573K, capacity 8135K, committed 8152K, reserved 1048576K
}
Event: 21.101 GC heap before
{Heap before GC invocations=11 (full 3):
 PSYoungGen      total 292352K, used 19452K [0x0000000795580000, 0x00000007a9880000, 0x00000007c0000000)
  eden space 272896K, 0% used [0x0000000795580000,0x0000000795580000,0x00000007a6000000)
  from space 19456K, 99% used [0x00000007a7a00000,0x00000007a8cff320,0x00000007a8d00000)
  to   space 26624K, 0% used [0x00000007a6000000,0x00000007a6000000,0x00000007a7a00000)
 ParOldGen       total 113152K, used 35375K [0x0000000740000000, 0x0000000746e80000, 0x0000000795580000)
  object space 113152K, 31% used [0x0000000740000000,0x000000074228be30,0x0000000746e80000)
 Metaspace       used 56486K, capacity 58990K, committed 59028K, reserved 1099776K
  class space    used 7573K, capacity 8135K, committed 8152K, reserved 1048576K

Deoptimization events (10 events):
Event: 18.407 Thread 0x00007fa651925000 Uncommon trap: reason=unstable_if action=reinterpret pc=0x000000011476b2b0 method=org.gradle.internal.reflect.PropertyAccessorType.of(Ljava/lang/reflect/Method;)Lorg/gradle/internal/reflect/PropertyAccessorType; @ 56
Event: 18.838 Thread 0x00007fa651925000 Uncommon trap: reason=unstable_if action=reinterpret pc=0x00000001141a09fc method=org.gradle.internal.instantiation.generator.AbstractClassGenerator$InjectionAnnotationValidator.validateMethod(Ljava/lang/reflect/Method;Lorg/gradle/internal/reflect/Propert
Event: 18.838 Thread 0x00007fa651925000 Uncommon trap: reason=unstable_if action=reinterpret pc=0x0000000113c4e94c method=org.gradle.internal.instantiation.generator.AbstractClassGenerator$InjectionAnnotationValidator.validateMethod(Ljava/lang/reflect/Method;Lorg/gradle/internal/reflect/Propert
Event: 19.068 Thread 0x00007fa651925000 Uncommon trap: reason=unstable_if action=reinterpret pc=0x00000001146d8998 method=org.codehaus.groovy.runtime.metaclass.MetaMethodIndex.copyNonPrivateNonNewMetaMethods(Lorg/codehaus/groovy/runtime/metaclass/MetaMethodIndex$Entry;Lorg/codehaus/groovy/runti
Event: 19.069 Thread 0x00007fa651925000 Uncommon trap: reason=unstable_if action=reinterpret pc=0x0000000114691eb8 method=groovy.lang.MetaClassImpl$1MOPIter.methodNameAction(Ljava/lang/Class;Lorg/codehaus/groovy/runtime/metaclass/MetaMethodIndex$Entry;)V @ 182
Event: 19.396 Thread 0x00007fa651925000 Uncommon trap: reason=unstable_if action=reinterpret pc=0x00000001140e1078 method=sun.net.www.protocol.jar.Handler.parseURL(Ljava/net/URL;Ljava/lang/String;II)V @ 116
Event: 19.712 Thread 0x00007fa651925000 Uncommon trap: reason=unstable_if action=reinterpret pc=0x0000000113e4d274 method=java.util.WeakHashMap.expungeStaleEntries()V @ 66
Event: 19.761 Thread 0x00007fa651925000 Uncommon trap: reason=bimorphic action=maybe_recompile pc=0x00000001146c5bc8 method=groovy.lang.MetaClassImpl.filterPropertyMethod(Ljava/lang/Object;ZZ)Ljava/lang/Object; @ 165
Event: 20.101 Thread 0x00007fa651925000 Uncommon trap: reason=unstable_if action=reinterpret pc=0x00000001146c604c method=groovy.lang.MetaClassImpl.filterPropertyMethod(Ljava/lang/Object;ZZ)Ljava/lang/Object; @ 72
Event: 20.128 Thread 0x00007fa651925000 Uncommon trap: reason=class_check action=maybe_recompile pc=0x00000001146f6d60 method=java.lang.Throwable.<init>(Ljava/lang/String;Ljava/lang/Throwable;)V @ 24

Classes redefined (0 events):
No events

Internal exceptions (10 events):
Event: 20.188 Thread 0x00007fa651925000 Exception <a 'java/lang/ClassNotFoundException': org/gradle/api/internal/file/CompositeFileCollectionCustomizer> (0x000000079e158108) thrown at [/Volumes/Android/buildbot/src/googleplex-android/openjdk/out/hotspot/src/share/vm/classfile/systemDictionary.c
Event: 20.189 Thread 0x00007fa651925000 Exception <a 'java/lang/ClassNotFoundException': org/gradle/api/internal/file/CompositeFileTreeCustomizer> (0x000000079e1a2270) thrown at [/Volumes/Android/buildbot/src/googleplex-android/openjdk/out/hotspot/src/share/vm/classfile/systemDictionary.cpp, li
Event: 20.191 Thread 0x00007fa651925000 Exception <a 'java/lang/ClassNotFoundException': org/gradle/api/internal/file/collections/DefaultConfigurableFileTreeCustomizer> (0x000000079e1fbf80) thrown at [/Volumes/Android/buildbot/src/googleplex-android/openjdk/out/hotspot/src/share/vm/classfile/sy
Event: 20.204 Thread 0x00007fa651925000 Exception <a 'java/lang/ClassNotFoundException': groovy/lang/GString$1BeanInfo> (0x000000079e2f0988) thrown at [/Volumes/Android/buildbot/src/googleplex-android/openjdk/out/hotspot/src/share/vm/classfile/systemDictionary.cpp, line 210]
Event: 20.205 Thread 0x00007fa651925000 Exception <a 'java/lang/ClassNotFoundException': groovy/lang/GStringBeanInfo> (0x000000079e31a0a8) thrown at [/Volumes/Android/buildbot/src/googleplex-android/openjdk/out/hotspot/src/share/vm/classfile/systemDictionary.cpp, line 210]
Event: 20.206 Thread 0x00007fa651925000 Exception <a 'java/lang/ClassNotFoundException': groovy/lang/GStringCustomizer> (0x000000079e344528) thrown at [/Volumes/Android/buildbot/src/googleplex-android/openjdk/out/hotspot/src/share/vm/classfile/systemDictionary.cpp, line 210]
Event: 20.208 Thread 0x00007fa651925000 Exception <a 'java/lang/ClassNotFoundException': groovy/lang/GString$1Customizer> (0x000000079e37ad68) thrown at [/Volumes/Android/buildbot/src/googleplex-android/openjdk/out/hotspot/src/share/vm/classfile/systemDictionary.cpp, line 210]
Event: 20.212 Thread 0x00007fa651925000 Exception <a 'java/lang/ClassNotFoundException': org/codehaus/groovy/runtime/GStringImplBeanInfo> (0x000000079e434658) thrown at [/Volumes/Android/buildbot/src/googleplex-android/openjdk/out/hotspot/src/share/vm/classfile/systemDictionary.cpp, line 210]
Event: 20.213 Thread 0x00007fa651925000 Exception <a 'java/lang/ClassNotFoundException': org/codehaus/groovy/runtime/GStringImplCustomizer> (0x000000079e46b910) thrown at [/Volumes/Android/buildbot/src/googleplex-android/openjdk/out/hotspot/src/share/vm/classfile/systemDictionary.cpp, line 210]
Event: 20.488 Thread 0x00007fa651925000 Exception <a 'java/lang/NoSuchMethodError': java.lang.Object.lambda$comparingInt$7b0bb60$1(Ljava/util/function/ToIntFunction;Ljava/lang/Object;Ljava/lang/Object;)I> (0x000000079eb2b2e0) thrown at [/Volumes/Android/buildbot/src/googleplex-android/openjdk/o

Events (10 events):
Event: 21.052 loading class com/android/build/gradle/internal/scope/InternalArtifactType$SHRUNK_LINKED_RES_FOR_BUNDLE done
Event: 21.053 loading class com/android/build/gradle/internal/scope/InternalArtifactType$LEGACY_MULTIDEX_AAPT_DERIVED_PROGUARD_RULES
Event: 21.053 loading class com/android/build/gradle/internal/scope/InternalArtifactType$LEGACY_MULTIDEX_AAPT_DERIVED_PROGUARD_RULES done
Event: 21.056 loading class com/android/build/gradle/internal/scope/InternalArtifactType$LEGACY_MULTIDEX_MAIN_DEX_LIST
Event: 21.056 loading class com/android/build/gradle/internal/scope/InternalArtifactType$LEGACY_MULTIDEX_MAIN_DEX_LIST done
Event: 21.056 loading class com/android/build/gradle/internal/scope/InternalArtifactType$RES_CONVERTED_NON_NAMESPACED_REMOTE_DEPENDENCIES
Event: 21.056 loading class com/android/build/gradle/internal/scope/InternalArtifactType$RES_CONVERTED_NON_NAMESPACED_REMOTE_DEPENDENCIES done
Event: 21.056 loading class com/android/build/gradle/internal/scope/InternalArtifactType$NON_NAMESPACED_CLASSES
Event: 21.056 loading class com/android/build/gradle/internal/scope/InternalArtifactType$NON_NAMESPACED_CLASSES done
Event: 21.056 Executing VM operation: CollectForMetadataAllocation


Dynamic libraries:
0x00007fff35e15000 	/System/Library/Frameworks/Cocoa.framework/Versions/A/Cocoa
0x00007fff4360e000 	/System/Library/Frameworks/Security.framework/Versions/A/Security
0x00007fff34d7a000 	/System/Library/Frameworks/ApplicationServices.framework/Versions/A/ApplicationServices
0x00007fff70132000 	/usr/lib/libz.1.dylib
0x00007fff6dbf6000 	/usr/lib/libSystem.B.dylib
0x00007fff36cb7000 	/System/Library/Frameworks/CoreFoundation.framework/Versions/A/CoreFoundation
0x00007fff39374000 	/System/Library/Frameworks/Foundation.framework/Versions/C/Foundation
0x00007fff6fa56000 	/usr/lib/libobjc.A.dylib
0x00007fff33f6a000 	/System/Library/Frameworks/AppKit.framework/Versions/C/AppKit
0x00007fff36799000 	/System/Library/Frameworks/CoreData.framework/Versions/A/CoreData
0x00007fff67c0b000 	/System/Library/PrivateFrameworks/UIFoundation.framework/Versions/A/UIFoundation
0x00007fff62c9f000 	/System/Library/PrivateFrameworks/RemoteViewServices.framework/Versions/A/RemoteViewServices
0x00007fff6a766000 	/System/Library/PrivateFrameworks/XCTTargetBootstrap.framework/Versions/A/XCTTargetBootstrap
0x00007fff36b84000 	/System/Library/Frameworks/CoreDisplay.framework/Versions/A/CoreDisplay
0x00007fff3c22f000 	/System/Library/Frameworks/Metal.framework/Versions/A/Metal
0x00007fff50ca2000 	/System/Library/PrivateFrameworks/DesktopServicesPriv.framework/Versions/A/DesktopServicesPriv
0x00007fff6ed31000 	/usr/lib/liblangid.dylib
0x00007fff4ff37000 	/System/Library/PrivateFrameworks/CoreSVG.framework/Versions/A/CoreSVG
0x00007fff65dfb000 	/System/Library/PrivateFrameworks/SkyLight.framework/Versions/A/SkyLight
0x00007fff37138000 	/System/Library/Frameworks/CoreGraphics.framework/Versions/A/CoreGraphics
0x00007fff3293e000 	/System/Library/Frameworks/Accelerate.framework/Versions/A/Accelerate
0x00007fff70023000 	/usr/lib/libxml2.2.dylib
0x00007fff5bc2a000 	/System/Library/PrivateFrameworks/IconServices.framework/Versions/A/IconServices
0x00007fff39b53000 	/System/Library/Frameworks/IOSurface.framework/Versions/A/IOSurface
0x00007fff6d720000 	/usr/lib/libDiagnosticMessagesClient.dylib
0x00007fff50afc000 	/System/Library/PrivateFrameworks/DFRFoundation.framework/Versions/A/DFRFoundation
0x00007fff6eac0000 	/usr/lib/libicucore.A.dylib
0x00007fff350ac000 	/System/Library/Frameworks/AudioToolbox.framework/Versions/A/AudioToolbox
0x00007fff3518f000 	/System/Library/Frameworks/AudioUnit.framework/Versions/A/AudioUnit
0x00007fff6ddf8000 	/usr/lib/libauto.dylib
0x00007fff50b9e000 	/System/Library/PrivateFrameworks/DataDetectorsCore.framework/Versions/A/DataDetectorsCore
0x00007fff35936000 	/System/Library/Frameworks/Carbon.framework/Versions/A/Frameworks/HIToolbox.framework/Versions/A/HIToolbox
0x00007fff42808000 	/System/Library/Frameworks/QuartzCore.framework/Versions/A/QuartzCore
0x00007fff35c75000 	/System/Library/Frameworks/Carbon.framework/Versions/A/Frameworks/SpeechRecognition.framework/Versions/A/SpeechRecognition
0x00007fff50610000 	/System/Library/PrivateFrameworks/CoreUI.framework/Versions/A/CoreUI
0x00007fff36204000 	/System/Library/Frameworks/CoreAudio.framework/Versions/A/CoreAudio
0x00007fff39033000 	/System/Library/Frameworks/DiskArbitration.framework/Versions/A/DiskArbitration
0x00007fff5dc7a000 	/System/Library/PrivateFrameworks/MultitouchSupport.framework/Versions/A/MultitouchSupport
0x00007fff6e987000 	/usr/lib/libenergytrace.dylib
0x00007fff39aad000 	/System/Library/Frameworks/IOKit.framework/Versions/A/IOKit
0x00007fff3809f000 	/System/Library/Frameworks/CoreServices.framework/Versions/A/CoreServices
0x00007fff5fe32000 	/System/Library/PrivateFrameworks/PerformanceAnalysis.framework/Versions/A/PerformanceAnalysis
0x00007fff4183b000 	/System/Library/Frameworks/OpenGL.framework/Versions/A/OpenGL
0x00007fff35e23000 	/System/Library/Frameworks/ColorSync.framework/Versions/A/ColorSync
0x00007fff377bb000 	/System/Library/Frameworks/CoreImage.framework/Versions/A/CoreImage
0x00007fff38b12000 	/System/Library/Frameworks/CoreText.framework/Versions/A/CoreText
0x00007fff39be3000 	/System/Library/Frameworks/ImageIO.framework/Versions/A/ImageIO
0x00007fff6dedc000 	/usr/lib/libc++.1.dylib
0x00007fff6df58000 	/usr/lib/libcompression.dylib
0x00007fff6da64000 	/usr/lib/libMobileGestalt.dylib
0x00007fff67975000 	/System/Library/PrivateFrameworks/TextureIO.framework/Versions/A/TextureIO
0x00007fff6dd5b000 	/usr/lib/libate.dylib
0x00007fff5be33000 	/System/Library/PrivateFrameworks/InternationalSupport.framework/Versions/A/InternationalSupport
0x00007fff709f3000 	/usr/lib/system/libcache.dylib
0x00007fff709f9000 	/usr/lib/system/libcommonCrypto.dylib
0x00007fff70a05000 	/usr/lib/system/libcompiler_rt.dylib
0x00007fff70a0d000 	/usr/lib/system/libcopyfile.dylib
0x00007fff70a17000 	/usr/lib/system/libcorecrypto.dylib
0x00007fff70bb6000 	/usr/lib/system/libdispatch.dylib
0x00007fff70bf7000 	/usr/lib/system/libdyld.dylib
0x00007fff70c2e000 	/usr/lib/system/libkeymgr.dylib
0x00007fff70c3c000 	/usr/lib/system/liblaunch.dylib
0x00007fff70c3d000 	/usr/lib/system/libmacho.dylib
0x00007fff70c43000 	/usr/lib/system/libquarantine.dylib
0x00007fff70c46000 	/usr/lib/system/libremovefile.dylib
0x00007fff70c48000 	/usr/lib/system/libsystem_asl.dylib
0x00007fff70c60000 	/usr/lib/system/libsystem_blocks.dylib
0x00007fff70c61000 	/usr/lib/system/libsystem_c.dylib
0x00007fff70ce9000 	/usr/lib/system/libsystem_configuration.dylib
0x00007fff70ced000 	/usr/lib/system/libsystem_coreservices.dylib
0x00007fff70cf1000 	/usr/lib/system/libsystem_darwin.dylib
0x00007fff70cfa000 	/usr/lib/system/libsystem_dnssd.dylib
0x00007fff70d02000 	/usr/lib/system/libsystem_featureflags.dylib
0x00007fff70d04000 	/usr/lib/system/libsystem_info.dylib
0x00007fff70d7f000 	/usr/lib/system/libsystem_m.dylib
0x00007fff70dc7000 	/usr/lib/system/libsystem_malloc.dylib
0x00007fff70def000 	/usr/lib/system/libsystem_networkextension.dylib
0x00007fff70dfd000 	/usr/lib/system/libsystem_notify.dylib
0x00007fff70e1b000 	/usr/lib/system/libsystem_sandbox.dylib
0x00007fff70e20000 	/usr/lib/system/libsystem_secinit.dylib
0x00007fff70d52000 	/usr/lib/system/libsystem_kernel.dylib
0x00007fff70e07000 	/usr/lib/system/libsystem_platform.dylib
0x00007fff70e10000 	/usr/lib/system/libsystem_pthread.dylib
0x00007fff70e23000 	/usr/lib/system/libsystem_symptoms.dylib
0x00007fff70e2b000 	/usr/lib/system/libsystem_trace.dylib
0x00007fff70e43000 	/usr/lib/system/libunwind.dylib
0x00007fff70e49000 	/usr/lib/system/libxpc.dylib
0x00007fff6df2f000 	/usr/lib/libc++abi.dylib
0x00007fff6ed33000 	/usr/lib/liblzma.5.dylib
0x00007fff6e9ae000 	/usr/lib/libfakelink.dylib
0x00007fff6dce8000 	/usr/lib/libarchive.2.dylib
0x00007fff446bf000 	/System/Library/Frameworks/SystemConfiguration.framework/Versions/A/SystemConfiguration
0x00007fff6d653000 	/usr/lib/libCRFSuite.dylib
0x00007fff35526000 	/System/Library/Frameworks/CFNetwork.framework/Versions/A/CFNetwork
0x00007fff6debe000 	/usr/lib/libbsm.0.dylib
0x00007fff70c2f000 	/usr/lib/system/libkxld.dylib
0x00007fff4a479000 	/System/Library/PrivateFrameworks/AppleFSCompression.framework/Versions/A/AppleFSCompression
0x00007fff6e249000 	/usr/lib/libcoretls.dylib
0x00007fff6e260000 	/usr/lib/libcoretls_cfhelpers.dylib
0x00007fff6fa9c000 	/usr/lib/libpam.2.dylib
0x00007fff6fbd1000 	/usr/lib/libsqlite3.dylib
0x00007fff70010000 	/usr/lib/libxar.1.dylib
0x00007fff6decf000 	/usr/lib/libbz2.1.0.dylib
0x00007fff6e9cf000 	/usr/lib/libiconv.2.dylib
0x00007fff6df45000 	/usr/lib/libcharset.1.dylib
0x00007fff6f539000 	/usr/lib/libnetwork.dylib
0x00007fff6faa3000 	/usr/lib/libpcap.A.dylib
0x00007fff6dc9d000 	/usr/lib/libapple_nghttp2.dylib
0x00007fff38456000 	/System/Library/Frameworks/CoreServices.framework/Versions/A/Frameworks/FSEvents.framework/Versions/A/FSEvents
0x00007fff38126000 	/System/Library/Frameworks/CoreServices.framework/Versions/A/Frameworks/CarbonCore.framework/Versions/A/CarbonCore
0x00007fff3869a000 	/System/Library/Frameworks/CoreServices.framework/Versions/A/Frameworks/Metadata.framework/Versions/A/Metadata
0x00007fff38733000 	/System/Library/Frameworks/CoreServices.framework/Versions/A/Frameworks/OSServices.framework/Versions/A/OSServices
0x00007fff38761000 	/System/Library/Frameworks/CoreServices.framework/Versions/A/Frameworks/SearchKit.framework/Versions/A/SearchKit
0x00007fff380a0000 	/System/Library/Frameworks/CoreServices.framework/Versions/A/Frameworks/AE.framework/Versions/A/AE
0x00007fff3845f000 	/System/Library/Frameworks/CoreServices.framework/Versions/A/Frameworks/LaunchServices.framework/Versions/A/LaunchServices
0x00007fff38408000 	/System/Library/Frameworks/CoreServices.framework/Versions/A/Frameworks/DictionaryServices.framework/Versions/A/DictionaryServices
0x00007fff387c9000 	/System/Library/Frameworks/CoreServices.framework/Versions/A/Frameworks/SharedFileList.framework/Versions/A/SharedFileList
0x00007fff3d65a000 	/System/Library/Frameworks/NetFS.framework/Versions/A/NetFS
0x00007fff5e1aa000 	/System/Library/PrivateFrameworks/NetAuth.framework/Versions/A/NetAuth
0x00007fff6ab33000 	/System/Library/PrivateFrameworks/login.framework/Versions/A/Frameworks/loginsupport.framework/Versions/A/loginsupport
0x00007fff67440000 	/System/Library/PrivateFrameworks/TCC.framework/Versions/A/TCC
0x00007fff4f0aa000 	/System/Library/PrivateFrameworks/CoreNLP.framework/Versions/A/CoreNLP
0x00007fff5d6a7000 	/System/Library/PrivateFrameworks/MetadataUtilities.framework/Versions/A/MetadataUtilities
0x00007fff6ee0b000 	/usr/lib/libmecabra.dylib
0x00007fff6ed63000 	/usr/lib/libmecab.dylib
0x00007fff6e9bf000 	/usr/lib/libgermantok.dylib
0x00007fff6dc84000 	/usr/lib/libThaiTokenizer.dylib
0x00007fff6d68a000 	/usr/lib/libChineseTokenizer.dylib
0x00007fff32956000 	/System/Library/Frameworks/Accelerate.framework/Versions/A/Frameworks/vImage.framework/Versions/A/vImage
0x00007fff33dc0000 	/System/Library/Frameworks/Accelerate.framework/Versions/A/Frameworks/vecLib.framework/Versions/A/vecLib
0x00007fff33cfd000 	/System/Library/Frameworks/Accelerate.framework/Versions/A/Frameworks/vecLib.framework/Versions/A/libvMisc.dylib
0x00007fff33b25000 	/System/Library/Frameworks/Accelerate.framework/Versions/A/Frameworks/vecLib.framework/Versions/A/libvDSP.dylib
0x00007fff32fad000 	/System/Library/Frameworks/Accelerate.framework/Versions/A/Frameworks/vecLib.framework/Versions/A/libBLAS.dylib
0x00007fff336e9000 	/System/Library/Frameworks/Accelerate.framework/Versions/A/Frameworks/vecLib.framework/Versions/A/libLAPACK.dylib
0x00007fff33a85000 	/System/Library/Frameworks/Accelerate.framework/Versions/A/Frameworks/vecLib.framework/Versions/A/libLinearAlgebra.dylib
0x00007fff33b12000 	/System/Library/Frameworks/Accelerate.framework/Versions/A/Frameworks/vecLib.framework/Versions/A/libSparseBLAS.dylib
0x00007fff33a9b000 	/System/Library/Frameworks/Accelerate.framework/Versions/A/Frameworks/vecLib.framework/Versions/A/libQuadrature.dylib
0x00007fff33215000 	/System/Library/Frameworks/Accelerate.framework/Versions/A/Frameworks/vecLib.framework/Versions/A/libBNNS.dylib
0x00007fff33aa1000 	/System/Library/Frameworks/Accelerate.framework/Versions/A/Frameworks/vecLib.framework/Versions/A/libSparse.dylib
0x00007fff5c21b000 	/System/Library/PrivateFrameworks/LanguageModeling.framework/Versions/A/LanguageModeling
0x00007fff4ea5a000 	/System/Library/PrivateFrameworks/CoreEmoji.framework/Versions/A/CoreEmoji
0x00007fff5c339000 	/System/Library/PrivateFrameworks/LinguisticData.framework/Versions/A/LinguisticData
0x00007fff5c2ea000 	/System/Library/PrivateFrameworks/Lexicon.framework/Versions/A/Lexicon
0x00007fff6df46000 	/usr/lib/libcmph.dylib
0x00007fff40249000 	/System/Library/Frameworks/OpenDirectory.framework/Versions/A/Frameworks/CFOpenDirectory.framework/Versions/A/CFOpenDirectory
0x00007fff40266000 	/System/Library/Frameworks/OpenDirectory.framework/Versions/A/OpenDirectory
0x00007fff486a9000 	/System/Library/PrivateFrameworks/APFS.framework/Versions/A/APFS
0x00007fff43958000 	/System/Library/Frameworks/SecurityFoundation.framework/Versions/A/SecurityFoundation
0x00007fff7000c000 	/usr/lib/libutil.dylib
0x00007fff4ff8f000 	/System/Library/PrivateFrameworks/CoreServicesStore.framework/Versions/A/CoreServicesStore
0x00007fff43a0f000 	/System/Library/Frameworks/ServiceManagement.framework/Versions/A/ServiceManagement
0x00007fff4bc49000 	/System/Library/PrivateFrameworks/BackgroundTaskManagement.framework/Versions/A/BackgroundTaskManagement
0x00007fff70109000 	/usr/lib/libxslt.1.dylib
0x00007fff4aaec000 	/System/Library/PrivateFrameworks/AppleSystemInfo.framework/Versions/A/AppleSystemInfo
0x00007fff39dfe000 	/System/Library/Frameworks/ImageIO.framework/Versions/A/Resources/libJPEG.dylib
0x00007fff3a0bd000 	/System/Library/Frameworks/ImageIO.framework/Versions/A/Resources/libTIFF.dylib
0x00007fff3a0a0000 	/System/Library/Frameworks/ImageIO.framework/Versions/A/Resources/libPng.dylib
0x00007fff39d40000 	/System/Library/Frameworks/ImageIO.framework/Versions/A/Resources/libGIF.dylib
0x00007fff39d44000 	/System/Library/Frameworks/ImageIO.framework/Versions/A/Resources/libJP2.dylib
0x00007fff3a0bb000 	/System/Library/Frameworks/ImageIO.framework/Versions/A/Resources/libRadiance.dylib
0x00007fff6e988000 	/usr/lib/libexpat.1.dylib
0x00007fff4a5d4000 	/System/Library/PrivateFrameworks/AppleJPEG.framework/Versions/A/AppleJPEG
0x00007fff5328f000 	/System/Library/PrivateFrameworks/FontServices.framework/libFontParser.dylib
0x00007fff69b35000 	/System/Library/PrivateFrameworks/WatchdogClient.framework/Versions/A/WatchdogClient
0x00007fff5b876000 	/System/Library/PrivateFrameworks/IOAccelerator.framework/Versions/A/IOAccelerator
0x00007fff3c5ca000 	/System/Library/Frameworks/MetalPerformanceShaders.framework/Versions/A/MetalPerformanceShaders
0x00007fff5800c000 	/System/Library/PrivateFrameworks/GPUWrangler.framework/Versions/A/GPUWrangler
0x00007fff5b88b000 	/System/Library/PrivateFrameworks/IOPresentment.framework/Versions/A/IOPresentment
0x00007fff50b0f000 	/System/Library/PrivateFrameworks/DSExternalDisplay.framework/Versions/A/DSExternalDisplay
0x00007fff40bda000 	/System/Library/Frameworks/OpenGL.framework/Versions/A/Libraries/libCoreFSCache.dylib
0x00007fff3c316000 	/System/Library/Frameworks/MetalPerformanceShaders.framework/Frameworks/MPSCore.framework/Versions/A/MPSCore
0x00007fff3c354000 	/System/Library/Frameworks/MetalPerformanceShaders.framework/Frameworks/MPSImage.framework/Versions/A/MPSImage
0x00007fff3c41b000 	/System/Library/Frameworks/MetalPerformanceShaders.framework/Frameworks/MPSNeuralNetwork.framework/Versions/A/MPSNeuralNetwork
0x00007fff3c3df000 	/System/Library/Frameworks/MetalPerformanceShaders.framework/Frameworks/MPSMatrix.framework/Versions/A/MPSMatrix
0x00007fff3c57a000 	/System/Library/Frameworks/MetalPerformanceShaders.framework/Frameworks/MPSRayIntersector.framework/Versions/A/MPSRayIntersector
0x00007fff3c405000 	/System/Library/Frameworks/MetalPerformanceShaders.framework/Frameworks/MPSNDArray.framework/Versions/A/MPSNDArray
0x00007fff5d6f4000 	/System/Library/PrivateFrameworks/MetalTools.framework/Versions/A/MetalTools
0x00007fff49883000 	/System/Library/PrivateFrameworks/AggregateDictionary.framework/Versions/A/AggregateDictionary
0x00007fff4e4a2000 	/System/Library/PrivateFrameworks/CoreAnalytics.framework/Versions/A/CoreAnalytics
0x00007fff4aa0b000 	/System/Library/PrivateFrameworks/AppleSauce.framework/Versions/A/AppleSauce
0x00007fff6d946000 	/usr/lib/libIOReport.dylib
0x00007fff38cca000 	/System/Library/Frameworks/CoreVideo.framework/Versions/A/CoreVideo
0x00007fff59485000 	/System/Library/PrivateFrameworks/GraphVisualizer.framework/Versions/A/GraphVisualizer
0x00007fff527d5000 	/System/Library/PrivateFrameworks/FaceCore.framework/Versions/A/FaceCore
0x00007fff401f0000 	/System/Library/Frameworks/OpenCL.framework/Versions/A/OpenCL
0x00007fff6d768000 	/usr/lib/libFosl_dynamic.dylib
0x00007fff5ebca000 	/System/Library/PrivateFrameworks/OTSVG.framework/Versions/A/OTSVG
0x00007fff34e7f000 	/System/Library/Frameworks/ApplicationServices.framework/Versions/A/Frameworks/ATS.framework/Versions/A/Resources/libFontRegistry.dylib
0x00007fff53460000 	/System/Library/PrivateFrameworks/FontServices.framework/libhvf.dylib
0x00007fff40be5000 	/System/Library/Frameworks/OpenGL.framework/Versions/A/Libraries/libGFXShared.dylib
0x00007fff40dc3000 	/System/Library/Frameworks/OpenGL.framework/Versions/A/Libraries/libGLU.dylib
0x00007fff40bee000 	/System/Library/Frameworks/OpenGL.framework/Versions/A/Libraries/libGL.dylib
0x00007fff40bf9000 	/System/Library/Frameworks/OpenGL.framework/Versions/A/Libraries/libGLImage.dylib
0x00007fff40bd7000 	/System/Library/Frameworks/OpenGL.framework/Versions/A/Libraries/libCVMSPluginSupport.dylib
0x00007fff40be0000 	/System/Library/Frameworks/OpenGL.framework/Versions/A/Libraries/libCoreVMClient.dylib
0x00007fff6f3da000 	/usr/lib/libncurses.5.4.dylib
0x00007fff34d7b000 	/System/Library/Frameworks/ApplicationServices.framework/Versions/A/Frameworks/ATS.framework/Versions/A/ATS
0x00007fff34f48000 	/System/Library/Frameworks/ApplicationServices.framework/Versions/A/Frameworks/ColorSyncLegacy.framework/Versions/A/ColorSyncLegacy
0x00007fff34fe6000 	/System/Library/Frameworks/ApplicationServices.framework/Versions/A/Frameworks/HIServices.framework/Versions/A/HIServices
0x00007fff3503e000 	/System/Library/Frameworks/ApplicationServices.framework/Versions/A/Frameworks/LangAnalysis.framework/Versions/A/LangAnalysis
0x00007fff3504d000 	/System/Library/Frameworks/ApplicationServices.framework/Versions/A/Frameworks/PrintCore.framework/Versions/A/PrintCore
0x00007fff35093000 	/System/Library/Frameworks/ApplicationServices.framework/Versions/A/Frameworks/QD.framework/Versions/A/QD
0x00007fff3509e000 	/System/Library/Frameworks/ApplicationServices.framework/Versions/A/Frameworks/SpeechSynthesis.framework/Versions/A/SpeechSynthesis
0x00007fff34f18000 	/System/Library/Frameworks/ApplicationServices.framework/Versions/A/Frameworks/ATSUI.framework/Versions/A/ATSUI
0x00007fff6e81e000 	/usr/lib/libcups.2.dylib
0x00007fff3b665000 	/System/Library/Frameworks/Kerberos.framework/Versions/A/Kerberos
0x00007fff397a6000 	/System/Library/Frameworks/GSS.framework/Versions/A/GSS
0x00007fff6fb5d000 	/usr/lib/libresolv.9.dylib
0x00007fff59632000 	/System/Library/PrivateFrameworks/Heimdal.framework/Versions/A/Heimdal
0x00007fff3b678000 	/System/Library/Frameworks/Kerberos.framework/Versions/A/Libraries/libHeimdalProxy.dylib
0x00007fff6e9c5000 	/usr/lib/libheimdal-asn1.dylib
0x00007fff4d93a000 	/System/Library/PrivateFrameworks/CommonAuth.framework/Versions/A/CommonAuth
0x00007fff4ab89000 	/System/Library/PrivateFrameworks/AssertionServices.framework/Versions/A/AssertionServices
0x00007fff4b72c000 	/System/Library/PrivateFrameworks/AudioToolboxCore.framework/Versions/A/AudioToolboxCore
0x00007fff6a7e3000 	/System/Library/PrivateFrameworks/caulk.framework/Versions/A/caulk
0x00007fff4bcf5000 	/System/Library/PrivateFrameworks/BaseBoard.framework/Versions/A/BaseBoard
0x00007fff62e2d000 	/System/Library/PrivateFrameworks/RunningBoardServices.framework/Versions/A/RunningBoardServices
0x00007fff5fe3e000 	/System/Library/PrivateFrameworks/PersistentConnection.framework/Versions/A/PersistentConnection
0x00007fff62826000 	/System/Library/PrivateFrameworks/ProtocolBuffer.framework/Versions/A/ProtocolBuffer
0x00007fff4d95e000 	/System/Library/PrivateFrameworks/CommonUtilities.framework/Versions/A/CommonUtilities
0x00007fff4be83000 	/System/Library/PrivateFrameworks/Bom.framework/Versions/A/Bom
0x00007fff6d619000 	/usr/lib/libAudioToolboxUtility.dylib
0x00007fff4bc53000 	/System/Library/PrivateFrameworks/Backup.framework/Versions/A/Backup
0x00007fff50a30000 	/System/Library/PrivateFrameworks/CrashReporterSupport.framework/Versions/A/CrashReporterSupport
0x00007fff648bf000 	/System/Library/PrivateFrameworks/Sharing.framework/Versions/A/Sharing
0x00007fff4a197000 	/System/Library/PrivateFrameworks/Apple80211.framework/Versions/A/Apple80211
0x00007fff4b970000 	/System/Library/PrivateFrameworks/AuthKit.framework/Versions/A/AuthKit
0x00007fff5073d000 	/System/Library/PrivateFrameworks/CoreUtils.framework/Versions/A/CoreUtils
0x00007fff38d0f000 	/System/Library/Frameworks/CoreWLAN.framework/Versions/A/CoreWLAN
0x00007fff39933000 	/System/Library/Frameworks/IOBluetooth.framework/Versions/A/IOBluetooth
0x00007fff5d9f9000 	/System/Library/PrivateFrameworks/MobileKeyBag.framework/Versions/A/MobileKeyBag
0x00007fff4f542000 	/System/Library/PrivateFrameworks/CorePhoneNumbers.framework/Versions/A/CorePhoneNumbers
0x00007fff4a587000 	/System/Library/PrivateFrameworks/AppleIDAuthSupport.framework/Versions/A/AppleIDAuthSupport
0x00007fff3d667000 	/System/Library/Frameworks/Network.framework/Versions/A/Network
0x00007fff5c0c7000 	/System/Library/PrivateFrameworks/KeychainCircle.framework/Versions/A/KeychainCircle
0x00007fff36760000 	/System/Library/Frameworks/CoreBluetooth.framework/Versions/A/CoreBluetooth
0x00007fff6693e000 	/System/Library/PrivateFrameworks/SpeechRecognitionCore.framework/Versions/A/SpeechRecognitionCore
0x0000000104600000 	/private/var/folders/nk/77tzydc5271b4jt6909jb9m80000gn/T/AppTranslocation/83DACF81-3FAF-48C6-A9E9-D6E58756B2D7/d/Android Studio.app/Contents/jre/jdk/Contents/Home/jre/lib/server/libjvm.dylib
0x00007fff6fedf000 	/usr/lib/libstdc++.6.dylib
0x0000000103cfa000 	/private/var/folders/nk/77tzydc5271b4jt6909jb9m80000gn/T/AppTranslocation/83DACF81-3FAF-48C6-A9E9-D6E58756B2D7/d/Android Studio.app/Contents/jre/jdk/Contents/Home/jre/lib/libverify.dylib
0x0000000103d0c000 	/private/var/folders/nk/77tzydc5271b4jt6909jb9m80000gn/T/AppTranslocation/83DACF81-3FAF-48C6-A9E9-D6E58756B2D7/d/Android Studio.app/Contents/jre/jdk/Contents/Home/jre/lib/libjava.dylib
0x0000000103da0000 	/private/var/folders/nk/77tzydc5271b4jt6909jb9m80000gn/T/AppTranslocation/83DACF81-3FAF-48C6-A9E9-D6E58756B2D7/d/Android Studio.app/Contents/jre/jdk/Contents/Home/jre/lib/libzip.dylib
0x000000010c84f000 	/private/var/folders/nk/77tzydc5271b4jt6909jb9m80000gn/T/AppTranslocation/83DACF81-3FAF-48C6-A9E9-D6E58756B2D7/d/Android Studio.app/Contents/jre/jdk/Contents/Home/jre/lib/libnio.dylib
0x000000010c86a000 	/private/var/folders/nk/77tzydc5271b4jt6909jb9m80000gn/T/AppTranslocation/83DACF81-3FAF-48C6-A9E9-D6E58756B2D7/d/Android Studio.app/Contents/jre/jdk/Contents/Home/jre/lib/libnet.dylib
0x000000010cdc6000 	/Users/soso/.gradle/native/f6784746aeab05261644944871eae4fe03e0ef1612fff0a4a95f87b438bc6780/osx-amd64/libnative-platform.dylib
0x000000010d108000 	/private/var/folders/nk/77tzydc5271b4jt6909jb9m80000gn/T/AppTranslocation/83DACF81-3FAF-48C6-A9E9-D6E58756B2D7/d/Android Studio.app/Contents/jre/jdk/Contents/Home/jre/lib/libmanagement.dylib

VM Arguments:
jvm_args: -Xmx2048m -Dfile.encoding=UTF-8 -Duser.country=FR -Duser.language=fr -Duser.variant 
java_command: org.gradle.launcher.daemon.bootstrap.GradleDaemon 6.5
java_class_path (initial): /Users/soso/.gradle/wrapper/dists/gradle-6.5-all/2oz4ud9k3tuxjg84bbf55q0tn/gradle-6.5/lib/gradle-launcher-6.5.jar
Launcher Type: SUN_STANDARD

Environment Variables:
PATH=/usr/local/bin:/usr/bin:/bin:/usr/sbin:/sbin
SHELL=/bin/zsh

Signal Handlers:
SIGSEGV: [libjvm.dylib+0x565c43], sa_mask[0]=11111111011111110111111111111111, sa_flags=SA_ONSTACK|SA_RESTART|SA_SIGINFO
SIGBUS: [libjvm.dylib+0x565c43], sa_mask[0]=11111111011111110111111111111111, sa_flags=SA_RESTART|SA_SIGINFO
SIGFPE: [libjvm.dylib+0x45dd9d], sa_mask[0]=11111111011111110111111111111111, sa_flags=SA_RESTART|SA_SIGINFO
SIGPIPE: [libjvm.dylib+0x45dd9d], sa_mask[0]=11111111011111110111111111111111, sa_flags=SA_RESTART|SA_SIGINFO
SIGXFSZ: [libjvm.dylib+0x45dd9d], sa_mask[0]=11111111011111110111111111111111, sa_flags=SA_RESTART|SA_SIGINFO
SIGILL: [libjvm.dylib+0x45dd9d], sa_mask[0]=11111111011111110111111111111111, sa_flags=SA_RESTART|SA_SIGINFO
SIGUSR1: SIG_DFL, sa_mask[0]=00000000000000000000000000000000, sa_flags=none
SIGUSR2: [libjvm.dylib+0x45e69c], sa_mask[0]=00100000000000000000000000000000, sa_flags=SA_RESTART|SA_SIGINFO
SIGHUP: [libjvm.dylib+0x45c8c1], sa_mask[0]=11111111011111110111111111111111, sa_flags=SA_RESTART|SA_SIGINFO
SIGINT: [libjvm.dylib+0x45c8c1], sa_mask[0]=11111111011111110111111111111111, sa_flags=SA_RESTART|SA_SIGINFO
SIGTERM: [libjvm.dylib+0x45c8c1], sa_mask[0]=11111111011111110111111111111111, sa_flags=SA_RESTART|SA_SIGINFO
SIGQUIT: [libjvm.dylib+0x45c8c1], sa_mask[0]=11111111011111110111111111111111, sa_flags=SA_RESTART|SA_SIGINFO


---------------  S Y S T E M  ---------------

OS:Bsduname:Darwin 19.6.0 Darwin Kernel Version 19.6.0: Mon Aug 31 22:12:52 PDT 2020; root:xnu-6153.141.2~1/RELEASE_X86_64 x86_64
rlimit: STACK 8192k, CORE 0k, NPROC 1392, NOFILE 10240, AS infinity
load average:14.73 12.26 7.38

CPU:total 4 (initial active 4) (2 cores per cpu, 2 threads per core) family 6 model 61 stepping 4, cmov, cx8, fxsr, mmx, sse, sse2, sse3, ssse3, sse4.1, sse4.2, popcnt, avx, avx2, aes, clmul, erms, 3dnowpref, lzcnt, ht, tsc, tscinvbit, bmi1, bmi2, adx

Memory: 4k page, physical 8388608k(16932k free)

/proc/meminfo:


vm_info: OpenJDK 64-Bit Server VM (25.242-b3-6222593) for bsd-amd64 JRE (1.8.0_242-release-1644-b3-6222593), built by "android-build" with gcc 4.2.1 Compatible Android (5484270 based on r353983c) Clang 9.0.3 (https://android.googlesource.com/toolchain/clang 745b335211bb9eadfa6aa6301f84715cee4b37c5) (https://android.googlesource.com/toolchain/llvm 60cf23e54e46c807513f7a36d0a7b777920b5881)

time: Wed Oct 14 00:55:47 2020
timezone: CEST
elapsed time: 21 seconds (0d 0h 0m 21s)

